#
# A fatal error has been detected by the Java Runtime Environment:
#
#  SIGSEGV (0xb) at pc=0x0000000139ce9b20, pid=38592, tid=60987
#
# JRE version: OpenJDK Runtime Environment Corretto-17.0.5.8.1 (17.0.5+8) (build 17.0.5+8-LTS)
# Java VM: OpenJDK 64-Bit Server VM Corretto-17.0.5.8.1 (17.0.5+8-LTS, mixed mode, sharing, tiered, compressed oops, compressed class ptrs, g1 gc, bsd-amd64)
# Problematic frame:
# C  [libluajit64.dylib+0x1ab20]  lua_gettop+0x0
#
# No core dump will be written. Core dumps have been disabled. To enable core dumping, try "ulimit -c unlimited" before starting Java again
#
# If you would like to submit a bug report, please visit:
#   https://github.com/corretto/corretto-17/issues/
# The crash happened outside the Java Virtual Machine in native code.
# See problematic frame for where to report the bug.
#

---------------  S U M M A R Y ------------

Command Line: -agentlib:jdwp=transport=dt_socket,address=127.0.0.1:53395,suspend=y,server=n -javaagent:/Users/jraynor/Library/Caches/JetBrains/IdeaIC2023.1/captureAgent/debugger-agent.jar=file:/private/var/folders/zc/rm57cwyj3f3230jhc6243rc40000gn/T/capture.props -Dfile.encoding=UTF-8 MainKt

Host: "MacBookPro15,1" x86_64 2600 MHz, 12 cores, 16G, Darwin 21.6.0, macOS 12.6 (21G115)
Time: Thu May 11 23:26:33 2023 EDT elapsed time: 130.298764 seconds (0d 0h 2m 10s)

---------------  T H R E A D  ---------------

Current thread (0x00007fa341179400):  JavaThread "Thread-1" [_thread_in_native, id=60987, stack(0x0000700004547000,0x0000700004647000)]

Stack: [0x0000700004547000,0x0000700004647000],  sp=0x00007000046468b8,  free space=1022k
Native frames: (J=compiled Java code, j=interpreted, Vv=VM code, C=native code)
C  [libluajit64.dylib+0x1ab20]  lua_gettop+0x0
j  party.iroiro.luajava.AbstractLua.getTop()I+8
j  party.iroiro.luajava.LuaProxy.invoke(Ljava/lang/Object;Ljava/lang/reflect/Method;[Ljava/lang/Object;)Ljava/lang/Object;+15
j  jdk.proxy2.$Proxy3.run()V+9 jdk.proxy2
j  java.lang.Thread.run()V+11 java.base@17.0.5
v  ~StubRoutines::call_stub
V  [libjvm.dylib+0x521f52]  _ZN9JavaCalls11call_helperEP9JavaValueRK12methodHandleP17JavaCallArgumentsP10JavaThread+0x2a2
V  [libjvm.dylib+0x521095]  _ZN9JavaCalls12call_virtualEP9JavaValueP5KlassP6SymbolS5_P17JavaCallArgumentsP10JavaThread+0xf5
V  [libjvm.dylib+0x521153]  _ZN9JavaCalls12call_virtualEP9JavaValue6HandleP5KlassP6SymbolS6_P10JavaThread+0x63
V  [libjvm.dylib+0x5ca0c4]  _ZL12thread_entryP10JavaThreadS0_+0xb4
V  [libjvm.dylib+0xaa28d3]  _ZN10JavaThread17thread_main_innerEv+0x143
V  [libjvm.dylib+0xaa0c5f]  _ZN6Thread8call_runEv+0xbf
V  [libjvm.dylib+0x8abf68]  _ZL19thread_native_entryP6Thread+0x148
C  [libsystem_pthread.dylib+0x64e1]  _pthread_start+0x7d
C  [libsystem_pthread.dylib+0x1f6b]  thread_start+0xf

Java frames: (J=compiled Java code, j=interpreted, Vv=VM code)
j  party.iroiro.luajava.luajit.LuaJitNatives.lua_gettop(J)I+0
j  party.iroiro.luajava.AbstractLua.getTop()I+8
j  party.iroiro.luajava.LuaProxy.invoke(Ljava/lang/Object;Ljava/lang/reflect/Method;[Ljava/lang/Object;)Ljava/lang/Object;+15
j  jdk.proxy2.$Proxy3.run()V+9 jdk.proxy2
j  java.lang.Thread.run()V+11 java.base@17.0.5
v  ~StubRoutines::call_stub

siginfo: si_signo: 11 (SIGSEGV), si_code: 1 (SEGV_MAPERR), si_addr: 0x0000000139c203a8

Register to memory mapping:

RAX=0x0000000139cd7a30: Java_party_iroiro_luajava_luajit_LuaJitNatives_lua_1gettop+0 in /private/var/folders/zc/rm57cwyj3f3230jhc6243rc40000gn/T/libgdxjraynor/38b0cb8c/libluajit64.dylib at 0x0000000139ccf000
RBX={method} {0x000000012b7fbe70} 'lua_gettop' '(J)I' in 'party/iroiro/luajava/luajit/LuaJitNatives'
RCX=0x000000000000000e is an unknown value
RDX=0x0000000139c20380 is an unknown value
RSP=0x00007000046468b8 is pointing into the stack for thread: 0x00007fa341179400
RBP=0x0000700004646920 is pointing into the stack for thread: 0x00007fa341179400
RSI=0x0000700004646950 is pointing into the stack for thread: 0x00007fa341179400
RDI=0x0000000139c20380 is an unknown value
R8 =0x0000000113cff000 is at code_begin+0 in an Interpreter codelet
method entry point (kind = zerolocals)  [0x0000000113cff000, 0x0000000113cff600]  1536 bytes
R9 =0x0000700004646d80 is pointing into the stack for thread: 0x00007fa341179400
R10=0x0000000113d00918 is at code_begin+1592 in an Interpreter codelet
method entry point (kind = native)  [0x0000000113d002e0, 0x0000000113d01120]  3648 bytes
R11=0x0000000000000104 is an unknown value
R12=0x0 is NULL
R13={method} {0x000000012b7fbe70} 'lua_gettop' '(J)I' in 'party/iroiro/luajava/luajit/LuaJitNatives'
R14=0x0000700004646950 is pointing into the stack for thread: 0x00007fa341179400
R15=0x00007fa341179400 is a thread


Registers:
RAX=0x0000000139cd7a30, RBX=0x000000012b7fbe70, RCX=0x000000000000000e, RDX=0x0000000139c20380
RSP=0x00007000046468b8, RBP=0x0000700004646920, RSI=0x0000700004646950, RDI=0x0000000139c20380
R8 =0x0000000113cff000, R9 =0x0000700004646d80, R10=0x0000000113d00918, R11=0x0000000000000104
R12=0x0000000000000000, R13=0x000000012b7fbe70, R14=0x0000700004646950, R15=0x00007fa341179400
RIP=0x0000000139ce9b20, EFLAGS=0x0000000000010206, ERR=0x0000000000000004
  TRAPNO=0x000000000000000e

Top of Stack: (sp=0x00007000046468b8)
0x00007000046468b8:   0000000113d00947 00007000046468d0
0x00007000046468c8:   0000000000000000 0000000108c2762b
0x00007000046468d8:   00007000046468d8 0000000000000000
0x00007000046468e8:   0000700004646950 0000000139403e68
0x00007000046468f8:   0000000000000000 000000070f864bb8
0x0000700004646908:   000000012b7fbe70 0000000000000000
0x0000700004646918:   0000700004646940 00007000046469a0
0x0000700004646928:   0000000113cf9b28 0000000000000000
0x0000700004646938:   0000000113cfcfb6 0000000139c20380
0x0000700004646948:   0000000000000000 000000070f869be8
0x0000700004646958:   0000700004646958 000000012b7f2518
0x0000700004646968:   00007000046469b0 000000012b7f8000
0x0000700004646978:   0000000000000000 000000070f82e200
0x0000700004646988:   000000012b7f2530 0000700004646940
0x0000700004646998:   00007000046469b0 0000700004646a10
0x00007000046469a8:   0000000113cf9b28 000000070e43f7c0
0x00007000046469b8:   0000000000000001 000000070e43f7c0
0x00007000046469c8:   00007000046469b8 000000013960648f
0x00007000046469d8:   0000700004646a80 0000000139606bc0
0x00007000046469e8:   0000000000000000 000000070ec646d0
0x00007000046469f8:   0000000139606690 00007000046469b0
0x0000700004646a08:   0000700004646a68 0000700004646ad0
0x0000700004646a18:   0000000113cfa51a 0000000000000000
0x0000700004646a28:   0000000000000000 0000000000000000
0x0000700004646a38:   0000000000000000 0000000000000000
0x0000700004646a48:   0000000000000000 0000000000000000
0x0000700004646a58:   0000000000000000 000000070e43f7c0
0x0000700004646a68:   0000000000000000 000000070ec72910
0x0000700004646a78:   000000070e449ae0 000000070e449a00
0x0000700004646a88:   0000700004646a88 0000000139608039
0x0000700004646a98:   0000700004646ae8 00000001396082b0
0x0000700004646aa8:   0000000000000000 000000070ec724e8 

Instructions: (pc=0x0000000139ce9b20)
0x0000000139ce9a20:   83 c2 01 4d 89 d0 49 83 e0 fc 49 8d 50 fc 49 89
0x0000000139ce9a30:   d1 49 c1 e9 02 49 83 c1 01 48 85 d2 74 58 4a 8d
0x0000000139ce9a40:   34 df 48 83 c6 f0 4c 89 ca 48 83 e2 fe 48 f7 da
0x0000000139ce9a50:   31 ff 66 2e 0f 1f 84 00 00 00 00 00 0f 1f 40 00
0x0000000139ce9a60:   0f 10 44 f8 e0 0f 10 4c f8 f0 0f 11 0c fe 0f 11
0x0000000139ce9a70:   44 fe f0 0f 10 44 f8 c0 0f 10 4c f8 d0 0f 11 4c
0x0000000139ce9a80:   fe e0 0f 11 44 fe d0 48 83 c7 f8 48 83 c2 02 75
0x0000000139ce9a90:   cf 48 f7 df eb 02 31 ff 4e 8d 1c c5 00 00 00 00
0x0000000139ce9aa0:   41 f6 c1 01 74 20 48 c1 e7 03 48 89 ce 48 29 fe
0x0000000139ce9ab0:   48 89 c2 48 29 fa 0f 10 42 e0 0f 10 4a f0 0f 11
0x0000000139ce9ac0:   4e f0 0f 11 46 e0 4c 29 d8 4d 39 c2 74 29 4c 29
0x0000000139ce9ad0:   d9 44 29 c3 48 83 c1 f8 83 c3 01 0f 1f 44 00 00
0x0000000139ce9ae0:   48 8b 50 f8 48 83 c0 f8 48 89 11 48 83 c1 f8 83
0x0000000139ce9af0:   c3 ff 83 fb 01 7f e9 49 89 46 28 5b 41 5e 41 5f
0x0000000139ce9b00:   c3 66 2e 0f 1f 84 00 00 00 00 00 0f 1f 44 00 00
0x0000000139ce9b10:   48 8d 05 f1 a6 08 00 c3 0f 1f 84 00 00 00 00 00
0x0000000139ce9b20:   48 8b 47 28 48 2b 47 20 48 c1 e8 03 c3 0f 1f 00
0x0000000139ce9b30:   41 56 53 50 48 89 fb 85 f6 78 56 48 8b 4b 20 48
0x0000000139ce9b40:   8b 43 28 41 89 f6 4a 8d 14 f1 48 39 c2 76 57 48
0x0000000139ce9b50:   3b 53 30 72 15 48 29 c8 48 c1 e8 03 29 c6 48 89
0x0000000139ce9b60:   df e8 8a ab ff ff 48 8b 43 28 49 c1 e6 03 66 90
0x0000000139ce9b70:   48 8d 48 08 48 89 4b 28 48 c7 00 ff ff ff ff 48
0x0000000139ce9b80:   8b 43 28 48 8b 4b 20 4c 01 f1 48 39 c8 72 e1 eb
0x0000000139ce9b90:   19 48 8b 43 28 48 63 ce 48 8d 04 c8 48 83 c0 08
0x0000000139ce9ba0:   48 89 43 28 eb 04 48 89 53 28 48 83 c4 08 5b 41
0x0000000139ce9bb0:   5e c3 66 2e 0f 1f 84 00 00 00 00 00 0f 1f 40 00
0x0000000139ce9bc0:   85 f6 7e 1f 83 c6 ff 48 c1 e6 03 48 03 77 20 48
0x0000000139ce9bd0:   8b 47 28 48 39 c6 72 23 be f8 00 00 00 48 03 77
0x0000000139ce9be0:   10 eb 18 48 8b 47 28 48 63 ce 48 8d 34 c8 eb 0b
0x0000000139ce9bf0:   48 8b 06 48 89 46 f8 48 8b 47 28 48 83 c6 08 48
0x0000000139ce9c00:   39 c6 72 ec 48 83 c0 f8 48 89 47 28 c3 0f 1f 00
0x0000000139ce9c10:   85 f6 7e 24 83 c6 ff 48 c1 e6 03 48 03 77 20 48 


Stack slot to memory mapping:
stack at sp + 0 slots: 0x0000000113d00947 is at code_begin+1639 in an Interpreter codelet
method entry point (kind = native)  [0x0000000113d002e0, 0x0000000113d01120]  3648 bytes
stack at sp + 1 slots: 0x00007000046468d0 is pointing into the stack for thread: 0x00007fa341179400
stack at sp + 2 slots: 0x0 is NULL
stack at sp + 3 slots: 0x0000000108c2762b: _ZL18hsdis_library_name+0x3c8c8 in /Users/jraynor/Library/Java/JavaVirtualMachines/corretto-17.0.5/Contents/Home/lib/server/libjvm.dylib at 0x0000000108040000
stack at sp + 4 slots: 0x00007000046468d8 is pointing into the stack for thread: 0x00007fa341179400
stack at sp + 5 slots: 0x0 is NULL
stack at sp + 6 slots: 0x0000700004646950 is pointing into the stack for thread: 0x00007fa341179400
stack at sp + 7 slots: 0x0000000139403e68 is pointing into metadata


---------------  P R O C E S S  ---------------

Threads class SMR info:
_java_thread_list=0x000060000379c960, length=15, elements={
0x00007fa342808a00, 0x00007fa340017600, 0x00007fa340009200, 0x00007fa34480c600,
0x00007fa344809e00, 0x00007fa34480a400, 0x00007fa34480aa00, 0x00007fa341815400,
0x00007fa34282ec00, 0x00007fa3420c9000, 0x00007fa3420ca600, 0x00007fa3420cce00,
0x00007fa3420cd400, 0x00007fa341836a00, 0x00007fa341179400
}

Java Threads: ( => current thread )
  0x00007fa342808a00 JavaThread "main" [_thread_in_native, id=259, stack(0x00007ff7b893b000,0x00007ff7b913b000)]
  0x00007fa340017600 JavaThread "Reference Handler" daemon [_thread_blocked, id=14339, stack(0x0000700002cf9000,0x0000700002df9000)]
  0x00007fa340009200 JavaThread "Finalizer" daemon [_thread_blocked, id=14595, stack(0x0000700002dfc000,0x0000700002efc000)]
  0x00007fa34480c600 JavaThread "Signal Dispatcher" daemon [_thread_blocked, id=22787, stack(0x0000700003005000,0x0000700003105000)]
  0x00007fa344809e00 JavaThread "Service Thread" daemon [_thread_blocked, id=23043, stack(0x0000700003108000,0x0000700003208000)]
  0x00007fa34480a400 JavaThread "Monitor Deflation Thread" daemon [_thread_blocked, id=23299, stack(0x000070000320b000,0x000070000330b000)]
  0x00007fa34480aa00 JavaThread "C2 CompilerThread0" daemon [_thread_blocked, id=42243, stack(0x000070000330e000,0x000070000340e000)]
  0x00007fa341815400 JavaThread "C1 CompilerThread0" daemon [_thread_blocked, id=24067, stack(0x0000700003411000,0x0000700003511000)]
  0x00007fa34282ec00 JavaThread "Sweeper thread" daemon [_thread_blocked, id=24579, stack(0x0000700003514000,0x0000700003614000)]
  0x00007fa3420c9000 JavaThread "Common-Cleaner" daemon [_thread_blocked, id=25091, stack(0x0000700003617000,0x0000700003717000)]
  0x00007fa3420ca600 JavaThread "JDWP Transport Listener: dt_socket" daemon [_thread_blocked, id=25607, stack(0x000070000371a000,0x000070000381a000)]
  0x00007fa3420cce00 JavaThread "JDWP Event Helper Thread" daemon [_thread_blocked, id=26115, stack(0x000070000381d000,0x000070000391d000)]
  0x00007fa3420cd400 JavaThread "JDWP Command Reader" daemon [_thread_in_native, id=26371, stack(0x0000700003920000,0x0000700003a20000)]
  0x00007fa341836a00 JavaThread "Notification Thread" daemon [_thread_blocked, id=41475, stack(0x0000700003a23000,0x0000700003b23000)]
=>0x00007fa341179400 JavaThread "Thread-1" [_thread_in_native, id=60987, stack(0x0000700004547000,0x0000700004647000)]

Other Threads:
  0x00007fa340b06a60 VMThread "VM Thread" [stack: 0x0000700002bf6000,0x0000700002cf6000] [id=13827]
  0x00007fa34420ee00 WatcherThread [stack: 0x0000700003b26000,0x0000700003c26000] [id=41219]
  0x00007fa340c07bd0 GCTaskThread "GC Thread#0" [stack: 0x00007000026e7000,0x00007000027e7000] [id=11779]
  0x00007fa340a20000 GCTaskThread "GC Thread#1" [stack: 0x0000700003d2f000,0x0000700003e2f000] [id=58387]
  0x00007fa340a208a0 GCTaskThread "GC Thread#2" [stack: 0x0000700003e32000,0x0000700003f32000] [id=67339]
  0x00007fa340a20d10 GCTaskThread "GC Thread#3" [stack: 0x0000700003f35000,0x0000700004035000] [id=61707]
  0x00007fa340a21180 GCTaskThread "GC Thread#4" [stack: 0x0000700004038000,0x0000700004138000] [id=65539]
  0x00007fa340a215f0 GCTaskThread "GC Thread#5" [stack: 0x000070000413b000,0x000070000423b000] [id=65283]
  0x00007fa34421efa0 GCTaskThread "GC Thread#6" [stack: 0x000070000423e000,0x000070000433e000] [id=65027]
  0x00007fa34421f410 GCTaskThread "GC Thread#7" [stack: 0x0000700004341000,0x0000700004441000] [id=62979]
  0x00007fa34421f880 GCTaskThread "GC Thread#8" [stack: 0x0000700004444000,0x0000700004544000] [id=64515]
  0x00007fa340a04d00 ConcurrentGCThread "G1 Main Marker" [stack: 0x00007000027ea000,0x00007000028ea000] [id=12291]
  0x00007fa340a05580 ConcurrentGCThread "G1 Conc#0" [stack: 0x00007000028ed000,0x00007000029ed000] [id=12803]
  0x00007fa340a085e0 ConcurrentGCThread "G1 Refine#0" [stack: 0x00007000029f0000,0x0000700002af0000] [id=18691]
  0x00007fa340c08040 ConcurrentGCThread "G1 Service" [stack: 0x0000700002af3000,0x0000700002bf3000] [id=18179]

Threads with active compile tasks:

VM state: not at safepoint (normal execution)

VM Mutex/Monitor currently owned by a thread: None

Heap address: 0x0000000700000000, size: 4096 MB, Compressed Oops mode: Zero based, Oop shift amount: 3

CDS archive(s) mapped at: [0x0000000800000000-0x0000000800bd4000-0x0000000800bd4000), size 12402688, SharedBaseAddress: 0x0000000800000000, ArchiveRelocationMode: 0.
Compressed class space mapped at: 0x0000000800c00000-0x0000000840c00000, reserved size: 1073741824
Narrow klass base: 0x0000000800000000, Narrow klass shift: 0, Narrow klass range: 0x100000000

GC Precious Log:
 CPUs: 12 total, 12 available
 Memory: 16384M
 Large Page Support: Disabled
 NUMA Support: Disabled
 Compressed Oops: Enabled (Zero based)
 Heap Region Size: 2M
 Heap Min Capacity: 8M
 Heap Initial Capacity: 256M
 Heap Max Capacity: 4G
 Pre-touch: Disabled
 Parallel Workers: 10
 Concurrent Workers: 3
 Concurrent Refinement Workers: 10
 Periodic GC: Disabled

Heap:
 garbage-first heap   total 266240K, used 24745K [0x0000000700000000, 0x0000000800000000)
  region size 2048K, 14 young (28672K), 2 survivors (4096K)
 Metaspace       used 9122K, committed 9280K, reserved 1064960K
  class space    used 692K, committed 768K, reserved 1048576K

Heap Regions: E=young(eden), S=young(survivor), O=old, HS=humongous(starts), HC=humongous(continues), CS=collection set, F=free, OA=open archive, CA=closed archive, TAMS=top-at-mark-start (previous, next)
|   0|0x0000000700000000, 0x0000000700000000, 0x0000000700200000|  0%| F|  |TAMS 0x0000000700000000, 0x0000000700000000| Untracked 
|   1|0x0000000700200000, 0x0000000700200000, 0x0000000700400000|  0%| F|  |TAMS 0x0000000700200000, 0x0000000700200000| Untracked 
|   2|0x0000000700400000, 0x0000000700400000, 0x0000000700600000|  0%| F|  |TAMS 0x0000000700400000, 0x0000000700400000| Untracked 
|   3|0x0000000700600000, 0x0000000700600000, 0x0000000700800000|  0%| F|  |TAMS 0x0000000700600000, 0x0000000700600000| Untracked 
|   4|0x0000000700800000, 0x0000000700800000, 0x0000000700a00000|  0%| F|  |TAMS 0x0000000700800000, 0x0000000700800000| Untracked 
|   5|0x0000000700a00000, 0x0000000700a00000, 0x0000000700c00000|  0%| F|  |TAMS 0x0000000700a00000, 0x0000000700a00000| Untracked 
|   6|0x0000000700c00000, 0x0000000700c00000, 0x0000000700e00000|  0%| F|  |TAMS 0x0000000700c00000, 0x0000000700c00000| Untracked 
|   7|0x0000000700e00000, 0x0000000700e00000, 0x0000000701000000|  0%| F|  |TAMS 0x0000000700e00000, 0x0000000700e00000| Untracked 
|   8|0x0000000701000000, 0x0000000701000000, 0x0000000701200000|  0%| F|  |TAMS 0x0000000701000000, 0x0000000701000000| Untracked 
|   9|0x0000000701200000, 0x0000000701200000, 0x0000000701400000|  0%| F|  |TAMS 0x0000000701200000, 0x0000000701200000| Untracked 
|  10|0x0000000701400000, 0x0000000701400000, 0x0000000701600000|  0%| F|  |TAMS 0x0000000701400000, 0x0000000701400000| Untracked 
|  11|0x0000000701600000, 0x0000000701600000, 0x0000000701800000|  0%| F|  |TAMS 0x0000000701600000, 0x0000000701600000| Untracked 
|  12|0x0000000701800000, 0x0000000701800000, 0x0000000701a00000|  0%| F|  |TAMS 0x0000000701800000, 0x0000000701800000| Untracked 
|  13|0x0000000701a00000, 0x0000000701a00000, 0x0000000701c00000|  0%| F|  |TAMS 0x0000000701a00000, 0x0000000701a00000| Untracked 
|  14|0x0000000701c00000, 0x0000000701c00000, 0x0000000701e00000|  0%| F|  |TAMS 0x0000000701c00000, 0x0000000701c00000| Untracked 
|  15|0x0000000701e00000, 0x0000000701e00000, 0x0000000702000000|  0%| F|  |TAMS 0x0000000701e00000, 0x0000000701e00000| Untracked 
|  16|0x0000000702000000, 0x0000000702000000, 0x0000000702200000|  0%| F|  |TAMS 0x0000000702000000, 0x0000000702000000| Untracked 
|  17|0x0000000702200000, 0x0000000702200000, 0x0000000702400000|  0%| F|  |TAMS 0x0000000702200000, 0x0000000702200000| Untracked 
|  18|0x0000000702400000, 0x0000000702400000, 0x0000000702600000|  0%| F|  |TAMS 0x0000000702400000, 0x0000000702400000| Untracked 
|  19|0x0000000702600000, 0x0000000702600000, 0x0000000702800000|  0%| F|  |TAMS 0x0000000702600000, 0x0000000702600000| Untracked 
|  20|0x0000000702800000, 0x0000000702800000, 0x0000000702a00000|  0%| F|  |TAMS 0x0000000702800000, 0x0000000702800000| Untracked 
|  21|0x0000000702a00000, 0x0000000702a00000, 0x0000000702c00000|  0%| F|  |TAMS 0x0000000702a00000, 0x0000000702a00000| Untracked 
|  22|0x0000000702c00000, 0x0000000702c00000, 0x0000000702e00000|  0%| F|  |TAMS 0x0000000702c00000, 0x0000000702c00000| Untracked 
|  23|0x0000000702e00000, 0x0000000702e00000, 0x0000000703000000|  0%| F|  |TAMS 0x0000000702e00000, 0x0000000702e00000| Untracked 
|  24|0x0000000703000000, 0x0000000703000000, 0x0000000703200000|  0%| F|  |TAMS 0x0000000703000000, 0x0000000703000000| Untracked 
|  25|0x0000000703200000, 0x0000000703200000, 0x0000000703400000|  0%| F|  |TAMS 0x0000000703200000, 0x0000000703200000| Untracked 
|  26|0x0000000703400000, 0x0000000703400000, 0x0000000703600000|  0%| F|  |TAMS 0x0000000703400000, 0x0000000703400000| Untracked 
|  27|0x0000000703600000, 0x0000000703600000, 0x0000000703800000|  0%| F|  |TAMS 0x0000000703600000, 0x0000000703600000| Untracked 
|  28|0x0000000703800000, 0x0000000703800000, 0x0000000703a00000|  0%| F|  |TAMS 0x0000000703800000, 0x0000000703800000| Untracked 
|  29|0x0000000703a00000, 0x0000000703a00000, 0x0000000703c00000|  0%| F|  |TAMS 0x0000000703a00000, 0x0000000703a00000| Untracked 
|  30|0x0000000703c00000, 0x0000000703c00000, 0x0000000703e00000|  0%| F|  |TAMS 0x0000000703c00000, 0x0000000703c00000| Untracked 
|  31|0x0000000703e00000, 0x0000000703e00000, 0x0000000704000000|  0%| F|  |TAMS 0x0000000703e00000, 0x0000000703e00000| Untracked 
|  32|0x0000000704000000, 0x0000000704000000, 0x0000000704200000|  0%| F|  |TAMS 0x0000000704000000, 0x0000000704000000| Untracked 
|  33|0x0000000704200000, 0x0000000704200000, 0x0000000704400000|  0%| F|  |TAMS 0x0000000704200000, 0x0000000704200000| Untracked 
|  34|0x0000000704400000, 0x0000000704400000, 0x0000000704600000|  0%| F|  |TAMS 0x0000000704400000, 0x0000000704400000| Untracked 
|  35|0x0000000704600000, 0x0000000704600000, 0x0000000704800000|  0%| F|  |TAMS 0x0000000704600000, 0x0000000704600000| Untracked 
|  36|0x0000000704800000, 0x0000000704800000, 0x0000000704a00000|  0%| F|  |TAMS 0x0000000704800000, 0x0000000704800000| Untracked 
|  37|0x0000000704a00000, 0x0000000704a00000, 0x0000000704c00000|  0%| F|  |TAMS 0x0000000704a00000, 0x0000000704a00000| Untracked 
|  38|0x0000000704c00000, 0x0000000704c00000, 0x0000000704e00000|  0%| F|  |TAMS 0x0000000704c00000, 0x0000000704c00000| Untracked 
|  39|0x0000000704e00000, 0x0000000704e00000, 0x0000000705000000|  0%| F|  |TAMS 0x0000000704e00000, 0x0000000704e00000| Untracked 
|  40|0x0000000705000000, 0x0000000705000000, 0x0000000705200000|  0%| F|  |TAMS 0x0000000705000000, 0x0000000705000000| Untracked 
|  41|0x0000000705200000, 0x0000000705200000, 0x0000000705400000|  0%| F|  |TAMS 0x0000000705200000, 0x0000000705200000| Untracked 
|  42|0x0000000705400000, 0x0000000705400000, 0x0000000705600000|  0%| F|  |TAMS 0x0000000705400000, 0x0000000705400000| Untracked 
|  43|0x0000000705600000, 0x0000000705600000, 0x0000000705800000|  0%| F|  |TAMS 0x0000000705600000, 0x0000000705600000| Untracked 
|  44|0x0000000705800000, 0x0000000705800000, 0x0000000705a00000|  0%| F|  |TAMS 0x0000000705800000, 0x0000000705800000| Untracked 
|  45|0x0000000705a00000, 0x0000000705a00000, 0x0000000705c00000|  0%| F|  |TAMS 0x0000000705a00000, 0x0000000705a00000| Untracked 
|  46|0x0000000705c00000, 0x0000000705c00000, 0x0000000705e00000|  0%| F|  |TAMS 0x0000000705c00000, 0x0000000705c00000| Untracked 
|  47|0x0000000705e00000, 0x0000000705e00000, 0x0000000706000000|  0%| F|  |TAMS 0x0000000705e00000, 0x0000000705e00000| Untracked 
|  48|0x0000000706000000, 0x0000000706000000, 0x0000000706200000|  0%| F|  |TAMS 0x0000000706000000, 0x0000000706000000| Untracked 
|  49|0x0000000706200000, 0x0000000706200000, 0x0000000706400000|  0%| F|  |TAMS 0x0000000706200000, 0x0000000706200000| Untracked 
|  50|0x0000000706400000, 0x0000000706400000, 0x0000000706600000|  0%| F|  |TAMS 0x0000000706400000, 0x0000000706400000| Untracked 
|  51|0x0000000706600000, 0x0000000706600000, 0x0000000706800000|  0%| F|  |TAMS 0x0000000706600000, 0x0000000706600000| Untracked 
|  52|0x0000000706800000, 0x0000000706800000, 0x0000000706a00000|  0%| F|  |TAMS 0x0000000706800000, 0x0000000706800000| Untracked 
|  53|0x0000000706a00000, 0x0000000706a00000, 0x0000000706c00000|  0%| F|  |TAMS 0x0000000706a00000, 0x0000000706a00000| Untracked 
|  54|0x0000000706c00000, 0x0000000706c00000, 0x0000000706e00000|  0%| F|  |TAMS 0x0000000706c00000, 0x0000000706c00000| Untracked 
|  55|0x0000000706e00000, 0x0000000706e00000, 0x0000000707000000|  0%| F|  |TAMS 0x0000000706e00000, 0x0000000706e00000| Untracked 
|  56|0x0000000707000000, 0x0000000707000000, 0x0000000707200000|  0%| F|  |TAMS 0x0000000707000000, 0x0000000707000000| Untracked 
|  57|0x0000000707200000, 0x0000000707200000, 0x0000000707400000|  0%| F|  |TAMS 0x0000000707200000, 0x0000000707200000| Untracked 
|  58|0x0000000707400000, 0x0000000707400000, 0x0000000707600000|  0%| F|  |TAMS 0x0000000707400000, 0x0000000707400000| Untracked 
|  59|0x0000000707600000, 0x0000000707600000, 0x0000000707800000|  0%| F|  |TAMS 0x0000000707600000, 0x0000000707600000| Untracked 
|  60|0x0000000707800000, 0x0000000707800000, 0x0000000707a00000|  0%| F|  |TAMS 0x0000000707800000, 0x0000000707800000| Untracked 
|  61|0x0000000707a00000, 0x0000000707a00000, 0x0000000707c00000|  0%| F|  |TAMS 0x0000000707a00000, 0x0000000707a00000| Untracked 
|  62|0x0000000707c00000, 0x0000000707c00000, 0x0000000707e00000|  0%| F|  |TAMS 0x0000000707c00000, 0x0000000707c00000| Untracked 
|  63|0x0000000707e00000, 0x0000000707e00000, 0x0000000708000000|  0%| F|  |TAMS 0x0000000707e00000, 0x0000000707e00000| Untracked 
|  64|0x0000000708000000, 0x0000000708000000, 0x0000000708200000|  0%| F|  |TAMS 0x0000000708000000, 0x0000000708000000| Untracked 
|  65|0x0000000708200000, 0x0000000708200000, 0x0000000708400000|  0%| F|  |TAMS 0x0000000708200000, 0x0000000708200000| Untracked 
|  66|0x0000000708400000, 0x0000000708400000, 0x0000000708600000|  0%| F|  |TAMS 0x0000000708400000, 0x0000000708400000| Untracked 
|  67|0x0000000708600000, 0x0000000708600000, 0x0000000708800000|  0%| F|  |TAMS 0x0000000708600000, 0x0000000708600000| Untracked 
|  68|0x0000000708800000, 0x0000000708800000, 0x0000000708a00000|  0%| F|  |TAMS 0x0000000708800000, 0x0000000708800000| Untracked 
|  69|0x0000000708a00000, 0x0000000708a00000, 0x0000000708c00000|  0%| F|  |TAMS 0x0000000708a00000, 0x0000000708a00000| Untracked 
|  70|0x0000000708c00000, 0x0000000708c00000, 0x0000000708e00000|  0%| F|  |TAMS 0x0000000708c00000, 0x0000000708c00000| Untracked 
|  71|0x0000000708e00000, 0x0000000708e00000, 0x0000000709000000|  0%| F|  |TAMS 0x0000000708e00000, 0x0000000708e00000| Untracked 
|  72|0x0000000709000000, 0x0000000709000000, 0x0000000709200000|  0%| F|  |TAMS 0x0000000709000000, 0x0000000709000000| Untracked 
|  73|0x0000000709200000, 0x0000000709200000, 0x0000000709400000|  0%| F|  |TAMS 0x0000000709200000, 0x0000000709200000| Untracked 
|  74|0x0000000709400000, 0x0000000709400000, 0x0000000709600000|  0%| F|  |TAMS 0x0000000709400000, 0x0000000709400000| Untracked 
|  75|0x0000000709600000, 0x0000000709600000, 0x0000000709800000|  0%| F|  |TAMS 0x0000000709600000, 0x0000000709600000| Untracked 
|  76|0x0000000709800000, 0x0000000709800000, 0x0000000709a00000|  0%| F|  |TAMS 0x0000000709800000, 0x0000000709800000| Untracked 
|  77|0x0000000709a00000, 0x0000000709a00000, 0x0000000709c00000|  0%| F|  |TAMS 0x0000000709a00000, 0x0000000709a00000| Untracked 
|  78|0x0000000709c00000, 0x0000000709c00000, 0x0000000709e00000|  0%| F|  |TAMS 0x0000000709c00000, 0x0000000709c00000| Untracked 
|  79|0x0000000709e00000, 0x0000000709e00000, 0x000000070a000000|  0%| F|  |TAMS 0x0000000709e00000, 0x0000000709e00000| Untracked 
|  80|0x000000070a000000, 0x000000070a000000, 0x000000070a200000|  0%| F|  |TAMS 0x000000070a000000, 0x000000070a000000| Untracked 
|  81|0x000000070a200000, 0x000000070a200000, 0x000000070a400000|  0%| F|  |TAMS 0x000000070a200000, 0x000000070a200000| Untracked 
|  82|0x000000070a400000, 0x000000070a400000, 0x000000070a600000|  0%| F|  |TAMS 0x000000070a400000, 0x000000070a400000| Untracked 
|  83|0x000000070a600000, 0x000000070a600000, 0x000000070a800000|  0%| F|  |TAMS 0x000000070a600000, 0x000000070a600000| Untracked 
|  84|0x000000070a800000, 0x000000070a800000, 0x000000070aa00000|  0%| F|  |TAMS 0x000000070a800000, 0x000000070a800000| Untracked 
|  85|0x000000070aa00000, 0x000000070aa00000, 0x000000070ac00000|  0%| F|  |TAMS 0x000000070aa00000, 0x000000070aa00000| Untracked 
|  86|0x000000070ac00000, 0x000000070ac00000, 0x000000070ae00000|  0%| F|  |TAMS 0x000000070ac00000, 0x000000070ac00000| Untracked 
|  87|0x000000070ae00000, 0x000000070ae00000, 0x000000070b000000|  0%| F|  |TAMS 0x000000070ae00000, 0x000000070ae00000| Untracked 
|  88|0x000000070b000000, 0x000000070b000000, 0x000000070b200000|  0%| F|  |TAMS 0x000000070b000000, 0x000000070b000000| Untracked 
|  89|0x000000070b200000, 0x000000070b200000, 0x000000070b400000|  0%| F|  |TAMS 0x000000070b200000, 0x000000070b200000| Untracked 
|  90|0x000000070b400000, 0x000000070b400000, 0x000000070b600000|  0%| F|  |TAMS 0x000000070b400000, 0x000000070b400000| Untracked 
|  91|0x000000070b600000, 0x000000070b600000, 0x000000070b800000|  0%| F|  |TAMS 0x000000070b600000, 0x000000070b600000| Untracked 
|  92|0x000000070b800000, 0x000000070b800000, 0x000000070ba00000|  0%| F|  |TAMS 0x000000070b800000, 0x000000070b800000| Untracked 
|  93|0x000000070ba00000, 0x000000070ba00000, 0x000000070bc00000|  0%| F|  |TAMS 0x000000070ba00000, 0x000000070ba00000| Untracked 
|  94|0x000000070bc00000, 0x000000070bc00000, 0x000000070be00000|  0%| F|  |TAMS 0x000000070bc00000, 0x000000070bc00000| Untracked 
|  95|0x000000070be00000, 0x000000070be00000, 0x000000070c000000|  0%| F|  |TAMS 0x000000070be00000, 0x000000070be00000| Untracked 
|  96|0x000000070c000000, 0x000000070c000000, 0x000000070c200000|  0%| F|  |TAMS 0x000000070c000000, 0x000000070c000000| Untracked 
|  97|0x000000070c200000, 0x000000070c200000, 0x000000070c400000|  0%| F|  |TAMS 0x000000070c200000, 0x000000070c200000| Untracked 
|  98|0x000000070c400000, 0x000000070c400000, 0x000000070c600000|  0%| F|  |TAMS 0x000000070c400000, 0x000000070c400000| Untracked 
|  99|0x000000070c600000, 0x000000070c600000, 0x000000070c800000|  0%| F|  |TAMS 0x000000070c600000, 0x000000070c600000| Untracked 
| 100|0x000000070c800000, 0x000000070c800000, 0x000000070ca00000|  0%| F|  |TAMS 0x000000070c800000, 0x000000070c800000| Untracked 
| 101|0x000000070ca00000, 0x000000070ca00000, 0x000000070cc00000|  0%| F|  |TAMS 0x000000070ca00000, 0x000000070ca00000| Untracked 
| 102|0x000000070cc00000, 0x000000070cc00000, 0x000000070ce00000|  0%| F|  |TAMS 0x000000070cc00000, 0x000000070cc00000| Untracked 
| 103|0x000000070ce00000, 0x000000070ce00000, 0x000000070d000000|  0%| F|  |TAMS 0x000000070ce00000, 0x000000070ce00000| Untracked 
| 104|0x000000070d000000, 0x000000070d000000, 0x000000070d200000|  0%| F|  |TAMS 0x000000070d000000, 0x000000070d000000| Untracked 
| 105|0x000000070d200000, 0x000000070d200000, 0x000000070d400000|  0%| F|  |TAMS 0x000000070d200000, 0x000000070d200000| Untracked 
| 106|0x000000070d400000, 0x000000070d400000, 0x000000070d600000|  0%| F|  |TAMS 0x000000070d400000, 0x000000070d400000| Untracked 
| 107|0x000000070d600000, 0x000000070d600000, 0x000000070d800000|  0%| F|  |TAMS 0x000000070d600000, 0x000000070d600000| Untracked 
| 108|0x000000070d800000, 0x000000070d800000, 0x000000070da00000|  0%| F|  |TAMS 0x000000070d800000, 0x000000070d800000| Untracked 
| 109|0x000000070da00000, 0x000000070da00000, 0x000000070dc00000|  0%| F|  |TAMS 0x000000070da00000, 0x000000070da00000| Untracked 
| 110|0x000000070dc00000, 0x000000070dc00000, 0x000000070de00000|  0%| F|  |TAMS 0x000000070dc00000, 0x000000070dc00000| Untracked 
| 111|0x000000070de00000, 0x000000070de00000, 0x000000070e000000|  0%| F|  |TAMS 0x000000070de00000, 0x000000070de00000| Untracked 
| 112|0x000000070e000000, 0x000000070e000000, 0x000000070e200000|  0%| F|  |TAMS 0x000000070e000000, 0x000000070e000000| Untracked 
| 113|0x000000070e200000, 0x000000070e200000, 0x000000070e400000|  0%| F|  |TAMS 0x000000070e200000, 0x000000070e200000| Untracked 
| 114|0x000000070e400000, 0x000000070e4f9560, 0x000000070e600000| 48%| E|  |TAMS 0x000000070e400000, 0x000000070e400000| Complete 
| 115|0x000000070e600000, 0x000000070e635540, 0x000000070e800000| 10%| S|CS|TAMS 0x000000070e600000, 0x000000070e600000| Complete 
| 116|0x000000070e800000, 0x000000070ea00000, 0x000000070ea00000|100%| S|CS|TAMS 0x000000070e800000, 0x000000070e800000| Complete 
| 117|0x000000070ea00000, 0x000000070ec00000, 0x000000070ec00000|100%| E|CS|TAMS 0x000000070ea00000, 0x000000070ea00000| Complete 
| 118|0x000000070ec00000, 0x000000070ee00000, 0x000000070ee00000|100%| E|CS|TAMS 0x000000070ec00000, 0x000000070ec00000| Complete 
| 119|0x000000070ee00000, 0x000000070f000000, 0x000000070f000000|100%| E|  |TAMS 0x000000070ee00000, 0x000000070ee00000| Complete 
| 120|0x000000070f000000, 0x000000070f200000, 0x000000070f200000|100%| E|CS|TAMS 0x000000070f000000, 0x000000070f000000| Complete 
| 121|0x000000070f200000, 0x000000070f400000, 0x000000070f400000|100%| E|CS|TAMS 0x000000070f200000, 0x000000070f200000| Complete 
| 122|0x000000070f400000, 0x000000070f600000, 0x000000070f600000|100%| E|CS|TAMS 0x000000070f400000, 0x000000070f400000| Complete 
| 123|0x000000070f600000, 0x000000070f800000, 0x000000070f800000|100%| E|CS|TAMS 0x000000070f600000, 0x000000070f600000| Complete 
| 124|0x000000070f800000, 0x000000070fa00000, 0x000000070fa00000|100%| E|CS|TAMS 0x000000070f800000, 0x000000070f800000| Complete 
| 125|0x000000070fa00000, 0x000000070fc00000, 0x000000070fc00000|100%| E|CS|TAMS 0x000000070fa00000, 0x000000070fa00000| Complete 
| 126|0x000000070fc00000, 0x000000070fe00000, 0x000000070fe00000|100%| E|CS|TAMS 0x000000070fc00000, 0x000000070fc00000| Complete 
| 127|0x000000070fe00000, 0x0000000710000000, 0x0000000710000000|100%| E|CS|TAMS 0x000000070fe00000, 0x000000070fe00000| Complete 
|2046|0x00000007ffc00000, 0x00000007ffd76000, 0x00000007ffe00000| 73%|OA|  |TAMS 0x00000007ffc00000, 0x00000007ffc00000| Untracked 
|2047|0x00000007ffe00000, 0x00000007ffe7f000, 0x0000000800000000| 24%|CA|  |TAMS 0x00000007ffe00000, 0x00000007ffe00000| Untracked 

Card table byte_map: [0x00000001091bc000,0x00000001099bc000] _byte_map_base: 0x00000001059bc000

Marking Bits (Prev, Next): (CMBitMap*) 0x00007fa342010810, (CMBitMap*) 0x00007fa342010850
 Prev Bits: [0x0000000122cf0000, 0x0000000126cf0000)
 Next Bits: [0x0000000126cf0000, 0x000000012acf0000)

Polling page: 0x0000000106eeb000

Metaspace:

Usage:
  Non-class:      8.23 MB used.
      Class:    692.12 KB used.
       Both:      8.91 MB used.

Virtual space:
  Non-class space:       16.00 MB reserved,       8.31 MB ( 52%) committed,  2 nodes.
      Class space:        1.00 GB reserved,     768.00 KB ( <1%) committed,  1 nodes.
             Both:        1.02 GB reserved,       9.06 MB ( <1%) committed. 

Chunk freelists:
   Non-Class:  1.94 MB
       Class:  3.27 MB
        Both:  5.20 MB

MaxMetaspaceSize: unlimited
CompressedClassSpaceSize: 1.00 GB
Initial GC threshold: 21.00 MB
Current GC threshold: 21.00 MB
CDS: on
MetaspaceReclaimPolicy: balanced
 - commit_granule_bytes: 65536.
 - commit_granule_words: 8192.
 - virtual_space_node_default_size: 1048576.
 - enlarge_chunks_in_place: 1.
 - new_chunks_are_fully_committed: 0.
 - uncommit_free_chunks: 1.
 - use_allocation_guard: 0.
 - handle_deallocations: 1.


Internal statistics:

num_allocs_failed_limit: 0.
num_arena_births: 78.
num_arena_deaths: 0.
num_vsnodes_births: 3.
num_vsnodes_deaths: 0.
num_space_committed: 143.
num_space_uncommitted: 0.
num_chunks_returned_to_freelist: 0.
num_chunks_taken_from_freelist: 327.
num_chunk_merges: 0.
num_chunk_splits: 251.
num_chunks_enlarged: 213.
num_purges: 0.
num_inconsistent_stats: 0.

CodeHeap 'non-profiled nmethods': size=120028Kb used=763Kb max_used=763Kb free=119264Kb
 bounds [0x000000011b7b9000, 0x000000011ba29000, 0x0000000122cf0000]
CodeHeap 'profiled nmethods': size=120028Kb used=2540Kb max_used=2540Kb free=117487Kb
 bounds [0x0000000114282000, 0x0000000114502000, 0x000000011b7b9000]
CodeHeap 'non-nmethods': size=5704Kb used=1789Kb max_used=1815Kb free=3914Kb
 bounds [0x0000000113cf0000, 0x0000000113f60000, 0x0000000114282000]
 total_blobs=2784 nmethods=1574 adapters=1124
 compilation: enabled
              stopped_count=0, restarted_count=0
 full_count=0

Compilation events (20 events):
Event: 130.296 Thread 0x00007fa341815400 1561       1       party.iroiro.luajava.AbstractLua::getMainState (5 bytes)
Event: 130.296 Thread 0x00007fa341815400 nmethod 1561 0x000000011b876610 code [0x000000011b8767a0, 0x000000011b876870]
Event: 130.296 Thread 0x00007fa341815400 1562       3       kotlin.internal.ProgressionUtilKt::mod (16 bytes)
Event: 130.296 Thread 0x00007fa34480aa00 nmethod 1560 0x000000011b876910 code [0x000000011b876aa0, 0x000000011b876bf8]
Event: 130.296 Thread 0x00007fa341815400 nmethod 1562 0x00000001144f9110 code [0x00000001144f92a0, 0x00000001144f93f0]
Event: 130.296 Thread 0x00007fa341815400 1563       1       kotlin.text.DelimitedRangesSequence::access$getInput$p (5 bytes)
Event: 130.296 Thread 0x00007fa341815400 nmethod 1563 0x000000011b876c90 code [0x000000011b876e20, 0x000000011b876ed0]
Event: 130.296 Thread 0x00007fa341815400 1564       1       kotlin.ranges.IntProgression::getFirst (5 bytes)
Event: 130.296 Thread 0x00007fa341815400 nmethod 1564 0x000000011b876f90 code [0x000000011b877120, 0x000000011b8771f0]
Event: 130.296 Thread 0x00007fa341815400 1565       1       kotlin.ranges.IntProgression::getLast (5 bytes)
Event: 130.296 Thread 0x00007fa341815400 nmethod 1565 0x000000011b877290 code [0x000000011b877420, 0x000000011b8774f0]
Event: 130.296 Thread 0x00007fa341815400 1566       1       java.util.concurrent.CopyOnWriteArrayList::setArray (6 bytes)
Event: 130.297 Thread 0x00007fa341815400 nmethod 1566 0x000000011b877590 code [0x000000011b877720, 0x000000011b877830]
Event: 130.297 Thread 0x00007fa341815400 1567       3       org.antlr.v4.runtime.CommonTokenStream::adjustSeekIndex (10 bytes)
Event: 130.297 Thread 0x00007fa341815400 nmethod 1567 0x00000001144f9490 code [0x00000001144f9640, 0x00000001144f9800]
Event: 130.297 Thread 0x00007fa341815400 1568       3       org.antlr.v4.runtime.CodePointCharStream::release (1 bytes)
Event: 130.297 Thread 0x00007fa341815400 nmethod 1568 0x00000001144f9890 code [0x00000001144f9a20, 0x00000001144f9b30]
Event: 130.297 Thread 0x00007fa341815400 1569       3       org.antlr.v4.runtime.ParserRuleContext::addAnyChild (31 bytes)
Event: 130.297 Thread 0x00007fa341815400 nmethod 1569 0x00000001144f9c10 code [0x00000001144f9de0, 0x00000001144fa2c0]
Event: 130.297 Thread 0x00007fa341815400 1572       3       org.antlr.v4.runtime.DefaultErrorStrategy::sync (220 bytes)

GC Heap History (2 events):
Event: 1.000 GC heap before
{Heap before GC invocations=0 (full 0):
 garbage-first heap   total 266240K, used 24532K [0x0000000700000000, 0x0000000800000000)
  region size 2048K, 11 young (22528K), 0 survivors (0K)
 Metaspace       used 6238K, committed 6400K, reserved 1056768K
  class space    used 453K, committed 512K, reserved 1048576K
}
Event: 1.002 GC heap after
{Heap after GC invocations=1 (full 0):
 garbage-first heap   total 266240K, used 4265K [0x0000000700000000, 0x0000000800000000)
  region size 2048K, 2 young (4096K), 2 survivors (4096K)
 Metaspace       used 6238K, committed 6400K, reserved 1056768K
  class space    used 453K, committed 512K, reserved 1048576K
}

Dll operation events (12 events):
Event: 0.010 Loaded shared library /Users/jraynor/Library/Java/JavaVirtualMachines/corretto-17.0.5/Contents/Home/lib/libjava.dylib
Event: 0.010 Loaded shared library /Users/jraynor/Library/Java/JavaVirtualMachines/corretto-17.0.5/Contents/Home/lib/libzip.dylib
Event: 0.086 Loaded shared library /Users/jraynor/Library/Java/JavaVirtualMachines/corretto-17.0.5/Contents/Home/lib/libinstrument.dylib
Event: 0.105 Loaded shared library /Users/jraynor/Library/Java/JavaVirtualMachines/corretto-17.0.5/Contents/Home/lib/libnio.dylib
Event: 0.111 Loaded shared library /Users/jraynor/Library/Java/JavaVirtualMachines/corretto-17.0.5/Contents/Home/lib/libzip.dylib
Event: 0.121 Loaded shared library /Users/jraynor/Library/Java/JavaVirtualMachines/corretto-17.0.5/Contents/Home/lib/libverify.dylib
Event: 0.248 Loaded shared library /Users/jraynor/Library/Java/JavaVirtualMachines/corretto-17.0.5/Contents/Home/lib/libjimage.dylib
Event: 0.316 Loaded shared library /Users/jraynor/Library/Java/JavaVirtualMachines/corretto-17.0.5/Contents/Home/lib/libnet.dylib
Event: 0.330 Loaded shared library /private/var/folders/zc/rm57cwyj3f3230jhc6243rc40000gn/T/lwjgljraynor/3.3.1-build-7/liblwjgl.dylib
Event: 0.522 Loaded shared library /private/var/folders/zc/rm57cwyj3f3230jhc6243rc40000gn/T/lwjgljraynor/3.3.1-build-7/liblwjgl_opengl.dylib
Event: 0.912 Loaded shared library /private/var/folders/zc/rm57cwyj3f3230jhc6243rc40000gn/T/imgui-java-natives_1683861863794/libimgui-java64.dylib
Event: 87.598 Loaded shared library /private/var/folders/zc/rm57cwyj3f3230jhc6243rc40000gn/T/libgdxjraynor/38b0cb8c/libluajit64.dylib

Deoptimization events (20 events):
Event: 108.146 Thread 0x00007fa342808a00 DEOPT PACKING pc=0x0000000114340cf4 sp=0x00007ff7b91358c0
Event: 108.146 Thread 0x00007fa342808a00 DEOPT UNPACKING pc=0x0000000113d4282f sp=0x00007ff7b9134d78 mode 1
Event: 108.146 Thread 0x00007fa342808a00 DEOPT PACKING pc=0x00000001143401dc sp=0x00007ff7b9135990
Event: 108.146 Thread 0x00007fa342808a00 DEOPT UNPACKING pc=0x0000000113d4282f sp=0x00007ff7b9134e68 mode 1
Event: 130.295 Thread 0x00007fa342808a00 DEOPT PACKING pc=0x0000000114340cf4 sp=0x00007ff7b9135970
Event: 130.295 Thread 0x00007fa342808a00 DEOPT UNPACKING pc=0x0000000113d4282f sp=0x00007ff7b9134e28 mode 1
Event: 130.295 Thread 0x00007fa342808a00 DEOPT PACKING pc=0x00000001143401dc sp=0x00007ff7b9135a40
Event: 130.295 Thread 0x00007fa342808a00 DEOPT UNPACKING pc=0x0000000113d4282f sp=0x00007ff7b9134f18 mode 1
Event: 130.295 Thread 0x00007fa342808a00 DEOPT PACKING pc=0x0000000114340cf4 sp=0x00007ff7b9135970
Event: 130.295 Thread 0x00007fa342808a00 DEOPT UNPACKING pc=0x0000000113d4282f sp=0x00007ff7b9134e28 mode 1
Event: 130.295 Thread 0x00007fa342808a00 DEOPT PACKING pc=0x00000001143401dc sp=0x00007ff7b9135a40
Event: 130.295 Thread 0x00007fa342808a00 DEOPT UNPACKING pc=0x0000000113d4282f sp=0x00007ff7b9134f18 mode 1
Event: 130.296 Thread 0x00007fa342808a00 DEOPT PACKING pc=0x0000000114340cf4 sp=0x00007ff7b9135970
Event: 130.296 Thread 0x00007fa342808a00 DEOPT UNPACKING pc=0x0000000113d4282f sp=0x00007ff7b9134e28 mode 1
Event: 130.296 Thread 0x00007fa342808a00 DEOPT PACKING pc=0x00000001143401dc sp=0x00007ff7b9135a40
Event: 130.296 Thread 0x00007fa342808a00 DEOPT UNPACKING pc=0x0000000113d4282f sp=0x00007ff7b9134f18 mode 1
Event: 130.296 Thread 0x00007fa342808a00 DEOPT PACKING pc=0x0000000114340cf4 sp=0x00007ff7b9135970
Event: 130.296 Thread 0x00007fa342808a00 DEOPT UNPACKING pc=0x0000000113d4282f sp=0x00007ff7b9134e28 mode 1
Event: 130.296 Thread 0x00007fa342808a00 DEOPT PACKING pc=0x00000001143401dc sp=0x00007ff7b9135a40
Event: 130.296 Thread 0x00007fa342808a00 DEOPT UNPACKING pc=0x0000000113d4282f sp=0x00007ff7b9134f18 mode 1

Classes unloaded (0 events):
No events

Classes redefined (2 events):
Event: 101.645 Thread 0x00007fa340b06a60 redefined class name=me.jraynor.os.Lua, count=1
Event: 128.188 Thread 0x00007fa340b06a60 redefined class name=me.jraynor.os.Lua, count=2

Internal exceptions (20 events):
Event: 0.299 Thread 0x00007fa342808a00 Exception <a 'java/lang/NoSuchMethodError'{0x000000070f31ea38}: 'void java.lang.invoke.DirectMethodHandle$Holder.invokeSpecial(java.lang.Object, java.lang.Object, java.lang.Object)'> (0x000000070f31ea38) 
thrown [src/hotspot/share/interpreter/linkResolver.cpp, line 759]
Event: 0.302 Thread 0x00007fa342808a00 Exception <a 'java/lang/NoSuchMethodError'{0x000000070f337d98}: 'java.lang.Object java.lang.invoke.DirectMethodHandle$Holder.invokeStatic(java.lang.Object, java.lang.Object, int)'> (0x000000070f337d98) 
thrown [src/hotspot/share/interpreter/linkResolver.cpp, line 759]
Event: 0.303 Thread 0x00007fa342808a00 Exception <a 'java/lang/NoSuchMethodError'{0x000000070f343ad0}: 'void java.lang.invoke.DelegatingMethodHandle$Holder.delegate(java.lang.Object, java.lang.Object, int, java.lang.Object)'> (0x000000070f343ad0) 
thrown [src/hotspot/share/interpreter/linkResolver.cpp, line 759]
Event: 0.303 Thread 0x00007fa342808a00 Exception <a 'java/lang/NoSuchMethodError'{0x000000070f347a88}: 'int java.lang.invoke.DirectMethodHandle$Holder.invokeSpecial(java.lang.Object, java.lang.Object, java.lang.Object)'> (0x000000070f347a88) 
thrown [src/hotspot/share/interpreter/linkResolver.cpp, line 759]
Event: 0.329 Thread 0x00007fa342808a00 Exception <a 'sun/nio/fs/UnixException'{0x000000070f3f8730}> (0x000000070f3f8730) 
thrown [src/hotspot/share/prims/jni.cpp, line 516]
Event: 0.336 Thread 0x00007fa342808a00 Exception <a 'java/lang/NoSuchMethodError'{0x000000070f043138}: 'int java.lang.invoke.DirectMethodHandle$Holder.invokeStaticInit(java.lang.Object, java.lang.Object, int, long)'> (0x000000070f043138) 
thrown [src/hotspot/share/interpreter/linkResolver.cpp, line 759]
Event: 0.336 Thread 0x00007fa342808a00 Exception <a 'java/lang/NoSuchMethodError'{0x000000070f048a00}: 'java.lang.Object java.lang.invoke.DirectMethodHandle$Holder.newInvokeSpecial(java.lang.Object, java.lang.Object, int)'> (0x000000070f048a00) 
thrown [src/hotspot/share/interpreter/linkResolver.cpp, line 759]
Event: 0.338 Thread 0x00007fa342808a00 Exception <a 'java/lang/NoSuchMethodError'{0x000000070f05a048}: 'int java.lang.invoke.DirectMethodHandle$Holder.invokeStaticInit(java.lang.Object, java.lang.Object, long, long)'> (0x000000070f05a048) 
thrown [src/hotspot/share/interpreter/linkResolver.cpp, line 759]
Event: 0.338 Thread 0x00007fa342808a00 Exception <a 'java/lang/NoSuchMethodError'{0x000000070f060158}: 'java.lang.Object java.lang.invoke.DirectMethodHandle$Holder.newInvokeSpecial(java.lang.Object, java.lang.Object, long)'> (0x000000070f060158) 
thrown [src/hotspot/share/interpreter/linkResolver.cpp, line 759]
Event: 0.339 Thread 0x00007fa342808a00 Exception <a 'java/lang/NoSuchMethodError'{0x000000070f0641a0}: 'java.lang.Object java.lang.invoke.Invokers$Holder.linkToTargetMethod(java.lang.Object, long, java.lang.Object)'> (0x000000070f0641a0) 
thrown [src/hotspot/share/interpreter/linkResolver.cpp, line 759]
Event: 0.339 Thread 0x00007fa342808a00 Exception <a 'java/lang/NoSuchMethodError'{0x000000070f06b8b8}: 'int java.lang.invoke.DirectMethodHandle$Holder.invokeStaticInit(java.lang.Object, java.lang.Object, java.lang.Object, long)'> (0x000000070f06b8b8) 
thrown [src/hotspot/share/interpreter/linkResolver.cpp, line 759]
Event: 0.358 Thread 0x00007fa342808a00 Exception <a 'sun/nio/fs/UnixException'{0x000000070f14f6c8}> (0x000000070f14f6c8) 
thrown [src/hotspot/share/prims/jni.cpp, line 516]
Event: 0.375 Thread 0x00007fa342808a00 Exception <a 'sun/nio/fs/UnixException'{0x000000070f1f1258}> (0x000000070f1f1258) 
thrown [src/hotspot/share/prims/jni.cpp, line 516]
Event: 0.522 Thread 0x00007fa342808a00 Exception <a 'sun/nio/fs/UnixException'{0x000000070ee44558}> (0x000000070ee44558) 
thrown [src/hotspot/share/prims/jni.cpp, line 516]
Event: 0.679 Thread 0x00007fa342808a00 Exception <a 'sun/nio/fs/UnixException'{0x000000070ed01d98}> (0x000000070ed01d98) 
thrown [src/hotspot/share/prims/jni.cpp, line 516]
Event: 38.662 Thread 0x00007fa342808a00 Implicit null exception at 0x000000011b83a027 to 0x000000011b83cb74
Event: 38.678 Thread 0x00007fa342808a00 Implicit null exception at 0x000000011b83a027 to 0x000000011b83cb74
Event: 38.695 Thread 0x00007fa342808a00 Implicit null exception at 0x000000011b83a027 to 0x000000011b83cb74
Event: 38.712 Thread 0x00007fa342808a00 Implicit null exception at 0x000000011b83a027 to 0x000000011b83cb74
Event: 87.610 Thread 0x00007fa342808a00 Implicit null exception at 0x000000011b845160 to 0x000000011b845234

VM Operations (20 events):
Event: 33.072 Executing VM operation: Cleanup
Event: 33.073 Executing VM operation: Cleanup done
Event: 36.078 Executing VM operation: Cleanup
Event: 36.078 Executing VM operation: Cleanup done
Event: 40.086 Executing VM operation: Cleanup
Event: 40.086 Executing VM operation: Cleanup done
Event: 87.625 Executing VM operation: HandshakeAllThreads
Event: 87.625 Executing VM operation: HandshakeAllThreads done
Event: 87.625 Executing VM operation: Cleanup
Event: 87.625 Executing VM operation: Cleanup done
Event: 87.703 Executing VM operation: HandshakeAllThreads
Event: 87.703 Executing VM operation: HandshakeAllThreads done
Event: 88.707 Executing VM operation: Cleanup
Event: 88.708 Executing VM operation: Cleanup done
Event: 101.643 Executing VM operation: RedefineClasses
Event: 101.649 Executing VM operation: RedefineClasses done
Event: 106.657 Executing VM operation: Cleanup
Event: 106.657 Executing VM operation: Cleanup done
Event: 128.186 Executing VM operation: RedefineClasses
Event: 128.193 Executing VM operation: RedefineClasses done

Events (20 events):
Event: 106.130 loading class kotlin/Unit
Event: 106.130 loading class kotlin/Unit done
Event: 108.146 loading class java/time/format/DateTimeFormatter$ofPattern
Event: 108.146 loading class java/time/format/DateTimeFormatter$ofPattern done
Event: 108.146 loading class java/time/format$DateTimeFormatter$ofPattern
Event: 108.146 loading class java/time/format$DateTimeFormatter$ofPattern done
Event: 108.146 loading class java/time/format/DateTimeFormatter$ofPattern
Event: 108.146 loading class java/time/format/DateTimeFormatter$ofPattern done
Event: 108.146 loading class java/time/format$DateTimeFormatter$ofPattern
Event: 108.146 loading class java/time/format$DateTimeFormatter$ofPattern done
Event: 130.295 loading class java/time/format/DateTimeFormatter$ofPattern
Event: 130.295 loading class java/time/format/DateTimeFormatter$ofPattern done
Event: 130.295 loading class java/time/format$DateTimeFormatter$ofPattern
Event: 130.295 loading class java/time/format$DateTimeFormatter$ofPattern done
Event: 130.296 loading class java/time/format/DateTimeFormatter$ofPattern
Event: 130.296 loading class java/time/format/DateTimeFormatter$ofPattern done
Event: 130.296 loading class java/time/format$DateTimeFormatter$ofPattern
Event: 130.296 loading class java/time/format$DateTimeFormatter$ofPattern done
Event: 130.298 Thread 0x00007fa341179400 Thread added: 0x00007fa341179400
Event: 130.298 Protecting memory [0x0000700004547000,0x000070000454b000] with protection modes 0


Dynamic libraries:
0x0000000106eee000 	/Users/jraynor/Library/Java/JavaVirtualMachines/corretto-17.0.5/Contents/Home/lib/libjli.dylib
0x00007ff813dea000 	/usr/lib/libz.1.dylib
0x00007ff813eca000 	/usr/lib/libSystem.B.dylib
0x00007ff813ec5000 	/usr/lib/system/libcache.dylib
0x00007ff813e81000 	/usr/lib/system/libcommonCrypto.dylib
0x00007ff813eaa000 	/usr/lib/system/libcompiler_rt.dylib
0x00007ff813ea0000 	/usr/lib/system/libcopyfile.dylib
0x00007ff808e58000 	/usr/lib/system/libcorecrypto.dylib
0x00007ff808f16000 	/usr/lib/system/libdispatch.dylib
0x00007ff8090d6000 	/usr/lib/system/libdyld.dylib
0x00007ff813ebc000 	/usr/lib/system/libkeymgr.dylib
0x00007ff813e5f000 	/usr/lib/system/libmacho.dylib
0x00007ff8134e0000 	/usr/lib/system/libquarantine.dylib
0x00007ff813eba000 	/usr/lib/system/libremovefile.dylib
0x00007ff80e06b000 	/usr/lib/system/libsystem_asl.dylib
0x00007ff808e01000 	/usr/lib/system/libsystem_blocks.dylib
0x00007ff808f9a000 	/usr/lib/system/libsystem_c.dylib
0x00007ff813eb2000 	/usr/lib/system/libsystem_collections.dylib
0x00007ff812794000 	/usr/lib/system/libsystem_configuration.dylib
0x00007ff811a3d000 	/usr/lib/system/libsystem_containermanager.dylib
0x00007ff813b97000 	/usr/lib/system/libsystem_coreservices.dylib
0x00007ff80b70c000 	/usr/lib/system/libsystem_darwin.dylib
0x00007ff813ebd000 	/usr/lib/system/libsystem_dnssd.dylib
0x00007ff808f97000 	/usr/lib/system/libsystem_featureflags.dylib
0x00007ff8090ec000 	/usr/lib/system/libsystem_info.dylib
0x00007ff813dfd000 	/usr/lib/system/libsystem_m.dylib
0x00007ff808eea000 	/usr/lib/system/libsystem_malloc.dylib
0x00007ff80e006000 	/usr/lib/system/libsystem_networkextension.dylib
0x00007ff80bb32000 	/usr/lib/system/libsystem_notify.dylib
0x00007ff81a13a000 	/usr/lib/system/libsystem_product_info_filter.dylib
0x00007ff812798000 	/usr/lib/system/libsystem_sandbox.dylib
0x00007ff813eb7000 	/usr/lib/system/libsystem_secinit.dylib
0x00007ff809092000 	/usr/lib/system/libsystem_kernel.dylib
0x00007ff8090e2000 	/usr/lib/system/libsystem_platform.dylib
0x00007ff8090ca000 	/usr/lib/system/libsystem_pthread.dylib
0x00007ff80f8b9000 	/usr/lib/system/libsystem_symptoms.dylib
0x00007ff808e3f000 	/usr/lib/system/libsystem_trace.dylib
0x00007ff813e8d000 	/usr/lib/system/libunwind.dylib
0x00007ff808e03000 	/usr/lib/system/libxpc.dylib
0x00007ff80907c000 	/usr/lib/libc++abi.dylib
0x00007ff808f5d000 	/usr/lib/libobjc.A.dylib
0x00007ff813e98000 	/usr/lib/liboah.dylib
0x00007ff809023000 	/usr/lib/libc++.1.dylib
0x00007ff81ff3c000 	/System/Library/Frameworks/Cocoa.framework/Versions/A/Cocoa
0x00007ff80bb90000 	/System/Library/Frameworks/AppKit.framework/Versions/C/AppKit
0x00007ff80f0a7000 	/System/Library/Frameworks/CoreData.framework/Versions/A/CoreData
0x00007ff809f93000 	/System/Library/Frameworks/Foundation.framework/Versions/C/Foundation
0x00007ff80ca20000 	/System/Library/PrivateFrameworks/UIFoundation.framework/Versions/A/UIFoundation
0x00007ff819e3d000 	/System/Library/PrivateFrameworks/RemoteViewServices.framework/Versions/A/RemoteViewServices
0x00007ff81211e000 	/System/Library/PrivateFrameworks/XCTTargetBootstrap.framework/Versions/A/XCTTargetBootstrap
0x00007ff815cd3000 	/System/Library/PrivateFrameworks/InternationalSupport.framework/Versions/A/InternationalSupport
0x00007ff815d5d000 	/System/Library/PrivateFrameworks/UserActivity.framework/Versions/A/UserActivity
0x00007ff8150b1000 	/usr/lib/libspindump.dylib
0x00007ff80ccaf000 	/System/Library/Frameworks/UniformTypeIdentifiers.framework/Versions/A/UniformTypeIdentifiers
0x00007ff810842000 	/usr/lib/libapp_launch_measurement.dylib
0x00007ff80fa79000 	/System/Library/PrivateFrameworks/CoreAnalytics.framework/Versions/A/CoreAnalytics
0x00007ff810845000 	/System/Library/PrivateFrameworks/CoreAutoLayout.framework/Versions/A/CoreAutoLayout
0x00007ff811a75000 	/System/Library/Frameworks/Metal.framework/Versions/A/Metal
0x00007ff8127a4000 	/usr/lib/liblangid.dylib
0x00007ff812123000 	/System/Library/PrivateFrameworks/CoreSVG.framework/Versions/A/CoreSVG
0x00007ff80e09b000 	/System/Library/PrivateFrameworks/SkyLight.framework/Versions/A/SkyLight
0x00007ff80e43a000 	/System/Library/Frameworks/CoreGraphics.framework/Versions/A/CoreGraphics
0x00007ff81a4fd000 	/System/Library/Frameworks/Accelerate.framework/Versions/A/Accelerate
0x00007ff814b30000 	/System/Library/PrivateFrameworks/IconServices.framework/Versions/A/IconServices
0x00007ff811a5a000 	/System/Library/Frameworks/IOSurface.framework/Versions/A/IOSurface
0x00007ff80faa7000 	/usr/lib/libDiagnosticMessagesClient.dylib
0x00007ff81dbe0000 	/System/Library/Frameworks/ApplicationServices.framework/Versions/A/ApplicationServices
0x00007ff81210a000 	/System/Library/PrivateFrameworks/DFRFoundation.framework/Versions/A/DFRFoundation
0x00007ff80b478000 	/usr/lib/libicucore.A.dylib
0x00007ff816ac9000 	/System/Library/Frameworks/AudioToolbox.framework/Versions/A/AudioToolbox
0x00007ff815cdf000 	/System/Library/PrivateFrameworks/DataDetectorsCore.framework/Versions/A/DataDetectorsCore
0x00007ff9121da000 	/System/Library/PrivateFrameworks/TextInput.framework/Versions/A/TextInput
0x00007ff80e01e000 	/usr/lib/libMobileGestalt.dylib
0x00007ff811e16000 	/System/Library/Frameworks/Carbon.framework/Versions/A/Frameworks/HIToolbox.framework/Versions/A/HIToolbox
0x00007ff810244000 	/System/Library/Frameworks/QuartzCore.framework/Versions/A/QuartzCore
0x00007ff80b11d000 	/System/Library/Frameworks/Security.framework/Versions/A/Security
0x00007ff819e75000 	/System/Library/Frameworks/Carbon.framework/Versions/A/Frameworks/SpeechRecognition.framework/Versions/A/SpeechRecognition
0x00007ff8105a2000 	/System/Library/PrivateFrameworks/CoreUI.framework/Versions/A/CoreUI
0x00007ff80a9e7000 	/System/Library/Frameworks/CoreAudio.framework/Versions/A/CoreAudio
0x00007ff80fb96000 	/System/Library/Frameworks/DiskArbitration.framework/Versions/A/DiskArbitration
0x00007ff81549f000 	/System/Library/PrivateFrameworks/MultitouchSupport.framework/Versions/A/MultitouchSupport
0x00007ff80e01d000 	/usr/lib/libenergytrace.dylib
0x00007ff80ba7c000 	/System/Library/Frameworks/IOKit.framework/Versions/A/IOKit
0x00007ff81a265000 	/System/Library/Frameworks/CoreServices.framework/Versions/A/CoreServices
0x00007ff8107dc000 	/System/Library/PrivateFrameworks/PerformanceAnalysis.framework/Versions/A/PerformanceAnalysis
0x00007ffa21ebc000 	/System/Library/Frameworks/OpenGL.framework/Versions/A/OpenGL
0x00007ff813406000 	/System/Library/PrivateFrameworks/MobileKeyBag.framework/Versions/A/MobileKeyBag
0x00007ff80eb06000 	/System/Library/Frameworks/ColorSync.framework/Versions/A/ColorSync
0x00007ff809117000 	/System/Library/Frameworks/CoreFoundation.framework/Versions/A/CoreFoundation
0x00007ff81239a000 	/System/Library/Frameworks/CoreImage.framework/Versions/A/CoreImage
0x00007ff80a7fb000 	/System/Library/Frameworks/CoreText.framework/Versions/A/CoreText
0x00007ff812153000 	/System/Library/Frameworks/ImageIO.framework/Versions/A/ImageIO
0x00007ff813ed0000 	/System/Library/PrivateFrameworks/SoftLinking.framework/Versions/A/SoftLinking
0x00007ff81088d000 	/usr/lib/libxml2.2.dylib
0x00007ff814154000 	/usr/lib/libcompression.dylib
0x00007ff815c06000 	/System/Library/PrivateFrameworks/TextureIO.framework/Versions/A/TextureIO
0x00007ff814842000 	/usr/lib/libate.dylib
0x00007ff81461e000 	/usr/lib/liblzma.5.dylib
0x00007ff809ca5000 	/System/Library/Frameworks/SystemConfiguration.framework/Versions/A/SystemConfiguration
0x00007ff813ecc000 	/usr/lib/libfakelink.dylib
0x00007ff80db76000 	/System/Library/Frameworks/CFNetwork.framework/Versions/A/CFNetwork
0x00007ff81400d000 	/usr/lib/libarchive.2.dylib
0x00007ff8127a0000 	/System/Library/PrivateFrameworks/AppleSystemInfo.framework/Versions/A/AppleSystemInfo
0x00007ff813507000 	/usr/lib/libbsm.0.dylib
0x00007ff80d185000 	/usr/lib/libnetwork.dylib
0x00007ff813e65000 	/usr/lib/system/libkxld.dylib
0x00007ff81313a000 	/System/Library/PrivateFrameworks/IOMobileFramebuffer.framework/Versions/A/IOMobileFramebuffer
0x00007ffb2188b000 	/usr/lib/libCoreEntitlements.dylib
0x00007ff813b79000 	/System/Library/PrivateFrameworks/AppleFSCompression.framework/Versions/A/AppleFSCompression
0x00007ff8134ef000 	/usr/lib/libcoretls.dylib
0x00007ff814638000 	/usr/lib/libcoretls_cfhelpers.dylib
0x00007ff81414f000 	/usr/lib/libpam.2.dylib
0x00007ff80f4d8000 	/usr/lib/libsqlite3.dylib
0x00007ff8146a7000 	/usr/lib/libxar.1.dylib
0x00007ff813b89000 	/usr/lib/libbz2.1.0.dylib
0x00007ff813ed1000 	/usr/lib/libpcap.A.dylib
0x00007ff80f8b1000 	/usr/lib/libdns_services.dylib
0x00007ff81411f000 	/usr/lib/libapple_nghttp2.dylib
0x00007ff813f0b000 	/usr/lib/libiconv.2.dylib
0x00007ff813e5e000 	/usr/lib/libcharset.1.dylib
0x00007ff810810000 	/System/Library/Frameworks/CoreServices.framework/Versions/A/Frameworks/FSEvents.framework/Versions/A/FSEvents
0x00007ff80b716000 	/System/Library/Frameworks/CoreServices.framework/Versions/A/Frameworks/CarbonCore.framework/Versions/A/CarbonCore
0x00007ff80fafa000 	/System/Library/Frameworks/CoreServices.framework/Versions/A/Frameworks/Metadata.framework/Versions/A/Metadata
0x00007ff813b9c000 	/System/Library/Frameworks/CoreServices.framework/Versions/A/Frameworks/OSServices.framework/Versions/A/OSServices
0x00007ff814094000 	/System/Library/Frameworks/CoreServices.framework/Versions/A/Frameworks/SearchKit.framework/Versions/A/SearchKit
0x00007ff80f843000 	/System/Library/Frameworks/CoreServices.framework/Versions/A/Frameworks/AE.framework/Versions/A/AE
0x00007ff80961a000 	/System/Library/Frameworks/CoreServices.framework/Versions/A/Frameworks/LaunchServices.framework/Versions/A/LaunchServices
0x00007ff8145cf000 	/System/Library/Frameworks/CoreServices.framework/Versions/A/Frameworks/DictionaryServices.framework/Versions/A/DictionaryServices
0x00007ff81081d000 	/System/Library/Frameworks/CoreServices.framework/Versions/A/Frameworks/SharedFileList.framework/Versions/A/SharedFileList
0x00007ff8134e3000 	/usr/lib/libCheckFix.dylib
0x00007ff80e082000 	/System/Library/PrivateFrameworks/TCC.framework/Versions/A/TCC
0x00007ff8127a6000 	/System/Library/PrivateFrameworks/CoreNLP.framework/Versions/A/CoreNLP
0x00007ff80faaa000 	/System/Library/PrivateFrameworks/MetadataUtilities.framework/Versions/A/MetadataUtilities
0x00007ff809d56000 	/usr/lib/libmecabra.dylib
0x00007ff813517000 	/usr/lib/libmecab.dylib
0x00007ff809d21000 	/usr/lib/libCRFSuite.dylib
0x00007ff813571000 	/usr/lib/libgermantok.dylib
0x00007ff8140fa000 	/usr/lib/libThaiTokenizer.dylib
0x00007ff80fb9d000 	/System/Library/Frameworks/Accelerate.framework/Versions/A/Frameworks/vImage.framework/Versions/A/vImage
0x00007ff81a23c000 	/System/Library/Frameworks/Accelerate.framework/Versions/A/Frameworks/vecLib.framework/Versions/A/vecLib
0x00007ff8146e8000 	/System/Library/Frameworks/Accelerate.framework/Versions/A/Frameworks/vecLib.framework/Versions/A/libvMisc.dylib
0x00007ff812f65000 	/System/Library/Frameworks/Accelerate.framework/Versions/A/Frameworks/vecLib.framework/Versions/A/libvDSP.dylib
0x00007ff809995000 	/System/Library/Frameworks/Accelerate.framework/Versions/A/Frameworks/vecLib.framework/Versions/A/libBLAS.dylib
0x00007ff814231000 	/System/Library/Frameworks/Accelerate.framework/Versions/A/Frameworks/vecLib.framework/Versions/A/libLAPACK.dylib
0x00007ff813574000 	/System/Library/Frameworks/Accelerate.framework/Versions/A/Frameworks/vecLib.framework/Versions/A/libLinearAlgebra.dylib
0x00007ff814137000 	/System/Library/Frameworks/Accelerate.framework/Versions/A/Frameworks/vecLib.framework/Versions/A/libSparseBLAS.dylib
0x00007ff81422b000 	/System/Library/Frameworks/Accelerate.framework/Versions/A/Frameworks/vecLib.framework/Versions/A/libQuadrature.dylib
0x00007ff812891000 	/System/Library/Frameworks/Accelerate.framework/Versions/A/Frameworks/vecLib.framework/Versions/A/libBNNS.dylib
0x00007ff809c2f000 	/System/Library/Frameworks/Accelerate.framework/Versions/A/Frameworks/vecLib.framework/Versions/A/libSparse.dylib
0x00007ff81288a000 	/System/Library/PrivateFrameworks/LinguisticData.framework/Versions/A/LinguisticData
0x00007ff809be5000 	/System/Library/PrivateFrameworks/Lexicon.framework/Versions/A/Lexicon
0x00007ff8146e1000 	/usr/lib/libChineseTokenizer.dylib
0x00007ff80a350000 	/System/Library/PrivateFrameworks/LanguageModeling.framework/Versions/A/LanguageModeling
0x00007ff8140fc000 	/System/Library/PrivateFrameworks/AppleSauce.framework/Versions/A/AppleSauce
0x00007ff813128000 	/System/Library/PrivateFrameworks/CoreEmoji.framework/Versions/A/CoreEmoji
0x00007ff813ffc000 	/usr/lib/libcmph.dylib
0x00007ff8107f4000 	/System/Library/Frameworks/OpenDirectory.framework/Versions/A/Frameworks/CFOpenDirectory.framework/Versions/A/CFOpenDirectory
0x00007ff8107e8000 	/System/Library/Frameworks/OpenDirectory.framework/Versions/A/OpenDirectory
0x00007ff81463a000 	/System/Library/PrivateFrameworks/APFS.framework/Versions/A/APFS
0x00007ff81343e000 	/System/Library/Frameworks/SecurityFoundation.framework/Versions/A/SecurityFoundation
0x00007ff8146b5000 	/usr/lib/libutil.dylib
0x00007ff80ba40000 	/System/Library/PrivateFrameworks/CoreServicesStore.framework/Versions/A/CoreServicesStore
0x00007ff8146b9000 	/usr/lib/libxslt.1.dylib
0x00007ff8134cb000 	/System/Library/PrivateFrameworks/BackgroundTaskManagement.framework/Versions/A/BackgroundTaskManagement
0x00007ff815b26000 	/System/Library/Frameworks/ImageIO.framework/Versions/A/Resources/libRadiance.dylib
0x00007ff815b2f000 	/System/Library/Frameworks/ImageIO.framework/Versions/A/Resources/libJPEG.dylib
0x00007ff815a7e000 	/System/Library/Frameworks/ImageIO.framework/Versions/A/Resources/libPng.dylib
0x00007ff815a9f000 	/System/Library/Frameworks/ImageIO.framework/Versions/A/Resources/libTIFF.dylib
0x00007ff815b8f000 	/System/Library/Frameworks/ImageIO.framework/Versions/A/Resources/libGIF.dylib
0x00007ff8153b9000 	/System/Library/Frameworks/ImageIO.framework/Versions/A/Resources/libJP2.dylib
0x00007ff814af7000 	/usr/lib/libexpat.1.dylib
0x00007ff81536e000 	/System/Library/PrivateFrameworks/AppleJPEG.framework/Versions/A/AppleJPEG
0x00007ff811cda000 	/System/Library/PrivateFrameworks/FontServices.framework/libFontParser.dylib
0x00007ff80f7ed000 	/System/Library/PrivateFrameworks/RunningBoardServices.framework/Versions/A/RunningBoardServices
0x00007ff8204f7000 	/System/Library/PrivateFrameworks/IOSurfaceAccelerator.framework/Versions/A/IOSurfaceAccelerator
0x00007ff81549b000 	/System/Library/PrivateFrameworks/WatchdogClient.framework/Versions/A/WatchdogClient
0x00007ff80a43e000 	/System/Library/Frameworks/CoreDisplay.framework/Versions/A/CoreDisplay
0x00007ff811bd8000 	/System/Library/Frameworks/CoreMedia.framework/Versions/A/CoreMedia
0x00007ff811a6c000 	/System/Library/PrivateFrameworks/IOAccelerator.framework/Versions/A/IOAccelerator
0x00007ff810971000 	/System/Library/Frameworks/CoreVideo.framework/Versions/A/CoreVideo
0x00007ff81414d000 	/System/Library/Frameworks/MetalPerformanceShaders.framework/Versions/A/MetalPerformanceShaders
0x00007ff8154d8000 	/System/Library/Frameworks/VideoToolbox.framework/Versions/A/VideoToolbox
0x00007ff80f737000 	/System/Library/PrivateFrameworks/BaseBoard.framework/Versions/A/BaseBoard
0x00007ff80f4be000 	/System/Library/PrivateFrameworks/ProtocolBuffer.framework/Versions/A/ProtocolBuffer
0x00007ff815b1f000 	/System/Library/PrivateFrameworks/GPUWrangler.framework/Versions/A/GPUWrangler
0x00007ff815b03000 	/System/Library/PrivateFrameworks/IOPresentment.framework/Versions/A/IOPresentment
0x00007ff815b29000 	/System/Library/PrivateFrameworks/DSExternalDisplay.framework/Versions/A/DSExternalDisplay
0x00007ffa21eb0000 	/System/Library/Frameworks/OpenGL.framework/Versions/A/Libraries/libCoreFSCache.dylib
0x00007ffb0ef87000 	/System/Library/PrivateFrameworks/GPUCompiler.framework/Versions/31001/Libraries/libGPUCompilerUtils.dylib
0x00007ff815b94000 	/System/Library/PrivateFrameworks/CMCaptureCore.framework/Versions/A/CMCaptureCore
0x00007ff81509f000 	/System/Library/PrivateFrameworks/AppServerSupport.framework/Versions/A/AppServerSupport
0x00007ff817362000 	/System/Library/PrivateFrameworks/perfdata.framework/Versions/A/perfdata
0x00007ff80a56a000 	/System/Library/PrivateFrameworks/AudioToolboxCore.framework/Versions/A/AudioToolboxCore
0x00007ff811bb6000 	/System/Library/PrivateFrameworks/caulk.framework/Versions/A/caulk
0x00007ff816c74000 	/usr/lib/libAudioStatistics.dylib
0x00007ff90e968000 	/System/Library/PrivateFrameworks/SystemPolicy.framework/Versions/A/SystemPolicy
0x00007ff816ecf000 	/usr/lib/libSMC.dylib
0x00007ff81fdef000 	/System/Library/Frameworks/CoreMIDI.framework/Versions/A/CoreMIDI
0x00007ff815a4d000 	/usr/lib/libAudioToolboxUtility.dylib
0x00007ff90ab94000 	/System/Library/PrivateFrameworks/OSAServicesClient.framework/Versions/A/OSAServicesClient
0x00007ff81736f000 	/usr/lib/libperfcheck.dylib
0x00007ff90f415000 	/usr/lib/libmis.dylib
0x00007ffa21f0b000 	/System/Library/Frameworks/OpenGL.framework/Versions/A/Libraries/libGLU.dylib
0x00007ffa21ecf000 	/System/Library/Frameworks/OpenGL.framework/Versions/A/Libraries/libGFXShared.dylib
0x00007ffa220d8000 	/System/Library/Frameworks/OpenGL.framework/Versions/A/Libraries/libGL.dylib
0x00007ffa21ed8000 	/System/Library/Frameworks/OpenGL.framework/Versions/A/Libraries/libGLImage.dylib
0x00007ffa21ecc000 	/System/Library/Frameworks/OpenGL.framework/Versions/A/Libraries/libCVMSPluginSupport.dylib
0x00007ffa21eb7000 	/System/Library/Frameworks/OpenGL.framework/Versions/A/Libraries/libCoreVMClient.dylib
0x00007ff812722000 	/System/Library/Frameworks/MetalPerformanceShaders.framework/Versions/A/Frameworks/MPSCore.framework/Versions/A/MPSCore
0x00007ff813ae4000 	/System/Library/Frameworks/MetalPerformanceShaders.framework/Versions/A/Frameworks/MPSImage.framework/Versions/A/MPSImage
0x00007ff81358a000 	/System/Library/Frameworks/MetalPerformanceShaders.framework/Versions/A/Frameworks/MPSNeuralNetwork.framework/Versions/A/MPSNeuralNetwork
0x00007ff8139fe000 	/System/Library/Frameworks/MetalPerformanceShaders.framework/Versions/A/Frameworks/MPSMatrix.framework/Versions/A/MPSMatrix
0x00007ff8137b9000 	/System/Library/Frameworks/MetalPerformanceShaders.framework/Versions/A/Frameworks/MPSRayIntersector.framework/Versions/A/MPSRayIntersector
0x00007ff813a36000 	/System/Library/Frameworks/MetalPerformanceShaders.framework/Versions/A/Frameworks/MPSNDArray.framework/Versions/A/MPSNDArray
0x00007ffa27990000 	/System/Library/Frameworks/MetalPerformanceShaders.framework/Versions/A/Frameworks/MPSFunctions.framework/Versions/A/MPSFunctions
0x00007ff809871000 	/System/Library/PrivateFrameworks/MetalTools.framework/Versions/A/MetalTools
0x00007ff81279e000 	/System/Library/PrivateFrameworks/AggregateDictionary.framework/Versions/A/AggregateDictionary
0x00007ff8148d9000 	/usr/lib/libIOReport.dylib
0x00007ffa234e7000 	/System/Library/Frameworks/OpenCL.framework/Versions/A/OpenCL
0x00007ff814c3d000 	/System/Library/PrivateFrameworks/FaceCore.framework/Versions/A/FaceCore
0x00007ff814c2e000 	/System/Library/PrivateFrameworks/GraphVisualizer.framework/Versions/A/GraphVisualizer
0x00007ffb0ee92000 	/System/Library/PrivateFrameworks/FontServices.framework/Versions/A/FontServices
0x00007ff815057000 	/System/Library/PrivateFrameworks/OTSVG.framework/Versions/A/OTSVG
0x00007ff810557000 	/System/Library/Frameworks/ApplicationServices.framework/Versions/A/Frameworks/ATS.framework/Versions/A/Resources/libFontRegistry.dylib
0x00007ff8150a7000 	/System/Library/PrivateFrameworks/FontServices.framework/libhvf.dylib
0x00007ffb0ee93000 	/System/Library/PrivateFrameworks/FontServices.framework/libXTFontStaticRegistryData.dylib
0x00007ff814aa7000 	/System/Library/PrivateFrameworks/AppleVA.framework/Versions/A/AppleVA
0x00007ff816c94000 	/System/Library/Frameworks/ApplicationServices.framework/Versions/A/Frameworks/ATS.framework/Versions/A/ATS
0x00007ff80ec04000 	/System/Library/Frameworks/ApplicationServices.framework/Versions/A/Frameworks/HIServices.framework/Versions/A/HIServices
0x00007ff815b9e000 	/System/Library/Frameworks/ApplicationServices.framework/Versions/A/Frameworks/PrintCore.framework/Versions/A/PrintCore
0x00007ff817022000 	/System/Library/Frameworks/ApplicationServices.framework/Versions/A/Frameworks/QD.framework/Versions/A/QD
0x00007ff81701a000 	/System/Library/Frameworks/ApplicationServices.framework/Versions/A/Frameworks/ColorSyncLegacy.framework/Versions/A/ColorSyncLegacy
0x00007ff816c84000 	/System/Library/Frameworks/ApplicationServices.framework/Versions/A/Frameworks/SpeechSynthesis.framework/Versions/A/SpeechSynthesis
0x00007ff815b5f000 	/System/Library/Frameworks/ApplicationServices.framework/Versions/A/Frameworks/ATSUI.framework/Versions/A/ATSUI
0x00007ff816faf000 	/usr/lib/libcups.2.dylib
0x00007ff81737e000 	/System/Library/Frameworks/Kerberos.framework/Versions/A/Kerberos
0x00007ff81738d000 	/System/Library/Frameworks/GSS.framework/Versions/A/GSS
0x00007ff816d00000 	/usr/lib/libresolv.9.dylib
0x00007ff8150b6000 	/System/Library/PrivateFrameworks/Heimdal.framework/Versions/A/Heimdal
0x00007ff81df72000 	/System/Library/Frameworks/Kerberos.framework/Versions/A/Libraries/libHeimdalProxy.dylib
0x00007ff80f8c1000 	/System/Library/Frameworks/Network.framework/Versions/A/Network
0x00007ff814b11000 	/usr/lib/libheimdal-asn1.dylib
0x00007ff8173d8000 	/System/Library/PrivateFrameworks/CommonAuth.framework/Versions/A/CommonAuth
0x00007ff816c06000 	/System/Library/PrivateFrameworks/AudioSession.framework/Versions/A/AudioSession
0x00007ff814ba1000 	/System/Library/PrivateFrameworks/MediaExperience.framework/Versions/A/MediaExperience
0x00007ff816a98000 	/System/Library/PrivateFrameworks/AudioSession.framework/libSessionUtility.dylib
0x00007ff81702e000 	/System/Library/PrivateFrameworks/AudioResourceArbitration.framework/Versions/A/AudioResourceArbitration
0x00007ff81b0af000 	/System/Library/PrivateFrameworks/PowerLog.framework/Versions/A/PowerLog
0x00007ff814b1a000 	/System/Library/PrivateFrameworks/IconFoundation.framework/Versions/A/IconFoundation
0x00007ff819e65000 	/System/Library/PrivateFrameworks/SpeechRecognitionCore.framework/Versions/A/SpeechRecognitionCore
0x0000000108040000 	/Users/jraynor/Library/Java/JavaVirtualMachines/corretto-17.0.5/Contents/Home/lib/server/libjvm.dylib
0x0000000106f28000 	/Users/jraynor/Library/Java/JavaVirtualMachines/corretto-17.0.5/Contents/Home/lib/libjimage.dylib
0x0000000106f7c000 	/Users/jraynor/Library/Java/JavaVirtualMachines/corretto-17.0.5/Contents/Home/lib/libjdwp.dylib
0x0000000106fc0000 	/Users/jraynor/Library/Java/JavaVirtualMachines/corretto-17.0.5/Contents/Home/lib/libjava.dylib
0x0000000106f4b000 	/Users/jraynor/Library/Java/JavaVirtualMachines/corretto-17.0.5/Contents/Home/lib/libinstrument.dylib
0x0000000106f5f000 	/Users/jraynor/Library/Java/JavaVirtualMachines/corretto-17.0.5/Contents/Home/lib/libzip.dylib
0x0000000107aa5000 	/Users/jraynor/Library/Java/JavaVirtualMachines/corretto-17.0.5/Contents/Home/lib/libdt_socket.dylib
0x0000000107ad0000 	/Users/jraynor/Library/Java/JavaVirtualMachines/corretto-17.0.5/Contents/Home/lib/libnio.dylib
0x0000000107b0a000 	/Users/jraynor/Library/Java/JavaVirtualMachines/corretto-17.0.5/Contents/Home/lib/libnet.dylib
0x0000000107aec000 	/Users/jraynor/Library/Java/JavaVirtualMachines/corretto-17.0.5/Contents/Home/lib/libverify.dylib
0x0000000107b63000 	/private/var/folders/zc/rm57cwyj3f3230jhc6243rc40000gn/T/lwjgljraynor/3.3.1-build-7/liblwjgl.dylib
0x0000000107b9c000 	/private/var/folders/zc/rm57cwyj3f3230jhc6243rc40000gn/T/lwjgljraynor/3.3.1-build-7/libglfw.dylib
0x00007ff80ba02000 	/System/Library/PrivateFrameworks/CoreServicesInternal.framework/Versions/A/CoreServicesInternal
0x00007ff81b6a0000 	/System/Library/Frameworks/FileProvider.framework/Versions/A/FileProvider
0x00007ff80f6a4000 	/System/Library/Frameworks/Accounts.framework/Versions/A/Accounts
0x00007ff81b819000 	/System/Library/PrivateFrameworks/GenerationalStorage.framework/Versions/A/GenerationalStorage
0x00007ff81c329000 	/System/Library/PrivateFrameworks/CoreSymbolication.framework/Versions/A/CoreSymbolication
0x00007ff81b0a4000 	/System/Library/PrivateFrameworks/SymptomDiagnosticReporter.framework/Versions/A/SymptomDiagnosticReporter
0x00007ff80ccc3000 	/System/Library/PrivateFrameworks/DesktopServicesPriv.framework/Versions/A/DesktopServicesPriv
0x00007ff80bb41000 	/usr/lib/libsandbox.1.dylib
0x00007ff8109f0000 	/System/Library/PrivateFrameworks/UserManagement.framework/Versions/A/UserManagement
0x00007ff81c2ee000 	/System/Library/PrivateFrameworks/DebugSymbols.framework/Versions/A/DebugSymbols
0x00007ff81700f000 	/System/Library/PrivateFrameworks/NetAuth.framework/Versions/A/NetAuth
0x00007ff817f1e000 	/System/Library/PrivateFrameworks/Sharing.framework/Versions/A/Sharing
0x00007ff8109c3000 	/System/Library/PrivateFrameworks/login.framework/Versions/A/Frameworks/loginsupport.framework/Versions/A/loginsupport
0x00007ff81d48c000 	/System/Library/PrivateFrameworks/Apple80211.framework/Versions/A/Apple80211
0x00007ff813bc9000 	/System/Library/PrivateFrameworks/AuthKit.framework/Versions/A/AuthKit
0x00007ff81321e000 	/System/Library/PrivateFrameworks/CoreUtils.framework/Versions/A/CoreUtils
0x00007ff813145000 	/System/Library/Frameworks/CoreWLAN.framework/Versions/A/CoreWLAN
0x00007ff81807d000 	/System/Library/Frameworks/IOBluetooth.framework/Versions/A/IOBluetooth
0x00007ff81d4f4000 	/System/Library/PrivateFrameworks/CoreWiFi.framework/Versions/A/CoreWiFi
0x00007ff81bec3000 	/System/Library/PrivateFrameworks/FrontBoardServices.framework/Versions/A/FrontBoardServices
0x00007ff81bf54000 	/System/Library/PrivateFrameworks/BoardServices.framework/Versions/A/BoardServices
0x00007ff81342d000 	/System/Library/PrivateFrameworks/AssertionServices.framework/Versions/A/AssertionServices
0x00007ff81d677000 	/System/Library/PrivateFrameworks/BackBoardServices.framework/Versions/A/BackBoardServices
0x00007ff817469000 	/System/Library/PrivateFrameworks/CorePhoneNumbers.framework/Versions/A/CorePhoneNumbers
0x00007ff816d2d000 	/System/Library/PrivateFrameworks/MultiverseSupport.framework/Versions/A/MultiverseSupport
0x00007ff81d8eb000 	/System/Library/PrivateFrameworks/RemoteServiceDiscovery.framework/Versions/A/RemoteServiceDiscovery
0x00007ff81b1c1000 	/System/Library/PrivateFrameworks/DiskManagement.framework/Versions/A/DiskManagement
0x00007ff81b0d5000 	/System/Library/PrivateFrameworks/AppleIDAuthSupport.framework/Versions/A/AppleIDAuthSupport
0x00007ffb0980d000 	/System/Library/PrivateFrameworks/AAAFoundation.framework/Versions/A/AAAFoundation
0x00007ff81744a000 	/System/Library/PrivateFrameworks/KeychainCircle.framework/Versions/A/KeychainCircle
0x00007ff81d8fb000 	/System/Library/PrivateFrameworks/RemoteXPC.framework/Versions/A/RemoteXPC
0x00007ff81b18d000 	/System/Library/PrivateFrameworks/MediaKit.framework/Versions/A/MediaKit
0x00007ff81b0e1000 	/System/Library/Frameworks/DiscRecording.framework/Versions/A/DiscRecording
0x00007ff814a1f000 	/usr/lib/libCoreStorage.dylib
0x00007ff81d966000 	/usr/lib/libcsfde.dylib
0x00007ff81814a000 	/System/Library/PrivateFrameworks/ProtectedCloudStorage.framework/Versions/A/ProtectedCloudStorage
0x00007ff81d962000 	/System/Library/PrivateFrameworks/EFILogin.framework/Versions/A/EFILogin
0x00007ff81b83f000 	/System/Library/PrivateFrameworks/OctagonTrust.framework/Versions/A/OctagonTrust
0x00007ffb0e0f5000 	/System/Library/PrivateFrameworks/CoreUtilsExtras.framework/Versions/A/CoreUtilsExtras
0x00007ff81b008000 	/System/Library/Frameworks/CoreBluetooth.framework/Versions/A/CoreBluetooth
0x00007ff81dff7000 	/System/Library/Frameworks/AudioUnit.framework/Versions/A/AudioUnit
0x00007ff814a17000 	/usr/lib/libMatch.1.dylib
0x00007ff8106e8000 	/System/Library/PrivateFrameworks/ViewBridge.framework/Versions/A/ViewBridge
0x0000000107ea2000 	/usr/lib/libobjc-trampolines.dylib
0x00007ff913a39000 	/System/Library/Frameworks/Accelerate.framework/Versions/A/Frameworks/vImage.framework/Versions/A/Libraries/libCGInterfaces.dylib
0x00007ff81516d000 	/System/Library/PrivateFrameworks/login.framework/Versions/A/login
0x00007ffa220e3000 	/System/Library/Frameworks/OpenGL.framework/Versions/A/Resources/GLEngine.bundle/GLEngine
0x00007ffa21f49000 	/System/Library/Frameworks/OpenGL.framework/Versions/A/Libraries/libGLProgrammability.dylib
0x00007ffa16f5f000 	/System/Library/Extensions/AppleIntelKBLGraphicsGLDriver.bundle/Contents/MacOS/AppleIntelKBLGraphicsGLDriver
0x00007ff9195b0000 	/System/Library/PrivateFrameworks/GPUSupport.framework/Versions/A/Libraries/libGPUSupportMercury.dylib
0x000000012acf0000 	/System/Library/Extensions/AMDRadeonX4000GLDriver.bundle/Contents/MacOS/AMDRadeonX4000GLDriver
0x00007ffa25a63000 	/System/Library/Extensions/AMDRadeonX4000GLDriver.bundle/Contents/MacOS/ATIRadeonX4000SCLib.dylib
0x00007ffa15623000 	/System/Library/Extensions/AMDShared.bundle/Contents/PlugIns/libSC.dylib
0x00007ffa2226d000 	/System/Library/Frameworks/OpenGL.framework/Versions/A/Resources/GLRendererFloat.bundle/GLRendererFloat
0x0000000107fd1000 	/private/var/folders/zc/rm57cwyj3f3230jhc6243rc40000gn/T/lwjgljraynor/3.3.1-build-7/liblwjgl_opengl.dylib
0x000000013751a000 	/private/var/folders/zc/rm57cwyj3f3230jhc6243rc40000gn/T/imgui-java-natives_1683861863794/libimgui-java64.dylib
0x00007ffb2197a000 	/usr/lib/libRosetta.dylib
0x00007ff81a581000 	/System/Library/PrivateFrameworks/SystemAdministration.framework/Versions/A/SystemAdministration
0x00007ff815dc8000 	/System/Library/Frameworks/MediaToolbox.framework/Versions/A/MediaToolbox
0x00007ff819e31000 	/System/Library/Frameworks/DirectoryService.framework/Versions/A/DirectoryService
0x00007ff81d803000 	/System/Library/PrivateFrameworks/DiskImages.framework/Versions/A/DiskImages
0x00007ff8134d5000 	/System/Library/Frameworks/ServiceManagement.framework/Versions/A/ServiceManagement
0x00007ff81d9e0000 	/System/Library/PrivateFrameworks/LoginUIKit.framework/Versions/A/Frameworks/LoginUICore.framework/Versions/A/LoginUICore
0x00007ff815316000 	/usr/lib/libodfde.dylib
0x00007ff81b670000 	/System/Library/PrivateFrameworks/CoreAVCHD.framework/Versions/A/CoreAVCHD
0x00007ff81a545000 	/System/Library/Frameworks/MediaAccessibility.framework/Versions/A/MediaAccessibility
0x00007ff81b66c000 	/System/Library/PrivateFrameworks/Mangrove.framework/Versions/A/Mangrove
0x00007ff81a550000 	/System/Library/PrivateFrameworks/AlgosScoreFramework.framework/Versions/A/AlgosScoreFramework
0x00007ffb0b3e9000 	/System/Library/PrivateFrameworks/CMPhoto.framework/Versions/A/CMPhoto
0x00007ff81c1c4000 	/System/Library/PrivateFrameworks/AppleVPA.framework/Versions/A/AppleVPA
0x00007ff81b2b1000 	/System/Library/PrivateFrameworks/CoreAUC.framework/Versions/A/CoreAUC
0x00007ff81d972000 	/usr/lib/libcurl.4.dylib
0x00007ffb21de6000 	/usr/lib/libcrypto.46.dylib
0x00007ffb222db000 	/usr/lib/libssl.48.dylib
0x00007ff81d695000 	/System/Library/Frameworks/LDAP.framework/Versions/A/LDAP
0x00007ff81d6cd000 	/System/Library/PrivateFrameworks/TrustEvaluationAgent.framework/Versions/A/TrustEvaluationAgent
0x00007ff816d19000 	/usr/lib/libsasl2.2.dylib
0x00007ff81a575000 	/System/Library/PrivateFrameworks/CoreDaemon.framework/Versions/B/CoreDaemon
0x00007ff81a570000 	/System/Library/PrivateFrameworks/AppleSRP.framework/Versions/A/AppleSRP
0x00007ff90f9db000 	/System/Library/PrivateFrameworks/SidecarUI.framework/Versions/A/SidecarUI
0x00007ff90e48c000 	/System/Library/Frameworks/Carbon.framework/Versions/A/Carbon
0x00007ff90eb30000 	/System/Library/PrivateFrameworks/SidecarCore.framework/Versions/A/SidecarCore
0x00007ff82188e000 	/System/Library/Frameworks/Carbon.framework/Versions/A/Frameworks/CommonPanels.framework/Versions/A/CommonPanels
0x00007ff81d95e000 	/System/Library/Frameworks/Carbon.framework/Versions/A/Frameworks/Help.framework/Versions/A/Help
0x00007ff821892000 	/System/Library/Frameworks/Carbon.framework/Versions/A/Frameworks/ImageCapture.framework/Versions/A/ImageCapture
0x00007ff821862000 	/System/Library/Frameworks/Carbon.framework/Versions/A/Frameworks/OpenScripting.framework/Versions/A/OpenScripting
0x00007ff82188a000 	/System/Library/Frameworks/Carbon.framework/Versions/A/Frameworks/Ink.framework/Versions/A/Ink
0x00007ff90e488000 	/System/Library/Frameworks/Carbon.framework/Versions/A/Frameworks/Print.framework/Versions/A/Print
0x00007ff821886000 	/System/Library/Frameworks/Carbon.framework/Versions/A/Frameworks/SecurityHI.framework/Versions/A/SecurityHI
0x00007ffa14423000 	/System/Library/PrivateFrameworks/VoiceShortcutClient.framework/Versions/A/VoiceShortcutClient
0x00007ff81d9e8000 	/System/Library/PrivateFrameworks/AppSupport.framework/Versions/A/AppSupport
0x00007ff81e08c000 	/System/Library/PrivateFrameworks/IntentsFoundation.framework/Versions/A/IntentsFoundation
0x00007ff813d5f000 	/System/Library/Frameworks/CoreSpotlight.framework/Versions/A/CoreSpotlight
0x00007ff81ce0b000 	/System/Library/PrivateFrameworks/CoreDuetContext.framework/Versions/A/CoreDuetContext
0x00007ff80ce7b000 	/System/Library/PrivateFrameworks/CoreDuet.framework/Versions/A/CoreDuet
0x00007ff81ce62000 	/System/Library/Frameworks/Intents.framework/Versions/A/Intents
0x00007ff8149e0000 	/System/Library/PrivateFrameworks/PlugInKit.framework/Versions/A/PlugInKit
0x00007ff81ecde000 	/System/Library/PrivateFrameworks/ProactiveSupport.framework/Versions/A/ProactiveSupport
0x00007ff81199b000 	/System/Library/Frameworks/CoreLocation.framework/Versions/A/CoreLocation
0x00007ff8173e8000 	/System/Library/PrivateFrameworks/MobileAsset.framework/Versions/A/MobileAsset
0x00007ff8148e2000 	/System/Library/PrivateFrameworks/CrashReporterSupport.framework/Versions/A/CrashReporterSupport
0x00007ff81dbe1000 	/System/Library/PrivateFrameworks/InternationalTextSearch.framework/Versions/A/InternationalTextSearch
0x00007ff81fb94000 	/System/Library/PrivateFrameworks/RTCReporting.framework/Versions/A/RTCReporting
0x00007ff81e01e000 	/System/Library/PrivateFrameworks/StreamingZip.framework/Versions/A/StreamingZip
0x00007ff91b451000 	/System/Library/PrivateFrameworks/OSAnalytics.framework/Versions/A/OSAnalytics
0x00007ff926603000 	/System/Library/PrivateFrameworks/Symbolication.framework/Versions/A/Symbolication
0x00007ff90f3f2000 	/System/Library/PrivateFrameworks/MallocStackLogging.framework/Versions/A/MallocStackLogging
0x00007ff818413000 	/System/Library/PrivateFrameworks/GeoServices.framework/Versions/A/GeoServices
0x00007ff816a70000 	/System/Library/PrivateFrameworks/LocationSupport.framework/Versions/A/LocationSupport
0x00007ffb0f67e000 	/System/Library/PrivateFrameworks/GeoServicesCore.framework/Versions/A/GeoServicesCore
0x00007ff90abd4000 	/System/Library/PrivateFrameworks/PhoneNumbers.framework/Versions/A/PhoneNumbers
0x00007ff81bbbf000 	/System/Library/Frameworks/CoreTelephony.framework/Versions/A/CoreTelephony
0x00007ff81ee22000 	/System/Library/PrivateFrameworks/CoreDuetDebugLogging.framework/Versions/A/CoreDuetDebugLogging
0x00007ff8109c6000 	/System/Library/PrivateFrameworks/ApplePushService.framework/Versions/A/ApplePushService
0x00007ff810a15000 	/System/Library/Frameworks/CloudKit.framework/Versions/A/CloudKit
0x00007ff81ee25000 	/System/Library/PrivateFrameworks/CoreDuetDaemonProtocol.framework/Versions/A/CoreDuetDaemonProtocol
0x00007ff81c409000 	/System/Library/PrivateFrameworks/Rapport.framework/Versions/A/Rapport
0x00007ff80f71f000 	/System/Library/PrivateFrameworks/CommonUtilities.framework/Versions/A/CommonUtilities
0x00007ff817472000 	/usr/lib/libTelephonyUtilDynamic.dylib
0x00007ff81531a000 	/System/Library/PrivateFrameworks/Bom.framework/Versions/A/Bom
0x00007ff816d3d000 	/usr/lib/libParallelCompression.dylib
0x00007ff81e0a3000 	/System/Library/PrivateFrameworks/C2.framework/Versions/A/C2
0x00007ffb0b5f0000 	/System/Library/PrivateFrameworks/CloudKitDistributedSync.framework/Versions/A/CloudKitDistributedSync
0x00007ff81e09b000 	/System/Library/Frameworks/PushKit.framework/Versions/A/PushKit
0x00007ff81c3ff000 	/System/Library/PrivateFrameworks/CoreTime.framework/Versions/A/CoreTime
0x0000000139ccf000 	/private/var/folders/zc/rm57cwyj3f3230jhc6243rc40000gn/T/libgdxjraynor/38b0cb8c/libluajit64.dylib


VM Arguments:
jvm_args: -agentlib:jdwp=transport=dt_socket,address=127.0.0.1:53395,suspend=y,server=n -javaagent:/Users/jraynor/Library/Caches/JetBrains/IdeaIC2023.1/captureAgent/debugger-agent.jar=file:/private/var/folders/zc/rm57cwyj3f3230jhc6243rc40000gn/T/capture.props -Dfile.encoding=UTF-8 
java_command: MainKt
java_class_path (initial): /Users/jraynor/Documents/editor/build/classes/java/main:/Users/jraynor/Documents/editor/build/classes/kotlin/main:/Users/jraynor/Documents/editor/build/resources/main:/Users/jraynor/.gradle/caches/modules-2/files-2.1/org.jetbrains.kotlin/kotlin-stdlib-jdk8/1.8.0/ed04f49e186a116753ad70d34f0ac2925d1d8020/kotlin-stdlib-jdk8-1.8.0.jar:/Users/jraynor/.gradle/caches/modules-2/files-2.1/io.github.spair/imgui-java-app/1.86.10/b5b9653a24756be6751f6f3ccfa71a5c4277a021/imgui-java-app-1.86.10.jar:/Users/jraynor/.gradle/caches/modules-2/files-2.1/party.iroiro.luajava/luajit/3.4.0/cdef1b993fa93fc506de606f1e4ce4fae376ad56/luajit-3.4.0.jar:/Users/jraynor/.gradle/caches/modules-2/files-2.1/org.luaj/luaj-jse/3.0.1/99245b2df284805e1cb835e9be47c243f9717511/luaj-jse-3.0.1.jar:/Users/jraynor/.gradle/caches/modules-2/files-2.1/com.esotericsoftware/kryo/4.0.0/9f5c64c1315ec79bee0f56bb88e4ae94b65048ce/kryo-4.0.0.jar:/Users/jraynor/.gradle/caches/modules-2/files-2.1/org.antlr/antlr4-runtime/4.11.1/69214c1de1960040729702eb58deac8827135e7/antlr4-runtime-4.11.1.jar:/Users/jraynor/.gradle/caches/modules-2/files-2.1/org.jetbrains.kotlin/kotlin-stdlib-jdk7/1.8.0/3c91271347f678c239607abb676d4032a7898427/kotlin-stdlib-jdk7-1.8.0.jar:/Users/jraynor/.gradle/caches/modules-2/files-2.1/org.jetbrains.kotlin/kotlin-stdlib/1.8.0/1796921c7a3e2e2665a83e6c8d33399336cd39bc/kotlin-stdlib-1.8.0.jar:/Users/jraynor/.gradle/caches/modules-2/files-2.1/org.lwjgl/lwjgl-glfw/3.3.1/cbac1b8d30cb4795149c1ef540f912671a8616d0/lwjgl-glfw-3.3.1.jar:/Users/jraynor/.gradle/caches/modules-2/files-2.1/org.lwjgl/lwjgl-glfw/3.3.1/81716978214ecbda15050ca394b06ef61501a49e/lwjgl-glfw-3.3.1-natives-linux.jar:/Users/jraynor/.gradle/caches/modules-2/files-2.1/org.lwjgl/lwjgl-glfw/3.3.1/9ec4ce1fc8c85fdef03ef4ff2aace6f5775fb280/lwjgl-glfw-3.3.1-natives-macos.jar:/Users/jraynor/.gradle/caches/modules-2/files-2.1/org.lwjgl/lwjgl-glfw/3.3.1/ed892f945cf7e79c8756796f32d00fa4ceaf573b/lwjgl-glfw-3.3.1-natives-windows.j
Launcher Type: SUN_STANDARD

[Global flags]
     intx CICompilerCount                          = 4                                         {product} {ergonomic}
     uint ConcGCThreads                            = 3                                         {product} {ergonomic}
     uint G1ConcRefinementThreads                  = 10                                        {product} {ergonomic}
   size_t G1HeapRegionSize                         = 2097152                                   {product} {ergonomic}
    uintx GCDrainStackTargetSize                   = 64                                        {product} {ergonomic}
   size_t InitialHeapSize                          = 268435456                                 {product} {ergonomic}
   size_t MarkStackSize                            = 4194304                                   {product} {ergonomic}
   size_t MaxHeapSize                              = 4294967296                                {product} {ergonomic}
   size_t MaxNewSize                               = 2575302656                                {product} {ergonomic}
   size_t MinHeapDeltaBytes                        = 2097152                                   {product} {ergonomic}
   size_t MinHeapSize                              = 8388608                                   {product} {ergonomic}
    uintx NonNMethodCodeHeapSize                   = 5839372                                {pd product} {ergonomic}
    uintx NonProfiledCodeHeapSize                  = 122909434                              {pd product} {ergonomic}
    uintx ProfiledCodeHeapSize                     = 122909434                              {pd product} {ergonomic}
    uintx ReservedCodeCacheSize                    = 251658240                              {pd product} {ergonomic}
     bool SegmentedCodeCache                       = true                                      {product} {ergonomic}
   size_t SoftMaxHeapSize                          = 4294967296                             {manageable} {ergonomic}
     bool UseCompressedClassPointers               = true                           {product lp64_product} {ergonomic}
     bool UseCompressedOops                        = true                           {product lp64_product} {ergonomic}
     bool UseG1GC                                  = true                                      {product} {ergonomic}
     bool UseNUMA                                  = false                                     {product} {ergonomic}
     bool UseNUMAInterleaving                      = false                                     {product} {ergonomic}

Logging:
Log output configuration:
 #0: stdout all=warning uptime,level,tags
 #1: stderr all=off uptime,level,tags

Environment Variables:
PATH=/usr/local/bin:/usr/bin:/bin:/usr/sbin:/sbin:/usr/local/share/dotnet:~/.dotnet/tools:/Library/Frameworks/Mono.framework/Versions/Current/Commands
SHELL=/bin/zsh
LC_CTYPE=en_US.UTF-8
TMPDIR=/var/folders/zc/rm57cwyj3f3230jhc6243rc40000gn/T/

Signal Handlers:
   SIGSEGV: _ZL13crash_handleriP9__siginfoPv in libjvm.dylib, mask=11100110000111110111111111111111, flags=SA_RESTART|SA_SIGINFO
    SIGBUS: _ZL13crash_handleriP9__siginfoPv in libjvm.dylib, mask=11100110000111110111111111111111, flags=SA_RESTART|SA_SIGINFO
    SIGFPE: _ZL13crash_handleriP9__siginfoPv in libjvm.dylib, mask=11100110000111110111111111111111, flags=SA_RESTART|SA_SIGINFO
   SIGPIPE: _ZL17javaSignalHandleriP9__siginfoPv in libjvm.dylib, mask=11100110000111110111111111111111, flags=SA_RESTART|SA_SIGINFO
   SIGXFSZ: _ZL17javaSignalHandleriP9__siginfoPv in libjvm.dylib, mask=11100110000111110111111111111111, flags=SA_RESTART|SA_SIGINFO
    SIGILL: _ZL13crash_handleriP9__siginfoPv in libjvm.dylib, mask=11100110000111110111111111111111, flags=SA_RESTART|SA_SIGINFO
   SIGUSR2: _ZL10SR_handleriP9__siginfoP17__darwin_ucontext in libjvm.dylib, mask=00100000000000000000000000000000, flags=SA_RESTART|SA_SIGINFO
    SIGHUP: _ZL11UserHandleriPvS_ in libjvm.dylib, mask=11100110000111110111111111111111, flags=SA_RESTART|SA_SIGINFO
    SIGINT: _ZL11UserHandleriPvS_ in libjvm.dylib, mask=11100110000111110111111111111111, flags=SA_RESTART|SA_SIGINFO
   SIGTERM: _ZL11UserHandleriPvS_ in libjvm.dylib, mask=11100110000111110111111111111111, flags=SA_RESTART|SA_SIGINFO
   SIGQUIT: _ZL11UserHandleriPvS_ in libjvm.dylib, mask=11100110000111110111111111111111, flags=SA_RESTART|SA_SIGINFO
  *** Handler was modified!
  *** Expected: _ZL17javaSignalHandleriP9__siginfoPv in libjvm.dylib, mask=11100110100111111111111111111111, flags=SA_RESTART|SA_SIGINFO
   SIGTRAP: _ZL13crash_handleriP9__siginfoPv in libjvm.dylib, mask=11100110000111110111111111111111, flags=SA_RESTART|SA_SIGINFO


---------------  S Y S T E M  ---------------

OS:
uname: Darwin 21.6.0 Darwin Kernel Version 21.6.0: Mon Aug 22 20:17:10 PDT 2022; root:xnu-8020.140.49~2/RELEASE_X86_64 x86_64
OS uptime: 3 days 8:49 hours
rlimit (soft/hard): STACK 8192k/65532k , CORE 0k/infinity , NPROC 2784/4176 , NOFILE 10240/infinity , AS infinity/infinity , CPU infinity/infinity , DATA infinity/infinity , FSIZE infinity/infinity , MEMLOCK infinity/infinity , RSS infinity/infinity
load average: 2.50 1.93 1.79

CPU: total 12 (initial active 12) (6 cores per cpu, 2 threads per core) family 6 model 158 stepping 10 microcode 0xf0, cx8, cmov, fxsr, ht, mmx, 3dnowpref, sse, sse2, sse3, ssse3, sse4.1, sse4.2, popcnt, lzcnt, tsc, tscinvbit, avx, avx2, aes, erms, clmul, bmi1, bmi2, rtm, adx, fma, vzeroupper, clflush, clflushopt

Memory: 4k page, physical 16777216k(30868k free), swap 1048576k(737280k free)

vm_info: OpenJDK 64-Bit Server VM (17.0.5+8-LTS) for bsd-amd64 JRE (17.0.5+8-LTS), built on Oct 13 2022 05:04:24 by "ec2user" with clang Apple LLVM 13.0.0 (clang-1300.0.29.30)

END.
