#
# A fatal error has been detected by the Java Runtime Environment:
#
#  SIGSEGV (0xb) at pc=0x000000012ee99b20, pid=40959, tid=0x0000000000000103
#
# JRE version: OpenJDK Runtime Environment (8.0_372-b07) (build 1.8.0_372-b07)
# Java VM: OpenJDK 64-Bit Server VM (25.372-b07 mixed mode bsd-amd64 compressed oops)
# Problematic frame:
# C  [libluajit64.dylib+0x1ab20]  lua_gettop+0x0
#
# Failed to write core dump. Core dumps have been disabled. To enable core dumping, try "ulimit -c unlimited" before starting Java again
#
# If you would like to submit a bug report, please visit:
#   https://github.com/adoptium/adoptium-support/issues
# The crash happened outside the Java Virtual Machine in native code.
# See problematic frame for where to report the bug.
#

---------------  T H R E A D  ---------------

Current thread (0x00007f7f9c80a800):  JavaThread "main" [_thread_in_native, id=259, stack(0x00007ff7b4d12000,0x00007ff7b5512000)]

siginfo: si_signo: 11 (SIGSEGV), si_code: 1 (SEGV_MAPERR), si_addr: 0x000000012edb03a8

Registers:
RAX=0x000000012ee87a30, RBX=0x000000012ebd04e8, RCX=0x0000000000000010, RDX=0x000000012edb0380
RSP=0x00007ff7b550d328, RBP=0x00007ff7b550d390, RSI=0x00007ff7b550d3c0, RDI=0x000000012edb0380
R8 =0x0000000000000000, R9 =0x0000000000000001, R10=0x0000000118c1d7bc, R11=0x000000010be1e615
R12=0x0000000000000000, R13=0x000000012ebd04e8, R14=0x00007ff7b550d3c0, R15=0x00007f7f9c80a800
RIP=0x000000012ee99b20, EFLAGS=0x0000000000010216, ERR=0x0000000000000004
  TRAPNO=0x000000000000000e

Top of Stack: (sp=0x00007ff7b550d328)
0x00007ff7b550d328:   0000000118c1d7e8 000000012ebc6d80
0x00007ff7b550d338:   00007f7f9c80a800 000000012ebc6d80
0x00007ff7b550d348:   00007f7f9c80a800 00007ff7b550d350
0x00007ff7b550d358:   0000000000000000 00007ff7b550d3c0
0x00007ff7b550d368:   000000012ebd84a0 0000000000000000
0x00007ff7b550d378:   000000012ebd04e8 0000000000000000
0x00007ff7b550d388:   00007ff7b550d3b0 00007ff7b550d408
0x00007ff7b550d398:   0000000118c04ae0 0000000000000000
0x00007ff7b550d3a8:   0000000118c13a76 000000012edb0380
0x00007ff7b550d3b8:   00007f7f9c80a800 000000076cefefc0
0x00007ff7b550d3c8:   00007ff7b550d3c8 000000012ebc6d68
0x00007ff7b550d3d8:   00007ff7b550d418 000000012ebcb840
0x00007ff7b550d3e8:   0000000000000000 000000012ebc6d80
0x00007ff7b550d3f8:   00007ff7b550d3b0 00007ff7b550d418
0x00007ff7b550d408:   00007ff7b550d470 0000000118c04ae0
0x00007ff7b550d418:   000000076cee7db8 000000076cee7db8
0x00007ff7b550d428:   000000076cee7db8 00007ff7b550d420
0x00007ff7b550d438:   000000012ef7ac3f 00007ff7b550d4e0
0x00007ff7b550d448:   000000012ef7b378 0000000000000000
0x00007ff7b550d458:   000000012ef7ae40 00007ff7b550d418
0x00007ff7b550d468:   00007ff7b550d4c8 00007ff7b550d528
0x00007ff7b550d478:   0000000118c04ef4 0000000000000000
0x00007ff7b550d488:   0000000000000000 0000000000000000
0x00007ff7b550d498:   0000000000000000 0000000000000000
0x00007ff7b550d4a8:   0000000000000000 0000000000000000
0x00007ff7b550d4b8:   0000000000000000 000000076cee7db8
0x00007ff7b550d4c8:   000000076dedd4a0 000000076de83408
0x00007ff7b550d4d8:   000000076de835b0 000000076de713d8
0x00007ff7b550d4e8:   00007ff7b550d4e8 000000012ef7c3fb
0x00007ff7b550d4f8:   00007ff7b550d548 000000012ef7c748
0x00007ff7b550d508:   0000000000000000 000000012ef7c428
0x00007ff7b550d518:   00007ff7b550d4c8 00007ff7b550d540 

Instructions: (pc=0x000000012ee99b20)
0x000000012ee99b00:   c3 66 2e 0f 1f 84 00 00 00 00 00 0f 1f 44 00 00
0x000000012ee99b10:   48 8d 05 f1 a6 08 00 c3 0f 1f 84 00 00 00 00 00
0x000000012ee99b20:   48 8b 47 28 48 2b 47 20 48 c1 e8 03 c3 0f 1f 00
0x000000012ee99b30:   41 56 53 50 48 89 fb 85 f6 78 56 48 8b 4b 20 48 

Register to memory mapping:

RAX=0x000000012ee87a30: Java_party_iroiro_luajava_luajit_LuaJitNatives_lua_1gettop+0 in /private/var/folders/zc/rm57cwyj3f3230jhc6243rc40000gn/T/libgdxjraynor/38b0cb8c/libluajit64.dylib at 0x000000012ee7f000
RBX={method} {0x000000012ebd04e8} 'lua_gettop' '(J)I' in 'party/iroiro/luajava/luajit/LuaJitNatives'
RCX=0x0000000000000010 is an unknown value
RDX=0x000000012edb0380 is an unknown value
RSP=0x00007ff7b550d328 is pointing into the stack for thread: 0x00007f7f9c80a800
RBP=0x00007ff7b550d390 is pointing into the stack for thread: 0x00007f7f9c80a800
RSI=0x00007ff7b550d3c0 is pointing into the stack for thread: 0x00007f7f9c80a800
RDI=0x000000012edb0380 is an unknown value
R8 =0x0000000000000000 is an unknown value
R9 =0x0000000000000001 is an unknown value
R10=0x0000000118c1d7bc is at code_begin+1596 in an Interpreter codelet
method entry point (kind = native)  [0x0000000118c1d180, 0x0000000118c1e160]  4064 bytes
R11=0x000000010be1e615: throw_unsatisfied_link_error+0 in /Users/jraynor/.gradle/jdks/adoptium-8-x64-hotspot-mac/Contents/Home/jre/lib/server/libjvm.dylib at 0x000000010b930000
R12=0x0000000000000000 is an unknown value
R13={method} {0x000000012ebd04e8} 'lua_gettop' '(J)I' in 'party/iroiro/luajava/luajit/LuaJitNatives'
R14=0x00007ff7b550d3c0 is pointing into the stack for thread: 0x00007f7f9c80a800
R15=0x00007f7f9c80a800 is a thread


Stack: [0x00007ff7b4d12000,0x00007ff7b5512000],  sp=0x00007ff7b550d328,  free space=8172k
Native frames: (J=compiled Java code, j=interpreted, Vv=VM code, C=native code)
C  [libluajit64.dylib+0x1ab20]  lua_gettop+0x0
j  party.iroiro.luajava.AbstractLua.getTop()I+8
j  party.iroiro.luajava.LuaProxy.invoke(Ljava/lang/Object;Ljava/lang/reflect/Method;[Ljava/lang/Object;)Ljava/lang/Object;+15
j  com.sun.proxy.$Proxy2.execute(F)V+19
j  me.jraynor.os.OperatingSystem.update$editor()V+37
j  me.jraynor.Window.process()V+4
J 1003 C1 imgui.app.Window.runFrame()V (21 bytes) @ 0x0000000118fc01f4 [0x0000000118fbfee0+0x314]
j  imgui.app.Window.run()V+11
j  imgui.app.Application.launch(Limgui/app/Application;)V+9
j  MainKt.main([Ljava/lang/String;)V+177
v  ~StubRoutines::call_stub
V  [libjvm.dylib+0x2c9861]
V  [libjvm.dylib+0x304dd5]
V  [libjvm.dylib+0x308454]
C  [java+0x2d92]  JavaMain+0x9df
C  [java+0x5903]  __JVMInit_block_invoke+0x4b
C  [Foundation+0x41b21]  __NSBLOCKOPERATION_IS_CALLING_OUT_TO_A_BLOCK__+0x7
C  [Foundation+0x41a19]  -[NSBlockOperation main]+0x62
C  [Foundation+0x419af]  __NSOPERATION_IS_INVOKING_MAIN__+0x11
C  [Foundation+0x40c1b]  -[NSOperation start]+0x311
C  [Foundation+0x81527]  __NSThreadPerformPerform+0xb3
C  [CoreFoundation+0x8017b]  __CFRUNLOOP_IS_CALLING_OUT_TO_A_SOURCE0_PERFORM_FUNCTION__+0x11
C  [CoreFoundation+0x800e3]  __CFRunLoopDoSource0+0xb4
C  [CoreFoundation+0x7fe5d]  __CFRunLoopDoSources0+0xf2
C  [CoreFoundation+0x7e878]  __CFRunLoopRun+0x37c
C  [CoreFoundation+0x7de3c]  CFRunLoopRunSpecific+0x232
C  [java+0x4e54]  CreateExecutionEnvironment+0x376
C  [java+0x13a3]  JLI_Launch+0x7a3
C  [java+0x777a]  main+0x4c
C  0x0000000118b4a52e
C  0x0000000000000000

Java frames: (J=compiled Java code, j=interpreted, Vv=VM code)
j  party.iroiro.luajava.luajit.LuaJitNatives.lua_gettop(J)I+0
j  party.iroiro.luajava.AbstractLua.getTop()I+8
j  party.iroiro.luajava.LuaProxy.invoke(Ljava/lang/Object;Ljava/lang/reflect/Method;[Ljava/lang/Object;)Ljava/lang/Object;+15
j  com.sun.proxy.$Proxy2.execute(F)V+19
j  me.jraynor.os.OperatingSystem.update$editor()V+37
j  me.jraynor.Window.process()V+4
J 1003 C1 imgui.app.Window.runFrame()V (21 bytes) @ 0x0000000118fc01f4 [0x0000000118fbfee0+0x314]
j  imgui.app.Window.run()V+11
j  imgui.app.Application.launch(Limgui/app/Application;)V+9
j  MainKt.main([Ljava/lang/String;)V+177
v  ~StubRoutines::call_stub

---------------  P R O C E S S  ---------------

Java Threads: ( => current thread )
  0x00007f7f9c029000 JavaThread "Service Thread" daemon [_thread_blocked, id=22787, stack(0x0000700010047000,0x0000700010147000)]
  0x00007f7f9e01e000 JavaThread "C1 CompilerThread3" daemon [_thread_blocked, id=22275, stack(0x000070000ff44000,0x0000700010044000)]
  0x00007f7f9f012000 JavaThread "C2 CompilerThread2" daemon [_thread_blocked, id=22019, stack(0x000070000fe41000,0x000070000ff41000)]
  0x00007f7f9f011000 JavaThread "C2 CompilerThread1" daemon [_thread_blocked, id=14595, stack(0x000070000fd3e000,0x000070000fe3e000)]
  0x00007f7f9d822000 JavaThread "C2 CompilerThread0" daemon [_thread_blocked, id=15107, stack(0x000070000fc3b000,0x000070000fd3b000)]
  0x00007f7f9f00e000 JavaThread "JDWP Command Reader" daemon [_thread_in_native, id=15363, stack(0x000070000fb38000,0x000070000fc38000)]
  0x00007f7f9e01d000 JavaThread "JDWP Event Helper Thread" daemon [_thread_blocked, id=15875, stack(0x000070000fa35000,0x000070000fb35000)]
  0x00007f7f9e01c800 JavaThread "JDWP Transport Listener: dt_socket" daemon [_thread_blocked, id=16135, stack(0x000070000f932000,0x000070000fa32000)]
  0x00007f7f9d820000 JavaThread "Signal Dispatcher" daemon [_thread_blocked, id=16643, stack(0x000070000f82f000,0x000070000f92f000)]
  0x00007f7f9d010000 JavaThread "Finalizer" daemon [_thread_blocked, id=12291, stack(0x000070000f626000,0x000070000f726000)]
  0x00007f7f9d817000 JavaThread "Reference Handler" daemon [_thread_blocked, id=18435, stack(0x000070000f523000,0x000070000f623000)]
=>0x00007f7f9c80a800 JavaThread "main" [_thread_in_native, id=259, stack(0x00007ff7b4d12000,0x00007ff7b5512000)]

Other Threads:
  0x00007f7fa1808800 VMThread [stack: 0x000070000f420000,0x000070000f520000] [id=18947]
  0x00007f7f9d014000 WatcherThread [stack: 0x000070001014a000,0x000070001024a000] [id=43011]

VM state:not at safepoint (normal execution)

VM Mutex/Monitor currently owned by a thread: None

heap address: 0x00000006c0000000, size: 4096 MB, Compressed Oops mode: Zero based, Oop shift amount: 3
Narrow klass base: 0x0000000000000000, Narrow klass shift: 3
Compressed class space size: 1073741824 Address: 0x00000007c0000000

Heap:
 PSYoungGen      total 76288K, used 54303K [0x000000076ab00000, 0x0000000770000000, 0x00000007c0000000)
  eden space 65536K, 82% used [0x000000076ab00000,0x000000076e007d78,0x000000076eb00000)
  from space 10752K, 0% used [0x000000076f580000,0x000000076f580000,0x0000000770000000)
  to   space 10752K, 0% used [0x000000076eb00000,0x000000076eb00000,0x000000076f580000)
 ParOldGen       total 175104K, used 0K [0x00000006c0000000, 0x00000006cab00000, 0x000000076ab00000)
  object space 175104K, 0% used [0x00000006c0000000,0x00000006c0000000,0x00000006cab00000)
 Metaspace       used 13734K, capacity 14014K, committed 14208K, reserved 1062912K
  class space    used 1238K, capacity 1338K, committed 1408K, reserved 1048576K

Card table byte_map: [0x000000010b074000,0x000000010b875000] byte_map_base: 0x0000000107a74000

Marking Bits: (ParMarkBitMap*) 0x000000010c048038
 Begin Bits: [0x000000010ccc1000, 0x0000000110cc1000)
 End Bits:   [0x0000000110cc1000, 0x0000000114cc1000)

Polling page: 0x000000010ab2f000

CodeCache: size=245760Kb used=4365Kb max_used=4366Kb free=241394Kb
 bounds [0x0000000118bfd000, 0x000000011904d000, 0x0000000127bfd000]
 total_blobs=2321 nmethods=1194 adapters=1049
 compilation: enabled

Compilation events (10 events):
Event: 7.025 Thread 0x00007f7f9e01e000 1194       3       java.lang.reflect.Method::equals (69 bytes)
Event: 7.025 Thread 0x00007f7f9e01e000 nmethod 1194 0x000000011903c890 code [0x000000011903ca40, 0x000000011903d3c8]
Event: 7.025 Thread 0x00007f7f9e01e000 1193  s    3       java.io.DataOutputStream::write (16 bytes)
Event: 7.025 Thread 0x00007f7f9e01e000 nmethod 1193 0x000000011903d510 code [0x000000011903d6a0, 0x000000011903db08]
Event: 7.025 Thread 0x00007f7f9e01e000 1195       1       java.lang.Class$MethodArray::length (5 bytes)
Event: 7.025 Thread 0x00007f7f9e01e000 nmethod 1195 0x000000011903dc50 code [0x000000011903dda0, 0x000000011903deb0]
Event: 7.026 Thread 0x00007f7f9f011000 nmethod 1191 0x0000000119040fd0 code [0x0000000119041140, 0x0000000119041608]
Event: 7.027 Thread 0x00007f7f9f012000 nmethod 1186 0x0000000119041990 code [0x0000000119041c60, 0x00000001190429f0]
Event: 7.036 Thread 0x00007f7f9e01e000 1197       3       java.lang.invoke.MethodType::toMethodDescriptorString (21 bytes)
Event: 7.036 Thread 0x00007f7f9e01e000 nmethod 1197 0x000000011903fa90 code [0x000000011903fca0, 0x00000001190407b8]

GC Heap History (0 events):
No events

Deoptimization events (7 events):
Event: 0.959 Thread 0x00007f7f9c80a800 Uncommon trap: reason=unstable_if action=reinterpret pc=0x0000000118d0ec8c method=java.lang.String.hashCode()I @ 14
Event: 1.556 Thread 0x00007f7f9c80a800 Uncommon trap: reason=unstable_if action=reinterpret pc=0x0000000118e59ea0 method=java.lang.String.lastIndexOf([CII[CIII)I @ 66
Event: 1.616 Thread 0x00007f7f9c80a800 Uncommon trap: reason=unstable_if action=reinterpret pc=0x0000000118d61960 method=java.lang.String.indexOf([CII[CIII)I @ 3
Event: 1.806 Thread 0x00007f7f9c80a800 Uncommon trap: reason=unstable_if action=reinterpret pc=0x0000000118ed105c method=sun.net.www.ParseUtil.encodePath(Ljava/lang/String;Z)Ljava/lang/String; @ 109
Event: 1.811 Thread 0x00007f7f9c80a800 Uncommon trap: reason=unstable_if action=reinterpret pc=0x0000000118e9bcb4 method=sun.net.www.ParseUtil.encodePath(Ljava/lang/String;Z)Ljava/lang/String; @ 109
Event: 2.422 Thread 0x00007f7f9c80a800 Uncommon trap: reason=unstable_if action=reinterpret pc=0x0000000118f6b6dc method=imgui.ImFontGlyphRangesBuilder.getBit(I)Z @ 24
Event: 6.876 Thread 0x00007f7f9c80a800 Uncommon trap: reason=unstable_if action=reinterpret pc=0x0000000118e25374 method=java.io.UnixFileSystem.normalize(Ljava/lang/String;)Ljava/lang/String; @ 34

Classes redefined (0 events):
No events

Internal exceptions (10 events):
Event: 1.562 Thread 0x00007f7f9c80a800 Exception <a 'java/security/PrivilegedActionException'> (0x000000076c2f15b0) thrown at [/Users/jenkins/workspace/build-scripts/jobs/release/jobs/jdk8u/jdk8u-release-mac-x64-temurin/workspace/build/src/hotspot/src/share/vm/prims/jvm.cpp, line 1514]
Event: 1.562 Thread 0x00007f7f9c80a800 Exception <a 'java/security/PrivilegedActionException'> (0x000000076c2f17c0) thrown at [/Users/jenkins/workspace/build-scripts/jobs/release/jobs/jdk8u/jdk8u-release-mac-x64-temurin/workspace/build/src/hotspot/src/share/vm/prims/jvm.cpp, line 1514]
Event: 1.574 Thread 0x00007f7f9c80a800 Exception <a 'java/security/PrivilegedActionException'> (0x000000076c35c360) thrown at [/Users/jenkins/workspace/build-scripts/jobs/release/jobs/jdk8u/jdk8u-release-mac-x64-temurin/workspace/build/src/hotspot/src/share/vm/prims/jvm.cpp, line 1514]
Event: 1.574 Thread 0x00007f7f9c80a800 Exception <a 'java/security/PrivilegedActionException'> (0x000000076c35c570) thrown at [/Users/jenkins/workspace/build-scripts/jobs/release/jobs/jdk8u/jdk8u-release-mac-x64-temurin/workspace/build/src/hotspot/src/share/vm/prims/jvm.cpp, line 1514]
Event: 1.574 Thread 0x00007f7f9c80a800 Exception <a 'java/security/PrivilegedActionException'> (0x000000076c35e508) thrown at [/Users/jenkins/workspace/build-scripts/jobs/release/jobs/jdk8u/jdk8u-release-mac-x64-temurin/workspace/build/src/hotspot/src/share/vm/prims/jvm.cpp, line 1514]
Event: 1.574 Thread 0x00007f7f9c80a800 Exception <a 'java/security/PrivilegedActionException'> (0x000000076c35e718) thrown at [/Users/jenkins/workspace/build-scripts/jobs/release/jobs/jdk8u/jdk8u-release-mac-x64-temurin/workspace/build/src/hotspot/src/share/vm/prims/jvm.cpp, line 1514]
Event: 1.599 Thread 0x00007f7f9c80a800 Exception <a 'sun/nio/fs/UnixException'> (0x000000076c49f3d8) thrown at [/Users/jenkins/workspace/build-scripts/jobs/release/jobs/jdk8u/jdk8u-release-mac-x64-temurin/workspace/build/src/hotspot/src/share/vm/prims/jni.cpp, line 709]
Event: 1.619 Thread 0x00007f7f9c80a800 Exception <a 'sun/nio/fs/UnixException'> (0x000000076c57e7b0) thrown at [/Users/jenkins/workspace/build-scripts/jobs/release/jobs/jdk8u/jdk8u-release-mac-x64-temurin/workspace/build/src/hotspot/src/share/vm/prims/jni.cpp, line 709]
Event: 1.810 Thread 0x00007f7f9c80a800 Exception <a 'sun/nio/fs/UnixException'> (0x000000076c5f68f0) thrown at [/Users/jenkins/workspace/build-scripts/jobs/release/jobs/jdk8u/jdk8u-release-mac-x64-temurin/workspace/build/src/hotspot/src/share/vm/prims/jni.cpp, line 709]
Event: 2.175 Thread 0x00007f7f9c80a800 Exception <a 'sun/nio/fs/UnixException'> (0x000000076c9b08c8) thrown at [/Users/jenkins/workspace/build-scripts/jobs/release/jobs/jdk8u/jdk8u-release-mac-x64-temurin/workspace/build/src/hotspot/src/share/vm/prims/jni.cpp, line 709]

Events (10 events):
Event: 7.041 loading class java/util/stream/Nodes$IntArrayNode done
Event: 7.041 loading class java/util/stream/Nodes$IntFixedNodeBuilder done
Event: 7.041 loading class java/util/stream/ReferencePipeline$4$1
Event: 7.041 loading class java/util/stream/Sink$ChainedReference
Event: 7.041 loading class java/util/stream/Sink$ChainedReference done
Event: 7.041 loading class java/util/stream/ReferencePipeline$4$1 done
Event: 7.041 loading class java/util/LinkedHashMap$LinkedValues
Event: 7.042 loading class java/util/LinkedHashMap$LinkedValues done
Event: 7.042 loading class java/util/LinkedHashMap$LinkedValueIterator
Event: 7.042 loading class java/util/LinkedHashMap$LinkedValueIterator done


Dynamic libraries:
0x00007ff81ff3c000 	/System/Library/Frameworks/Cocoa.framework/Versions/A/Cocoa
0x00007ff80bb90000 	/System/Library/Frameworks/AppKit.framework/Versions/C/AppKit
0x00007ff80f0a7000 	/System/Library/Frameworks/CoreData.framework/Versions/A/CoreData
0x00007ff809f93000 	/System/Library/Frameworks/Foundation.framework/Versions/C/Foundation
0x00007ff813eca000 	/usr/lib/libSystem.B.dylib
0x00007ff80ca20000 	/System/Library/PrivateFrameworks/UIFoundation.framework/Versions/A/UIFoundation
0x00007ff819e3d000 	/System/Library/PrivateFrameworks/RemoteViewServices.framework/Versions/A/RemoteViewServices
0x00007ff81211e000 	/System/Library/PrivateFrameworks/XCTTargetBootstrap.framework/Versions/A/XCTTargetBootstrap
0x00007ff815cd3000 	/System/Library/PrivateFrameworks/InternationalSupport.framework/Versions/A/InternationalSupport
0x00007ff815d5d000 	/System/Library/PrivateFrameworks/UserActivity.framework/Versions/A/UserActivity
0x00007ff8150b1000 	/usr/lib/libspindump.dylib
0x00007ff80ccaf000 	/System/Library/Frameworks/UniformTypeIdentifiers.framework/Versions/A/UniformTypeIdentifiers
0x00007ff810842000 	/usr/lib/libapp_launch_measurement.dylib
0x00007ff80fa79000 	/System/Library/PrivateFrameworks/CoreAnalytics.framework/Versions/A/CoreAnalytics
0x00007ff810845000 	/System/Library/PrivateFrameworks/CoreAutoLayout.framework/Versions/A/CoreAutoLayout
0x00007ff811a75000 	/System/Library/Frameworks/Metal.framework/Versions/A/Metal
0x00007ff8127a4000 	/usr/lib/liblangid.dylib
0x00007ff812123000 	/System/Library/PrivateFrameworks/CoreSVG.framework/Versions/A/CoreSVG
0x00007ff80e09b000 	/System/Library/PrivateFrameworks/SkyLight.framework/Versions/A/SkyLight
0x00007ff80e43a000 	/System/Library/Frameworks/CoreGraphics.framework/Versions/A/CoreGraphics
0x00007ff81a4fd000 	/System/Library/Frameworks/Accelerate.framework/Versions/A/Accelerate
0x00007ff814b30000 	/System/Library/PrivateFrameworks/IconServices.framework/Versions/A/IconServices
0x00007ff811a5a000 	/System/Library/Frameworks/IOSurface.framework/Versions/A/IOSurface
0x00007ff80faa7000 	/usr/lib/libDiagnosticMessagesClient.dylib
0x00007ff813dea000 	/usr/lib/libz.1.dylib
0x00007ff81dbe0000 	/System/Library/Frameworks/ApplicationServices.framework/Versions/A/ApplicationServices
0x00007ff81210a000 	/System/Library/PrivateFrameworks/DFRFoundation.framework/Versions/A/DFRFoundation
0x00007ff80b478000 	/usr/lib/libicucore.A.dylib
0x00007ff816ac9000 	/System/Library/Frameworks/AudioToolbox.framework/Versions/A/AudioToolbox
0x00007ff815cdf000 	/System/Library/PrivateFrameworks/DataDetectorsCore.framework/Versions/A/DataDetectorsCore
0x00007ff9121da000 	/System/Library/PrivateFrameworks/TextInput.framework/Versions/A/TextInput
0x00007ff80e01e000 	/usr/lib/libMobileGestalt.dylib
0x00007ff811e16000 	/System/Library/Frameworks/Carbon.framework/Versions/A/Frameworks/HIToolbox.framework/Versions/A/HIToolbox
0x00007ff810244000 	/System/Library/Frameworks/QuartzCore.framework/Versions/A/QuartzCore
0x00007ff80b11d000 	/System/Library/Frameworks/Security.framework/Versions/A/Security
0x00007ff819e75000 	/System/Library/Frameworks/Carbon.framework/Versions/A/Frameworks/SpeechRecognition.framework/Versions/A/SpeechRecognition
0x00007ff8105a2000 	/System/Library/PrivateFrameworks/CoreUI.framework/Versions/A/CoreUI
0x00007ff80a9e7000 	/System/Library/Frameworks/CoreAudio.framework/Versions/A/CoreAudio
0x00007ff80fb96000 	/System/Library/Frameworks/DiskArbitration.framework/Versions/A/DiskArbitration
0x00007ff81549f000 	/System/Library/PrivateFrameworks/MultitouchSupport.framework/Versions/A/MultitouchSupport
0x00007ff80e01d000 	/usr/lib/libenergytrace.dylib
0x00007ff80ba7c000 	/System/Library/Frameworks/IOKit.framework/Versions/A/IOKit
0x00007ff81a265000 	/System/Library/Frameworks/CoreServices.framework/Versions/A/CoreServices
0x00007ff8107dc000 	/System/Library/PrivateFrameworks/PerformanceAnalysis.framework/Versions/A/PerformanceAnalysis
0x00007ffa21ebc000 	/System/Library/Frameworks/OpenGL.framework/Versions/A/OpenGL
0x00007ff813406000 	/System/Library/PrivateFrameworks/MobileKeyBag.framework/Versions/A/MobileKeyBag
0x00007ff808f5d000 	/usr/lib/libobjc.A.dylib
0x00007ff80eb06000 	/System/Library/Frameworks/ColorSync.framework/Versions/A/ColorSync
0x00007ff809117000 	/System/Library/Frameworks/CoreFoundation.framework/Versions/A/CoreFoundation
0x00007ff81239a000 	/System/Library/Frameworks/CoreImage.framework/Versions/A/CoreImage
0x00007ff80a7fb000 	/System/Library/Frameworks/CoreText.framework/Versions/A/CoreText
0x00007ff812153000 	/System/Library/Frameworks/ImageIO.framework/Versions/A/ImageIO
0x00007ff813ed0000 	/System/Library/PrivateFrameworks/SoftLinking.framework/Versions/A/SoftLinking
0x00007ff81088d000 	/usr/lib/libxml2.2.dylib
0x00007ff809023000 	/usr/lib/libc++.1.dylib
0x00007ff814154000 	/usr/lib/libcompression.dylib
0x00007ff815c06000 	/System/Library/PrivateFrameworks/TextureIO.framework/Versions/A/TextureIO
0x00007ff814842000 	/usr/lib/libate.dylib
0x00007ff813ec5000 	/usr/lib/system/libcache.dylib
0x00007ff813e81000 	/usr/lib/system/libcommonCrypto.dylib
0x00007ff813eaa000 	/usr/lib/system/libcompiler_rt.dylib
0x00007ff813ea0000 	/usr/lib/system/libcopyfile.dylib
0x00007ff808e58000 	/usr/lib/system/libcorecrypto.dylib
0x00007ff808f16000 	/usr/lib/system/libdispatch.dylib
0x00007ff8090d6000 	/usr/lib/system/libdyld.dylib
0x00007ff813ebc000 	/usr/lib/system/libkeymgr.dylib
0x00007ff813e5f000 	/usr/lib/system/libmacho.dylib
0x00007ff8134e0000 	/usr/lib/system/libquarantine.dylib
0x00007ff813eba000 	/usr/lib/system/libremovefile.dylib
0x00007ff80e06b000 	/usr/lib/system/libsystem_asl.dylib
0x00007ff808e01000 	/usr/lib/system/libsystem_blocks.dylib
0x00007ff808f9a000 	/usr/lib/system/libsystem_c.dylib
0x00007ff813eb2000 	/usr/lib/system/libsystem_collections.dylib
0x00007ff812794000 	/usr/lib/system/libsystem_configuration.dylib
0x00007ff811a3d000 	/usr/lib/system/libsystem_containermanager.dylib
0x00007ff813b97000 	/usr/lib/system/libsystem_coreservices.dylib
0x00007ff80b70c000 	/usr/lib/system/libsystem_darwin.dylib
0x00007ff813ebd000 	/usr/lib/system/libsystem_dnssd.dylib
0x00007ff808f97000 	/usr/lib/system/libsystem_featureflags.dylib
0x00007ff8090ec000 	/usr/lib/system/libsystem_info.dylib
0x00007ff813dfd000 	/usr/lib/system/libsystem_m.dylib
0x00007ff808eea000 	/usr/lib/system/libsystem_malloc.dylib
0x00007ff80e006000 	/usr/lib/system/libsystem_networkextension.dylib
0x00007ff80bb32000 	/usr/lib/system/libsystem_notify.dylib
0x00007ff81a13a000 	/usr/lib/system/libsystem_product_info_filter.dylib
0x00007ff812798000 	/usr/lib/system/libsystem_sandbox.dylib
0x00007ff813eb7000 	/usr/lib/system/libsystem_secinit.dylib
0x00007ff809092000 	/usr/lib/system/libsystem_kernel.dylib
0x00007ff8090e2000 	/usr/lib/system/libsystem_platform.dylib
0x00007ff8090ca000 	/usr/lib/system/libsystem_pthread.dylib
0x00007ff80f8b9000 	/usr/lib/system/libsystem_symptoms.dylib
0x00007ff808e3f000 	/usr/lib/system/libsystem_trace.dylib
0x00007ff813e8d000 	/usr/lib/system/libunwind.dylib
0x00007ff808e03000 	/usr/lib/system/libxpc.dylib
0x00007ff80907c000 	/usr/lib/libc++abi.dylib
0x00007ff813e98000 	/usr/lib/liboah.dylib
0x00007ff81461e000 	/usr/lib/liblzma.5.dylib
0x00007ff809ca5000 	/System/Library/Frameworks/SystemConfiguration.framework/Versions/A/SystemConfiguration
0x00007ff813ecc000 	/usr/lib/libfakelink.dylib
0x00007ff80db76000 	/System/Library/Frameworks/CFNetwork.framework/Versions/A/CFNetwork
0x00007ff81400d000 	/usr/lib/libarchive.2.dylib
0x00007ff8127a0000 	/System/Library/PrivateFrameworks/AppleSystemInfo.framework/Versions/A/AppleSystemInfo
0x00007ff813507000 	/usr/lib/libbsm.0.dylib
0x00007ff80d185000 	/usr/lib/libnetwork.dylib
0x00007ff813e65000 	/usr/lib/system/libkxld.dylib
0x00007ff81313a000 	/System/Library/PrivateFrameworks/IOMobileFramebuffer.framework/Versions/A/IOMobileFramebuffer
0x00007ffb2188b000 	/usr/lib/libCoreEntitlements.dylib
0x00007ff813b79000 	/System/Library/PrivateFrameworks/AppleFSCompression.framework/Versions/A/AppleFSCompression
0x00007ff8134ef000 	/usr/lib/libcoretls.dylib
0x00007ff814638000 	/usr/lib/libcoretls_cfhelpers.dylib
0x00007ff81414f000 	/usr/lib/libpam.2.dylib
0x00007ff80f4d8000 	/usr/lib/libsqlite3.dylib
0x00007ff8146a7000 	/usr/lib/libxar.1.dylib
0x00007ff813b89000 	/usr/lib/libbz2.1.0.dylib
0x00007ff813ed1000 	/usr/lib/libpcap.A.dylib
0x00007ff80f8b1000 	/usr/lib/libdns_services.dylib
0x00007ff81411f000 	/usr/lib/libapple_nghttp2.dylib
0x00007ff813f0b000 	/usr/lib/libiconv.2.dylib
0x00007ff813e5e000 	/usr/lib/libcharset.1.dylib
0x00007ff810810000 	/System/Library/Frameworks/CoreServices.framework/Versions/A/Frameworks/FSEvents.framework/Versions/A/FSEvents
0x00007ff80b716000 	/System/Library/Frameworks/CoreServices.framework/Versions/A/Frameworks/CarbonCore.framework/Versions/A/CarbonCore
0x00007ff80fafa000 	/System/Library/Frameworks/CoreServices.framework/Versions/A/Frameworks/Metadata.framework/Versions/A/Metadata
0x00007ff813b9c000 	/System/Library/Frameworks/CoreServices.framework/Versions/A/Frameworks/OSServices.framework/Versions/A/OSServices
0x00007ff814094000 	/System/Library/Frameworks/CoreServices.framework/Versions/A/Frameworks/SearchKit.framework/Versions/A/SearchKit
0x00007ff80f843000 	/System/Library/Frameworks/CoreServices.framework/Versions/A/Frameworks/AE.framework/Versions/A/AE
0x00007ff80961a000 	/System/Library/Frameworks/CoreServices.framework/Versions/A/Frameworks/LaunchServices.framework/Versions/A/LaunchServices
0x00007ff8145cf000 	/System/Library/Frameworks/CoreServices.framework/Versions/A/Frameworks/DictionaryServices.framework/Versions/A/DictionaryServices
0x00007ff81081d000 	/System/Library/Frameworks/CoreServices.framework/Versions/A/Frameworks/SharedFileList.framework/Versions/A/SharedFileList
0x00007ff8134e3000 	/usr/lib/libCheckFix.dylib
0x00007ff80e082000 	/System/Library/PrivateFrameworks/TCC.framework/Versions/A/TCC
0x00007ff8127a6000 	/System/Library/PrivateFrameworks/CoreNLP.framework/Versions/A/CoreNLP
0x00007ff80faaa000 	/System/Library/PrivateFrameworks/MetadataUtilities.framework/Versions/A/MetadataUtilities
0x00007ff809d56000 	/usr/lib/libmecabra.dylib
0x00007ff813517000 	/usr/lib/libmecab.dylib
0x00007ff809d21000 	/usr/lib/libCRFSuite.dylib
0x00007ff813571000 	/usr/lib/libgermantok.dylib
0x00007ff8140fa000 	/usr/lib/libThaiTokenizer.dylib
0x00007ff80fb9d000 	/System/Library/Frameworks/Accelerate.framework/Versions/A/Frameworks/vImage.framework/Versions/A/vImage
0x00007ff81a23c000 	/System/Library/Frameworks/Accelerate.framework/Versions/A/Frameworks/vecLib.framework/Versions/A/vecLib
0x00007ff8146e8000 	/System/Library/Frameworks/Accelerate.framework/Versions/A/Frameworks/vecLib.framework/Versions/A/libvMisc.dylib
0x00007ff812f65000 	/System/Library/Frameworks/Accelerate.framework/Versions/A/Frameworks/vecLib.framework/Versions/A/libvDSP.dylib
0x00007ff809995000 	/System/Library/Frameworks/Accelerate.framework/Versions/A/Frameworks/vecLib.framework/Versions/A/libBLAS.dylib
0x00007ff814231000 	/System/Library/Frameworks/Accelerate.framework/Versions/A/Frameworks/vecLib.framework/Versions/A/libLAPACK.dylib
0x00007ff813574000 	/System/Library/Frameworks/Accelerate.framework/Versions/A/Frameworks/vecLib.framework/Versions/A/libLinearAlgebra.dylib
0x00007ff814137000 	/System/Library/Frameworks/Accelerate.framework/Versions/A/Frameworks/vecLib.framework/Versions/A/libSparseBLAS.dylib
0x00007ff81422b000 	/System/Library/Frameworks/Accelerate.framework/Versions/A/Frameworks/vecLib.framework/Versions/A/libQuadrature.dylib
0x00007ff812891000 	/System/Library/Frameworks/Accelerate.framework/Versions/A/Frameworks/vecLib.framework/Versions/A/libBNNS.dylib
0x00007ff809c2f000 	/System/Library/Frameworks/Accelerate.framework/Versions/A/Frameworks/vecLib.framework/Versions/A/libSparse.dylib
0x00007ff81288a000 	/System/Library/PrivateFrameworks/LinguisticData.framework/Versions/A/LinguisticData
0x00007ff809be5000 	/System/Library/PrivateFrameworks/Lexicon.framework/Versions/A/Lexicon
0x00007ff8146e1000 	/usr/lib/libChineseTokenizer.dylib
0x00007ff80a350000 	/System/Library/PrivateFrameworks/LanguageModeling.framework/Versions/A/LanguageModeling
0x00007ff8140fc000 	/System/Library/PrivateFrameworks/AppleSauce.framework/Versions/A/AppleSauce
0x00007ff813128000 	/System/Library/PrivateFrameworks/CoreEmoji.framework/Versions/A/CoreEmoji
0x00007ff813ffc000 	/usr/lib/libcmph.dylib
0x00007ff8107f4000 	/System/Library/Frameworks/OpenDirectory.framework/Versions/A/Frameworks/CFOpenDirectory.framework/Versions/A/CFOpenDirectory
0x00007ff8107e8000 	/System/Library/Frameworks/OpenDirectory.framework/Versions/A/OpenDirectory
0x00007ff81463a000 	/System/Library/PrivateFrameworks/APFS.framework/Versions/A/APFS
0x00007ff81343e000 	/System/Library/Frameworks/SecurityFoundation.framework/Versions/A/SecurityFoundation
0x00007ff8146b5000 	/usr/lib/libutil.dylib
0x00007ff80ba40000 	/System/Library/PrivateFrameworks/CoreServicesStore.framework/Versions/A/CoreServicesStore
0x00007ff8146b9000 	/usr/lib/libxslt.1.dylib
0x00007ff8134cb000 	/System/Library/PrivateFrameworks/BackgroundTaskManagement.framework/Versions/A/BackgroundTaskManagement
0x00007ff815b26000 	/System/Library/Frameworks/ImageIO.framework/Versions/A/Resources/libRadiance.dylib
0x00007ff815b2f000 	/System/Library/Frameworks/ImageIO.framework/Versions/A/Resources/libJPEG.dylib
0x00007ff815a7e000 	/System/Library/Frameworks/ImageIO.framework/Versions/A/Resources/libPng.dylib
0x00007ff815a9f000 	/System/Library/Frameworks/ImageIO.framework/Versions/A/Resources/libTIFF.dylib
0x00007ff815b8f000 	/System/Library/Frameworks/ImageIO.framework/Versions/A/Resources/libGIF.dylib
0x00007ff8153b9000 	/System/Library/Frameworks/ImageIO.framework/Versions/A/Resources/libJP2.dylib
0x00007ff814af7000 	/usr/lib/libexpat.1.dylib
0x00007ff81536e000 	/System/Library/PrivateFrameworks/AppleJPEG.framework/Versions/A/AppleJPEG
0x00007ff811cda000 	/System/Library/PrivateFrameworks/FontServices.framework/libFontParser.dylib
0x00007ff80f7ed000 	/System/Library/PrivateFrameworks/RunningBoardServices.framework/Versions/A/RunningBoardServices
0x00007ff8204f7000 	/System/Library/PrivateFrameworks/IOSurfaceAccelerator.framework/Versions/A/IOSurfaceAccelerator
0x00007ff81549b000 	/System/Library/PrivateFrameworks/WatchdogClient.framework/Versions/A/WatchdogClient
0x00007ff80a43e000 	/System/Library/Frameworks/CoreDisplay.framework/Versions/A/CoreDisplay
0x00007ff811bd8000 	/System/Library/Frameworks/CoreMedia.framework/Versions/A/CoreMedia
0x00007ff811a6c000 	/System/Library/PrivateFrameworks/IOAccelerator.framework/Versions/A/IOAccelerator
0x00007ff810971000 	/System/Library/Frameworks/CoreVideo.framework/Versions/A/CoreVideo
0x00007ff81414d000 	/System/Library/Frameworks/MetalPerformanceShaders.framework/Versions/A/MetalPerformanceShaders
0x00007ff8154d8000 	/System/Library/Frameworks/VideoToolbox.framework/Versions/A/VideoToolbox
0x00007ff80f737000 	/System/Library/PrivateFrameworks/BaseBoard.framework/Versions/A/BaseBoard
0x00007ff80f4be000 	/System/Library/PrivateFrameworks/ProtocolBuffer.framework/Versions/A/ProtocolBuffer
0x00007ff815b1f000 	/System/Library/PrivateFrameworks/GPUWrangler.framework/Versions/A/GPUWrangler
0x00007ff815b03000 	/System/Library/PrivateFrameworks/IOPresentment.framework/Versions/A/IOPresentment
0x00007ff815b29000 	/System/Library/PrivateFrameworks/DSExternalDisplay.framework/Versions/A/DSExternalDisplay
0x00007ffa21eb0000 	/System/Library/Frameworks/OpenGL.framework/Versions/A/Libraries/libCoreFSCache.dylib
0x00007ffb0ef87000 	/System/Library/PrivateFrameworks/GPUCompiler.framework/Versions/31001/Libraries/libGPUCompilerUtils.dylib
0x00007ff815b94000 	/System/Library/PrivateFrameworks/CMCaptureCore.framework/Versions/A/CMCaptureCore
0x00007ff81509f000 	/System/Library/PrivateFrameworks/AppServerSupport.framework/Versions/A/AppServerSupport
0x00007ff817362000 	/System/Library/PrivateFrameworks/perfdata.framework/Versions/A/perfdata
0x00007ff80a56a000 	/System/Library/PrivateFrameworks/AudioToolboxCore.framework/Versions/A/AudioToolboxCore
0x00007ff811bb6000 	/System/Library/PrivateFrameworks/caulk.framework/Versions/A/caulk
0x00007ff816c74000 	/usr/lib/libAudioStatistics.dylib
0x00007ff90e968000 	/System/Library/PrivateFrameworks/SystemPolicy.framework/Versions/A/SystemPolicy
0x00007ff816ecf000 	/usr/lib/libSMC.dylib
0x00007ff81fdef000 	/System/Library/Frameworks/CoreMIDI.framework/Versions/A/CoreMIDI
0x00007ff815a4d000 	/usr/lib/libAudioToolboxUtility.dylib
0x00007ff90ab94000 	/System/Library/PrivateFrameworks/OSAServicesClient.framework/Versions/A/OSAServicesClient
0x00007ff81736f000 	/usr/lib/libperfcheck.dylib
0x00007ff90f415000 	/usr/lib/libmis.dylib
0x00007ffa21f0b000 	/System/Library/Frameworks/OpenGL.framework/Versions/A/Libraries/libGLU.dylib
0x00007ffa21ecf000 	/System/Library/Frameworks/OpenGL.framework/Versions/A/Libraries/libGFXShared.dylib
0x00007ffa220d8000 	/System/Library/Frameworks/OpenGL.framework/Versions/A/Libraries/libGL.dylib
0x00007ffa21ed8000 	/System/Library/Frameworks/OpenGL.framework/Versions/A/Libraries/libGLImage.dylib
0x00007ffa21ecc000 	/System/Library/Frameworks/OpenGL.framework/Versions/A/Libraries/libCVMSPluginSupport.dylib
0x00007ffa21eb7000 	/System/Library/Frameworks/OpenGL.framework/Versions/A/Libraries/libCoreVMClient.dylib
0x00007ff812722000 	/System/Library/Frameworks/MetalPerformanceShaders.framework/Versions/A/Frameworks/MPSCore.framework/Versions/A/MPSCore
0x00007ff813ae4000 	/System/Library/Frameworks/MetalPerformanceShaders.framework/Versions/A/Frameworks/MPSImage.framework/Versions/A/MPSImage
0x00007ff81358a000 	/System/Library/Frameworks/MetalPerformanceShaders.framework/Versions/A/Frameworks/MPSNeuralNetwork.framework/Versions/A/MPSNeuralNetwork
0x00007ff8139fe000 	/System/Library/Frameworks/MetalPerformanceShaders.framework/Versions/A/Frameworks/MPSMatrix.framework/Versions/A/MPSMatrix
0x00007ff8137b9000 	/System/Library/Frameworks/MetalPerformanceShaders.framework/Versions/A/Frameworks/MPSRayIntersector.framework/Versions/A/MPSRayIntersector
0x00007ff813a36000 	/System/Library/Frameworks/MetalPerformanceShaders.framework/Versions/A/Frameworks/MPSNDArray.framework/Versions/A/MPSNDArray
0x00007ffa27990000 	/System/Library/Frameworks/MetalPerformanceShaders.framework/Versions/A/Frameworks/MPSFunctions.framework/Versions/A/MPSFunctions
0x00007ff809871000 	/System/Library/PrivateFrameworks/MetalTools.framework/Versions/A/MetalTools
0x00007ff81279e000 	/System/Library/PrivateFrameworks/AggregateDictionary.framework/Versions/A/AggregateDictionary
0x00007ff8148d9000 	/usr/lib/libIOReport.dylib
0x00007ffa234e7000 	/System/Library/Frameworks/OpenCL.framework/Versions/A/OpenCL
0x00007ff814c3d000 	/System/Library/PrivateFrameworks/FaceCore.framework/Versions/A/FaceCore
0x00007ff814c2e000 	/System/Library/PrivateFrameworks/GraphVisualizer.framework/Versions/A/GraphVisualizer
0x00007ffb0ee92000 	/System/Library/PrivateFrameworks/FontServices.framework/Versions/A/FontServices
0x00007ff815057000 	/System/Library/PrivateFrameworks/OTSVG.framework/Versions/A/OTSVG
0x00007ff810557000 	/System/Library/Frameworks/ApplicationServices.framework/Versions/A/Frameworks/ATS.framework/Versions/A/Resources/libFontRegistry.dylib
0x00007ff8150a7000 	/System/Library/PrivateFrameworks/FontServices.framework/libhvf.dylib
0x00007ffb0ee93000 	/System/Library/PrivateFrameworks/FontServices.framework/libXTFontStaticRegistryData.dylib
0x00007ff814aa7000 	/System/Library/PrivateFrameworks/AppleVA.framework/Versions/A/AppleVA
0x00007ff816c94000 	/System/Library/Frameworks/ApplicationServices.framework/Versions/A/Frameworks/ATS.framework/Versions/A/ATS
0x00007ff80ec04000 	/System/Library/Frameworks/ApplicationServices.framework/Versions/A/Frameworks/HIServices.framework/Versions/A/HIServices
0x00007ff815b9e000 	/System/Library/Frameworks/ApplicationServices.framework/Versions/A/Frameworks/PrintCore.framework/Versions/A/PrintCore
0x00007ff817022000 	/System/Library/Frameworks/ApplicationServices.framework/Versions/A/Frameworks/QD.framework/Versions/A/QD
0x00007ff81701a000 	/System/Library/Frameworks/ApplicationServices.framework/Versions/A/Frameworks/ColorSyncLegacy.framework/Versions/A/ColorSyncLegacy
0x00007ff816c84000 	/System/Library/Frameworks/ApplicationServices.framework/Versions/A/Frameworks/SpeechSynthesis.framework/Versions/A/SpeechSynthesis
0x00007ff815b5f000 	/System/Library/Frameworks/ApplicationServices.framework/Versions/A/Frameworks/ATSUI.framework/Versions/A/ATSUI
0x00007ff816faf000 	/usr/lib/libcups.2.dylib
0x00007ff81737e000 	/System/Library/Frameworks/Kerberos.framework/Versions/A/Kerberos
0x00007ff81738d000 	/System/Library/Frameworks/GSS.framework/Versions/A/GSS
0x00007ff816d00000 	/usr/lib/libresolv.9.dylib
0x00007ff8150b6000 	/System/Library/PrivateFrameworks/Heimdal.framework/Versions/A/Heimdal
0x00007ff81df72000 	/System/Library/Frameworks/Kerberos.framework/Versions/A/Libraries/libHeimdalProxy.dylib
0x00007ff80f8c1000 	/System/Library/Frameworks/Network.framework/Versions/A/Network
0x00007ff814b11000 	/usr/lib/libheimdal-asn1.dylib
0x00007ff8173d8000 	/System/Library/PrivateFrameworks/CommonAuth.framework/Versions/A/CommonAuth
0x00007ff816c06000 	/System/Library/PrivateFrameworks/AudioSession.framework/Versions/A/AudioSession
0x00007ff814ba1000 	/System/Library/PrivateFrameworks/MediaExperience.framework/Versions/A/MediaExperience
0x00007ff816a98000 	/System/Library/PrivateFrameworks/AudioSession.framework/libSessionUtility.dylib
0x00007ff81702e000 	/System/Library/PrivateFrameworks/AudioResourceArbitration.framework/Versions/A/AudioResourceArbitration
0x00007ff81b0af000 	/System/Library/PrivateFrameworks/PowerLog.framework/Versions/A/PowerLog
0x00007ff814b1a000 	/System/Library/PrivateFrameworks/IconFoundation.framework/Versions/A/IconFoundation
0x00007ff819e65000 	/System/Library/PrivateFrameworks/SpeechRecognitionCore.framework/Versions/A/SpeechRecognitionCore
0x000000010b930000 	/Users/jraynor/.gradle/jdks/adoptium-8-x64-hotspot-mac/Contents/Home/jre/lib/server/libjvm.dylib
0x000000010ab41000 	/Users/jraynor/.gradle/jdks/adoptium-8-x64-hotspot-mac/Contents/Home/jre/lib/libverify.dylib
0x000000010ab99000 	/Users/jraynor/.gradle/jdks/adoptium-8-x64-hotspot-mac/Contents/Home/jre/lib/libjava.dylib
0x000000010ac29000 	/Users/jraynor/.gradle/jdks/adoptium-8-x64-hotspot-mac/Contents/Home/jre/lib/libjdwp.dylib
0x000000010ab53000 	/Users/jraynor/.gradle/jdks/adoptium-8-x64-hotspot-mac/Contents/Home/jre/lib/libnpt.dylib
0x000000010abdf000 	/Users/jraynor/.gradle/jdks/adoptium-8-x64-hotspot-mac/Contents/Home/jre/lib/libinstrument.dylib
0x000000010ab6b000 	/Users/jraynor/.gradle/jdks/adoptium-8-x64-hotspot-mac/Contents/Home/jre/lib/libzip.dylib
0x000000010ab86000 	/Users/jraynor/.gradle/jdks/adoptium-8-x64-hotspot-mac/Contents/Home/jre/lib/libdt_socket.dylib
0x000000010b8de000 	/Users/jraynor/.gradle/jdks/adoptium-8-x64-hotspot-mac/Contents/Home/jre/lib/libnio.dylib
0x0000000117b9d000 	/Users/jraynor/.gradle/jdks/adoptium-8-x64-hotspot-mac/Contents/Home/jre/lib/libnet.dylib
0x0000000117c18000 	/private/var/folders/zc/rm57cwyj3f3230jhc6243rc40000gn/T/lwjgljraynor/3.3.1-build-7/liblwjgl.dylib
0x0000000117c51000 	/private/var/folders/zc/rm57cwyj3f3230jhc6243rc40000gn/T/lwjgljraynor/3.3.1-build-7/libglfw.dylib
0x00007ff80ba02000 	/System/Library/PrivateFrameworks/CoreServicesInternal.framework/Versions/A/CoreServicesInternal
0x00007ff81b6a0000 	/System/Library/Frameworks/FileProvider.framework/Versions/A/FileProvider
0x00007ff80f6a4000 	/System/Library/Frameworks/Accounts.framework/Versions/A/Accounts
0x00007ff81b819000 	/System/Library/PrivateFrameworks/GenerationalStorage.framework/Versions/A/GenerationalStorage
0x00007ff81c329000 	/System/Library/PrivateFrameworks/CoreSymbolication.framework/Versions/A/CoreSymbolication
0x00007ff81b0a4000 	/System/Library/PrivateFrameworks/SymptomDiagnosticReporter.framework/Versions/A/SymptomDiagnosticReporter
0x00007ff80ccc3000 	/System/Library/PrivateFrameworks/DesktopServicesPriv.framework/Versions/A/DesktopServicesPriv
0x00007ff80bb41000 	/usr/lib/libsandbox.1.dylib
0x00007ff8109f0000 	/System/Library/PrivateFrameworks/UserManagement.framework/Versions/A/UserManagement
0x00007ff81c2ee000 	/System/Library/PrivateFrameworks/DebugSymbols.framework/Versions/A/DebugSymbols
0x00007ff81700f000 	/System/Library/PrivateFrameworks/NetAuth.framework/Versions/A/NetAuth
0x00007ff817f1e000 	/System/Library/PrivateFrameworks/Sharing.framework/Versions/A/Sharing
0x00007ff8109c3000 	/System/Library/PrivateFrameworks/login.framework/Versions/A/Frameworks/loginsupport.framework/Versions/A/loginsupport
0x00007ff81d48c000 	/System/Library/PrivateFrameworks/Apple80211.framework/Versions/A/Apple80211
0x00007ff813bc9000 	/System/Library/PrivateFrameworks/AuthKit.framework/Versions/A/AuthKit
0x00007ff81321e000 	/System/Library/PrivateFrameworks/CoreUtils.framework/Versions/A/CoreUtils
0x00007ff813145000 	/System/Library/Frameworks/CoreWLAN.framework/Versions/A/CoreWLAN
0x00007ff81807d000 	/System/Library/Frameworks/IOBluetooth.framework/Versions/A/IOBluetooth
0x00007ff81d4f4000 	/System/Library/PrivateFrameworks/CoreWiFi.framework/Versions/A/CoreWiFi
0x00007ff81bec3000 	/System/Library/PrivateFrameworks/FrontBoardServices.framework/Versions/A/FrontBoardServices
0x00007ff81bf54000 	/System/Library/PrivateFrameworks/BoardServices.framework/Versions/A/BoardServices
0x00007ff81342d000 	/System/Library/PrivateFrameworks/AssertionServices.framework/Versions/A/AssertionServices
0x00007ff81d677000 	/System/Library/PrivateFrameworks/BackBoardServices.framework/Versions/A/BackBoardServices
0x00007ff817469000 	/System/Library/PrivateFrameworks/CorePhoneNumbers.framework/Versions/A/CorePhoneNumbers
0x00007ff816d2d000 	/System/Library/PrivateFrameworks/MultiverseSupport.framework/Versions/A/MultiverseSupport
0x00007ff81d8eb000 	/System/Library/PrivateFrameworks/RemoteServiceDiscovery.framework/Versions/A/RemoteServiceDiscovery
0x00007ff81b1c1000 	/System/Library/PrivateFrameworks/DiskManagement.framework/Versions/A/DiskManagement
0x00007ff81b0d5000 	/System/Library/PrivateFrameworks/AppleIDAuthSupport.framework/Versions/A/AppleIDAuthSupport
0x00007ffb0980d000 	/System/Library/PrivateFrameworks/AAAFoundation.framework/Versions/A/AAAFoundation
0x00007ff81744a000 	/System/Library/PrivateFrameworks/KeychainCircle.framework/Versions/A/KeychainCircle
0x00007ff81d8fb000 	/System/Library/PrivateFrameworks/RemoteXPC.framework/Versions/A/RemoteXPC
0x00007ff81b18d000 	/System/Library/PrivateFrameworks/MediaKit.framework/Versions/A/MediaKit
0x00007ff81b0e1000 	/System/Library/Frameworks/DiscRecording.framework/Versions/A/DiscRecording
0x00007ff814a1f000 	/usr/lib/libCoreStorage.dylib
0x00007ff81d966000 	/usr/lib/libcsfde.dylib
0x00007ff81814a000 	/System/Library/PrivateFrameworks/ProtectedCloudStorage.framework/Versions/A/ProtectedCloudStorage
0x00007ff81d962000 	/System/Library/PrivateFrameworks/EFILogin.framework/Versions/A/EFILogin
0x00007ff81b83f000 	/System/Library/PrivateFrameworks/OctagonTrust.framework/Versions/A/OctagonTrust
0x00007ffb0e0f5000 	/System/Library/PrivateFrameworks/CoreUtilsExtras.framework/Versions/A/CoreUtilsExtras
0x00007ff81b008000 	/System/Library/Frameworks/CoreBluetooth.framework/Versions/A/CoreBluetooth
0x00007ff81dff7000 	/System/Library/Frameworks/AudioUnit.framework/Versions/A/AudioUnit
0x00007ff814a17000 	/usr/lib/libMatch.1.dylib
0x00007ff8106e8000 	/System/Library/PrivateFrameworks/ViewBridge.framework/Versions/A/ViewBridge
0x0000000118af1000 	/usr/lib/libobjc-trampolines.dylib
0x00007ff913a39000 	/System/Library/Frameworks/Accelerate.framework/Versions/A/Frameworks/vImage.framework/Versions/A/Libraries/libCGInterfaces.dylib
0x00007ff81516d000 	/System/Library/PrivateFrameworks/login.framework/Versions/A/login
0x00007ffa220e3000 	/System/Library/Frameworks/OpenGL.framework/Versions/A/Resources/GLEngine.bundle/GLEngine
0x00007ffa21f49000 	/System/Library/Frameworks/OpenGL.framework/Versions/A/Libraries/libGLProgrammability.dylib
0x00007ffa16f5f000 	/System/Library/Extensions/AppleIntelKBLGraphicsGLDriver.bundle/Contents/MacOS/AppleIntelKBLGraphicsGLDriver
0x00007ff9195b0000 	/System/Library/PrivateFrameworks/GPUSupport.framework/Versions/A/Libraries/libGPUSupportMercury.dylib
0x000000012939c000 	/System/Library/Extensions/AMDRadeonX4000GLDriver.bundle/Contents/MacOS/AMDRadeonX4000GLDriver
0x00007ffa25a63000 	/System/Library/Extensions/AMDRadeonX4000GLDriver.bundle/Contents/MacOS/ATIRadeonX4000SCLib.dylib
0x00007ffa15623000 	/System/Library/Extensions/AMDShared.bundle/Contents/PlugIns/libSC.dylib
0x00007ffa2226d000 	/System/Library/Frameworks/OpenGL.framework/Versions/A/Resources/GLRendererFloat.bundle/GLRendererFloat
0x000000012933d000 	/private/var/folders/zc/rm57cwyj3f3230jhc6243rc40000gn/T/lwjgljraynor/3.3.1-build-7/liblwjgl_opengl.dylib
0x000000012cf4e000 	/private/var/folders/zc/rm57cwyj3f3230jhc6243rc40000gn/T/imgui-java-natives_1683865461683/libimgui-java64.dylib
0x00007ffb2197a000 	/usr/lib/libRosetta.dylib
0x000000012ee7f000 	/private/var/folders/zc/rm57cwyj3f3230jhc6243rc40000gn/T/libgdxjraynor/38b0cb8c/libluajit64.dylib

VM Arguments:
jvm_args: -agentlib:jdwp=transport=dt_socket,address=127.0.0.1:54268,suspend=y,server=n -javaagent:/Users/jraynor/Library/Caches/JetBrains/IdeaIC2023.1/captureAgent/debugger-agent.jar -Dfile.encoding=UTF-8 
java_command: MainKt
java_class_path (initial): /Users/jraynor/.gradle/jdks/adoptium-8-x64-hotspot-mac/Contents/Home/jre/lib/charsets.jar:/Users/jraynor/.gradle/jdks/adoptium-8-x64-hotspot-mac/Contents/Home/jre/lib/ext/cldrdata.jar:/Users/jraynor/.gradle/jdks/adoptium-8-x64-hotspot-mac/Contents/Home/jre/lib/ext/dnsns.jar:/Users/jraynor/.gradle/jdks/adoptium-8-x64-hotspot-mac/Contents/Home/jre/lib/ext/jaccess.jar:/Users/jraynor/.gradle/jdks/adoptium-8-x64-hotspot-mac/Contents/Home/jre/lib/ext/localedata.jar:/Users/jraynor/.gradle/jdks/adoptium-8-x64-hotspot-mac/Contents/Home/jre/lib/ext/nashorn.jar:/Users/jraynor/.gradle/jdks/adoptium-8-x64-hotspot-mac/Contents/Home/jre/lib/ext/sunec.jar:/Users/jraynor/.gradle/jdks/adoptium-8-x64-hotspot-mac/Contents/Home/jre/lib/ext/sunjce_provider.jar:/Users/jraynor/.gradle/jdks/adoptium-8-x64-hotspot-mac/Contents/Home/jre/lib/ext/sunpkcs11.jar:/Users/jraynor/.gradle/jdks/adoptium-8-x64-hotspot-mac/Contents/Home/jre/lib/ext/zipfs.jar:/Users/jraynor/.gradle/jdks/adoptium-8-x64-hotspot-mac/Contents/Home/jre/lib/jce.jar:/Users/jraynor/.gradle/jdks/adoptium-8-x64-hotspot-mac/Contents/Home/jre/lib/jfr.jar:/Users/jraynor/.gradle/jdks/adoptium-8-x64-hotspot-mac/Contents/Home/jre/lib/jsse.jar:/Users/jraynor/.gradle/jdks/adoptium-8-x64-hotspot-mac/Contents/Home/jre/lib/management-agent.jar:/Users/jraynor/.gradle/jdks/adoptium-8-x64-hotspot-mac/Contents/Home/jre/lib/resources.jar:/Users/jraynor/.gradle/jdks/adoptium-8-x64-hotspot-mac/Contents/Home/jre/lib/rt.jar:/Users/jraynor/Documents/editor/build/classes/java/main:/Users/jraynor/Documents/editor/build/classes/kotlin/main:/Users/jraynor/Documents/editor/build/resources/main:/Users/jraynor/.gradle/caches/modules-2/files-2.1/org.jetbrains.kotlin/kotlin-stdlib-jdk8/1.8.0/ed04f49e186a116753ad70d34f0ac2925d1d8020/kotlin-stdlib-jdk8-1.8.0.jar:/Users/jraynor/.gradle/caches/modules-2/files-2.1/io.github.spair/imgui-java-app/1.86.10/b5b9653a24756be6751f6f3ccfa71a5c4277a021/imgui-java-app-1.86.10.jar:/Users/jraynor/.g
Launcher Type: SUN_STANDARD

Environment Variables:
PATH=/usr/local/bin:/usr/bin:/bin:/usr/sbin:/sbin:/usr/local/share/dotnet:~/.dotnet/tools:/Library/Frameworks/Mono.framework/Versions/Current/Commands
SHELL=/bin/zsh

Signal Handlers:
SIGSEGV: [libjvm.dylib+0x59c663], sa_mask[0]=11111111011111110111111111111111, sa_flags=SA_ONSTACK|SA_RESTART|SA_SIGINFO
SIGBUS: [libjvm.dylib+0x59c663], sa_mask[0]=11111111011111110111111111111111, sa_flags=SA_RESTART|SA_SIGINFO
SIGFPE: [libjvm.dylib+0x48f14b], sa_mask[0]=11111111011111110111111111111111, sa_flags=SA_RESTART|SA_SIGINFO
SIGPIPE: [libjvm.dylib+0x48f14b], sa_mask[0]=11111111011111110111111111111111, sa_flags=SA_RESTART|SA_SIGINFO
SIGXFSZ: [libjvm.dylib+0x48f14b], sa_mask[0]=11111111011111110111111111111111, sa_flags=SA_RESTART|SA_SIGINFO
SIGILL: [libjvm.dylib+0x48f14b], sa_mask[0]=11111111011111110111111111111111, sa_flags=SA_RESTART|SA_SIGINFO
SIGUSR1: SIG_DFL, sa_mask[0]=00000000000000000000000000000000, sa_flags=none
SIGUSR2: [libjvm.dylib+0x48fa42], sa_mask[0]=00100000000000000000000000000000, sa_flags=SA_RESTART|SA_SIGINFO
SIGHUP: [libjvm.dylib+0x48dc35], sa_mask[0]=11111111011111110111111111111111, sa_flags=SA_RESTART|SA_SIGINFO
SIGINT: [libjvm.dylib+0x48dc35], sa_mask[0]=11111111011111110111111111111111, sa_flags=SA_RESTART|SA_SIGINFO
SIGTERM: [libjvm.dylib+0x48dc35], sa_mask[0]=11111111011111110111111111111111, sa_flags=SA_RESTART|SA_SIGINFO
SIGQUIT: [libjvm.dylib+0x48dc35], sa_mask[0]=11111111011111110111111111111111, sa_flags=SA_RESTART|SA_SIGINFO


---------------  S Y S T E M  ---------------

OS:Bsduname:Darwin 21.6.0 Darwin Kernel Version 21.6.0: Mon Aug 22 20:17:10 PDT 2022; root:xnu-8020.140.49~2/RELEASE_X86_64 x86_64
rlimit: STACK 8192k, CORE 0k, NPROC 2784, NOFILE 10240, AS infinity
load average:2.69 1.91 1.77

CPU:total 12 (initial active 12) (6 cores per cpu, 2 threads per core) family 6 model 158 stepping 10, cmov, cx8, fxsr, mmx, sse, sse2, sse3, ssse3, sse4.1, sse4.2, popcnt, avx, avx2, aes, clmul, erms, rtm, 3dnowpref, lzcnt, ht, tsc, tscinvbit, bmi1, bmi2, adx

Memory: 4k page, physical 16777216k(273140k free)

/proc/meminfo:


vm_info: OpenJDK 64-Bit Server VM (25.372-b07) for bsd-amd64 JRE (1.8.0_372-b07), built on Apr 19 2023 10:02:40 by "jenkins" with gcc 4.2.1 Compatible Apple LLVM 10.0.1 (clang-1001.0.46.4)

time: Fri May 12 00:24:26 2023
timezone: EDT
elapsed time: 7.072474 seconds (0d 0h 0m 7s)

