#
# A fatal error has been detected by the Java Runtime Environment:
#
#  SIGSEGV (0xb) at pc=0x00000001342155d2, pid=36104, tid=60439
#
# JRE version: OpenJDK Runtime Environment Corretto-17.0.5.8.1 (17.0.5+8) (build 17.0.5+8-LTS)
# Java VM: OpenJDK 64-Bit Server VM Corretto-17.0.5.8.1 (17.0.5+8-LTS, mixed mode, sharing, tiered, compressed oops, compressed class ptrs, g1 gc, bsd-amd64)
# Problematic frame:
# C  [liblua5464.dylib+0xa5d2]  _ZL14luaV_finishgetP9lua_StatePK6TValuePS1_P10StackValueS3_+0x162
#
# No core dump will be written. Core dumps have been disabled. To enable core dumping, try "ulimit -c unlimited" before starting Java again
#
# If you would like to submit a bug report, please visit:
#   https://github.com/corretto/corretto-17/issues/
# The crash happened outside the Java Virtual Machine in native code.
# See problematic frame for where to report the bug.
#

---------------  S U M M A R Y ------------

Command Line: -agentlib:jdwp=transport=dt_socket,address=127.0.0.1:52724,suspend=y,server=n -javaagent:/Users/jraynor/Library/Caches/JetBrains/IdeaIC2023.1/captureAgent/debugger-agent.jar=file:/private/var/folders/zc/rm57cwyj3f3230jhc6243rc40000gn/T/capture.props -Dfile.encoding=UTF-8 MainKt

Host: "MacBookPro15,1" x86_64 2600 MHz, 12 cores, 16G, Darwin 21.6.0, macOS 12.6 (21G115)
Time: Thu May 11 22:25:41 2023 EDT elapsed time: 72.706630 seconds (0d 0h 1m 12s)

---------------  T H R E A D  ---------------

Current thread (0x00007f9e3b897000):  JavaThread "Thread-3" [_thread_in_native, id=60439, stack(0x00007000098b7000,0x00007000099b7000)]

Stack: [0x00007000098b7000,0x00007000099b7000],  sp=0x00007000099b67b0,  free space=1021k
Native frames: (J=compiled Java code, j=interpreted, Vv=VM code, C=native code)
C  [liblua5464.dylib+0xa5d2]  _ZL14luaV_finishgetP9lua_StatePK6TValuePS1_P10StackValueS3_+0x162
C  [liblua5464.dylib+0xaa2f]  lua_getfield+0x25f
C  [liblua5464.dylib+0x1a989]  Java_party_iroiro_luajava_lua54_Lua54Natives_luaJ_1getfield+0x39
j  party.iroiro.luajava.lua54.Lua54Natives.luaJ_getfield(JILjava/lang/String;)V+0
j  party.iroiro.luajava.AbstractLua.getField(ILjava/lang/String;)V+15
j  party.iroiro.luajava.LuaProxy.invoke(Ljava/lang/Object;Ljava/lang/reflect/Method;[Ljava/lang/Object;)Ljava/lang/Object;+40
j  jdk.proxy2.$Proxy3.run()V+9 jdk.proxy2
j  java.lang.Thread.run()V+11 java.base@17.0.5
v  ~StubRoutines::call_stub
V  [libjvm.dylib+0x521f52]  _ZN9JavaCalls11call_helperEP9JavaValueRK12methodHandleP17JavaCallArgumentsP10JavaThread+0x2a2
V  [libjvm.dylib+0x521095]  _ZN9JavaCalls12call_virtualEP9JavaValueP5KlassP6SymbolS5_P17JavaCallArgumentsP10JavaThread+0xf5
V  [libjvm.dylib+0x521153]  _ZN9JavaCalls12call_virtualEP9JavaValue6HandleP5KlassP6SymbolS6_P10JavaThread+0x63
V  [libjvm.dylib+0x5ca0c4]  _ZL12thread_entryP10JavaThreadS0_+0xb4
V  [libjvm.dylib+0xaa28d3]  _ZN10JavaThread17thread_main_innerEv+0x143
V  [libjvm.dylib+0xaa0c5f]  _ZN6Thread8call_runEv+0xbf
V  [libjvm.dylib+0x8abf68]  _ZL19thread_native_entryP6Thread+0x148
C  [libsystem_pthread.dylib+0x64e1]  _pthread_start+0x7d
C  [libsystem_pthread.dylib+0x1f6b]  thread_start+0xf

Java frames: (J=compiled Java code, j=interpreted, Vv=VM code)
j  party.iroiro.luajava.lua54.Lua54Natives.luaJ_getfield(JILjava/lang/String;)V+0
j  party.iroiro.luajava.AbstractLua.getField(ILjava/lang/String;)V+15
j  party.iroiro.luajava.LuaProxy.invoke(Ljava/lang/Object;Ljava/lang/reflect/Method;[Ljava/lang/Object;)Ljava/lang/Object;+40
j  jdk.proxy2.$Proxy3.run()V+9 jdk.proxy2
j  java.lang.Thread.run()V+11 java.base@17.0.5
v  ~StubRoutines::call_stub

siginfo: si_signo: 11 (SIGSEGV), si_code: 1 (SEGV_MAPERR), si_addr: 0x00007461636e7134

Register to memory mapping:

RAX=0x000060000312dc20 points into unknown readable memory: 0x0000c7cbd30edc20 | 20 dc 0e d3 cb c7 00 00
RBX=0x00006000031347c0 points into unknown readable memory: 0x00006000025aa540 | 40 a5 5a 02 00 60 00 00
RCX=0x0000000000000013 is an unknown value
RDX=0x000060000312d040 points into unknown readable memory: 0x0000c7cbd30ed040 | 40 d0 0e d3 cb c7 00 00
RSP=0x00007000099b67b0 is pointing into the stack for thread: 0x00007f9e3b897000
RBP=0x00007000099b67e0 is pointing into the stack for thread: 0x00007f9e3b897000
RSI=0x00007f9e3b8942a1 points into unknown readable memory: 00 00 00 00 00 00 00
RDI=0x0000000000000013 is an unknown value
R8 =0x0 is NULL
R9 =0x0000000000000540 is an unknown value
R10=0x0000000000000003 is an unknown value
R11=0xffffffffffe4f928 is an unknown value
R12=0x00007f9e3b891208 points into unknown readable memory: 0x00000000000000b1 | b1 00 00 00 00 00 00 00
R13=0x00007461636e712b is an unknown value
R14=0x0 is NULL
R15=0x00007f9e3b8942b1 points into unknown readable memory: c0 47 13 03 00 60 00


Registers:
RAX=0x000060000312dc20, RBX=0x00006000031347c0, RCX=0x0000000000000013, RDX=0x000060000312d040
RSP=0x00007000099b67b0, RBP=0x00007000099b67e0, RSI=0x00007f9e3b8942a1, RDI=0x0000000000000013
R8 =0x0000000000000000, R9 =0x0000000000000540, R10=0x0000000000000003, R11=0xffffffffffe4f928
R12=0x00007f9e3b891208, R13=0x00007461636e712b, R14=0x0000000000000000, R15=0x00007f9e3b8942b1
RIP=0x00000001342155d2, EFLAGS=0x0000000000010206, ERR=0x0000000000000004
  TRAPNO=0x000000000000000e

Top of Stack: (sp=0x00007000099b67b0)
0x00007000099b67b0:   00007f9e3b8942b1 00006000031347c0
0x00007000099b67c0:   0000000000000060 0000000000000003
0x00007000099b67d0:   00007f9e3b891208 00007f9e3b8942a1
0x00007000099b67e0:   00007000099b6840 0000000134215a2f
0x00007000099b67f0:   0000000000000000 0000000103c70b61
0x00007000099b6800:   00007000ffffffff 00007f9e3b891208
0x00007000099b6810:   00007f9e3b8942a1 00007f9e3b8972a8
0x00007000099b6820:   00007000099b6920 00006000032e4eb0
0x00007000099b6830:   00000000ffffffff 00007f9e3b891208
0x00007000099b6840:   00007000099b6880 0000000134225989
0x00007000099b6850:   0000000134225950 000000010d3e4d90
0x00007000099b6860:   0000000000000000 000000010d3e4d90
0x00007000099b6870:   00007000099b6940 00007f9e3b897000
0x00007000099b6880:   00007000099b6900 000000010d84c947
0x00007000099b6890:   00007000099b6940 00007f9e3b897000
0x00007000099b68a0:   00007000099b6900 000000010d84c3de
0x00007000099b68b0:   000000010d84c396 00007000099b68b8
0x00007000099b68c0:   000000010d3e4d90 00007000099b6940
0x00007000099b68d0:   000000010d3ee2c0 0000000000000000
0x00007000099b68e0:   000000070fedf6a0 000000010d3e4d90
0x00007000099b68f0:   0000000000000000 00007000099b6920
0x00007000099b6900:   00007000099b6990 000000010d845e90
0x00007000099b6910:   0000000000000000 000000010d848fb8
0x00007000099b6920:   000000070e8c1320 00000000ffffffff
0x00007000099b6930:   00007f9e3b891208 0000000000000000
0x00007000099b6940:   000000070fee46c8 00007000099b6948
0x00007000099b6950:   000000010d3dc617 00007000099b69b0
0x00007000099b6960:   000000010d3e0000 0000000000000000
0x00007000099b6970:   000000070fea81d8 000000010d3dc648
0x00007000099b6980:   00007000099b6920 00007000099b69a0
0x00007000099b6990:   00007000099b6a10 000000010d845e90
0x00007000099b69a0:   000000070e8c1320 00000000ffffffff 

Instructions: (pc=0x00000001342155d2)
0x00000001342154d2:   b9 18 01 00 00 8a 48 0b bb ff ff ff ff d3 e3 f7
0x00000001342154e2:   d3 23 5f 0c 48 63 cb 4c 8d 2c 49 49 c1 e5 03 4c
0x00000001342154f2:   03 68 18 eb 1b 66 0f 1f 84 00 00 00 00 00 49 63
0x0000000134215502:   4d 0c 48 8d 1c 49 4d 8d 6c dd 00 48 85 c9 74 1e
0x0000000134215512:   41 80 7d 09 44 75 e7 49 39 7d 10 75 e1 eb 16 66
0x0000000134215522:   2e 0f 1f 84 00 00 00 00 00 0f 1f 44 00 00 4c 8d
0x0000000134215532:   2d d9 24 05 00 41 8a 4d 08 f6 c1 0f 0f 85 b7 00
0x0000000134215542:   00 00 e9 be 01 00 00 0f 1f 80 00 00 00 00 0f b6
0x0000000134215552:   46 08 83 e0 0f 83 f8 07 74 0e 83 f8 05 75 12 48
0x0000000134215562:   8b 06 48 83 c0 28 eb 18 48 8b 06 48 83 c0 18 eb
0x0000000134215572:   0f 49 8b 4c 24 18 48 8d 04 c1 48 05 e0 01 00 00
0x0000000134215582:   48 8b 10 4d 8b 6c 24 18 48 85 d2 74 5b 49 8b 85
0x0000000134215592:   18 01 00 00 8a 4a 0b bf ff ff ff ff d3 e7 f7 d7
0x00000001342155a2:   23 78 0c 48 63 cf 4c 8d 2c 49 49 c1 e5 03 4c 03
0x00000001342155b2:   6a 18 eb 1c 66 2e 0f 1f 84 00 00 00 00 00 49 63
0x00000001342155c2:   4d 0c 48 8d 14 49 4d 8d 6c d5 00 48 85 c9 74 0f
0x00000001342155d2:   41 80 7d 09 44 75 e7 49 39 45 10 75 e1 eb 0d 4c
0x00000001342155e2:   8d 2d 28 24 05 00 eb 04 49 83 c5 50 41 8a 4d 08
0x00000001342155f2:   f6 c1 0f 0f 84 67 01 00 00 89 c8 24 0f 3c 06 74
0x0000000134215602:   34 80 f9 45 0f 85 84 fe ff ff 49 8b 7d 00 4c 89
0x0000000134215612:   fe e8 18 fd ff ff f6 40 08 0f 0f 84 70 fe ff ff
0x0000000134215622:   48 8b 08 48 8b 55 d0 48 89 0a 8a 40 08 88 42 08
0x0000000134215632:   e9 de 00 00 00 49 8b 44 24 10 4d 8b 74 24 30 49
0x0000000134215642:   8b 4d 00 48 89 08 41 8a 4d 08 88 48 08 48 8b 0e
0x0000000134215652:   48 89 48 10 8a 4e 08 88 48 18 49 8b 0f 48 89 48
0x0000000134215662:   20 41 8a 4f 08 88 48 28 49 83 44 24 10 30 49 8b
0x0000000134215672:   4c 24 20 f6 41 3e 0a 41 8b 8c 24 b0 00 00 00 0f
0x0000000134215682:   84 9d 00 00 00 81 c1 01 00 01 00 41 89 8c 24 b0
0x0000000134215692:   00 00 00 89 ca 81 e2 f8 ff 00 00 81 fa c8 00 00
0x00000001342156a2:   00 0f 83 c8 00 00 00 4c 89 e7 48 89 c6 ba 01 00
0x00000001342156b2:   00 00 e8 f7 25 02 00 bb ff ff fe ff 48 85 c0 74
0x00000001342156c2:   11 66 c7 40 3e 04 00 4c 89 e7 48 89 c6 e8 2c 85 


Stack slot to memory mapping:
stack at sp + 0 slots: 0x00007f9e3b8942b1 points into unknown readable memory: c0 47 13 03 00 60 00
stack at sp + 1 slots: 0x00006000031347c0 points into unknown readable memory: 0x00006000025aa540 | 40 a5 5a 02 00 60 00 00
stack at sp + 2 slots: 0x0000000000000060 is an unknown value
stack at sp + 3 slots: 0x0000000000000003 is an unknown value
stack at sp + 4 slots: 0x00007f9e3b891208 points into unknown readable memory: 0x00000000000000b1 | b1 00 00 00 00 00 00 00
stack at sp + 5 slots: 0x00007f9e3b8942a1 points into unknown readable memory: 00 00 00 00 00 00 00
stack at sp + 6 slots: 0x00007000099b6840 is pointing into the stack for thread: 0x00007f9e3b897000
stack at sp + 7 slots: 0x0000000134215a2f: lua_getfield+0x25f in /private/var/folders/zc/rm57cwyj3f3230jhc6243rc40000gn/T/libgdxjraynor/9fefd748/liblua5464.dylib at 0x000000013420b000


---------------  P R O C E S S  ---------------

Threads class SMR info:
_java_thread_list=0x000060000312efa0, length=15, elements={
0x00007f9e3980a400, 0x00007f9e398efa00, 0x00007f9e37808200, 0x00007f9e36810600,
0x00007f9e36810c00, 0x00007f9e36812800, 0x00007f9e36812e00, 0x00007f9e3b808200,
0x00007f9e3881ee00, 0x00007f9e36813e00, 0x00007f9e3780aa00, 0x00007f9e39026a00,
0x00007f9e3780b000, 0x00007f9e3c008200, 0x00007f9e3b897000
}

Java Threads: ( => current thread )
  0x00007f9e3980a400 JavaThread "main" [_thread_in_native, id=259, stack(0x00007ff7bda62000,0x00007ff7be262000)]
  0x00007f9e398efa00 JavaThread "Reference Handler" daemon [_thread_blocked, id=15363, stack(0x0000700008069000,0x0000700008169000)]
  0x00007f9e37808200 JavaThread "Finalizer" daemon [_thread_blocked, id=16899, stack(0x000070000816c000,0x000070000826c000)]
  0x00007f9e36810600 JavaThread "Signal Dispatcher" daemon [_thread_blocked, id=23043, stack(0x0000700008375000,0x0000700008475000)]
  0x00007f9e36810c00 JavaThread "Service Thread" daemon [_thread_blocked, id=23555, stack(0x0000700008478000,0x0000700008578000)]
  0x00007f9e36812800 JavaThread "Monitor Deflation Thread" daemon [_thread_blocked, id=42755, stack(0x000070000857b000,0x000070000867b000)]
  0x00007f9e36812e00 JavaThread "C2 CompilerThread0" daemon [_thread_blocked, id=23811, stack(0x000070000867e000,0x000070000877e000)]
  0x00007f9e3b808200 JavaThread "C1 CompilerThread0" daemon [_thread_blocked, id=24323, stack(0x0000700008781000,0x0000700008881000)]
  0x00007f9e3881ee00 JavaThread "Sweeper thread" daemon [_thread_blocked, id=41987, stack(0x0000700008884000,0x0000700008984000)]
  0x00007f9e36813e00 JavaThread "Common-Cleaner" daemon [_thread_blocked, id=41475, stack(0x0000700008987000,0x0000700008a87000)]
  0x00007f9e3780aa00 JavaThread "JDWP Transport Listener: dt_socket" daemon [_thread_blocked, id=24839, stack(0x0000700008a8a000,0x0000700008b8a000)]
  0x00007f9e39026a00 JavaThread "JDWP Event Helper Thread" daemon [_thread_blocked, id=25347, stack(0x0000700008b8d000,0x0000700008c8d000)]
  0x00007f9e3780b000 JavaThread "JDWP Command Reader" daemon [_thread_in_native, id=25603, stack(0x0000700008c90000,0x0000700008d90000)]
  0x00007f9e3c008200 JavaThread "Notification Thread" daemon [_thread_blocked, id=25859, stack(0x0000700008d93000,0x0000700008e93000)]
=>0x00007f9e3b897000 JavaThread "Thread-3" [_thread_in_native, id=60439, stack(0x00007000098b7000,0x00007000099b7000)]

Other Threads:
  0x00007f9e367052c0 VMThread "VM Thread" [stack: 0x0000700007f66000,0x0000700008066000] [id=14851]
  0x00007f9e3820cfe0 WatcherThread [stack: 0x0000700008e96000,0x0000700008f96000] [id=26371]
  0x00007f9e383081c0 GCTaskThread "GC Thread#0" [stack: 0x0000700007a57000,0x0000700007b57000] [id=12035]
  0x00007f9e38334de0 GCTaskThread "GC Thread#1" [stack: 0x000070000909f000,0x000070000919f000] [id=62995]
  0x00007f9e38335080 GCTaskThread "GC Thread#2" [stack: 0x00007000091a2000,0x00007000092a2000] [id=63243]
  0x00007f9e383354f0 GCTaskThread "GC Thread#3" [stack: 0x00007000092a5000,0x00007000093a5000] [id=68619]
  0x00007f9e38335960 GCTaskThread "GC Thread#4" [stack: 0x00007000093a8000,0x00007000094a8000] [id=68099]
  0x00007f9e38335dd0 GCTaskThread "GC Thread#5" [stack: 0x00007000094ab000,0x00007000095ab000] [id=67843]
  0x00007f9e3b3166d0 GCTaskThread "GC Thread#6" [stack: 0x00007000095ae000,0x00007000096ae000] [id=65027]
  0x00007f9e3b316b40 GCTaskThread "GC Thread#7" [stack: 0x00007000096b1000,0x00007000097b1000] [id=65539]
  0x00007f9e3b316fb0 GCTaskThread "GC Thread#8" [stack: 0x00007000097b4000,0x00007000098b4000] [id=66051]
  0x00007f9e38308860 ConcurrentGCThread "G1 Main Marker" [stack: 0x0000700007b5a000,0x0000700007c5a000] [id=12291]
  0x00007f9e383090e0 ConcurrentGCThread "G1 Conc#0" [stack: 0x0000700007c5d000,0x0000700007d5d000] [id=19203]
  0x00007f9e3830c140 ConcurrentGCThread "G1 Refine#0" [stack: 0x0000700007d60000,0x0000700007e60000] [id=18435]
  0x00007f9e38204530 ConcurrentGCThread "G1 Service" [stack: 0x0000700007e63000,0x0000700007f63000] [id=12803]

Threads with active compile tasks:

VM state: not at safepoint (normal execution)

VM Mutex/Monitor currently owned by a thread: None

Heap address: 0x0000000700000000, size: 4096 MB, Compressed Oops mode: Zero based, Oop shift amount: 3

CDS archive(s) mapped at: [0x0000000800000000-0x0000000800bd4000-0x0000000800bd4000), size 12402688, SharedBaseAddress: 0x0000000800000000, ArchiveRelocationMode: 0.
Compressed class space mapped at: 0x0000000800c00000-0x0000000840c00000, reserved size: 1073741824
Narrow klass base: 0x0000000800000000, Narrow klass shift: 0, Narrow klass range: 0x100000000

GC Precious Log:
 CPUs: 12 total, 12 available
 Memory: 16384M
 Large Page Support: Disabled
 NUMA Support: Disabled
 Compressed Oops: Enabled (Zero based)
 Heap Region Size: 2M
 Heap Min Capacity: 8M
 Heap Initial Capacity: 256M
 Heap Max Capacity: 4G
 Pre-touch: Disabled
 Parallel Workers: 10
 Concurrent Workers: 3
 Concurrent Refinement Workers: 10
 Periodic GC: Disabled

Heap:
 garbage-first heap   total 266240K, used 20649K [0x0000000700000000, 0x0000000800000000)
  region size 2048K, 12 young (24576K), 2 survivors (4096K)
 Metaspace       used 9163K, committed 9344K, reserved 1064960K
  class space    used 692K, committed 768K, reserved 1048576K

Heap Regions: E=young(eden), S=young(survivor), O=old, HS=humongous(starts), HC=humongous(continues), CS=collection set, F=free, OA=open archive, CA=closed archive, TAMS=top-at-mark-start (previous, next)
|   0|0x0000000700000000, 0x0000000700000000, 0x0000000700200000|  0%| F|  |TAMS 0x0000000700000000, 0x0000000700000000| Untracked 
|   1|0x0000000700200000, 0x0000000700200000, 0x0000000700400000|  0%| F|  |TAMS 0x0000000700200000, 0x0000000700200000| Untracked 
|   2|0x0000000700400000, 0x0000000700400000, 0x0000000700600000|  0%| F|  |TAMS 0x0000000700400000, 0x0000000700400000| Untracked 
|   3|0x0000000700600000, 0x0000000700600000, 0x0000000700800000|  0%| F|  |TAMS 0x0000000700600000, 0x0000000700600000| Untracked 
|   4|0x0000000700800000, 0x0000000700800000, 0x0000000700a00000|  0%| F|  |TAMS 0x0000000700800000, 0x0000000700800000| Untracked 
|   5|0x0000000700a00000, 0x0000000700a00000, 0x0000000700c00000|  0%| F|  |TAMS 0x0000000700a00000, 0x0000000700a00000| Untracked 
|   6|0x0000000700c00000, 0x0000000700c00000, 0x0000000700e00000|  0%| F|  |TAMS 0x0000000700c00000, 0x0000000700c00000| Untracked 
|   7|0x0000000700e00000, 0x0000000700e00000, 0x0000000701000000|  0%| F|  |TAMS 0x0000000700e00000, 0x0000000700e00000| Untracked 
|   8|0x0000000701000000, 0x0000000701000000, 0x0000000701200000|  0%| F|  |TAMS 0x0000000701000000, 0x0000000701000000| Untracked 
|   9|0x0000000701200000, 0x0000000701200000, 0x0000000701400000|  0%| F|  |TAMS 0x0000000701200000, 0x0000000701200000| Untracked 
|  10|0x0000000701400000, 0x0000000701400000, 0x0000000701600000|  0%| F|  |TAMS 0x0000000701400000, 0x0000000701400000| Untracked 
|  11|0x0000000701600000, 0x0000000701600000, 0x0000000701800000|  0%| F|  |TAMS 0x0000000701600000, 0x0000000701600000| Untracked 
|  12|0x0000000701800000, 0x0000000701800000, 0x0000000701a00000|  0%| F|  |TAMS 0x0000000701800000, 0x0000000701800000| Untracked 
|  13|0x0000000701a00000, 0x0000000701a00000, 0x0000000701c00000|  0%| F|  |TAMS 0x0000000701a00000, 0x0000000701a00000| Untracked 
|  14|0x0000000701c00000, 0x0000000701c00000, 0x0000000701e00000|  0%| F|  |TAMS 0x0000000701c00000, 0x0000000701c00000| Untracked 
|  15|0x0000000701e00000, 0x0000000701e00000, 0x0000000702000000|  0%| F|  |TAMS 0x0000000701e00000, 0x0000000701e00000| Untracked 
|  16|0x0000000702000000, 0x0000000702000000, 0x0000000702200000|  0%| F|  |TAMS 0x0000000702000000, 0x0000000702000000| Untracked 
|  17|0x0000000702200000, 0x0000000702200000, 0x0000000702400000|  0%| F|  |TAMS 0x0000000702200000, 0x0000000702200000| Untracked 
|  18|0x0000000702400000, 0x0000000702400000, 0x0000000702600000|  0%| F|  |TAMS 0x0000000702400000, 0x0000000702400000| Untracked 
|  19|0x0000000702600000, 0x0000000702600000, 0x0000000702800000|  0%| F|  |TAMS 0x0000000702600000, 0x0000000702600000| Untracked 
|  20|0x0000000702800000, 0x0000000702800000, 0x0000000702a00000|  0%| F|  |TAMS 0x0000000702800000, 0x0000000702800000| Untracked 
|  21|0x0000000702a00000, 0x0000000702a00000, 0x0000000702c00000|  0%| F|  |TAMS 0x0000000702a00000, 0x0000000702a00000| Untracked 
|  22|0x0000000702c00000, 0x0000000702c00000, 0x0000000702e00000|  0%| F|  |TAMS 0x0000000702c00000, 0x0000000702c00000| Untracked 
|  23|0x0000000702e00000, 0x0000000702e00000, 0x0000000703000000|  0%| F|  |TAMS 0x0000000702e00000, 0x0000000702e00000| Untracked 
|  24|0x0000000703000000, 0x0000000703000000, 0x0000000703200000|  0%| F|  |TAMS 0x0000000703000000, 0x0000000703000000| Untracked 
|  25|0x0000000703200000, 0x0000000703200000, 0x0000000703400000|  0%| F|  |TAMS 0x0000000703200000, 0x0000000703200000| Untracked 
|  26|0x0000000703400000, 0x0000000703400000, 0x0000000703600000|  0%| F|  |TAMS 0x0000000703400000, 0x0000000703400000| Untracked 
|  27|0x0000000703600000, 0x0000000703600000, 0x0000000703800000|  0%| F|  |TAMS 0x0000000703600000, 0x0000000703600000| Untracked 
|  28|0x0000000703800000, 0x0000000703800000, 0x0000000703a00000|  0%| F|  |TAMS 0x0000000703800000, 0x0000000703800000| Untracked 
|  29|0x0000000703a00000, 0x0000000703a00000, 0x0000000703c00000|  0%| F|  |TAMS 0x0000000703a00000, 0x0000000703a00000| Untracked 
|  30|0x0000000703c00000, 0x0000000703c00000, 0x0000000703e00000|  0%| F|  |TAMS 0x0000000703c00000, 0x0000000703c00000| Untracked 
|  31|0x0000000703e00000, 0x0000000703e00000, 0x0000000704000000|  0%| F|  |TAMS 0x0000000703e00000, 0x0000000703e00000| Untracked 
|  32|0x0000000704000000, 0x0000000704000000, 0x0000000704200000|  0%| F|  |TAMS 0x0000000704000000, 0x0000000704000000| Untracked 
|  33|0x0000000704200000, 0x0000000704200000, 0x0000000704400000|  0%| F|  |TAMS 0x0000000704200000, 0x0000000704200000| Untracked 
|  34|0x0000000704400000, 0x0000000704400000, 0x0000000704600000|  0%| F|  |TAMS 0x0000000704400000, 0x0000000704400000| Untracked 
|  35|0x0000000704600000, 0x0000000704600000, 0x0000000704800000|  0%| F|  |TAMS 0x0000000704600000, 0x0000000704600000| Untracked 
|  36|0x0000000704800000, 0x0000000704800000, 0x0000000704a00000|  0%| F|  |TAMS 0x0000000704800000, 0x0000000704800000| Untracked 
|  37|0x0000000704a00000, 0x0000000704a00000, 0x0000000704c00000|  0%| F|  |TAMS 0x0000000704a00000, 0x0000000704a00000| Untracked 
|  38|0x0000000704c00000, 0x0000000704c00000, 0x0000000704e00000|  0%| F|  |TAMS 0x0000000704c00000, 0x0000000704c00000| Untracked 
|  39|0x0000000704e00000, 0x0000000704e00000, 0x0000000705000000|  0%| F|  |TAMS 0x0000000704e00000, 0x0000000704e00000| Untracked 
|  40|0x0000000705000000, 0x0000000705000000, 0x0000000705200000|  0%| F|  |TAMS 0x0000000705000000, 0x0000000705000000| Untracked 
|  41|0x0000000705200000, 0x0000000705200000, 0x0000000705400000|  0%| F|  |TAMS 0x0000000705200000, 0x0000000705200000| Untracked 
|  42|0x0000000705400000, 0x0000000705400000, 0x0000000705600000|  0%| F|  |TAMS 0x0000000705400000, 0x0000000705400000| Untracked 
|  43|0x0000000705600000, 0x0000000705600000, 0x0000000705800000|  0%| F|  |TAMS 0x0000000705600000, 0x0000000705600000| Untracked 
|  44|0x0000000705800000, 0x0000000705800000, 0x0000000705a00000|  0%| F|  |TAMS 0x0000000705800000, 0x0000000705800000| Untracked 
|  45|0x0000000705a00000, 0x0000000705a00000, 0x0000000705c00000|  0%| F|  |TAMS 0x0000000705a00000, 0x0000000705a00000| Untracked 
|  46|0x0000000705c00000, 0x0000000705c00000, 0x0000000705e00000|  0%| F|  |TAMS 0x0000000705c00000, 0x0000000705c00000| Untracked 
|  47|0x0000000705e00000, 0x0000000705e00000, 0x0000000706000000|  0%| F|  |TAMS 0x0000000705e00000, 0x0000000705e00000| Untracked 
|  48|0x0000000706000000, 0x0000000706000000, 0x0000000706200000|  0%| F|  |TAMS 0x0000000706000000, 0x0000000706000000| Untracked 
|  49|0x0000000706200000, 0x0000000706200000, 0x0000000706400000|  0%| F|  |TAMS 0x0000000706200000, 0x0000000706200000| Untracked 
|  50|0x0000000706400000, 0x0000000706400000, 0x0000000706600000|  0%| F|  |TAMS 0x0000000706400000, 0x0000000706400000| Untracked 
|  51|0x0000000706600000, 0x0000000706600000, 0x0000000706800000|  0%| F|  |TAMS 0x0000000706600000, 0x0000000706600000| Untracked 
|  52|0x0000000706800000, 0x0000000706800000, 0x0000000706a00000|  0%| F|  |TAMS 0x0000000706800000, 0x0000000706800000| Untracked 
|  53|0x0000000706a00000, 0x0000000706a00000, 0x0000000706c00000|  0%| F|  |TAMS 0x0000000706a00000, 0x0000000706a00000| Untracked 
|  54|0x0000000706c00000, 0x0000000706c00000, 0x0000000706e00000|  0%| F|  |TAMS 0x0000000706c00000, 0x0000000706c00000| Untracked 
|  55|0x0000000706e00000, 0x0000000706e00000, 0x0000000707000000|  0%| F|  |TAMS 0x0000000706e00000, 0x0000000706e00000| Untracked 
|  56|0x0000000707000000, 0x0000000707000000, 0x0000000707200000|  0%| F|  |TAMS 0x0000000707000000, 0x0000000707000000| Untracked 
|  57|0x0000000707200000, 0x0000000707200000, 0x0000000707400000|  0%| F|  |TAMS 0x0000000707200000, 0x0000000707200000| Untracked 
|  58|0x0000000707400000, 0x0000000707400000, 0x0000000707600000|  0%| F|  |TAMS 0x0000000707400000, 0x0000000707400000| Untracked 
|  59|0x0000000707600000, 0x0000000707600000, 0x0000000707800000|  0%| F|  |TAMS 0x0000000707600000, 0x0000000707600000| Untracked 
|  60|0x0000000707800000, 0x0000000707800000, 0x0000000707a00000|  0%| F|  |TAMS 0x0000000707800000, 0x0000000707800000| Untracked 
|  61|0x0000000707a00000, 0x0000000707a00000, 0x0000000707c00000|  0%| F|  |TAMS 0x0000000707a00000, 0x0000000707a00000| Untracked 
|  62|0x0000000707c00000, 0x0000000707c00000, 0x0000000707e00000|  0%| F|  |TAMS 0x0000000707c00000, 0x0000000707c00000| Untracked 
|  63|0x0000000707e00000, 0x0000000707e00000, 0x0000000708000000|  0%| F|  |TAMS 0x0000000707e00000, 0x0000000707e00000| Untracked 
|  64|0x0000000708000000, 0x0000000708000000, 0x0000000708200000|  0%| F|  |TAMS 0x0000000708000000, 0x0000000708000000| Untracked 
|  65|0x0000000708200000, 0x0000000708200000, 0x0000000708400000|  0%| F|  |TAMS 0x0000000708200000, 0x0000000708200000| Untracked 
|  66|0x0000000708400000, 0x0000000708400000, 0x0000000708600000|  0%| F|  |TAMS 0x0000000708400000, 0x0000000708400000| Untracked 
|  67|0x0000000708600000, 0x0000000708600000, 0x0000000708800000|  0%| F|  |TAMS 0x0000000708600000, 0x0000000708600000| Untracked 
|  68|0x0000000708800000, 0x0000000708800000, 0x0000000708a00000|  0%| F|  |TAMS 0x0000000708800000, 0x0000000708800000| Untracked 
|  69|0x0000000708a00000, 0x0000000708a00000, 0x0000000708c00000|  0%| F|  |TAMS 0x0000000708a00000, 0x0000000708a00000| Untracked 
|  70|0x0000000708c00000, 0x0000000708c00000, 0x0000000708e00000|  0%| F|  |TAMS 0x0000000708c00000, 0x0000000708c00000| Untracked 
|  71|0x0000000708e00000, 0x0000000708e00000, 0x0000000709000000|  0%| F|  |TAMS 0x0000000708e00000, 0x0000000708e00000| Untracked 
|  72|0x0000000709000000, 0x0000000709000000, 0x0000000709200000|  0%| F|  |TAMS 0x0000000709000000, 0x0000000709000000| Untracked 
|  73|0x0000000709200000, 0x0000000709200000, 0x0000000709400000|  0%| F|  |TAMS 0x0000000709200000, 0x0000000709200000| Untracked 
|  74|0x0000000709400000, 0x0000000709400000, 0x0000000709600000|  0%| F|  |TAMS 0x0000000709400000, 0x0000000709400000| Untracked 
|  75|0x0000000709600000, 0x0000000709600000, 0x0000000709800000|  0%| F|  |TAMS 0x0000000709600000, 0x0000000709600000| Untracked 
|  76|0x0000000709800000, 0x0000000709800000, 0x0000000709a00000|  0%| F|  |TAMS 0x0000000709800000, 0x0000000709800000| Untracked 
|  77|0x0000000709a00000, 0x0000000709a00000, 0x0000000709c00000|  0%| F|  |TAMS 0x0000000709a00000, 0x0000000709a00000| Untracked 
|  78|0x0000000709c00000, 0x0000000709c00000, 0x0000000709e00000|  0%| F|  |TAMS 0x0000000709c00000, 0x0000000709c00000| Untracked 
|  79|0x0000000709e00000, 0x0000000709e00000, 0x000000070a000000|  0%| F|  |TAMS 0x0000000709e00000, 0x0000000709e00000| Untracked 
|  80|0x000000070a000000, 0x000000070a000000, 0x000000070a200000|  0%| F|  |TAMS 0x000000070a000000, 0x000000070a000000| Untracked 
|  81|0x000000070a200000, 0x000000070a200000, 0x000000070a400000|  0%| F|  |TAMS 0x000000070a200000, 0x000000070a200000| Untracked 
|  82|0x000000070a400000, 0x000000070a400000, 0x000000070a600000|  0%| F|  |TAMS 0x000000070a400000, 0x000000070a400000| Untracked 
|  83|0x000000070a600000, 0x000000070a600000, 0x000000070a800000|  0%| F|  |TAMS 0x000000070a600000, 0x000000070a600000| Untracked 
|  84|0x000000070a800000, 0x000000070a800000, 0x000000070aa00000|  0%| F|  |TAMS 0x000000070a800000, 0x000000070a800000| Untracked 
|  85|0x000000070aa00000, 0x000000070aa00000, 0x000000070ac00000|  0%| F|  |TAMS 0x000000070aa00000, 0x000000070aa00000| Untracked 
|  86|0x000000070ac00000, 0x000000070ac00000, 0x000000070ae00000|  0%| F|  |TAMS 0x000000070ac00000, 0x000000070ac00000| Untracked 
|  87|0x000000070ae00000, 0x000000070ae00000, 0x000000070b000000|  0%| F|  |TAMS 0x000000070ae00000, 0x000000070ae00000| Untracked 
|  88|0x000000070b000000, 0x000000070b000000, 0x000000070b200000|  0%| F|  |TAMS 0x000000070b000000, 0x000000070b000000| Untracked 
|  89|0x000000070b200000, 0x000000070b200000, 0x000000070b400000|  0%| F|  |TAMS 0x000000070b200000, 0x000000070b200000| Untracked 
|  90|0x000000070b400000, 0x000000070b400000, 0x000000070b600000|  0%| F|  |TAMS 0x000000070b400000, 0x000000070b400000| Untracked 
|  91|0x000000070b600000, 0x000000070b600000, 0x000000070b800000|  0%| F|  |TAMS 0x000000070b600000, 0x000000070b600000| Untracked 
|  92|0x000000070b800000, 0x000000070b800000, 0x000000070ba00000|  0%| F|  |TAMS 0x000000070b800000, 0x000000070b800000| Untracked 
|  93|0x000000070ba00000, 0x000000070ba00000, 0x000000070bc00000|  0%| F|  |TAMS 0x000000070ba00000, 0x000000070ba00000| Untracked 
|  94|0x000000070bc00000, 0x000000070bc00000, 0x000000070be00000|  0%| F|  |TAMS 0x000000070bc00000, 0x000000070bc00000| Untracked 
|  95|0x000000070be00000, 0x000000070be00000, 0x000000070c000000|  0%| F|  |TAMS 0x000000070be00000, 0x000000070be00000| Untracked 
|  96|0x000000070c000000, 0x000000070c000000, 0x000000070c200000|  0%| F|  |TAMS 0x000000070c000000, 0x000000070c000000| Untracked 
|  97|0x000000070c200000, 0x000000070c200000, 0x000000070c400000|  0%| F|  |TAMS 0x000000070c200000, 0x000000070c200000| Untracked 
|  98|0x000000070c400000, 0x000000070c400000, 0x000000070c600000|  0%| F|  |TAMS 0x000000070c400000, 0x000000070c400000| Untracked 
|  99|0x000000070c600000, 0x000000070c600000, 0x000000070c800000|  0%| F|  |TAMS 0x000000070c600000, 0x000000070c600000| Untracked 
| 100|0x000000070c800000, 0x000000070c800000, 0x000000070ca00000|  0%| F|  |TAMS 0x000000070c800000, 0x000000070c800000| Untracked 
| 101|0x000000070ca00000, 0x000000070ca00000, 0x000000070cc00000|  0%| F|  |TAMS 0x000000070ca00000, 0x000000070ca00000| Untracked 
| 102|0x000000070cc00000, 0x000000070cc00000, 0x000000070ce00000|  0%| F|  |TAMS 0x000000070cc00000, 0x000000070cc00000| Untracked 
| 103|0x000000070ce00000, 0x000000070ce00000, 0x000000070d000000|  0%| F|  |TAMS 0x000000070ce00000, 0x000000070ce00000| Untracked 
| 104|0x000000070d000000, 0x000000070d000000, 0x000000070d200000|  0%| F|  |TAMS 0x000000070d000000, 0x000000070d000000| Untracked 
| 105|0x000000070d200000, 0x000000070d200000, 0x000000070d400000|  0%| F|  |TAMS 0x000000070d200000, 0x000000070d200000| Untracked 
| 106|0x000000070d400000, 0x000000070d400000, 0x000000070d600000|  0%| F|  |TAMS 0x000000070d400000, 0x000000070d400000| Untracked 
| 107|0x000000070d600000, 0x000000070d600000, 0x000000070d800000|  0%| F|  |TAMS 0x000000070d600000, 0x000000070d600000| Untracked 
| 108|0x000000070d800000, 0x000000070d800000, 0x000000070da00000|  0%| F|  |TAMS 0x000000070d800000, 0x000000070d800000| Untracked 
| 109|0x000000070da00000, 0x000000070da00000, 0x000000070dc00000|  0%| F|  |TAMS 0x000000070da00000, 0x000000070da00000| Untracked 
| 110|0x000000070dc00000, 0x000000070dc00000, 0x000000070de00000|  0%| F|  |TAMS 0x000000070dc00000, 0x000000070dc00000| Untracked 
| 111|0x000000070de00000, 0x000000070de00000, 0x000000070e000000|  0%| F|  |TAMS 0x000000070de00000, 0x000000070de00000| Untracked 
| 112|0x000000070e000000, 0x000000070e000000, 0x000000070e200000|  0%| F|  |TAMS 0x000000070e000000, 0x000000070e000000| Untracked 
| 113|0x000000070e200000, 0x000000070e200000, 0x000000070e400000|  0%| F|  |TAMS 0x000000070e200000, 0x000000070e200000| Untracked 
| 114|0x000000070e400000, 0x000000070e400000, 0x000000070e600000|  0%| F|  |TAMS 0x000000070e400000, 0x000000070e400000| Untracked 
| 115|0x000000070e600000, 0x000000070e635540, 0x000000070e800000| 10%| S|CS|TAMS 0x000000070e600000, 0x000000070e600000| Complete 
| 116|0x000000070e800000, 0x000000070ea00000, 0x000000070ea00000|100%| S|CS|TAMS 0x000000070e800000, 0x000000070e800000| Complete 
| 117|0x000000070ea00000, 0x000000070ea00000, 0x000000070ec00000|  0%| F|  |TAMS 0x000000070ea00000, 0x000000070ea00000| Untracked 
| 118|0x000000070ec00000, 0x000000070ee00000, 0x000000070ee00000|100%| E|  |TAMS 0x000000070ec00000, 0x000000070ec00000| Complete 
| 119|0x000000070ee00000, 0x000000070f000000, 0x000000070f000000|100%| E|CS|TAMS 0x000000070ee00000, 0x000000070ee00000| Complete 
| 120|0x000000070f000000, 0x000000070f200000, 0x000000070f200000|100%| E|CS|TAMS 0x000000070f000000, 0x000000070f000000| Complete 
| 121|0x000000070f200000, 0x000000070f400000, 0x000000070f400000|100%| E|CS|TAMS 0x000000070f200000, 0x000000070f200000| Complete 
| 122|0x000000070f400000, 0x000000070f600000, 0x000000070f600000|100%| E|CS|TAMS 0x000000070f400000, 0x000000070f400000| Complete 
| 123|0x000000070f600000, 0x000000070f800000, 0x000000070f800000|100%| E|CS|TAMS 0x000000070f600000, 0x000000070f600000| Complete 
| 124|0x000000070f800000, 0x000000070fa00000, 0x000000070fa00000|100%| E|CS|TAMS 0x000000070f800000, 0x000000070f800000| Complete 
| 125|0x000000070fa00000, 0x000000070fc00000, 0x000000070fc00000|100%| E|  |TAMS 0x000000070fa00000, 0x000000070fa00000| Complete 
| 126|0x000000070fc00000, 0x000000070fe00000, 0x000000070fe00000|100%| E|CS|TAMS 0x000000070fc00000, 0x000000070fc00000| Complete 
| 127|0x000000070fe00000, 0x0000000710000000, 0x0000000710000000|100%| E|CS|TAMS 0x000000070fe00000, 0x000000070fe00000| Complete 
|2046|0x00000007ffc00000, 0x00000007ffd76000, 0x00000007ffe00000| 73%|OA|  |TAMS 0x00000007ffc00000, 0x00000007ffc00000| Untracked 
|2047|0x00000007ffe00000, 0x00000007ffe7f000, 0x0000000800000000| 24%|CA|  |TAMS 0x00000007ffe00000, 0x00000007ffe00000| Untracked 

Card table byte_map: [0x000000010baa9000,0x000000010c2a9000] _byte_map_base: 0x00000001082a9000

Marking Bits (Prev, Next): (CMBitMap*) 0x00007f9e39835c10, (CMBitMap*) 0x00007f9e39835c50
 Prev Bits: [0x000000011c83c000, 0x000000012083c000)
 Next Bits: [0x000000012083c000, 0x000000012483c000)

Polling page: 0x0000000101dc4000

Metaspace:

Usage:
  Non-class:      8.27 MB used.
      Class:    692.60 KB used.
       Both:      8.95 MB used.

Virtual space:
  Non-class space:       16.00 MB reserved,       8.38 MB ( 52%) committed,  2 nodes.
      Class space:        1.00 GB reserved,     768.00 KB ( <1%) committed,  1 nodes.
             Both:        1.02 GB reserved,       9.12 MB ( <1%) committed. 

Chunk freelists:
   Non-Class:  1.91 MB
       Class:  3.27 MB
        Both:  5.17 MB

MaxMetaspaceSize: unlimited
CompressedClassSpaceSize: 1.00 GB
Initial GC threshold: 21.00 MB
Current GC threshold: 21.00 MB
CDS: on
MetaspaceReclaimPolicy: balanced
 - commit_granule_bytes: 65536.
 - commit_granule_words: 8192.
 - virtual_space_node_default_size: 1048576.
 - enlarge_chunks_in_place: 1.
 - new_chunks_are_fully_committed: 0.
 - uncommit_free_chunks: 1.
 - use_allocation_guard: 0.
 - handle_deallocations: 1.


Internal statistics:

num_allocs_failed_limit: 0.
num_arena_births: 78.
num_arena_deaths: 0.
num_vsnodes_births: 3.
num_vsnodes_deaths: 0.
num_space_committed: 144.
num_space_uncommitted: 0.
num_chunks_returned_to_freelist: 0.
num_chunks_taken_from_freelist: 328.
num_chunk_merges: 0.
num_chunk_splits: 253.
num_chunks_enlarged: 215.
num_purges: 0.
num_inconsistent_stats: 0.

CodeHeap 'non-profiled nmethods': size=120028Kb used=1051Kb max_used=1051Kb free=118976Kb
 bounds [0x0000000115305000, 0x0000000115575000, 0x000000011c83c000]
CodeHeap 'profiled nmethods': size=120028Kb used=2675Kb max_used=2675Kb free=117352Kb
 bounds [0x000000010ddce000, 0x000000010e06e000, 0x0000000115305000]
CodeHeap 'non-nmethods': size=5704Kb used=1793Kb max_used=1903Kb free=3910Kb
 bounds [0x000000010d83c000, 0x000000010daac000, 0x000000010ddce000]
 total_blobs=2815 nmethods=1603 adapters=1126
 compilation: enabled
              stopped_count=0, restarted_count=0
 full_count=0

Compilation events (20 events):
Event: 72.703 Thread 0x00007f9e3b808200 nmethod 1592 0x000000011540b010 code [0x000000011540b1a0, 0x000000011540b270]
Event: 72.703 Thread 0x00007f9e3b808200 1593       3       org.antlr.v4.runtime.Parser::enterRule (50 bytes)
Event: 72.703 Thread 0x00007f9e36812e00 1599       4       kotlin.jvm.internal.Intrinsics::checkNotNullParameter (9 bytes)
Event: 72.703 Thread 0x00007f9e3b808200 nmethod 1593 0x000000010e064b10 code [0x000000010e064d20, 0x000000010e065600]
Event: 72.703 Thread 0x00007f9e3b808200 1600       3       org.antlr.v4.runtime.tree.ParseTreeWalker::walk (91 bytes)
Event: 72.704 Thread 0x00007f9e36812e00 nmethod 1599 0x000000011540b310 code [0x000000011540b480, 0x000000011540b4f8]
Event: 72.704 Thread 0x00007f9e3b808200 nmethod 1600 0x000000010e065890 code [0x000000010e065b40, 0x000000010e066fc0]
Event: 72.704 Thread 0x00007f9e3b808200 1601       3       org.antlr.v4.runtime.ParserRuleContext::getChild (42 bytes)
Event: 72.704 Thread 0x00007f9e3b808200 nmethod 1601 0x000000010e067490 code [0x000000010e067660, 0x000000010e067b10]
Event: 72.704 Thread 0x00007f9e3b808200 1597       3       org.antlr.v4.runtime.Parser::getCurrentToken (11 bytes)
Event: 72.704 Thread 0x00007f9e3b808200 nmethod 1597 0x000000010e067c10 code [0x000000010e067dc0, 0x000000010e067fa0]
Event: 72.704 Thread 0x00007f9e3b808200 1594       3       org.antlr.v4.runtime.Parser::addContextToParseTree (25 bytes)
Event: 72.705 Thread 0x00007f9e3b808200 nmethod 1594 0x000000010e068090 code [0x000000010e068280, 0x000000010e068a80]
Event: 72.705 Thread 0x00007f9e3b808200 1595       3       org.antlr.v4.runtime.Parser::exitRule (81 bytes)
Event: 72.705 Thread 0x00007f9e3b808200 nmethod 1595 0x000000010e068d10 code [0x000000010e068f00, 0x000000010e069580]
Event: 72.705 Thread 0x00007f9e3b808200 1598       3       org.antlr.v4.runtime.BufferedTokenStream::previousTokenOnChannel (69 bytes)
Event: 72.705 Thread 0x00007f9e3b808200 nmethod 1598 0x000000010e069790 code [0x000000010e0699c0, 0x000000010e06a370]
Event: 72.705 Thread 0x00007f9e3b808200 1603       1       java.lang.reflect.Method::getDeclaringClass (5 bytes)
Event: 72.705 Thread 0x00007f9e3b808200 nmethod 1603 0x000000011540b610 code [0x000000011540b7a0, 0x000000011540b870]
Event: 72.705 Thread 0x00007f9e3b808200 1596       1       org.antlr.v4.runtime.misc.IntegerList::size (5 bytes)

GC Heap History (2 events):
Event: 0.803 GC heap before
{Heap before GC invocations=0 (full 0):
 garbage-first heap   total 266240K, used 24532K [0x0000000700000000, 0x0000000800000000)
  region size 2048K, 11 young (22528K), 0 survivors (0K)
 Metaspace       used 6230K, committed 6400K, reserved 1056768K
  class space    used 453K, committed 512K, reserved 1048576K
}
Event: 0.805 GC heap after
{Heap after GC invocations=1 (full 0):
 garbage-first heap   total 266240K, used 4265K [0x0000000700000000, 0x0000000800000000)
  region size 2048K, 2 young (4096K), 2 survivors (4096K)
 Metaspace       used 6230K, committed 6400K, reserved 1056768K
  class space    used 453K, committed 512K, reserved 1048576K
}

Dll operation events (12 events):
Event: 0.007 Loaded shared library /Users/jraynor/Library/Java/JavaVirtualMachines/corretto-17.0.5/Contents/Home/lib/libjava.dylib
Event: 0.008 Loaded shared library /Users/jraynor/Library/Java/JavaVirtualMachines/corretto-17.0.5/Contents/Home/lib/libzip.dylib
Event: 0.082 Loaded shared library /Users/jraynor/Library/Java/JavaVirtualMachines/corretto-17.0.5/Contents/Home/lib/libinstrument.dylib
Event: 0.098 Loaded shared library /Users/jraynor/Library/Java/JavaVirtualMachines/corretto-17.0.5/Contents/Home/lib/libnio.dylib
Event: 0.104 Loaded shared library /Users/jraynor/Library/Java/JavaVirtualMachines/corretto-17.0.5/Contents/Home/lib/libzip.dylib
Event: 0.117 Loaded shared library /Users/jraynor/Library/Java/JavaVirtualMachines/corretto-17.0.5/Contents/Home/lib/libverify.dylib
Event: 0.234 Loaded shared library /Users/jraynor/Library/Java/JavaVirtualMachines/corretto-17.0.5/Contents/Home/lib/libjimage.dylib
Event: 0.288 Loaded shared library /Users/jraynor/Library/Java/JavaVirtualMachines/corretto-17.0.5/Contents/Home/lib/libnet.dylib
Event: 0.299 Loaded shared library /private/var/folders/zc/rm57cwyj3f3230jhc6243rc40000gn/T/lwjgljraynor/3.3.1-build-7/liblwjgl.dylib
Event: 0.450 Loaded shared library /private/var/folders/zc/rm57cwyj3f3230jhc6243rc40000gn/T/lwjgljraynor/3.3.1-build-7/liblwjgl_opengl.dylib
Event: 0.736 Loaded shared library /private/var/folders/zc/rm57cwyj3f3230jhc6243rc40000gn/T/imgui-java-natives_1683858268988/libimgui-java64.dylib
Event: 4.067 Loaded shared library /private/var/folders/zc/rm57cwyj3f3230jhc6243rc40000gn/T/libgdxjraynor/9fefd748/liblua5464.dylib

Deoptimization events (20 events):
Event: 62.252 Thread 0x00007f9e3980a400 Uncommon trap: trap_request=0xffffff45 fr.pc=0x00000001153c7878 relative=0x0000000000000138
Event: 62.252 Thread 0x00007f9e3980a400 Uncommon trap: reason=unstable_if action=reinterpret pc=0x00000001153c7878 method=imgui.ImDrawData.getCmdListVtxBufferData(I)Ljava/nio/ByteBuffer; @ 17 c2
Event: 62.252 Thread 0x00007f9e3980a400 DEOPT PACKING pc=0x00000001153c7878 sp=0x00007ff7be25dab0
Event: 62.252 Thread 0x00007f9e3980a400 DEOPT UNPACKING pc=0x000000010d88e099 sp=0x00007ff7be25da90 mode 2
Event: 72.702 Thread 0x00007f9e3980a400 DEOPT PACKING pc=0x000000010de8baf4 sp=0x00007ff7be25c120
Event: 72.702 Thread 0x00007f9e3980a400 DEOPT UNPACKING pc=0x000000010d88e82f sp=0x00007ff7be25b5d8 mode 1
Event: 72.702 Thread 0x00007f9e3980a400 DEOPT PACKING pc=0x000000010de8afdc sp=0x00007ff7be25c1f0
Event: 72.702 Thread 0x00007f9e3980a400 DEOPT UNPACKING pc=0x000000010d88e82f sp=0x00007ff7be25b6c8 mode 1
Event: 72.702 Thread 0x00007f9e3980a400 DEOPT PACKING pc=0x000000010de8baf4 sp=0x00007ff7be25c120
Event: 72.702 Thread 0x00007f9e3980a400 DEOPT UNPACKING pc=0x000000010d88e82f sp=0x00007ff7be25b5d8 mode 1
Event: 72.702 Thread 0x00007f9e3980a400 DEOPT PACKING pc=0x000000010de8afdc sp=0x00007ff7be25c1f0
Event: 72.702 Thread 0x00007f9e3980a400 DEOPT UNPACKING pc=0x000000010d88e82f sp=0x00007ff7be25b6c8 mode 1
Event: 72.702 Thread 0x00007f9e3980a400 DEOPT PACKING pc=0x000000010de8baf4 sp=0x00007ff7be25c120
Event: 72.702 Thread 0x00007f9e3980a400 DEOPT UNPACKING pc=0x000000010d88e82f sp=0x00007ff7be25b5d8 mode 1
Event: 72.702 Thread 0x00007f9e3980a400 DEOPT PACKING pc=0x000000010de8afdc sp=0x00007ff7be25c1f0
Event: 72.702 Thread 0x00007f9e3980a400 DEOPT UNPACKING pc=0x000000010d88e82f sp=0x00007ff7be25b6c8 mode 1
Event: 72.702 Thread 0x00007f9e3980a400 DEOPT PACKING pc=0x000000010de8baf4 sp=0x00007ff7be25c120
Event: 72.702 Thread 0x00007f9e3980a400 DEOPT UNPACKING pc=0x000000010d88e82f sp=0x00007ff7be25b5d8 mode 1
Event: 72.702 Thread 0x00007f9e3980a400 DEOPT PACKING pc=0x000000010de8afdc sp=0x00007ff7be25c1f0
Event: 72.702 Thread 0x00007f9e3980a400 DEOPT UNPACKING pc=0x000000010d88e82f sp=0x00007ff7be25b6c8 mode 1

Classes unloaded (0 events):
No events

Classes redefined (0 events):
No events

Internal exceptions (20 events):
Event: 0.266 Thread 0x00007f9e3980a400 Exception <a 'java/lang/NoSuchMethodError'{0x000000070f2b6568}: 'java.lang.Object java.lang.invoke.DirectMethodHandle$Holder.invokeStaticInit(java.lang.Object)'> (0x000000070f2b6568) 
thrown [src/hotspot/share/interpreter/linkResolver.cpp, line 759]
Event: 0.274 Thread 0x00007f9e3980a400 Exception <a 'java/lang/NoSuchMethodError'{0x000000070f31ea38}: 'void java.lang.invoke.DirectMethodHandle$Holder.invokeSpecial(java.lang.Object, java.lang.Object, java.lang.Object)'> (0x000000070f31ea38) 
thrown [src/hotspot/share/interpreter/linkResolver.cpp, line 759]
Event: 0.276 Thread 0x00007f9e3980a400 Exception <a 'java/lang/NoSuchMethodError'{0x000000070f337d98}: 'java.lang.Object java.lang.invoke.DirectMethodHandle$Holder.invokeStatic(java.lang.Object, java.lang.Object, int)'> (0x000000070f337d98) 
thrown [src/hotspot/share/interpreter/linkResolver.cpp, line 759]
Event: 0.277 Thread 0x00007f9e3980a400 Exception <a 'java/lang/NoSuchMethodError'{0x000000070f343ad0}: 'void java.lang.invoke.DelegatingMethodHandle$Holder.delegate(java.lang.Object, java.lang.Object, int, java.lang.Object)'> (0x000000070f343ad0) 
thrown [src/hotspot/share/interpreter/linkResolver.cpp, line 759]
Event: 0.277 Thread 0x00007f9e3980a400 Exception <a 'java/lang/NoSuchMethodError'{0x000000070f347a88}: 'int java.lang.invoke.DirectMethodHandle$Holder.invokeSpecial(java.lang.Object, java.lang.Object, java.lang.Object)'> (0x000000070f347a88) 
thrown [src/hotspot/share/interpreter/linkResolver.cpp, line 759]
Event: 0.298 Thread 0x00007f9e3980a400 Exception <a 'sun/nio/fs/UnixException'{0x000000070f3f8730}> (0x000000070f3f8730) 
thrown [src/hotspot/share/prims/jni.cpp, line 516]
Event: 0.305 Thread 0x00007f9e3980a400 Exception <a 'java/lang/NoSuchMethodError'{0x000000070f043138}: 'int java.lang.invoke.DirectMethodHandle$Holder.invokeStaticInit(java.lang.Object, java.lang.Object, int, long)'> (0x000000070f043138) 
thrown [src/hotspot/share/interpreter/linkResolver.cpp, line 759]
Event: 0.305 Thread 0x00007f9e3980a400 Exception <a 'java/lang/NoSuchMethodError'{0x000000070f048a00}: 'java.lang.Object java.lang.invoke.DirectMethodHandle$Holder.newInvokeSpecial(java.lang.Object, java.lang.Object, int)'> (0x000000070f048a00) 
thrown [src/hotspot/share/interpreter/linkResolver.cpp, line 759]
Event: 0.307 Thread 0x00007f9e3980a400 Exception <a 'java/lang/NoSuchMethodError'{0x000000070f05a048}: 'int java.lang.invoke.DirectMethodHandle$Holder.invokeStaticInit(java.lang.Object, java.lang.Object, long, long)'> (0x000000070f05a048) 
thrown [src/hotspot/share/interpreter/linkResolver.cpp, line 759]
Event: 0.307 Thread 0x00007f9e3980a400 Exception <a 'java/lang/NoSuchMethodError'{0x000000070f060158}: 'java.lang.Object java.lang.invoke.DirectMethodHandle$Holder.newInvokeSpecial(java.lang.Object, java.lang.Object, long)'> (0x000000070f060158) 
thrown [src/hotspot/share/interpreter/linkResolver.cpp, line 759]
Event: 0.308 Thread 0x00007f9e3980a400 Exception <a 'java/lang/NoSuchMethodError'{0x000000070f0641a0}: 'java.lang.Object java.lang.invoke.Invokers$Holder.linkToTargetMethod(java.lang.Object, long, java.lang.Object)'> (0x000000070f0641a0) 
thrown [src/hotspot/share/interpreter/linkResolver.cpp, line 759]
Event: 0.308 Thread 0x00007f9e3980a400 Exception <a 'java/lang/NoSuchMethodError'{0x000000070f06b8b8}: 'int java.lang.invoke.DirectMethodHandle$Holder.invokeStaticInit(java.lang.Object, java.lang.Object, java.lang.Object, long)'> (0x000000070f06b8b8) 
thrown [src/hotspot/share/interpreter/linkResolver.cpp, line 759]
Event: 0.324 Thread 0x00007f9e3980a400 Exception <a 'sun/nio/fs/UnixException'{0x000000070f14f6c8}> (0x000000070f14f6c8) 
thrown [src/hotspot/share/prims/jni.cpp, line 516]
Event: 0.338 Thread 0x00007f9e3980a400 Exception <a 'sun/nio/fs/UnixException'{0x000000070f1f1258}> (0x000000070f1f1258) 
thrown [src/hotspot/share/prims/jni.cpp, line 516]
Event: 0.450 Thread 0x00007f9e3980a400 Exception <a 'sun/nio/fs/UnixException'{0x000000070ee44558}> (0x000000070ee44558) 
thrown [src/hotspot/share/prims/jni.cpp, line 516]
Event: 0.580 Thread 0x00007f9e3980a400 Exception <a 'sun/nio/fs/UnixException'{0x000000070ed01d98}> (0x000000070ed01d98) 
thrown [src/hotspot/share/prims/jni.cpp, line 516]
Event: 49.784 Thread 0x00007f9e3980a400 Implicit null exception at 0x00000001153f9a07 to 0x00000001153fc51c
Event: 49.802 Thread 0x00007f9e3980a400 Implicit null exception at 0x00000001153f9a07 to 0x00000001153fc51c
Event: 49.819 Thread 0x00007f9e3980a400 Implicit null exception at 0x00000001153f9a07 to 0x00000001153fc51c
Event: 49.835 Thread 0x00007f9e3980a400 Implicit null exception at 0x00000001153f9a07 to 0x00000001153fc51c

VM Operations (20 events):
Event: 13.185 Executing VM operation: Cleanup
Event: 13.185 Executing VM operation: Cleanup done
Event: 21.194 Executing VM operation: Cleanup
Event: 21.194 Executing VM operation: Cleanup done
Event: 22.196 Executing VM operation: Cleanup
Event: 22.197 Executing VM operation: Cleanup done
Event: 26.201 Executing VM operation: Cleanup
Event: 26.201 Executing VM operation: Cleanup done
Event: 28.202 Executing VM operation: Cleanup
Event: 28.202 Executing VM operation: Cleanup done
Event: 42.227 Executing VM operation: Cleanup
Event: 42.227 Executing VM operation: Cleanup done
Event: 43.232 Executing VM operation: Cleanup
Event: 43.232 Executing VM operation: Cleanup done
Event: 52.241 Executing VM operation: Cleanup
Event: 52.242 Executing VM operation: Cleanup done
Event: 57.250 Executing VM operation: Cleanup
Event: 57.250 Executing VM operation: Cleanup done
Event: 62.253 Executing VM operation: Cleanup
Event: 62.253 Executing VM operation: Cleanup done

Events (20 events):
Event: 56.320 loading class java/time/format/DateTimeFormatter$ofPattern
Event: 56.320 loading class java/time/format/DateTimeFormatter$ofPattern done
Event: 56.320 loading class java/time/format$DateTimeFormatter$ofPattern
Event: 56.320 loading class java/time/format$DateTimeFormatter$ofPattern done
Event: 69.836 loading class com/esotericsoftware/kryo/io/Output
Event: 69.836 loading class com/esotericsoftware/kryo/io/Output done
Event: 69.838 loading class java/io/FileOutputStream$1
Event: 69.838 loading class java/io/FileOutputStream$1 done
Event: 72.702 loading class java/time/format/DateTimeFormatter$ofPattern
Event: 72.702 loading class java/time/format/DateTimeFormatter$ofPattern done
Event: 72.702 loading class java/time/format$DateTimeFormatter$ofPattern
Event: 72.702 loading class java/time/format$DateTimeFormatter$ofPattern done
Event: 72.702 loading class java/time/format/DateTimeFormatter$ofPattern
Event: 72.702 loading class java/time/format/DateTimeFormatter$ofPattern done
Event: 72.702 loading class java/time/format$DateTimeFormatter$ofPattern
Event: 72.702 loading class java/time/format$DateTimeFormatter$ofPattern done
Event: 72.704 loading class java/lang/Thread$State
Event: 72.704 loading class java/lang/Thread$State done
Event: 72.704 Thread 0x00007f9e3b897000 Thread added: 0x00007f9e3b897000
Event: 72.704 Protecting memory [0x00007000098b7000,0x00007000098bb000] with protection modes 0


Dynamic libraries:
0x0000000101dc7000 	/Users/jraynor/Library/Java/JavaVirtualMachines/corretto-17.0.5/Contents/Home/lib/libjli.dylib
0x00007ff813dea000 	/usr/lib/libz.1.dylib
0x00007ff813eca000 	/usr/lib/libSystem.B.dylib
0x00007ff813ec5000 	/usr/lib/system/libcache.dylib
0x00007ff813e81000 	/usr/lib/system/libcommonCrypto.dylib
0x00007ff813eaa000 	/usr/lib/system/libcompiler_rt.dylib
0x00007ff813ea0000 	/usr/lib/system/libcopyfile.dylib
0x00007ff808e58000 	/usr/lib/system/libcorecrypto.dylib
0x00007ff808f16000 	/usr/lib/system/libdispatch.dylib
0x00007ff8090d6000 	/usr/lib/system/libdyld.dylib
0x00007ff813ebc000 	/usr/lib/system/libkeymgr.dylib
0x00007ff813e5f000 	/usr/lib/system/libmacho.dylib
0x00007ff8134e0000 	/usr/lib/system/libquarantine.dylib
0x00007ff813eba000 	/usr/lib/system/libremovefile.dylib
0x00007ff80e06b000 	/usr/lib/system/libsystem_asl.dylib
0x00007ff808e01000 	/usr/lib/system/libsystem_blocks.dylib
0x00007ff808f9a000 	/usr/lib/system/libsystem_c.dylib
0x00007ff813eb2000 	/usr/lib/system/libsystem_collections.dylib
0x00007ff812794000 	/usr/lib/system/libsystem_configuration.dylib
0x00007ff811a3d000 	/usr/lib/system/libsystem_containermanager.dylib
0x00007ff813b97000 	/usr/lib/system/libsystem_coreservices.dylib
0x00007ff80b70c000 	/usr/lib/system/libsystem_darwin.dylib
0x00007ff813ebd000 	/usr/lib/system/libsystem_dnssd.dylib
0x00007ff808f97000 	/usr/lib/system/libsystem_featureflags.dylib
0x00007ff8090ec000 	/usr/lib/system/libsystem_info.dylib
0x00007ff813dfd000 	/usr/lib/system/libsystem_m.dylib
0x00007ff808eea000 	/usr/lib/system/libsystem_malloc.dylib
0x00007ff80e006000 	/usr/lib/system/libsystem_networkextension.dylib
0x00007ff80bb32000 	/usr/lib/system/libsystem_notify.dylib
0x00007ff81a13a000 	/usr/lib/system/libsystem_product_info_filter.dylib
0x00007ff812798000 	/usr/lib/system/libsystem_sandbox.dylib
0x00007ff813eb7000 	/usr/lib/system/libsystem_secinit.dylib
0x00007ff809092000 	/usr/lib/system/libsystem_kernel.dylib
0x00007ff8090e2000 	/usr/lib/system/libsystem_platform.dylib
0x00007ff8090ca000 	/usr/lib/system/libsystem_pthread.dylib
0x00007ff80f8b9000 	/usr/lib/system/libsystem_symptoms.dylib
0x00007ff808e3f000 	/usr/lib/system/libsystem_trace.dylib
0x00007ff813e8d000 	/usr/lib/system/libunwind.dylib
0x00007ff808e03000 	/usr/lib/system/libxpc.dylib
0x00007ff80907c000 	/usr/lib/libc++abi.dylib
0x00007ff808f5d000 	/usr/lib/libobjc.A.dylib
0x00007ff813e98000 	/usr/lib/liboah.dylib
0x00007ff809023000 	/usr/lib/libc++.1.dylib
0x00007ff81ff3c000 	/System/Library/Frameworks/Cocoa.framework/Versions/A/Cocoa
0x00007ff80bb90000 	/System/Library/Frameworks/AppKit.framework/Versions/C/AppKit
0x00007ff80f0a7000 	/System/Library/Frameworks/CoreData.framework/Versions/A/CoreData
0x00007ff809f93000 	/System/Library/Frameworks/Foundation.framework/Versions/C/Foundation
0x00007ff80ca20000 	/System/Library/PrivateFrameworks/UIFoundation.framework/Versions/A/UIFoundation
0x00007ff819e3d000 	/System/Library/PrivateFrameworks/RemoteViewServices.framework/Versions/A/RemoteViewServices
0x00007ff81211e000 	/System/Library/PrivateFrameworks/XCTTargetBootstrap.framework/Versions/A/XCTTargetBootstrap
0x00007ff815cd3000 	/System/Library/PrivateFrameworks/InternationalSupport.framework/Versions/A/InternationalSupport
0x00007ff815d5d000 	/System/Library/PrivateFrameworks/UserActivity.framework/Versions/A/UserActivity
0x00007ff8150b1000 	/usr/lib/libspindump.dylib
0x00007ff80ccaf000 	/System/Library/Frameworks/UniformTypeIdentifiers.framework/Versions/A/UniformTypeIdentifiers
0x00007ff810842000 	/usr/lib/libapp_launch_measurement.dylib
0x00007ff80fa79000 	/System/Library/PrivateFrameworks/CoreAnalytics.framework/Versions/A/CoreAnalytics
0x00007ff810845000 	/System/Library/PrivateFrameworks/CoreAutoLayout.framework/Versions/A/CoreAutoLayout
0x00007ff811a75000 	/System/Library/Frameworks/Metal.framework/Versions/A/Metal
0x00007ff8127a4000 	/usr/lib/liblangid.dylib
0x00007ff812123000 	/System/Library/PrivateFrameworks/CoreSVG.framework/Versions/A/CoreSVG
0x00007ff80e09b000 	/System/Library/PrivateFrameworks/SkyLight.framework/Versions/A/SkyLight
0x00007ff80e43a000 	/System/Library/Frameworks/CoreGraphics.framework/Versions/A/CoreGraphics
0x00007ff81a4fd000 	/System/Library/Frameworks/Accelerate.framework/Versions/A/Accelerate
0x00007ff814b30000 	/System/Library/PrivateFrameworks/IconServices.framework/Versions/A/IconServices
0x00007ff811a5a000 	/System/Library/Frameworks/IOSurface.framework/Versions/A/IOSurface
0x00007ff80faa7000 	/usr/lib/libDiagnosticMessagesClient.dylib
0x00007ff81dbe0000 	/System/Library/Frameworks/ApplicationServices.framework/Versions/A/ApplicationServices
0x00007ff81210a000 	/System/Library/PrivateFrameworks/DFRFoundation.framework/Versions/A/DFRFoundation
0x00007ff80b478000 	/usr/lib/libicucore.A.dylib
0x00007ff816ac9000 	/System/Library/Frameworks/AudioToolbox.framework/Versions/A/AudioToolbox
0x00007ff815cdf000 	/System/Library/PrivateFrameworks/DataDetectorsCore.framework/Versions/A/DataDetectorsCore
0x00007ff9121da000 	/System/Library/PrivateFrameworks/TextInput.framework/Versions/A/TextInput
0x00007ff80e01e000 	/usr/lib/libMobileGestalt.dylib
0x00007ff811e16000 	/System/Library/Frameworks/Carbon.framework/Versions/A/Frameworks/HIToolbox.framework/Versions/A/HIToolbox
0x00007ff810244000 	/System/Library/Frameworks/QuartzCore.framework/Versions/A/QuartzCore
0x00007ff80b11d000 	/System/Library/Frameworks/Security.framework/Versions/A/Security
0x00007ff819e75000 	/System/Library/Frameworks/Carbon.framework/Versions/A/Frameworks/SpeechRecognition.framework/Versions/A/SpeechRecognition
0x00007ff8105a2000 	/System/Library/PrivateFrameworks/CoreUI.framework/Versions/A/CoreUI
0x00007ff80a9e7000 	/System/Library/Frameworks/CoreAudio.framework/Versions/A/CoreAudio
0x00007ff80fb96000 	/System/Library/Frameworks/DiskArbitration.framework/Versions/A/DiskArbitration
0x00007ff81549f000 	/System/Library/PrivateFrameworks/MultitouchSupport.framework/Versions/A/MultitouchSupport
0x00007ff80e01d000 	/usr/lib/libenergytrace.dylib
0x00007ff80ba7c000 	/System/Library/Frameworks/IOKit.framework/Versions/A/IOKit
0x00007ff81a265000 	/System/Library/Frameworks/CoreServices.framework/Versions/A/CoreServices
0x00007ff8107dc000 	/System/Library/PrivateFrameworks/PerformanceAnalysis.framework/Versions/A/PerformanceAnalysis
0x00007ffa21ebc000 	/System/Library/Frameworks/OpenGL.framework/Versions/A/OpenGL
0x00007ff813406000 	/System/Library/PrivateFrameworks/MobileKeyBag.framework/Versions/A/MobileKeyBag
0x00007ff80eb06000 	/System/Library/Frameworks/ColorSync.framework/Versions/A/ColorSync
0x00007ff809117000 	/System/Library/Frameworks/CoreFoundation.framework/Versions/A/CoreFoundation
0x00007ff81239a000 	/System/Library/Frameworks/CoreImage.framework/Versions/A/CoreImage
0x00007ff80a7fb000 	/System/Library/Frameworks/CoreText.framework/Versions/A/CoreText
0x00007ff812153000 	/System/Library/Frameworks/ImageIO.framework/Versions/A/ImageIO
0x00007ff813ed0000 	/System/Library/PrivateFrameworks/SoftLinking.framework/Versions/A/SoftLinking
0x00007ff81088d000 	/usr/lib/libxml2.2.dylib
0x00007ff814154000 	/usr/lib/libcompression.dylib
0x00007ff815c06000 	/System/Library/PrivateFrameworks/TextureIO.framework/Versions/A/TextureIO
0x00007ff814842000 	/usr/lib/libate.dylib
0x00007ff81461e000 	/usr/lib/liblzma.5.dylib
0x00007ff809ca5000 	/System/Library/Frameworks/SystemConfiguration.framework/Versions/A/SystemConfiguration
0x00007ff813ecc000 	/usr/lib/libfakelink.dylib
0x00007ff80db76000 	/System/Library/Frameworks/CFNetwork.framework/Versions/A/CFNetwork
0x00007ff81400d000 	/usr/lib/libarchive.2.dylib
0x00007ff8127a0000 	/System/Library/PrivateFrameworks/AppleSystemInfo.framework/Versions/A/AppleSystemInfo
0x00007ff813507000 	/usr/lib/libbsm.0.dylib
0x00007ff80d185000 	/usr/lib/libnetwork.dylib
0x00007ff813e65000 	/usr/lib/system/libkxld.dylib
0x00007ff81313a000 	/System/Library/PrivateFrameworks/IOMobileFramebuffer.framework/Versions/A/IOMobileFramebuffer
0x00007ffb2188b000 	/usr/lib/libCoreEntitlements.dylib
0x00007ff813b79000 	/System/Library/PrivateFrameworks/AppleFSCompression.framework/Versions/A/AppleFSCompression
0x00007ff8134ef000 	/usr/lib/libcoretls.dylib
0x00007ff814638000 	/usr/lib/libcoretls_cfhelpers.dylib
0x00007ff81414f000 	/usr/lib/libpam.2.dylib
0x00007ff80f4d8000 	/usr/lib/libsqlite3.dylib
0x00007ff8146a7000 	/usr/lib/libxar.1.dylib
0x00007ff813b89000 	/usr/lib/libbz2.1.0.dylib
0x00007ff813ed1000 	/usr/lib/libpcap.A.dylib
0x00007ff80f8b1000 	/usr/lib/libdns_services.dylib
0x00007ff81411f000 	/usr/lib/libapple_nghttp2.dylib
0x00007ff813f0b000 	/usr/lib/libiconv.2.dylib
0x00007ff813e5e000 	/usr/lib/libcharset.1.dylib
0x00007ff810810000 	/System/Library/Frameworks/CoreServices.framework/Versions/A/Frameworks/FSEvents.framework/Versions/A/FSEvents
0x00007ff80b716000 	/System/Library/Frameworks/CoreServices.framework/Versions/A/Frameworks/CarbonCore.framework/Versions/A/CarbonCore
0x00007ff80fafa000 	/System/Library/Frameworks/CoreServices.framework/Versions/A/Frameworks/Metadata.framework/Versions/A/Metadata
0x00007ff813b9c000 	/System/Library/Frameworks/CoreServices.framework/Versions/A/Frameworks/OSServices.framework/Versions/A/OSServices
0x00007ff814094000 	/System/Library/Frameworks/CoreServices.framework/Versions/A/Frameworks/SearchKit.framework/Versions/A/SearchKit
0x00007ff80f843000 	/System/Library/Frameworks/CoreServices.framework/Versions/A/Frameworks/AE.framework/Versions/A/AE
0x00007ff80961a000 	/System/Library/Frameworks/CoreServices.framework/Versions/A/Frameworks/LaunchServices.framework/Versions/A/LaunchServices
0x00007ff8145cf000 	/System/Library/Frameworks/CoreServices.framework/Versions/A/Frameworks/DictionaryServices.framework/Versions/A/DictionaryServices
0x00007ff81081d000 	/System/Library/Frameworks/CoreServices.framework/Versions/A/Frameworks/SharedFileList.framework/Versions/A/SharedFileList
0x00007ff8134e3000 	/usr/lib/libCheckFix.dylib
0x00007ff80e082000 	/System/Library/PrivateFrameworks/TCC.framework/Versions/A/TCC
0x00007ff8127a6000 	/System/Library/PrivateFrameworks/CoreNLP.framework/Versions/A/CoreNLP
0x00007ff80faaa000 	/System/Library/PrivateFrameworks/MetadataUtilities.framework/Versions/A/MetadataUtilities
0x00007ff809d56000 	/usr/lib/libmecabra.dylib
0x00007ff813517000 	/usr/lib/libmecab.dylib
0x00007ff809d21000 	/usr/lib/libCRFSuite.dylib
0x00007ff813571000 	/usr/lib/libgermantok.dylib
0x00007ff8140fa000 	/usr/lib/libThaiTokenizer.dylib
0x00007ff80fb9d000 	/System/Library/Frameworks/Accelerate.framework/Versions/A/Frameworks/vImage.framework/Versions/A/vImage
0x00007ff81a23c000 	/System/Library/Frameworks/Accelerate.framework/Versions/A/Frameworks/vecLib.framework/Versions/A/vecLib
0x00007ff8146e8000 	/System/Library/Frameworks/Accelerate.framework/Versions/A/Frameworks/vecLib.framework/Versions/A/libvMisc.dylib
0x00007ff812f65000 	/System/Library/Frameworks/Accelerate.framework/Versions/A/Frameworks/vecLib.framework/Versions/A/libvDSP.dylib
0x00007ff809995000 	/System/Library/Frameworks/Accelerate.framework/Versions/A/Frameworks/vecLib.framework/Versions/A/libBLAS.dylib
0x00007ff814231000 	/System/Library/Frameworks/Accelerate.framework/Versions/A/Frameworks/vecLib.framework/Versions/A/libLAPACK.dylib
0x00007ff813574000 	/System/Library/Frameworks/Accelerate.framework/Versions/A/Frameworks/vecLib.framework/Versions/A/libLinearAlgebra.dylib
0x00007ff814137000 	/System/Library/Frameworks/Accelerate.framework/Versions/A/Frameworks/vecLib.framework/Versions/A/libSparseBLAS.dylib
0x00007ff81422b000 	/System/Library/Frameworks/Accelerate.framework/Versions/A/Frameworks/vecLib.framework/Versions/A/libQuadrature.dylib
0x00007ff812891000 	/System/Library/Frameworks/Accelerate.framework/Versions/A/Frameworks/vecLib.framework/Versions/A/libBNNS.dylib
0x00007ff809c2f000 	/System/Library/Frameworks/Accelerate.framework/Versions/A/Frameworks/vecLib.framework/Versions/A/libSparse.dylib
0x00007ff81288a000 	/System/Library/PrivateFrameworks/LinguisticData.framework/Versions/A/LinguisticData
0x00007ff809be5000 	/System/Library/PrivateFrameworks/Lexicon.framework/Versions/A/Lexicon
0x00007ff8146e1000 	/usr/lib/libChineseTokenizer.dylib
0x00007ff80a350000 	/System/Library/PrivateFrameworks/LanguageModeling.framework/Versions/A/LanguageModeling
0x00007ff8140fc000 	/System/Library/PrivateFrameworks/AppleSauce.framework/Versions/A/AppleSauce
0x00007ff813128000 	/System/Library/PrivateFrameworks/CoreEmoji.framework/Versions/A/CoreEmoji
0x00007ff813ffc000 	/usr/lib/libcmph.dylib
0x00007ff8107f4000 	/System/Library/Frameworks/OpenDirectory.framework/Versions/A/Frameworks/CFOpenDirectory.framework/Versions/A/CFOpenDirectory
0x00007ff8107e8000 	/System/Library/Frameworks/OpenDirectory.framework/Versions/A/OpenDirectory
0x00007ff81463a000 	/System/Library/PrivateFrameworks/APFS.framework/Versions/A/APFS
0x00007ff81343e000 	/System/Library/Frameworks/SecurityFoundation.framework/Versions/A/SecurityFoundation
0x00007ff8146b5000 	/usr/lib/libutil.dylib
0x00007ff80ba40000 	/System/Library/PrivateFrameworks/CoreServicesStore.framework/Versions/A/CoreServicesStore
0x00007ff8146b9000 	/usr/lib/libxslt.1.dylib
0x00007ff8134cb000 	/System/Library/PrivateFrameworks/BackgroundTaskManagement.framework/Versions/A/BackgroundTaskManagement
0x00007ff815b26000 	/System/Library/Frameworks/ImageIO.framework/Versions/A/Resources/libRadiance.dylib
0x00007ff815b2f000 	/System/Library/Frameworks/ImageIO.framework/Versions/A/Resources/libJPEG.dylib
0x00007ff815a7e000 	/System/Library/Frameworks/ImageIO.framework/Versions/A/Resources/libPng.dylib
0x00007ff815a9f000 	/System/Library/Frameworks/ImageIO.framework/Versions/A/Resources/libTIFF.dylib
0x00007ff815b8f000 	/System/Library/Frameworks/ImageIO.framework/Versions/A/Resources/libGIF.dylib
0x00007ff8153b9000 	/System/Library/Frameworks/ImageIO.framework/Versions/A/Resources/libJP2.dylib
0x00007ff814af7000 	/usr/lib/libexpat.1.dylib
0x00007ff81536e000 	/System/Library/PrivateFrameworks/AppleJPEG.framework/Versions/A/AppleJPEG
0x00007ff811cda000 	/System/Library/PrivateFrameworks/FontServices.framework/libFontParser.dylib
0x00007ff80f7ed000 	/System/Library/PrivateFrameworks/RunningBoardServices.framework/Versions/A/RunningBoardServices
0x00007ff8204f7000 	/System/Library/PrivateFrameworks/IOSurfaceAccelerator.framework/Versions/A/IOSurfaceAccelerator
0x00007ff81549b000 	/System/Library/PrivateFrameworks/WatchdogClient.framework/Versions/A/WatchdogClient
0x00007ff80a43e000 	/System/Library/Frameworks/CoreDisplay.framework/Versions/A/CoreDisplay
0x00007ff811bd8000 	/System/Library/Frameworks/CoreMedia.framework/Versions/A/CoreMedia
0x00007ff811a6c000 	/System/Library/PrivateFrameworks/IOAccelerator.framework/Versions/A/IOAccelerator
0x00007ff810971000 	/System/Library/Frameworks/CoreVideo.framework/Versions/A/CoreVideo
0x00007ff81414d000 	/System/Library/Frameworks/MetalPerformanceShaders.framework/Versions/A/MetalPerformanceShaders
0x00007ff8154d8000 	/System/Library/Frameworks/VideoToolbox.framework/Versions/A/VideoToolbox
0x00007ff80f737000 	/System/Library/PrivateFrameworks/BaseBoard.framework/Versions/A/BaseBoard
0x00007ff80f4be000 	/System/Library/PrivateFrameworks/ProtocolBuffer.framework/Versions/A/ProtocolBuffer
0x00007ff815b1f000 	/System/Library/PrivateFrameworks/GPUWrangler.framework/Versions/A/GPUWrangler
0x00007ff815b03000 	/System/Library/PrivateFrameworks/IOPresentment.framework/Versions/A/IOPresentment
0x00007ff815b29000 	/System/Library/PrivateFrameworks/DSExternalDisplay.framework/Versions/A/DSExternalDisplay
0x00007ffa21eb0000 	/System/Library/Frameworks/OpenGL.framework/Versions/A/Libraries/libCoreFSCache.dylib
0x00007ffb0ef87000 	/System/Library/PrivateFrameworks/GPUCompiler.framework/Versions/31001/Libraries/libGPUCompilerUtils.dylib
0x00007ff815b94000 	/System/Library/PrivateFrameworks/CMCaptureCore.framework/Versions/A/CMCaptureCore
0x00007ff81509f000 	/System/Library/PrivateFrameworks/AppServerSupport.framework/Versions/A/AppServerSupport
0x00007ff817362000 	/System/Library/PrivateFrameworks/perfdata.framework/Versions/A/perfdata
0x00007ff80a56a000 	/System/Library/PrivateFrameworks/AudioToolboxCore.framework/Versions/A/AudioToolboxCore
0x00007ff811bb6000 	/System/Library/PrivateFrameworks/caulk.framework/Versions/A/caulk
0x00007ff816c74000 	/usr/lib/libAudioStatistics.dylib
0x00007ff90e968000 	/System/Library/PrivateFrameworks/SystemPolicy.framework/Versions/A/SystemPolicy
0x00007ff816ecf000 	/usr/lib/libSMC.dylib
0x00007ff81fdef000 	/System/Library/Frameworks/CoreMIDI.framework/Versions/A/CoreMIDI
0x00007ff815a4d000 	/usr/lib/libAudioToolboxUtility.dylib
0x00007ff90ab94000 	/System/Library/PrivateFrameworks/OSAServicesClient.framework/Versions/A/OSAServicesClient
0x00007ff81736f000 	/usr/lib/libperfcheck.dylib
0x00007ff90f415000 	/usr/lib/libmis.dylib
0x00007ffa21f0b000 	/System/Library/Frameworks/OpenGL.framework/Versions/A/Libraries/libGLU.dylib
0x00007ffa21ecf000 	/System/Library/Frameworks/OpenGL.framework/Versions/A/Libraries/libGFXShared.dylib
0x00007ffa220d8000 	/System/Library/Frameworks/OpenGL.framework/Versions/A/Libraries/libGL.dylib
0x00007ffa21ed8000 	/System/Library/Frameworks/OpenGL.framework/Versions/A/Libraries/libGLImage.dylib
0x00007ffa21ecc000 	/System/Library/Frameworks/OpenGL.framework/Versions/A/Libraries/libCVMSPluginSupport.dylib
0x00007ffa21eb7000 	/System/Library/Frameworks/OpenGL.framework/Versions/A/Libraries/libCoreVMClient.dylib
0x00007ff812722000 	/System/Library/Frameworks/MetalPerformanceShaders.framework/Versions/A/Frameworks/MPSCore.framework/Versions/A/MPSCore
0x00007ff813ae4000 	/System/Library/Frameworks/MetalPerformanceShaders.framework/Versions/A/Frameworks/MPSImage.framework/Versions/A/MPSImage
0x00007ff81358a000 	/System/Library/Frameworks/MetalPerformanceShaders.framework/Versions/A/Frameworks/MPSNeuralNetwork.framework/Versions/A/MPSNeuralNetwork
0x00007ff8139fe000 	/System/Library/Frameworks/MetalPerformanceShaders.framework/Versions/A/Frameworks/MPSMatrix.framework/Versions/A/MPSMatrix
0x00007ff8137b9000 	/System/Library/Frameworks/MetalPerformanceShaders.framework/Versions/A/Frameworks/MPSRayIntersector.framework/Versions/A/MPSRayIntersector
0x00007ff813a36000 	/System/Library/Frameworks/MetalPerformanceShaders.framework/Versions/A/Frameworks/MPSNDArray.framework/Versions/A/MPSNDArray
0x00007ffa27990000 	/System/Library/Frameworks/MetalPerformanceShaders.framework/Versions/A/Frameworks/MPSFunctions.framework/Versions/A/MPSFunctions
0x00007ff809871000 	/System/Library/PrivateFrameworks/MetalTools.framework/Versions/A/MetalTools
0x00007ff81279e000 	/System/Library/PrivateFrameworks/AggregateDictionary.framework/Versions/A/AggregateDictionary
0x00007ff8148d9000 	/usr/lib/libIOReport.dylib
0x00007ffa234e7000 	/System/Library/Frameworks/OpenCL.framework/Versions/A/OpenCL
0x00007ff814c3d000 	/System/Library/PrivateFrameworks/FaceCore.framework/Versions/A/FaceCore
0x00007ff814c2e000 	/System/Library/PrivateFrameworks/GraphVisualizer.framework/Versions/A/GraphVisualizer
0x00007ffb0ee92000 	/System/Library/PrivateFrameworks/FontServices.framework/Versions/A/FontServices
0x00007ff815057000 	/System/Library/PrivateFrameworks/OTSVG.framework/Versions/A/OTSVG
0x00007ff810557000 	/System/Library/Frameworks/ApplicationServices.framework/Versions/A/Frameworks/ATS.framework/Versions/A/Resources/libFontRegistry.dylib
0x00007ff8150a7000 	/System/Library/PrivateFrameworks/FontServices.framework/libhvf.dylib
0x00007ffb0ee93000 	/System/Library/PrivateFrameworks/FontServices.framework/libXTFontStaticRegistryData.dylib
0x00007ff814aa7000 	/System/Library/PrivateFrameworks/AppleVA.framework/Versions/A/AppleVA
0x00007ff816c94000 	/System/Library/Frameworks/ApplicationServices.framework/Versions/A/Frameworks/ATS.framework/Versions/A/ATS
0x00007ff80ec04000 	/System/Library/Frameworks/ApplicationServices.framework/Versions/A/Frameworks/HIServices.framework/Versions/A/HIServices
0x00007ff815b9e000 	/System/Library/Frameworks/ApplicationServices.framework/Versions/A/Frameworks/PrintCore.framework/Versions/A/PrintCore
0x00007ff817022000 	/System/Library/Frameworks/ApplicationServices.framework/Versions/A/Frameworks/QD.framework/Versions/A/QD
0x00007ff81701a000 	/System/Library/Frameworks/ApplicationServices.framework/Versions/A/Frameworks/ColorSyncLegacy.framework/Versions/A/ColorSyncLegacy
0x00007ff816c84000 	/System/Library/Frameworks/ApplicationServices.framework/Versions/A/Frameworks/SpeechSynthesis.framework/Versions/A/SpeechSynthesis
0x00007ff815b5f000 	/System/Library/Frameworks/ApplicationServices.framework/Versions/A/Frameworks/ATSUI.framework/Versions/A/ATSUI
0x00007ff816faf000 	/usr/lib/libcups.2.dylib
0x00007ff81737e000 	/System/Library/Frameworks/Kerberos.framework/Versions/A/Kerberos
0x00007ff81738d000 	/System/Library/Frameworks/GSS.framework/Versions/A/GSS
0x00007ff816d00000 	/usr/lib/libresolv.9.dylib
0x00007ff8150b6000 	/System/Library/PrivateFrameworks/Heimdal.framework/Versions/A/Heimdal
0x00007ff81df72000 	/System/Library/Frameworks/Kerberos.framework/Versions/A/Libraries/libHeimdalProxy.dylib
0x00007ff80f8c1000 	/System/Library/Frameworks/Network.framework/Versions/A/Network
0x00007ff814b11000 	/usr/lib/libheimdal-asn1.dylib
0x00007ff8173d8000 	/System/Library/PrivateFrameworks/CommonAuth.framework/Versions/A/CommonAuth
0x00007ff816c06000 	/System/Library/PrivateFrameworks/AudioSession.framework/Versions/A/AudioSession
0x00007ff814ba1000 	/System/Library/PrivateFrameworks/MediaExperience.framework/Versions/A/MediaExperience
0x00007ff816a98000 	/System/Library/PrivateFrameworks/AudioSession.framework/libSessionUtility.dylib
0x00007ff81702e000 	/System/Library/PrivateFrameworks/AudioResourceArbitration.framework/Versions/A/AudioResourceArbitration
0x00007ff81b0af000 	/System/Library/PrivateFrameworks/PowerLog.framework/Versions/A/PowerLog
0x00007ff814b1a000 	/System/Library/PrivateFrameworks/IconFoundation.framework/Versions/A/IconFoundation
0x00007ff819e65000 	/System/Library/PrivateFrameworks/SpeechRecognitionCore.framework/Versions/A/SpeechRecognitionCore
0x0000000102f19000 	/Users/jraynor/Library/Java/JavaVirtualMachines/corretto-17.0.5/Contents/Home/lib/server/libjvm.dylib
0x0000000101e01000 	/Users/jraynor/Library/Java/JavaVirtualMachines/corretto-17.0.5/Contents/Home/lib/libjimage.dylib
0x0000000101e55000 	/Users/jraynor/Library/Java/JavaVirtualMachines/corretto-17.0.5/Contents/Home/lib/libjdwp.dylib
0x0000000101e99000 	/Users/jraynor/Library/Java/JavaVirtualMachines/corretto-17.0.5/Contents/Home/lib/libjava.dylib
0x0000000101e24000 	/Users/jraynor/Library/Java/JavaVirtualMachines/corretto-17.0.5/Contents/Home/lib/libinstrument.dylib
0x0000000101e38000 	/Users/jraynor/Library/Java/JavaVirtualMachines/corretto-17.0.5/Contents/Home/lib/libzip.dylib
0x000000010297e000 	/Users/jraynor/Library/Java/JavaVirtualMachines/corretto-17.0.5/Contents/Home/lib/libdt_socket.dylib
0x00000001029a9000 	/Users/jraynor/Library/Java/JavaVirtualMachines/corretto-17.0.5/Contents/Home/lib/libnio.dylib
0x00000001029e3000 	/Users/jraynor/Library/Java/JavaVirtualMachines/corretto-17.0.5/Contents/Home/lib/libnet.dylib
0x00000001029c5000 	/Users/jraynor/Library/Java/JavaVirtualMachines/corretto-17.0.5/Contents/Home/lib/libverify.dylib
0x0000000102a3c000 	/private/var/folders/zc/rm57cwyj3f3230jhc6243rc40000gn/T/lwjgljraynor/3.3.1-build-7/liblwjgl.dylib
0x0000000102a75000 	/private/var/folders/zc/rm57cwyj3f3230jhc6243rc40000gn/T/lwjgljraynor/3.3.1-build-7/libglfw.dylib
0x00007ff80ba02000 	/System/Library/PrivateFrameworks/CoreServicesInternal.framework/Versions/A/CoreServicesInternal
0x00007ff81b6a0000 	/System/Library/Frameworks/FileProvider.framework/Versions/A/FileProvider
0x00007ff80f6a4000 	/System/Library/Frameworks/Accounts.framework/Versions/A/Accounts
0x00007ff81b819000 	/System/Library/PrivateFrameworks/GenerationalStorage.framework/Versions/A/GenerationalStorage
0x00007ff81c329000 	/System/Library/PrivateFrameworks/CoreSymbolication.framework/Versions/A/CoreSymbolication
0x00007ff81b0a4000 	/System/Library/PrivateFrameworks/SymptomDiagnosticReporter.framework/Versions/A/SymptomDiagnosticReporter
0x00007ff80ccc3000 	/System/Library/PrivateFrameworks/DesktopServicesPriv.framework/Versions/A/DesktopServicesPriv
0x00007ff80bb41000 	/usr/lib/libsandbox.1.dylib
0x00007ff8109f0000 	/System/Library/PrivateFrameworks/UserManagement.framework/Versions/A/UserManagement
0x00007ff81c2ee000 	/System/Library/PrivateFrameworks/DebugSymbols.framework/Versions/A/DebugSymbols
0x00007ff81700f000 	/System/Library/PrivateFrameworks/NetAuth.framework/Versions/A/NetAuth
0x00007ff817f1e000 	/System/Library/PrivateFrameworks/Sharing.framework/Versions/A/Sharing
0x00007ff8109c3000 	/System/Library/PrivateFrameworks/login.framework/Versions/A/Frameworks/loginsupport.framework/Versions/A/loginsupport
0x00007ff81d48c000 	/System/Library/PrivateFrameworks/Apple80211.framework/Versions/A/Apple80211
0x00007ff813bc9000 	/System/Library/PrivateFrameworks/AuthKit.framework/Versions/A/AuthKit
0x00007ff81321e000 	/System/Library/PrivateFrameworks/CoreUtils.framework/Versions/A/CoreUtils
0x00007ff813145000 	/System/Library/Frameworks/CoreWLAN.framework/Versions/A/CoreWLAN
0x00007ff81807d000 	/System/Library/Frameworks/IOBluetooth.framework/Versions/A/IOBluetooth
0x00007ff81d4f4000 	/System/Library/PrivateFrameworks/CoreWiFi.framework/Versions/A/CoreWiFi
0x00007ff81bec3000 	/System/Library/PrivateFrameworks/FrontBoardServices.framework/Versions/A/FrontBoardServices
0x00007ff81bf54000 	/System/Library/PrivateFrameworks/BoardServices.framework/Versions/A/BoardServices
0x00007ff81342d000 	/System/Library/PrivateFrameworks/AssertionServices.framework/Versions/A/AssertionServices
0x00007ff81d677000 	/System/Library/PrivateFrameworks/BackBoardServices.framework/Versions/A/BackBoardServices
0x00007ff817469000 	/System/Library/PrivateFrameworks/CorePhoneNumbers.framework/Versions/A/CorePhoneNumbers
0x00007ff816d2d000 	/System/Library/PrivateFrameworks/MultiverseSupport.framework/Versions/A/MultiverseSupport
0x00007ff81d8eb000 	/System/Library/PrivateFrameworks/RemoteServiceDiscovery.framework/Versions/A/RemoteServiceDiscovery
0x00007ff81b1c1000 	/System/Library/PrivateFrameworks/DiskManagement.framework/Versions/A/DiskManagement
0x00007ff81b0d5000 	/System/Library/PrivateFrameworks/AppleIDAuthSupport.framework/Versions/A/AppleIDAuthSupport
0x00007ffb0980d000 	/System/Library/PrivateFrameworks/AAAFoundation.framework/Versions/A/AAAFoundation
0x00007ff81744a000 	/System/Library/PrivateFrameworks/KeychainCircle.framework/Versions/A/KeychainCircle
0x00007ff81d8fb000 	/System/Library/PrivateFrameworks/RemoteXPC.framework/Versions/A/RemoteXPC
0x00007ff81b18d000 	/System/Library/PrivateFrameworks/MediaKit.framework/Versions/A/MediaKit
0x00007ff81b0e1000 	/System/Library/Frameworks/DiscRecording.framework/Versions/A/DiscRecording
0x00007ff814a1f000 	/usr/lib/libCoreStorage.dylib
0x00007ff81d966000 	/usr/lib/libcsfde.dylib
0x00007ff81814a000 	/System/Library/PrivateFrameworks/ProtectedCloudStorage.framework/Versions/A/ProtectedCloudStorage
0x00007ff81d962000 	/System/Library/PrivateFrameworks/EFILogin.framework/Versions/A/EFILogin
0x00007ff81b83f000 	/System/Library/PrivateFrameworks/OctagonTrust.framework/Versions/A/OctagonTrust
0x00007ffb0e0f5000 	/System/Library/PrivateFrameworks/CoreUtilsExtras.framework/Versions/A/CoreUtilsExtras
0x00007ff81b008000 	/System/Library/Frameworks/CoreBluetooth.framework/Versions/A/CoreBluetooth
0x00007ff81dff7000 	/System/Library/Frameworks/AudioUnit.framework/Versions/A/AudioUnit
0x00007ff814a17000 	/usr/lib/libMatch.1.dylib
0x00007ff8106e8000 	/System/Library/PrivateFrameworks/ViewBridge.framework/Versions/A/ViewBridge
0x0000000102d7b000 	/usr/lib/libobjc-trampolines.dylib
0x00007ff913a39000 	/System/Library/Frameworks/Accelerate.framework/Versions/A/Frameworks/vImage.framework/Versions/A/Libraries/libCGInterfaces.dylib
0x00007ff81516d000 	/System/Library/PrivateFrameworks/login.framework/Versions/A/login
0x00007ffa220e3000 	/System/Library/Frameworks/OpenGL.framework/Versions/A/Resources/GLEngine.bundle/GLEngine
0x00007ffa21f49000 	/System/Library/Frameworks/OpenGL.framework/Versions/A/Libraries/libGLProgrammability.dylib
0x00007ffa16f5f000 	/System/Library/Extensions/AppleIntelKBLGraphicsGLDriver.bundle/Contents/MacOS/AppleIntelKBLGraphicsGLDriver
0x00007ff9195b0000 	/System/Library/PrivateFrameworks/GPUSupport.framework/Versions/A/Libraries/libGPUSupportMercury.dylib
0x000000010d400000 	/System/Library/Extensions/AMDRadeonX4000GLDriver.bundle/Contents/MacOS/AMDRadeonX4000GLDriver
0x00007ffa25a63000 	/System/Library/Extensions/AMDRadeonX4000GLDriver.bundle/Contents/MacOS/ATIRadeonX4000SCLib.dylib
0x00007ffa15623000 	/System/Library/Extensions/AMDShared.bundle/Contents/PlugIns/libSC.dylib
0x00007ffa2226d000 	/System/Library/Frameworks/OpenGL.framework/Versions/A/Resources/GLRendererFloat.bundle/GLRendererFloat
0x0000000102ebf000 	/private/var/folders/zc/rm57cwyj3f3230jhc6243rc40000gn/T/lwjgljraynor/3.3.1-build-7/liblwjgl_opengl.dylib
0x000000013241d000 	/private/var/folders/zc/rm57cwyj3f3230jhc6243rc40000gn/T/imgui-java-natives_1683858268988/libimgui-java64.dylib
0x00007ffb2197a000 	/usr/lib/libRosetta.dylib
0x000000013420b000 	/private/var/folders/zc/rm57cwyj3f3230jhc6243rc40000gn/T/libgdxjraynor/9fefd748/liblua5464.dylib
0x00007ff81a581000 	/System/Library/PrivateFrameworks/SystemAdministration.framework/Versions/A/SystemAdministration
0x00007ff815dc8000 	/System/Library/Frameworks/MediaToolbox.framework/Versions/A/MediaToolbox
0x00007ff819e31000 	/System/Library/Frameworks/DirectoryService.framework/Versions/A/DirectoryService
0x00007ff81d803000 	/System/Library/PrivateFrameworks/DiskImages.framework/Versions/A/DiskImages
0x00007ff8134d5000 	/System/Library/Frameworks/ServiceManagement.framework/Versions/A/ServiceManagement
0x00007ff81d9e0000 	/System/Library/PrivateFrameworks/LoginUIKit.framework/Versions/A/Frameworks/LoginUICore.framework/Versions/A/LoginUICore
0x00007ff815316000 	/usr/lib/libodfde.dylib
0x00007ff81b670000 	/System/Library/PrivateFrameworks/CoreAVCHD.framework/Versions/A/CoreAVCHD
0x00007ff81a545000 	/System/Library/Frameworks/MediaAccessibility.framework/Versions/A/MediaAccessibility
0x00007ff81b66c000 	/System/Library/PrivateFrameworks/Mangrove.framework/Versions/A/Mangrove
0x00007ff81a550000 	/System/Library/PrivateFrameworks/AlgosScoreFramework.framework/Versions/A/AlgosScoreFramework
0x00007ffb0b3e9000 	/System/Library/PrivateFrameworks/CMPhoto.framework/Versions/A/CMPhoto
0x00007ff81c1c4000 	/System/Library/PrivateFrameworks/AppleVPA.framework/Versions/A/AppleVPA
0x00007ff81b2b1000 	/System/Library/PrivateFrameworks/CoreAUC.framework/Versions/A/CoreAUC
0x00007ff81d972000 	/usr/lib/libcurl.4.dylib
0x00007ffb21de6000 	/usr/lib/libcrypto.46.dylib
0x00007ffb222db000 	/usr/lib/libssl.48.dylib
0x00007ff81d695000 	/System/Library/Frameworks/LDAP.framework/Versions/A/LDAP
0x00007ff81d6cd000 	/System/Library/PrivateFrameworks/TrustEvaluationAgent.framework/Versions/A/TrustEvaluationAgent
0x00007ff816d19000 	/usr/lib/libsasl2.2.dylib
0x00007ff81a575000 	/System/Library/PrivateFrameworks/CoreDaemon.framework/Versions/B/CoreDaemon
0x00007ff81a570000 	/System/Library/PrivateFrameworks/AppleSRP.framework/Versions/A/AppleSRP
0x00007ff90f9db000 	/System/Library/PrivateFrameworks/SidecarUI.framework/Versions/A/SidecarUI
0x00007ff90e48c000 	/System/Library/Frameworks/Carbon.framework/Versions/A/Carbon
0x00007ff90eb30000 	/System/Library/PrivateFrameworks/SidecarCore.framework/Versions/A/SidecarCore
0x00007ff82188e000 	/System/Library/Frameworks/Carbon.framework/Versions/A/Frameworks/CommonPanels.framework/Versions/A/CommonPanels
0x00007ff81d95e000 	/System/Library/Frameworks/Carbon.framework/Versions/A/Frameworks/Help.framework/Versions/A/Help
0x00007ff821892000 	/System/Library/Frameworks/Carbon.framework/Versions/A/Frameworks/ImageCapture.framework/Versions/A/ImageCapture
0x00007ff821862000 	/System/Library/Frameworks/Carbon.framework/Versions/A/Frameworks/OpenScripting.framework/Versions/A/OpenScripting
0x00007ff82188a000 	/System/Library/Frameworks/Carbon.framework/Versions/A/Frameworks/Ink.framework/Versions/A/Ink
0x00007ff90e488000 	/System/Library/Frameworks/Carbon.framework/Versions/A/Frameworks/Print.framework/Versions/A/Print
0x00007ff821886000 	/System/Library/Frameworks/Carbon.framework/Versions/A/Frameworks/SecurityHI.framework/Versions/A/SecurityHI
0x00007ffa14423000 	/System/Library/PrivateFrameworks/VoiceShortcutClient.framework/Versions/A/VoiceShortcutClient
0x00007ff81d9e8000 	/System/Library/PrivateFrameworks/AppSupport.framework/Versions/A/AppSupport
0x00007ff81e08c000 	/System/Library/PrivateFrameworks/IntentsFoundation.framework/Versions/A/IntentsFoundation
0x00007ff813d5f000 	/System/Library/Frameworks/CoreSpotlight.framework/Versions/A/CoreSpotlight
0x00007ff81ce0b000 	/System/Library/PrivateFrameworks/CoreDuetContext.framework/Versions/A/CoreDuetContext
0x00007ff80ce7b000 	/System/Library/PrivateFrameworks/CoreDuet.framework/Versions/A/CoreDuet
0x00007ff81ce62000 	/System/Library/Frameworks/Intents.framework/Versions/A/Intents
0x00007ff8149e0000 	/System/Library/PrivateFrameworks/PlugInKit.framework/Versions/A/PlugInKit
0x00007ff81ecde000 	/System/Library/PrivateFrameworks/ProactiveSupport.framework/Versions/A/ProactiveSupport
0x00007ff81199b000 	/System/Library/Frameworks/CoreLocation.framework/Versions/A/CoreLocation
0x00007ff8173e8000 	/System/Library/PrivateFrameworks/MobileAsset.framework/Versions/A/MobileAsset
0x00007ff8148e2000 	/System/Library/PrivateFrameworks/CrashReporterSupport.framework/Versions/A/CrashReporterSupport
0x00007ff81dbe1000 	/System/Library/PrivateFrameworks/InternationalTextSearch.framework/Versions/A/InternationalTextSearch
0x00007ff81fb94000 	/System/Library/PrivateFrameworks/RTCReporting.framework/Versions/A/RTCReporting
0x00007ff81e01e000 	/System/Library/PrivateFrameworks/StreamingZip.framework/Versions/A/StreamingZip
0x00007ff91b451000 	/System/Library/PrivateFrameworks/OSAnalytics.framework/Versions/A/OSAnalytics
0x00007ff926603000 	/System/Library/PrivateFrameworks/Symbolication.framework/Versions/A/Symbolication
0x00007ff90f3f2000 	/System/Library/PrivateFrameworks/MallocStackLogging.framework/Versions/A/MallocStackLogging
0x00007ff818413000 	/System/Library/PrivateFrameworks/GeoServices.framework/Versions/A/GeoServices
0x00007ff816a70000 	/System/Library/PrivateFrameworks/LocationSupport.framework/Versions/A/LocationSupport
0x00007ffb0f67e000 	/System/Library/PrivateFrameworks/GeoServicesCore.framework/Versions/A/GeoServicesCore
0x00007ff90abd4000 	/System/Library/PrivateFrameworks/PhoneNumbers.framework/Versions/A/PhoneNumbers
0x00007ff81bbbf000 	/System/Library/Frameworks/CoreTelephony.framework/Versions/A/CoreTelephony
0x00007ff81ee22000 	/System/Library/PrivateFrameworks/CoreDuetDebugLogging.framework/Versions/A/CoreDuetDebugLogging
0x00007ff8109c6000 	/System/Library/PrivateFrameworks/ApplePushService.framework/Versions/A/ApplePushService
0x00007ff810a15000 	/System/Library/Frameworks/CloudKit.framework/Versions/A/CloudKit
0x00007ff81ee25000 	/System/Library/PrivateFrameworks/CoreDuetDaemonProtocol.framework/Versions/A/CoreDuetDaemonProtocol
0x00007ff81c409000 	/System/Library/PrivateFrameworks/Rapport.framework/Versions/A/Rapport
0x00007ff80f71f000 	/System/Library/PrivateFrameworks/CommonUtilities.framework/Versions/A/CommonUtilities
0x00007ff817472000 	/usr/lib/libTelephonyUtilDynamic.dylib
0x00007ff81531a000 	/System/Library/PrivateFrameworks/Bom.framework/Versions/A/Bom
0x00007ff816d3d000 	/usr/lib/libParallelCompression.dylib
0x00007ff81e0a3000 	/System/Library/PrivateFrameworks/C2.framework/Versions/A/C2
0x00007ffb0b5f0000 	/System/Library/PrivateFrameworks/CloudKitDistributedSync.framework/Versions/A/CloudKitDistributedSync
0x00007ff81e09b000 	/System/Library/Frameworks/PushKit.framework/Versions/A/PushKit
0x00007ff81c3ff000 	/System/Library/PrivateFrameworks/CoreTime.framework/Versions/A/CoreTime


VM Arguments:
jvm_args: -agentlib:jdwp=transport=dt_socket,address=127.0.0.1:52724,suspend=y,server=n -javaagent:/Users/jraynor/Library/Caches/JetBrains/IdeaIC2023.1/captureAgent/debugger-agent.jar=file:/private/var/folders/zc/rm57cwyj3f3230jhc6243rc40000gn/T/capture.props -Dfile.encoding=UTF-8 
java_command: MainKt
java_class_path (initial): /Users/jraynor/Documents/editor/build/classes/java/main:/Users/jraynor/Documents/editor/build/classes/kotlin/main:/Users/jraynor/Documents/editor/build/resources/main:/Users/jraynor/.gradle/caches/modules-2/files-2.1/org.jetbrains.kotlin/kotlin-stdlib-jdk8/1.8.0/ed04f49e186a116753ad70d34f0ac2925d1d8020/kotlin-stdlib-jdk8-1.8.0.jar:/Users/jraynor/.gradle/caches/modules-2/files-2.1/io.github.spair/imgui-java-app/1.86.10/b5b9653a24756be6751f6f3ccfa71a5c4277a021/imgui-java-app-1.86.10.jar:/Users/jraynor/.gradle/caches/modules-2/files-2.1/party.iroiro.luajava/lua54/3.4.0/318544fa18ea408befe2b62cecfe32f975e0c44b/lua54-3.4.0.jar:/Users/jraynor/.gradle/caches/modules-2/files-2.1/org.luaj/luaj-jse/3.0.1/99245b2df284805e1cb835e9be47c243f9717511/luaj-jse-3.0.1.jar:/Users/jraynor/.gradle/caches/modules-2/files-2.1/com.esotericsoftware/kryo/4.0.0/9f5c64c1315ec79bee0f56bb88e4ae94b65048ce/kryo-4.0.0.jar:/Users/jraynor/.gradle/caches/modules-2/files-2.1/org.antlr/antlr4-runtime/4.11.1/69214c1de1960040729702eb58deac8827135e7/antlr4-runtime-4.11.1.jar:/Users/jraynor/.gradle/caches/modules-2/files-2.1/org.jetbrains.kotlin/kotlin-stdlib-jdk7/1.8.0/3c91271347f678c239607abb676d4032a7898427/kotlin-stdlib-jdk7-1.8.0.jar:/Users/jraynor/.gradle/caches/modules-2/files-2.1/org.jetbrains.kotlin/kotlin-stdlib/1.8.0/1796921c7a3e2e2665a83e6c8d33399336cd39bc/kotlin-stdlib-1.8.0.jar:/Users/jraynor/.gradle/caches/modules-2/files-2.1/org.lwjgl/lwjgl-glfw/3.3.1/cbac1b8d30cb4795149c1ef540f912671a8616d0/lwjgl-glfw-3.3.1.jar:/Users/jraynor/.gradle/caches/modules-2/files-2.1/org.lwjgl/lwjgl-glfw/3.3.1/81716978214ecbda15050ca394b06ef61501a49e/lwjgl-glfw-3.3.1-natives-linux.jar:/Users/jraynor/.gradle/caches/modules-2/files-2.1/org.lwjgl/lwjgl-glfw/3.3.1/9ec4ce1fc8c85fdef03ef4ff2aace6f5775fb280/lwjgl-glfw-3.3.1-natives-macos.jar:/Users/jraynor/.gradle/caches/modules-2/files-2.1/org.lwjgl/lwjgl-glfw/3.3.1/ed892f945cf7e79c8756796f32d00fa4ceaf573b/lwjgl-glfw-3.3.1-natives-windows.jar
Launcher Type: SUN_STANDARD

[Global flags]
     intx CICompilerCount                          = 4                                         {product} {ergonomic}
     uint ConcGCThreads                            = 3                                         {product} {ergonomic}
     uint G1ConcRefinementThreads                  = 10                                        {product} {ergonomic}
   size_t G1HeapRegionSize                         = 2097152                                   {product} {ergonomic}
    uintx GCDrainStackTargetSize                   = 64                                        {product} {ergonomic}
   size_t InitialHeapSize                          = 268435456                                 {product} {ergonomic}
   size_t MarkStackSize                            = 4194304                                   {product} {ergonomic}
   size_t MaxHeapSize                              = 4294967296                                {product} {ergonomic}
   size_t MaxNewSize                               = 2575302656                                {product} {ergonomic}
   size_t MinHeapDeltaBytes                        = 2097152                                   {product} {ergonomic}
   size_t MinHeapSize                              = 8388608                                   {product} {ergonomic}
    uintx NonNMethodCodeHeapSize                   = 5839372                                {pd product} {ergonomic}
    uintx NonProfiledCodeHeapSize                  = 122909434                              {pd product} {ergonomic}
    uintx ProfiledCodeHeapSize                     = 122909434                              {pd product} {ergonomic}
    uintx ReservedCodeCacheSize                    = 251658240                              {pd product} {ergonomic}
     bool SegmentedCodeCache                       = true                                      {product} {ergonomic}
   size_t SoftMaxHeapSize                          = 4294967296                             {manageable} {ergonomic}
     bool UseCompressedClassPointers               = true                           {product lp64_product} {ergonomic}
     bool UseCompressedOops                        = true                           {product lp64_product} {ergonomic}
     bool UseG1GC                                  = true                                      {product} {ergonomic}
     bool UseNUMA                                  = false                                     {product} {ergonomic}
     bool UseNUMAInterleaving                      = false                                     {product} {ergonomic}

Logging:
Log output configuration:
 #0: stdout all=warning uptime,level,tags
 #1: stderr all=off uptime,level,tags

Environment Variables:
PATH=/usr/local/bin:/usr/bin:/bin:/usr/sbin:/sbin:/usr/local/share/dotnet:~/.dotnet/tools:/Library/Frameworks/Mono.framework/Versions/Current/Commands
SHELL=/bin/zsh
LC_CTYPE=en_US.UTF-8
TMPDIR=/var/folders/zc/rm57cwyj3f3230jhc6243rc40000gn/T/

Signal Handlers:
   SIGSEGV: _ZL13crash_handleriP9__siginfoPv in libjvm.dylib, mask=11100110000111110111111111111111, flags=SA_RESTART|SA_SIGINFO
    SIGBUS: _ZL13crash_handleriP9__siginfoPv in libjvm.dylib, mask=11100110000111110111111111111111, flags=SA_RESTART|SA_SIGINFO
    SIGFPE: _ZL13crash_handleriP9__siginfoPv in libjvm.dylib, mask=11100110000111110111111111111111, flags=SA_RESTART|SA_SIGINFO
   SIGPIPE: _ZL17javaSignalHandleriP9__siginfoPv in libjvm.dylib, mask=11100110000111110111111111111111, flags=SA_RESTART|SA_SIGINFO
   SIGXFSZ: _ZL17javaSignalHandleriP9__siginfoPv in libjvm.dylib, mask=11100110000111110111111111111111, flags=SA_RESTART|SA_SIGINFO
    SIGILL: _ZL13crash_handleriP9__siginfoPv in libjvm.dylib, mask=11100110000111110111111111111111, flags=SA_RESTART|SA_SIGINFO
   SIGUSR2: _ZL10SR_handleriP9__siginfoP17__darwin_ucontext in libjvm.dylib, mask=00100000000000000000000000000000, flags=SA_RESTART|SA_SIGINFO
    SIGHUP: _ZL11UserHandleriPvS_ in libjvm.dylib, mask=11100110000111110111111111111111, flags=SA_RESTART|SA_SIGINFO
    SIGINT: _ZL11UserHandleriPvS_ in libjvm.dylib, mask=11100110000111110111111111111111, flags=SA_RESTART|SA_SIGINFO
   SIGTERM: _ZL11UserHandleriPvS_ in libjvm.dylib, mask=11100110000111110111111111111111, flags=SA_RESTART|SA_SIGINFO
   SIGQUIT: _ZL11UserHandleriPvS_ in libjvm.dylib, mask=11100110000111110111111111111111, flags=SA_RESTART|SA_SIGINFO
  *** Handler was modified!
  *** Expected: _ZL17javaSignalHandleriP9__siginfoPv in libjvm.dylib, mask=11100110100111111111111111111111, flags=SA_RESTART|SA_SIGINFO
   SIGTRAP: _ZL13crash_handleriP9__siginfoPv in libjvm.dylib, mask=11100110000111110111111111111111, flags=SA_RESTART|SA_SIGINFO


---------------  S Y S T E M  ---------------

OS:
uname: Darwin 21.6.0 Darwin Kernel Version 21.6.0: Mon Aug 22 20:17:10 PDT 2022; root:xnu-8020.140.49~2/RELEASE_X86_64 x86_64
OS uptime: 3 days 7:48 hours
rlimit (soft/hard): STACK 8192k/65532k , CORE 0k/infinity , NPROC 2784/4176 , NOFILE 10240/infinity , AS infinity/infinity , CPU infinity/infinity , DATA infinity/infinity , FSIZE infinity/infinity , MEMLOCK infinity/infinity , RSS infinity/infinity
load average: 1.70 2.02 2.12

CPU: total 12 (initial active 12) (6 cores per cpu, 2 threads per core) family 6 model 158 stepping 10 microcode 0xf0, cx8, cmov, fxsr, ht, mmx, 3dnowpref, sse, sse2, sse3, ssse3, sse4.1, sse4.2, popcnt, lzcnt, tsc, tscinvbit, avx, avx2, aes, erms, clmul, bmi1, bmi2, rtm, adx, fma, vzeroupper, clflush, clflushopt

Memory: 4k page, physical 16777216k(613700k free), swap 1048576k(737280k free)

vm_info: OpenJDK 64-Bit Server VM (17.0.5+8-LTS) for bsd-amd64 JRE (17.0.5+8-LTS), built on Oct 13 2022 05:04:24 by "ec2user" with clang Apple LLVM 13.0.0 (clang-1300.0.29.30)

END.
