#
# A fatal error has been detected by the Java Runtime Environment:
#
#  SIGSEGV (0xb) at pc=0x000000013da46b20, pid=38784, tid=16903
#
# JRE version: OpenJDK Runtime Environment Corretto-17.0.5.8.1 (17.0.5+8) (build 17.0.5+8-LTS)
# Java VM: OpenJDK 64-Bit Server VM Corretto-17.0.5.8.1 (17.0.5+8-LTS, mixed mode, sharing, tiered, compressed oops, compressed class ptrs, g1 gc, bsd-amd64)
# Problematic frame:
# C  [libluajit64.dylib+0x1ab20]  lua_gettop+0x0
#
# No core dump will be written. Core dumps have been disabled. To enable core dumping, try "ulimit -c unlimited" before starting Java again
#
# If you would like to submit a bug report, please visit:
#   https://github.com/corretto/corretto-17/issues/
# The crash happened outside the Java Virtual Machine in native code.
# See problematic frame for where to report the bug.
#

---------------  S U M M A R Y ------------

Command Line: -agentlib:jdwp=transport=dt_socket,address=127.0.0.1:53489,suspend=y,server=n -javaagent:/Users/jraynor/Library/Caches/JetBrains/IdeaIC2023.1/captureAgent/debugger-agent.jar=file:/private/var/folders/zc/rm57cwyj3f3230jhc6243rc40000gn/T/capture.props -Dfile.encoding=UTF-8 MainKt

Host: "MacBookPro15,1" x86_64 2600 MHz, 12 cores, 16G, Darwin 21.6.0, macOS 12.6 (21G115)
Time: Thu May 11 23:27:41 2023 EDT elapsed time: 6.147384 seconds (0d 0h 0m 6s)

---------------  T H R E A D  ---------------

Current thread (0x00007f8c57032200):  JavaThread "Thread-1" [_thread_in_native, id=16903, stack(0x00007000036c2000,0x00007000037c2000)]

Stack: [0x00007000036c2000,0x00007000037c2000],  sp=0x00007000037c17f8,  free space=1021k
Native frames: (J=compiled Java code, j=interpreted, Vv=VM code, C=native code)
C  [libluajit64.dylib+0x1ab20]  lua_gettop+0x0
j  party.iroiro.luajava.AbstractLua.getTop()I+8
j  party.iroiro.luajava.LuaProxy.invoke(Ljava/lang/Object;Ljava/lang/reflect/Method;[Ljava/lang/Object;)Ljava/lang/Object;+15
j  jdk.proxy2.$Proxy3.run()V+9 jdk.proxy2
j  me.jraynor.os.Lua.print$lambda$0(Ljava/lang/Runnable;)V+16
j  me.jraynor.os.Lua$$Lambda$76+0x0000000800cb9aa8.run()V+4
j  java.lang.Thread.run()V+11 java.base@17.0.5
v  ~StubRoutines::call_stub
V  [libjvm.dylib+0x521f52]  JavaCalls::call_helper(JavaValue*, methodHandle const&, JavaCallArguments*, JavaThread*)+0x2a2
V  [libjvm.dylib+0x521095]  JavaCalls::call_virtual(JavaValue*, Klass*, Symbol*, Symbol*, JavaCallArguments*, JavaThread*)+0xf5
V  [libjvm.dylib+0x521153]  JavaCalls::call_virtual(JavaValue*, Handle, Klass*, Symbol*, Symbol*, JavaThread*)+0x63
V  [libjvm.dylib+0x5ca0c4]  thread_entry(JavaThread*, JavaThread*)+0xb4
V  [libjvm.dylib+0xaa28d3]  JavaThread::thread_main_inner()+0x143
V  [libjvm.dylib+0xaa0c5f]  Thread::call_run()+0xbf
V  [libjvm.dylib+0x8abf68]  thread_native_entry(Thread*)+0x148
C  [libsystem_pthread.dylib+0x64e1]  _pthread_start+0x7d
C  [libsystem_pthread.dylib+0x1f6b]  thread_start+0xf

Java frames: (J=compiled Java code, j=interpreted, Vv=VM code)
j  party.iroiro.luajava.luajit.LuaJitNatives.lua_gettop(J)I+0
j  party.iroiro.luajava.AbstractLua.getTop()I+8
j  party.iroiro.luajava.LuaProxy.invoke(Ljava/lang/Object;Ljava/lang/reflect/Method;[Ljava/lang/Object;)Ljava/lang/Object;+15
j  jdk.proxy2.$Proxy3.run()V+9 jdk.proxy2
j  me.jraynor.os.Lua.print$lambda$0(Ljava/lang/Runnable;)V+16
j  me.jraynor.os.Lua$$Lambda$76+0x0000000800cb9aa8.run()V+4
j  java.lang.Thread.run()V+11 java.base@17.0.5
v  ~StubRoutines::call_stub

siginfo: si_signo: 11 (SIGSEGV), si_code: 1 (SEGV_MAPERR), si_addr: 0x000000013d95d3a8

Register to memory mapping:

RAX=0x000000013da34a30: Java_party_iroiro_luajava_luajit_LuaJitNatives_lua_1gettop+0 in /private/var/folders/zc/rm57cwyj3f3230jhc6243rc40000gn/T/libgdxjraynor/38b0cb8c/libluajit64.dylib at 0x000000013da2c000
RBX={method} {0x000000012ffed700} 'lua_gettop' '(J)I' in 'party/iroiro/luajava/luajit/LuaJitNatives'
RCX=0x0000000000000004 is an unknown value
RDX=0x000000013d95d380 is an unknown value
RSP=0x00007000037c17f8 is pointing into the stack for thread: 0x00007f8c57032200
RBP=0x00007000037c1860 is pointing into the stack for thread: 0x00007f8c57032200
RSI=0x00007000037c1890 is pointing into the stack for thread: 0x00007f8c57032200
RDI=0x000000013d95d380 is an unknown value
R8 ={method} {0x000000012ffe3ed0} 'getTop' '()I' in 'party/iroiro/luajava/AbstractLua'
R9 =0x0000000000000001 is an unknown value
R10=0x000000011546e918 is at code_begin+1592 in an Interpreter codelet
method entry point (kind = native)  [0x000000011546e2e0, 0x000000011546f120]  3648 bytes
R11=0x0000000000000104 is an unknown value
R12=0x0 is NULL
R13={method} {0x000000012ffed700} 'lua_gettop' '(J)I' in 'party/iroiro/luajava/luajit/LuaJitNatives'
R14=0x00007000037c1890 is pointing into the stack for thread: 0x00007f8c57032200
R15=0x00007f8c57032200 is a thread


Registers:
RAX=0x000000013da34a30, RBX=0x000000012ffed700, RCX=0x0000000000000004, RDX=0x000000013d95d380
RSP=0x00007000037c17f8, RBP=0x00007000037c1860, RSI=0x00007000037c1890, RDI=0x000000013d95d380
R8 =0x000000012ffe3ed0, R9 =0x0000000000000001, R10=0x000000011546e918, R11=0x0000000000000104
R12=0x0000000000000000, R13=0x000000012ffed700, R14=0x00007000037c1890, R15=0x00007f8c57032200
RIP=0x000000013da46b20, EFLAGS=0x0000000000010206, ERR=0x0000000000000004
  TRAPNO=0x000000000000000e

Top of Stack: (sp=0x00007000037c17f8)
0x00007000037c17f8:   000000011546e947 0000000800c896d8
0x00007000037c1808:   000000012ffe3ed0 00007f8c57032200
0x00007000037c1818:   00007000037c1818 0000000000000000
0x00007000037c1828:   00007000037c1890 000000012fff56e0
0x00007000037c1838:   0000000000000000 000000070ff7f268
0x00007000037c1848:   000000012ffed700 0000000000000000
0x00007000037c1858:   00007000037c1880 00007000037c18e0
0x00007000037c1868:   0000000115467b28 0000000000000000
0x00007000037c1878:   000000011546afb6 000000013d95d380
0x00007000037c1888:   0000000000000000 000000070ff84298
0x00007000037c1898:   00007000037c1898 000000012ffe3eb8
0x00007000037c18a8:   00007000037c18f0 000000012ffe8950
0x00007000037c18b8:   0000000000000000 000000070fec7ef8
0x00007000037c18c8:   000000012ffe3ed0 00007000037c1880
0x00007000037c18d8:   00007000037c18f0 00007000037c1950
0x00007000037c18e8:   0000000115467b28 000000070fef1288
0x00007000037c18f8:   0000000000000001 000000070fef1288
0x00007000037c1908:   00007000037c18f8 000000013ddf5a5f
0x00007000037c1918:   00007000037c19c0 000000013ddf6190
0x00007000037c1928:   0000000000000000 000000070f246848
0x00007000037c1938:   000000013ddf5c60 00007000037c18f0
0x00007000037c1948:   00007000037c19a8 00007000037c1a10
0x00007000037c1958:   000000011546851a 0000000000000000
0x00007000037c1968:   0000000000000000 0000000000000000
0x00007000037c1978:   0000000000000000 0000000000000000
0x00007000037c1988:   0000000000000000 0000000000000000
0x00007000037c1998:   0000000000000000 000000070fef1288
0x00007000037c19a8:   0000000000000000 000000070f254a88
0x00007000037c19b8:   000000070f254ae0 000000070f246978
0x00007000037c19c8:   00007000037c19c8 000000013ddf75c1
0x00007000037c19d8:   00007000037c1a28 000000013ddf7878
0x00007000037c19e8:   0000000000000000 000000070f254660 

Instructions: (pc=0x000000013da46b20)
0x000000013da46a20:   83 c2 01 4d 89 d0 49 83 e0 fc 49 8d 50 fc 49 89
0x000000013da46a30:   d1 49 c1 e9 02 49 83 c1 01 48 85 d2 74 58 4a 8d
0x000000013da46a40:   34 df 48 83 c6 f0 4c 89 ca 48 83 e2 fe 48 f7 da
0x000000013da46a50:   31 ff 66 2e 0f 1f 84 00 00 00 00 00 0f 1f 40 00
0x000000013da46a60:   0f 10 44 f8 e0 0f 10 4c f8 f0 0f 11 0c fe 0f 11
0x000000013da46a70:   44 fe f0 0f 10 44 f8 c0 0f 10 4c f8 d0 0f 11 4c
0x000000013da46a80:   fe e0 0f 11 44 fe d0 48 83 c7 f8 48 83 c2 02 75
0x000000013da46a90:   cf 48 f7 df eb 02 31 ff 4e 8d 1c c5 00 00 00 00
0x000000013da46aa0:   41 f6 c1 01 74 20 48 c1 e7 03 48 89 ce 48 29 fe
0x000000013da46ab0:   48 89 c2 48 29 fa 0f 10 42 e0 0f 10 4a f0 0f 11
0x000000013da46ac0:   4e f0 0f 11 46 e0 4c 29 d8 4d 39 c2 74 29 4c 29
0x000000013da46ad0:   d9 44 29 c3 48 83 c1 f8 83 c3 01 0f 1f 44 00 00
0x000000013da46ae0:   48 8b 50 f8 48 83 c0 f8 48 89 11 48 83 c1 f8 83
0x000000013da46af0:   c3 ff 83 fb 01 7f e9 49 89 46 28 5b 41 5e 41 5f
0x000000013da46b00:   c3 66 2e 0f 1f 84 00 00 00 00 00 0f 1f 44 00 00
0x000000013da46b10:   48 8d 05 f1 a6 08 00 c3 0f 1f 84 00 00 00 00 00
0x000000013da46b20:   48 8b 47 28 48 2b 47 20 48 c1 e8 03 c3 0f 1f 00
0x000000013da46b30:   41 56 53 50 48 89 fb 85 f6 78 56 48 8b 4b 20 48
0x000000013da46b40:   8b 43 28 41 89 f6 4a 8d 14 f1 48 39 c2 76 57 48
0x000000013da46b50:   3b 53 30 72 15 48 29 c8 48 c1 e8 03 29 c6 48 89
0x000000013da46b60:   df e8 8a ab ff ff 48 8b 43 28 49 c1 e6 03 66 90
0x000000013da46b70:   48 8d 48 08 48 89 4b 28 48 c7 00 ff ff ff ff 48
0x000000013da46b80:   8b 43 28 48 8b 4b 20 4c 01 f1 48 39 c8 72 e1 eb
0x000000013da46b90:   19 48 8b 43 28 48 63 ce 48 8d 04 c8 48 83 c0 08
0x000000013da46ba0:   48 89 43 28 eb 04 48 89 53 28 48 83 c4 08 5b 41
0x000000013da46bb0:   5e c3 66 2e 0f 1f 84 00 00 00 00 00 0f 1f 40 00
0x000000013da46bc0:   85 f6 7e 1f 83 c6 ff 48 c1 e6 03 48 03 77 20 48
0x000000013da46bd0:   8b 47 28 48 39 c6 72 23 be f8 00 00 00 48 03 77
0x000000013da46be0:   10 eb 18 48 8b 47 28 48 63 ce 48 8d 34 c8 eb 0b
0x000000013da46bf0:   48 8b 06 48 89 46 f8 48 8b 47 28 48 83 c6 08 48
0x000000013da46c00:   39 c6 72 ec 48 83 c0 f8 48 89 47 28 c3 0f 1f 00
0x000000013da46c10:   85 f6 7e 24 83 c6 ff 48 c1 e6 03 48 03 77 20 48 


Stack slot to memory mapping:
stack at sp + 0 slots: 0x000000011546e947 is at code_begin+1639 in an Interpreter codelet
method entry point (kind = native)  [0x000000011546e2e0, 0x000000011546f120]  3648 bytes
stack at sp + 1 slots: 0x0000000800c896d8 is a pointer to class: 
party.iroiro.luajava.AbstractLua {0x0000000800c896d8}
 - instance size:     6
 - klass size:        287
 - access:            public synchronized abstract 
 - state:             fully_initialized
 - name:              'party/iroiro/luajava/AbstractLua'
 - super:             'java/lang/Object'
 - sub:               'party/iroiro/luajava/luajit/LuaJit'   
 - arrays:            NULL
 - methods:           Array<T>(0x000000012ffe1058)
 - method ordering:   Array<T>(0x000000012ffe7bd0)
 - default_methods:   Array<T>(0x0000000000000000)
 - local interfaces:  Array<T>(0x000000012ffdcc10)
 - trans. interfaces: Array<T>(0x000000012ffe7bb8)
 - constants:         constant pool [1169] {0x000000012ffda4d0} for 'party/iroiro/luajava/AbstractLua' cache=0x000000012ffe8950
 - class loader data:  loader data: 0x0000600002efc460 for instance a 'jdk/internal/loader/ClassLoaders$AppClassLoader'{0x000000070e835540}
 - source file:       'AbstractLua.java'
 - class annotations:       Array<T>(0x0000000000000000)
 - class type annotations:  Array<T>(0x0000000000000000)
 - field annotations:       Array<T>(0x0000000000000000)
 - field type annotations:  Array<T>(0x0000000000000000)
 - inner classes:     Array<T>(0x000000012ffe7b70)
 - nest members:     Array<T>(0x00000008005d8c80)
 - permitted subclasses:     Array<T>(0x00000008005d8c80)
 - java mirror:       a 'java/lang/Class'{0x000000070fec7ef8} = 'party/iroiro/luajava/AbstractLua'
 - vtable length      117  (start addr: 0x0000000800c898a8)
 - itable length      111 (start addr: 0x0000000800c89c50)
 - ---- static fields (1 words):
 - private static final 'EMPTY' '[Ljava/lang/Object;' @112 
 - protected static 'instances' 'Lparty/iroiro/luajava/LuaInstances;' @116 
 - ---- non-static fields (9 words):
 - protected final 'id' 'I' @12 
 - protected final 'L' 'J' @16 
 - protected volatile 'loader' 'Lparty/iroiro/luajava/ExternalLoader;' @24 
 - protected final 'recyclableReferences' 'Ljava/lang/ref/ReferenceQueue;' @28 
 - protected final 'recordedReferences' 'Ljava/util/concurrent/ConcurrentHashMap;' @32 
 - protected final 'C' 'Lparty/iroiro/luajava/LuaNative;' @36 
 - protected final 'mainThread' 'Lparty/iroiro/luajava/AbstractLua;' @40 
 - protected final 'subThreads' 'Ljava/util/List;' @44 
 - non-static oop maps: 24-44 
stack at sp + 2 slots: {method} {0x000000012ffe3ed0} 'getTop' '()I' in 'party/iroiro/luajava/AbstractLua'
stack at sp + 3 slots: 0x00007f8c57032200 is a thread
stack at sp + 4 slots: 0x00007000037c1818 is pointing into the stack for thread: 0x00007f8c57032200
stack at sp + 5 slots: 0x0 is NULL
stack at sp + 6 slots: 0x00007000037c1890 is pointing into the stack for thread: 0x00007f8c57032200
stack at sp + 7 slots: 0x000000012fff56e0 is pointing into metadata


---------------  P R O C E S S  ---------------

Threads class SMR info:
_java_thread_list=0x0000600001f155c0, length=15, elements={
0x00007f8c59808a00, 0x00007f8c5780b600, 0x00007f8c57809c00, 0x00007f8c5b81c600,
0x00007f8c58811600, 0x00007f8c5780de00, 0x00007f8c58823e00, 0x00007f8c57015600,
0x00007f8c5882c400, 0x00007f8c5883d400, 0x00007f8c5b81cc00, 0x00007f8c5c008600,
0x00007f8c5c008c00, 0x00007f8c590e4c00, 0x00007f8c57032200
}

Java Threads: ( => current thread )
  0x00007f8c59808a00 JavaThread "main" [_thread_in_native, id=259, stack(0x00007ff7b4203000,0x00007ff7b4a03000)]
  0x00007f8c5780b600 JavaThread "Reference Handler" daemon [_thread_blocked, id=15363, stack(0x0000700001e74000,0x0000700001f74000)]
  0x00007f8c57809c00 JavaThread "Finalizer" daemon [_thread_blocked, id=15875, stack(0x0000700001f77000,0x0000700002077000)]
  0x00007f8c5b81c600 JavaThread "Signal Dispatcher" daemon [_thread_blocked, id=42243, stack(0x0000700002180000,0x0000700002280000)]
  0x00007f8c58811600 JavaThread "Service Thread" daemon [_thread_blocked, id=41987, stack(0x0000700002283000,0x0000700002383000)]
  0x00007f8c5780de00 JavaThread "Monitor Deflation Thread" daemon [_thread_blocked, id=22787, stack(0x0000700002386000,0x0000700002486000)]
  0x00007f8c58823e00 JavaThread "C2 CompilerThread0" daemon [_thread_in_native, id=41731, stack(0x0000700002489000,0x0000700002589000)]
  0x00007f8c57015600 JavaThread "C1 CompilerThread0" daemon [_thread_blocked, id=41219, stack(0x000070000258c000,0x000070000268c000)]
  0x00007f8c5882c400 JavaThread "Sweeper thread" daemon [_thread_blocked, id=40707, stack(0x000070000268f000,0x000070000278f000)]
  0x00007f8c5883d400 JavaThread "Common-Cleaner" daemon [_thread_blocked, id=40195, stack(0x0000700002792000,0x0000700002892000)]
  0x00007f8c5b81cc00 JavaThread "JDWP Transport Listener: dt_socket" daemon [_thread_blocked, id=39687, stack(0x0000700002895000,0x0000700002995000)]
  0x00007f8c5c008600 JavaThread "JDWP Event Helper Thread" daemon [_thread_blocked, id=23299, stack(0x0000700002998000,0x0000700002a98000)]
  0x00007f8c5c008c00 JavaThread "JDWP Command Reader" daemon [_thread_in_native, id=23555, stack(0x0000700002a9b000,0x0000700002b9b000)]
  0x00007f8c590e4c00 JavaThread "Notification Thread" daemon [_thread_blocked, id=23811, stack(0x0000700002b9e000,0x0000700002c9e000)]
=>0x00007f8c57032200 JavaThread "Thread-1" [_thread_in_native, id=16903, stack(0x00007000036c2000,0x00007000037c2000)]

Other Threads:
  0x00007f8c58309c50 VMThread "VM Thread" [stack: 0x0000700001d71000,0x0000700001e71000] [id=15107]
  0x00007f8c58119970 WatcherThread [stack: 0x0000700002ca1000,0x0000700002da1000] [id=38403]
  0x00007f8c58407ac0 GCTaskThread "GC Thread#0" [stack: 0x0000700001862000,0x0000700001962000] [id=20483]
  0x00007f8c5831a3c0 GCTaskThread "GC Thread#1" [stack: 0x0000700002eaa000,0x0000700002faa000] [id=68875]
  0x00007f8c5831a9c0 GCTaskThread "GC Thread#2" [stack: 0x0000700002fad000,0x00007000030ad000] [id=65803]
  0x00007f8c5831ae30 GCTaskThread "GC Thread#3" [stack: 0x00007000030b0000,0x00007000031b0000] [id=66059]
  0x00007f8c5831b2a0 GCTaskThread "GC Thread#4" [stack: 0x00007000031b3000,0x00007000032b3000] [id=62211]
  0x00007f8c5831b710 GCTaskThread "GC Thread#5" [stack: 0x00007000032b6000,0x00007000033b6000] [id=65027]
  0x00007f8c58214bb0 GCTaskThread "GC Thread#6" [stack: 0x00007000033b9000,0x00007000034b9000] [id=64515]
  0x00007f8c58215020 GCTaskThread "GC Thread#7" [stack: 0x00007000034bc000,0x00007000035bc000] [id=62723]
  0x00007f8c58215880 GCTaskThread "GC Thread#8" [stack: 0x00007000035bf000,0x00007000036bf000] [id=64003]
  0x00007f8c58204880 ConcurrentGCThread "G1 Main Marker" [stack: 0x0000700001965000,0x0000700001a65000] [id=12803]
  0x00007f8c58205100 ConcurrentGCThread "G1 Conc#0" [stack: 0x0000700001a68000,0x0000700001b68000] [id=13571]
  0x00007f8c583072e0 ConcurrentGCThread "G1 Refine#0" [stack: 0x0000700001b6b000,0x0000700001c6b000] [id=14083]
  0x00007f8c5b104080 ConcurrentGCThread "G1 Service" [stack: 0x0000700001c6e000,0x0000700001d6e000] [id=19459]

Threads with active compile tasks:
C2 CompilerThread0     6158 1309       4       org.antlr.v4.runtime.atn.ATNConfig::<init> (37 bytes)

VM state: not at safepoint (normal execution)

VM Mutex/Monitor currently owned by a thread: None

Heap address: 0x0000000700000000, size: 4096 MB, Compressed Oops mode: Zero based, Oop shift amount: 3

CDS archive(s) mapped at: [0x0000000800000000-0x0000000800bd4000-0x0000000800bd4000), size 12402688, SharedBaseAddress: 0x0000000800000000, ArchiveRelocationMode: 0.
Compressed class space mapped at: 0x0000000800c00000-0x0000000840c00000, reserved size: 1073741824
Narrow klass base: 0x0000000800000000, Narrow klass shift: 0, Narrow klass range: 0x100000000

GC Precious Log:
 CPUs: 12 total, 12 available
 Memory: 16384M
 Large Page Support: Disabled
 NUMA Support: Disabled
 Compressed Oops: Enabled (Zero based)
 Heap Region Size: 2M
 Heap Min Capacity: 8M
 Heap Initial Capacity: 256M
 Heap Max Capacity: 4G
 Pre-touch: Disabled
 Parallel Workers: 10
 Concurrent Workers: 3
 Concurrent Refinement Workers: 10
 Periodic GC: Disabled

Heap:
 garbage-first heap   total 266240K, used 14505K [0x0000000700000000, 0x0000000800000000)
  region size 2048K, 9 young (18432K), 2 survivors (4096K)
 Metaspace       used 9025K, committed 9216K, reserved 1064960K
  class space    used 688K, committed 768K, reserved 1048576K

Heap Regions: E=young(eden), S=young(survivor), O=old, HS=humongous(starts), HC=humongous(continues), CS=collection set, F=free, OA=open archive, CA=closed archive, TAMS=top-at-mark-start (previous, next)
|   0|0x0000000700000000, 0x0000000700000000, 0x0000000700200000|  0%| F|  |TAMS 0x0000000700000000, 0x0000000700000000| Untracked 
|   1|0x0000000700200000, 0x0000000700200000, 0x0000000700400000|  0%| F|  |TAMS 0x0000000700200000, 0x0000000700200000| Untracked 
|   2|0x0000000700400000, 0x0000000700400000, 0x0000000700600000|  0%| F|  |TAMS 0x0000000700400000, 0x0000000700400000| Untracked 
|   3|0x0000000700600000, 0x0000000700600000, 0x0000000700800000|  0%| F|  |TAMS 0x0000000700600000, 0x0000000700600000| Untracked 
|   4|0x0000000700800000, 0x0000000700800000, 0x0000000700a00000|  0%| F|  |TAMS 0x0000000700800000, 0x0000000700800000| Untracked 
|   5|0x0000000700a00000, 0x0000000700a00000, 0x0000000700c00000|  0%| F|  |TAMS 0x0000000700a00000, 0x0000000700a00000| Untracked 
|   6|0x0000000700c00000, 0x0000000700c00000, 0x0000000700e00000|  0%| F|  |TAMS 0x0000000700c00000, 0x0000000700c00000| Untracked 
|   7|0x0000000700e00000, 0x0000000700e00000, 0x0000000701000000|  0%| F|  |TAMS 0x0000000700e00000, 0x0000000700e00000| Untracked 
|   8|0x0000000701000000, 0x0000000701000000, 0x0000000701200000|  0%| F|  |TAMS 0x0000000701000000, 0x0000000701000000| Untracked 
|   9|0x0000000701200000, 0x0000000701200000, 0x0000000701400000|  0%| F|  |TAMS 0x0000000701200000, 0x0000000701200000| Untracked 
|  10|0x0000000701400000, 0x0000000701400000, 0x0000000701600000|  0%| F|  |TAMS 0x0000000701400000, 0x0000000701400000| Untracked 
|  11|0x0000000701600000, 0x0000000701600000, 0x0000000701800000|  0%| F|  |TAMS 0x0000000701600000, 0x0000000701600000| Untracked 
|  12|0x0000000701800000, 0x0000000701800000, 0x0000000701a00000|  0%| F|  |TAMS 0x0000000701800000, 0x0000000701800000| Untracked 
|  13|0x0000000701a00000, 0x0000000701a00000, 0x0000000701c00000|  0%| F|  |TAMS 0x0000000701a00000, 0x0000000701a00000| Untracked 
|  14|0x0000000701c00000, 0x0000000701c00000, 0x0000000701e00000|  0%| F|  |TAMS 0x0000000701c00000, 0x0000000701c00000| Untracked 
|  15|0x0000000701e00000, 0x0000000701e00000, 0x0000000702000000|  0%| F|  |TAMS 0x0000000701e00000, 0x0000000701e00000| Untracked 
|  16|0x0000000702000000, 0x0000000702000000, 0x0000000702200000|  0%| F|  |TAMS 0x0000000702000000, 0x0000000702000000| Untracked 
|  17|0x0000000702200000, 0x0000000702200000, 0x0000000702400000|  0%| F|  |TAMS 0x0000000702200000, 0x0000000702200000| Untracked 
|  18|0x0000000702400000, 0x0000000702400000, 0x0000000702600000|  0%| F|  |TAMS 0x0000000702400000, 0x0000000702400000| Untracked 
|  19|0x0000000702600000, 0x0000000702600000, 0x0000000702800000|  0%| F|  |TAMS 0x0000000702600000, 0x0000000702600000| Untracked 
|  20|0x0000000702800000, 0x0000000702800000, 0x0000000702a00000|  0%| F|  |TAMS 0x0000000702800000, 0x0000000702800000| Untracked 
|  21|0x0000000702a00000, 0x0000000702a00000, 0x0000000702c00000|  0%| F|  |TAMS 0x0000000702a00000, 0x0000000702a00000| Untracked 
|  22|0x0000000702c00000, 0x0000000702c00000, 0x0000000702e00000|  0%| F|  |TAMS 0x0000000702c00000, 0x0000000702c00000| Untracked 
|  23|0x0000000702e00000, 0x0000000702e00000, 0x0000000703000000|  0%| F|  |TAMS 0x0000000702e00000, 0x0000000702e00000| Untracked 
|  24|0x0000000703000000, 0x0000000703000000, 0x0000000703200000|  0%| F|  |TAMS 0x0000000703000000, 0x0000000703000000| Untracked 
|  25|0x0000000703200000, 0x0000000703200000, 0x0000000703400000|  0%| F|  |TAMS 0x0000000703200000, 0x0000000703200000| Untracked 
|  26|0x0000000703400000, 0x0000000703400000, 0x0000000703600000|  0%| F|  |TAMS 0x0000000703400000, 0x0000000703400000| Untracked 
|  27|0x0000000703600000, 0x0000000703600000, 0x0000000703800000|  0%| F|  |TAMS 0x0000000703600000, 0x0000000703600000| Untracked 
|  28|0x0000000703800000, 0x0000000703800000, 0x0000000703a00000|  0%| F|  |TAMS 0x0000000703800000, 0x0000000703800000| Untracked 
|  29|0x0000000703a00000, 0x0000000703a00000, 0x0000000703c00000|  0%| F|  |TAMS 0x0000000703a00000, 0x0000000703a00000| Untracked 
|  30|0x0000000703c00000, 0x0000000703c00000, 0x0000000703e00000|  0%| F|  |TAMS 0x0000000703c00000, 0x0000000703c00000| Untracked 
|  31|0x0000000703e00000, 0x0000000703e00000, 0x0000000704000000|  0%| F|  |TAMS 0x0000000703e00000, 0x0000000703e00000| Untracked 
|  32|0x0000000704000000, 0x0000000704000000, 0x0000000704200000|  0%| F|  |TAMS 0x0000000704000000, 0x0000000704000000| Untracked 
|  33|0x0000000704200000, 0x0000000704200000, 0x0000000704400000|  0%| F|  |TAMS 0x0000000704200000, 0x0000000704200000| Untracked 
|  34|0x0000000704400000, 0x0000000704400000, 0x0000000704600000|  0%| F|  |TAMS 0x0000000704400000, 0x0000000704400000| Untracked 
|  35|0x0000000704600000, 0x0000000704600000, 0x0000000704800000|  0%| F|  |TAMS 0x0000000704600000, 0x0000000704600000| Untracked 
|  36|0x0000000704800000, 0x0000000704800000, 0x0000000704a00000|  0%| F|  |TAMS 0x0000000704800000, 0x0000000704800000| Untracked 
|  37|0x0000000704a00000, 0x0000000704a00000, 0x0000000704c00000|  0%| F|  |TAMS 0x0000000704a00000, 0x0000000704a00000| Untracked 
|  38|0x0000000704c00000, 0x0000000704c00000, 0x0000000704e00000|  0%| F|  |TAMS 0x0000000704c00000, 0x0000000704c00000| Untracked 
|  39|0x0000000704e00000, 0x0000000704e00000, 0x0000000705000000|  0%| F|  |TAMS 0x0000000704e00000, 0x0000000704e00000| Untracked 
|  40|0x0000000705000000, 0x0000000705000000, 0x0000000705200000|  0%| F|  |TAMS 0x0000000705000000, 0x0000000705000000| Untracked 
|  41|0x0000000705200000, 0x0000000705200000, 0x0000000705400000|  0%| F|  |TAMS 0x0000000705200000, 0x0000000705200000| Untracked 
|  42|0x0000000705400000, 0x0000000705400000, 0x0000000705600000|  0%| F|  |TAMS 0x0000000705400000, 0x0000000705400000| Untracked 
|  43|0x0000000705600000, 0x0000000705600000, 0x0000000705800000|  0%| F|  |TAMS 0x0000000705600000, 0x0000000705600000| Untracked 
|  44|0x0000000705800000, 0x0000000705800000, 0x0000000705a00000|  0%| F|  |TAMS 0x0000000705800000, 0x0000000705800000| Untracked 
|  45|0x0000000705a00000, 0x0000000705a00000, 0x0000000705c00000|  0%| F|  |TAMS 0x0000000705a00000, 0x0000000705a00000| Untracked 
|  46|0x0000000705c00000, 0x0000000705c00000, 0x0000000705e00000|  0%| F|  |TAMS 0x0000000705c00000, 0x0000000705c00000| Untracked 
|  47|0x0000000705e00000, 0x0000000705e00000, 0x0000000706000000|  0%| F|  |TAMS 0x0000000705e00000, 0x0000000705e00000| Untracked 
|  48|0x0000000706000000, 0x0000000706000000, 0x0000000706200000|  0%| F|  |TAMS 0x0000000706000000, 0x0000000706000000| Untracked 
|  49|0x0000000706200000, 0x0000000706200000, 0x0000000706400000|  0%| F|  |TAMS 0x0000000706200000, 0x0000000706200000| Untracked 
|  50|0x0000000706400000, 0x0000000706400000, 0x0000000706600000|  0%| F|  |TAMS 0x0000000706400000, 0x0000000706400000| Untracked 
|  51|0x0000000706600000, 0x0000000706600000, 0x0000000706800000|  0%| F|  |TAMS 0x0000000706600000, 0x0000000706600000| Untracked 
|  52|0x0000000706800000, 0x0000000706800000, 0x0000000706a00000|  0%| F|  |TAMS 0x0000000706800000, 0x0000000706800000| Untracked 
|  53|0x0000000706a00000, 0x0000000706a00000, 0x0000000706c00000|  0%| F|  |TAMS 0x0000000706a00000, 0x0000000706a00000| Untracked 
|  54|0x0000000706c00000, 0x0000000706c00000, 0x0000000706e00000|  0%| F|  |TAMS 0x0000000706c00000, 0x0000000706c00000| Untracked 
|  55|0x0000000706e00000, 0x0000000706e00000, 0x0000000707000000|  0%| F|  |TAMS 0x0000000706e00000, 0x0000000706e00000| Untracked 
|  56|0x0000000707000000, 0x0000000707000000, 0x0000000707200000|  0%| F|  |TAMS 0x0000000707000000, 0x0000000707000000| Untracked 
|  57|0x0000000707200000, 0x0000000707200000, 0x0000000707400000|  0%| F|  |TAMS 0x0000000707200000, 0x0000000707200000| Untracked 
|  58|0x0000000707400000, 0x0000000707400000, 0x0000000707600000|  0%| F|  |TAMS 0x0000000707400000, 0x0000000707400000| Untracked 
|  59|0x0000000707600000, 0x0000000707600000, 0x0000000707800000|  0%| F|  |TAMS 0x0000000707600000, 0x0000000707600000| Untracked 
|  60|0x0000000707800000, 0x0000000707800000, 0x0000000707a00000|  0%| F|  |TAMS 0x0000000707800000, 0x0000000707800000| Untracked 
|  61|0x0000000707a00000, 0x0000000707a00000, 0x0000000707c00000|  0%| F|  |TAMS 0x0000000707a00000, 0x0000000707a00000| Untracked 
|  62|0x0000000707c00000, 0x0000000707c00000, 0x0000000707e00000|  0%| F|  |TAMS 0x0000000707c00000, 0x0000000707c00000| Untracked 
|  63|0x0000000707e00000, 0x0000000707e00000, 0x0000000708000000|  0%| F|  |TAMS 0x0000000707e00000, 0x0000000707e00000| Untracked 
|  64|0x0000000708000000, 0x0000000708000000, 0x0000000708200000|  0%| F|  |TAMS 0x0000000708000000, 0x0000000708000000| Untracked 
|  65|0x0000000708200000, 0x0000000708200000, 0x0000000708400000|  0%| F|  |TAMS 0x0000000708200000, 0x0000000708200000| Untracked 
|  66|0x0000000708400000, 0x0000000708400000, 0x0000000708600000|  0%| F|  |TAMS 0x0000000708400000, 0x0000000708400000| Untracked 
|  67|0x0000000708600000, 0x0000000708600000, 0x0000000708800000|  0%| F|  |TAMS 0x0000000708600000, 0x0000000708600000| Untracked 
|  68|0x0000000708800000, 0x0000000708800000, 0x0000000708a00000|  0%| F|  |TAMS 0x0000000708800000, 0x0000000708800000| Untracked 
|  69|0x0000000708a00000, 0x0000000708a00000, 0x0000000708c00000|  0%| F|  |TAMS 0x0000000708a00000, 0x0000000708a00000| Untracked 
|  70|0x0000000708c00000, 0x0000000708c00000, 0x0000000708e00000|  0%| F|  |TAMS 0x0000000708c00000, 0x0000000708c00000| Untracked 
|  71|0x0000000708e00000, 0x0000000708e00000, 0x0000000709000000|  0%| F|  |TAMS 0x0000000708e00000, 0x0000000708e00000| Untracked 
|  72|0x0000000709000000, 0x0000000709000000, 0x0000000709200000|  0%| F|  |TAMS 0x0000000709000000, 0x0000000709000000| Untracked 
|  73|0x0000000709200000, 0x0000000709200000, 0x0000000709400000|  0%| F|  |TAMS 0x0000000709200000, 0x0000000709200000| Untracked 
|  74|0x0000000709400000, 0x0000000709400000, 0x0000000709600000|  0%| F|  |TAMS 0x0000000709400000, 0x0000000709400000| Untracked 
|  75|0x0000000709600000, 0x0000000709600000, 0x0000000709800000|  0%| F|  |TAMS 0x0000000709600000, 0x0000000709600000| Untracked 
|  76|0x0000000709800000, 0x0000000709800000, 0x0000000709a00000|  0%| F|  |TAMS 0x0000000709800000, 0x0000000709800000| Untracked 
|  77|0x0000000709a00000, 0x0000000709a00000, 0x0000000709c00000|  0%| F|  |TAMS 0x0000000709a00000, 0x0000000709a00000| Untracked 
|  78|0x0000000709c00000, 0x0000000709c00000, 0x0000000709e00000|  0%| F|  |TAMS 0x0000000709c00000, 0x0000000709c00000| Untracked 
|  79|0x0000000709e00000, 0x0000000709e00000, 0x000000070a000000|  0%| F|  |TAMS 0x0000000709e00000, 0x0000000709e00000| Untracked 
|  80|0x000000070a000000, 0x000000070a000000, 0x000000070a200000|  0%| F|  |TAMS 0x000000070a000000, 0x000000070a000000| Untracked 
|  81|0x000000070a200000, 0x000000070a200000, 0x000000070a400000|  0%| F|  |TAMS 0x000000070a200000, 0x000000070a200000| Untracked 
|  82|0x000000070a400000, 0x000000070a400000, 0x000000070a600000|  0%| F|  |TAMS 0x000000070a400000, 0x000000070a400000| Untracked 
|  83|0x000000070a600000, 0x000000070a600000, 0x000000070a800000|  0%| F|  |TAMS 0x000000070a600000, 0x000000070a600000| Untracked 
|  84|0x000000070a800000, 0x000000070a800000, 0x000000070aa00000|  0%| F|  |TAMS 0x000000070a800000, 0x000000070a800000| Untracked 
|  85|0x000000070aa00000, 0x000000070aa00000, 0x000000070ac00000|  0%| F|  |TAMS 0x000000070aa00000, 0x000000070aa00000| Untracked 
|  86|0x000000070ac00000, 0x000000070ac00000, 0x000000070ae00000|  0%| F|  |TAMS 0x000000070ac00000, 0x000000070ac00000| Untracked 
|  87|0x000000070ae00000, 0x000000070ae00000, 0x000000070b000000|  0%| F|  |TAMS 0x000000070ae00000, 0x000000070ae00000| Untracked 
|  88|0x000000070b000000, 0x000000070b000000, 0x000000070b200000|  0%| F|  |TAMS 0x000000070b000000, 0x000000070b000000| Untracked 
|  89|0x000000070b200000, 0x000000070b200000, 0x000000070b400000|  0%| F|  |TAMS 0x000000070b200000, 0x000000070b200000| Untracked 
|  90|0x000000070b400000, 0x000000070b400000, 0x000000070b600000|  0%| F|  |TAMS 0x000000070b400000, 0x000000070b400000| Untracked 
|  91|0x000000070b600000, 0x000000070b600000, 0x000000070b800000|  0%| F|  |TAMS 0x000000070b600000, 0x000000070b600000| Untracked 
|  92|0x000000070b800000, 0x000000070b800000, 0x000000070ba00000|  0%| F|  |TAMS 0x000000070b800000, 0x000000070b800000| Untracked 
|  93|0x000000070ba00000, 0x000000070ba00000, 0x000000070bc00000|  0%| F|  |TAMS 0x000000070ba00000, 0x000000070ba00000| Untracked 
|  94|0x000000070bc00000, 0x000000070bc00000, 0x000000070be00000|  0%| F|  |TAMS 0x000000070bc00000, 0x000000070bc00000| Untracked 
|  95|0x000000070be00000, 0x000000070be00000, 0x000000070c000000|  0%| F|  |TAMS 0x000000070be00000, 0x000000070be00000| Untracked 
|  96|0x000000070c000000, 0x000000070c000000, 0x000000070c200000|  0%| F|  |TAMS 0x000000070c000000, 0x000000070c000000| Untracked 
|  97|0x000000070c200000, 0x000000070c200000, 0x000000070c400000|  0%| F|  |TAMS 0x000000070c200000, 0x000000070c200000| Untracked 
|  98|0x000000070c400000, 0x000000070c400000, 0x000000070c600000|  0%| F|  |TAMS 0x000000070c400000, 0x000000070c400000| Untracked 
|  99|0x000000070c600000, 0x000000070c600000, 0x000000070c800000|  0%| F|  |TAMS 0x000000070c600000, 0x000000070c600000| Untracked 
| 100|0x000000070c800000, 0x000000070c800000, 0x000000070ca00000|  0%| F|  |TAMS 0x000000070c800000, 0x000000070c800000| Untracked 
| 101|0x000000070ca00000, 0x000000070ca00000, 0x000000070cc00000|  0%| F|  |TAMS 0x000000070ca00000, 0x000000070ca00000| Untracked 
| 102|0x000000070cc00000, 0x000000070cc00000, 0x000000070ce00000|  0%| F|  |TAMS 0x000000070cc00000, 0x000000070cc00000| Untracked 
| 103|0x000000070ce00000, 0x000000070ce00000, 0x000000070d000000|  0%| F|  |TAMS 0x000000070ce00000, 0x000000070ce00000| Untracked 
| 104|0x000000070d000000, 0x000000070d000000, 0x000000070d200000|  0%| F|  |TAMS 0x000000070d000000, 0x000000070d000000| Untracked 
| 105|0x000000070d200000, 0x000000070d200000, 0x000000070d400000|  0%| F|  |TAMS 0x000000070d200000, 0x000000070d200000| Untracked 
| 106|0x000000070d400000, 0x000000070d400000, 0x000000070d600000|  0%| F|  |TAMS 0x000000070d400000, 0x000000070d400000| Untracked 
| 107|0x000000070d600000, 0x000000070d600000, 0x000000070d800000|  0%| F|  |TAMS 0x000000070d600000, 0x000000070d600000| Untracked 
| 108|0x000000070d800000, 0x000000070d800000, 0x000000070da00000|  0%| F|  |TAMS 0x000000070d800000, 0x000000070d800000| Untracked 
| 109|0x000000070da00000, 0x000000070da00000, 0x000000070dc00000|  0%| F|  |TAMS 0x000000070da00000, 0x000000070da00000| Untracked 
| 110|0x000000070dc00000, 0x000000070dc00000, 0x000000070de00000|  0%| F|  |TAMS 0x000000070dc00000, 0x000000070dc00000| Untracked 
| 111|0x000000070de00000, 0x000000070de00000, 0x000000070e000000|  0%| F|  |TAMS 0x000000070de00000, 0x000000070de00000| Untracked 
| 112|0x000000070e000000, 0x000000070e000000, 0x000000070e200000|  0%| F|  |TAMS 0x000000070e000000, 0x000000070e000000| Untracked 
| 113|0x000000070e200000, 0x000000070e200000, 0x000000070e400000|  0%| F|  |TAMS 0x000000070e200000, 0x000000070e200000| Untracked 
| 114|0x000000070e400000, 0x000000070e400000, 0x000000070e600000|  0%| F|  |TAMS 0x000000070e400000, 0x000000070e400000| Untracked 
| 115|0x000000070e600000, 0x000000070e635540, 0x000000070e800000| 10%| S|CS|TAMS 0x000000070e600000, 0x000000070e600000| Complete 
| 116|0x000000070e800000, 0x000000070ea00000, 0x000000070ea00000|100%| S|CS|TAMS 0x000000070e800000, 0x000000070e800000| Complete 
| 117|0x000000070ea00000, 0x000000070ea00000, 0x000000070ec00000|  0%| F|  |TAMS 0x000000070ea00000, 0x000000070ea00000| Untracked 
| 118|0x000000070ec00000, 0x000000070ec00000, 0x000000070ee00000|  0%| F|  |TAMS 0x000000070ec00000, 0x000000070ec00000| Untracked 
| 119|0x000000070ee00000, 0x000000070ee00000, 0x000000070f000000|  0%| F|  |TAMS 0x000000070ee00000, 0x000000070ee00000| Untracked 
| 120|0x000000070f000000, 0x000000070f000000, 0x000000070f200000|  0%| F|  |TAMS 0x000000070f000000, 0x000000070f000000| Untracked 
| 121|0x000000070f200000, 0x000000070f34f2e8, 0x000000070f400000| 65%| E|  |TAMS 0x000000070f200000, 0x000000070f200000| Complete 
| 122|0x000000070f400000, 0x000000070f600000, 0x000000070f600000|100%| E|CS|TAMS 0x000000070f400000, 0x000000070f400000| Complete 
| 123|0x000000070f600000, 0x000000070f800000, 0x000000070f800000|100%| E|CS|TAMS 0x000000070f600000, 0x000000070f600000| Complete 
| 124|0x000000070f800000, 0x000000070fa00000, 0x000000070fa00000|100%| E|CS|TAMS 0x000000070f800000, 0x000000070f800000| Complete 
| 125|0x000000070fa00000, 0x000000070fc00000, 0x000000070fc00000|100%| E|  |TAMS 0x000000070fa00000, 0x000000070fa00000| Complete 
| 126|0x000000070fc00000, 0x000000070fe00000, 0x000000070fe00000|100%| E|CS|TAMS 0x000000070fc00000, 0x000000070fc00000| Complete 
| 127|0x000000070fe00000, 0x0000000710000000, 0x0000000710000000|100%| E|CS|TAMS 0x000000070fe00000, 0x000000070fe00000| Complete 
|2046|0x00000007ffc00000, 0x00000007ffd76000, 0x00000007ffe00000| 73%|OA|  |TAMS 0x00000007ffc00000, 0x00000007ffc00000| Untracked 
|2047|0x00000007ffe00000, 0x00000007ffe7f000, 0x0000000800000000| 24%|CA|  |TAMS 0x00000007ffe00000, 0x00000007ffe00000| Untracked 

Card table byte_map: [0x000000012445e000,0x0000000124c5e000] _byte_map_base: 0x0000000120c5e000

Marking Bits (Prev, Next): (CMBitMap*) 0x00007f8c5880b010, (CMBitMap*) 0x00007f8c5880b050
 Prev Bits: [0x000000012545e000, 0x000000012945e000)
 Next Bits: [0x000000012945e000, 0x000000012d45e000)

Polling page: 0x000000010b623000

Metaspace:

Usage:
  Non-class:      8.14 MB used.
      Class:    688.47 KB used.
       Both:      8.81 MB used.

Virtual space:
  Non-class space:       16.00 MB reserved,       8.25 MB ( 52%) committed,  2 nodes.
      Class space:        1.00 GB reserved,     768.00 KB ( <1%) committed,  1 nodes.
             Both:        1.02 GB reserved,       9.00 MB ( <1%) committed. 

Chunk freelists:
   Non-Class:  2.02 MB
       Class:  3.27 MB
        Both:  5.28 MB

MaxMetaspaceSize: unlimited
CompressedClassSpaceSize: 1.00 GB
Initial GC threshold: 21.00 MB
Current GC threshold: 21.00 MB
CDS: on
MetaspaceReclaimPolicy: balanced
 - commit_granule_bytes: 65536.
 - commit_granule_words: 8192.
 - virtual_space_node_default_size: 1048576.
 - enlarge_chunks_in_place: 1.
 - new_chunks_are_fully_committed: 0.
 - uncommit_free_chunks: 1.
 - use_allocation_guard: 0.
 - handle_deallocations: 1.


Internal statistics:

num_allocs_failed_limit: 0.
num_arena_births: 78.
num_arena_deaths: 0.
num_vsnodes_births: 3.
num_vsnodes_deaths: 0.
num_space_committed: 142.
num_space_uncommitted: 0.
num_chunks_returned_to_freelist: 0.
num_chunks_taken_from_freelist: 325.
num_chunk_merges: 0.
num_chunk_splits: 249.
num_chunks_enlarged: 210.
num_purges: 0.
num_inconsistent_stats: 0.

CodeHeap 'non-profiled nmethods': size=120028Kb used=473Kb max_used=473Kb free=119554Kb
 bounds [0x000000011cf27000, 0x000000011d197000, 0x000000012445e000]
CodeHeap 'profiled nmethods': size=120028Kb used=2252Kb max_used=2252Kb free=117775Kb
 bounds [0x00000001159f0000, 0x0000000115c60000, 0x000000011cf27000]
CodeHeap 'non-nmethods': size=5704Kb used=1788Kb max_used=1810Kb free=3915Kb
 bounds [0x000000011545e000, 0x00000001156ce000, 0x00000001159f0000]
 total_blobs=2547 nmethods=1338 adapters=1123
 compilation: enabled
              stopped_count=0, restarted_count=0
 full_count=0

Compilation events (20 events):
Event: 6.143 Thread 0x00007f8c57015600 1315       1       org.antlr.v4.runtime.CommonToken::getChannel (5 bytes)
Event: 6.143 Thread 0x00007f8c57015600 nmethod 1315 0x000000011cf9a210 code [0x000000011cf9a3a0, 0x000000011cf9a470]
Event: 6.143 Thread 0x00007f8c57015600 1331       1       org.antlr.v4.runtime.Recognizer::getState (5 bytes)
Event: 6.143 Thread 0x00007f8c57015600 nmethod 1331 0x000000011cf9a510 code [0x000000011cf9a6a0, 0x000000011cf9a770]
Event: 6.145 Thread 0x00007f8c57015600 1333       3       jdk.internal.org.objectweb.asm.SymbolTable::addTypeInternal (85 bytes)
Event: 6.145 Thread 0x00007f8c57015600 nmethod 1333 0x0000000115c1e410 code [0x0000000115c1e600, 0x0000000115c1ec50]
Event: 6.145 Thread 0x00007f8c57015600 1334       3       jdk.internal.org.objectweb.asm.SymbolTable::hash (15 bytes)
Event: 6.145 Thread 0x00007f8c57015600 nmethod 1334 0x0000000115c1ee10 code [0x0000000115c1efc0, 0x0000000115c1f150]
Event: 6.145 Thread 0x00007f8c57015600 1338       3       jdk.internal.org.objectweb.asm.Label::getCanonicalInstance (19 bytes)
Event: 6.145 Thread 0x00007f8c57015600 nmethod 1338 0x0000000115c1f290 code [0x0000000115c1f420, 0x0000000115c1f590]
Event: 6.145 Thread 0x00007f8c57015600 1337       3       jdk.internal.org.objectweb.asm.SymbolTable$Entry::<init> (18 bytes)
Event: 6.145 Thread 0x00007f8c57015600 nmethod 1337 0x0000000115c1f690 code [0x0000000115c1f840, 0x0000000115c1f9e0]
Event: 6.145 Thread 0x00007f8c57015600 1336       3       jdk.internal.org.objectweb.asm.Frame::pop (53 bytes)
Event: 6.146 Thread 0x00007f8c57015600 nmethod 1336 0x0000000115c1fa90 code [0x0000000115c1fce0, 0x0000000115c20470]
Event: 6.146 Thread 0x00007f8c57015600 1335       3       jdk.internal.org.objectweb.asm.MethodWriter::visitAbstractType (8 bytes)
Event: 6.146 Thread 0x00007f8c57015600 nmethod 1335 0x0000000115c20790 code [0x0000000115c20920, 0x0000000115c20a50]
Event: 6.146 Thread 0x00007f8c57015600 1339       3       java.lang.reflect.Executable::<init> (5 bytes)
Event: 6.146 Thread 0x00007f8c57015600 nmethod 1339 0x0000000115c20b10 code [0x0000000115c20cc0, 0x0000000115c20e70]
Event: 6.146 Thread 0x00007f8c57015600 1340       1       java.lang.reflect.Method::getDeclaringClass (5 bytes)
Event: 6.146 Thread 0x00007f8c57015600 nmethod 1340 0x000000011cf9a810 code [0x000000011cf9a9a0, 0x000000011cf9aa70]

GC Heap History (2 events):
Event: 0.955 GC heap before
{Heap before GC invocations=0 (full 0):
 garbage-first heap   total 266240K, used 24532K [0x0000000700000000, 0x0000000800000000)
  region size 2048K, 11 young (22528K), 0 survivors (0K)
 Metaspace       used 6230K, committed 6400K, reserved 1056768K
  class space    used 453K, committed 512K, reserved 1048576K
}
Event: 0.957 GC heap after
{Heap after GC invocations=1 (full 0):
 garbage-first heap   total 266240K, used 4265K [0x0000000700000000, 0x0000000800000000)
  region size 2048K, 2 young (4096K), 2 survivors (4096K)
 Metaspace       used 6230K, committed 6400K, reserved 1056768K
  class space    used 453K, committed 512K, reserved 1048576K
}

Dll operation events (12 events):
Event: 0.007 Loaded shared library /Users/jraynor/Library/Java/JavaVirtualMachines/corretto-17.0.5/Contents/Home/lib/libjava.dylib
Event: 0.008 Loaded shared library /Users/jraynor/Library/Java/JavaVirtualMachines/corretto-17.0.5/Contents/Home/lib/libzip.dylib
Event: 0.089 Loaded shared library /Users/jraynor/Library/Java/JavaVirtualMachines/corretto-17.0.5/Contents/Home/lib/libinstrument.dylib
Event: 0.107 Loaded shared library /Users/jraynor/Library/Java/JavaVirtualMachines/corretto-17.0.5/Contents/Home/lib/libnio.dylib
Event: 0.116 Loaded shared library /Users/jraynor/Library/Java/JavaVirtualMachines/corretto-17.0.5/Contents/Home/lib/libzip.dylib
Event: 0.130 Loaded shared library /Users/jraynor/Library/Java/JavaVirtualMachines/corretto-17.0.5/Contents/Home/lib/libverify.dylib
Event: 0.267 Loaded shared library /Users/jraynor/Library/Java/JavaVirtualMachines/corretto-17.0.5/Contents/Home/lib/libjimage.dylib
Event: 0.337 Loaded shared library /Users/jraynor/Library/Java/JavaVirtualMachines/corretto-17.0.5/Contents/Home/lib/libnet.dylib
Event: 0.352 Loaded shared library /private/var/folders/zc/rm57cwyj3f3230jhc6243rc40000gn/T/lwjgljraynor/3.3.1-build-7/liblwjgl.dylib
Event: 0.524 Loaded shared library /private/var/folders/zc/rm57cwyj3f3230jhc6243rc40000gn/T/lwjgljraynor/3.3.1-build-7/liblwjgl_opengl.dylib
Event: 0.874 Loaded shared library /private/var/folders/zc/rm57cwyj3f3230jhc6243rc40000gn/T/imgui-java-natives_1683862056110/libimgui-java64.dylib
Event: 6.044 Loaded shared library /private/var/folders/zc/rm57cwyj3f3230jhc6243rc40000gn/T/libgdxjraynor/38b0cb8c/libluajit64.dylib

Deoptimization events (20 events):
Event: 6.067 Thread 0x00007f8c59808a00 DEOPT PACKING pc=0x0000000115b3ef5b sp=0x00007ff7b49fa590
Event: 6.067 Thread 0x00007f8c59808a00 DEOPT UNPACKING pc=0x00000001154b082f sp=0x00007ff7b49f9ad8 mode 0
Event: 6.079 Thread 0x00007f8c59808a00 DEOPT PACKING pc=0x0000000115b3ef5b sp=0x00007ff7b49fa820
Event: 6.079 Thread 0x00007f8c59808a00 DEOPT UNPACKING pc=0x00000001154b082f sp=0x00007ff7b49f9d68 mode 0
Event: 6.097 Thread 0x00007f8c59808a00 DEOPT PACKING pc=0x0000000115b3ef5b sp=0x00007ff7b49fdaf0
Event: 6.097 Thread 0x00007f8c59808a00 DEOPT UNPACKING pc=0x00000001154b082f sp=0x00007ff7b49fd038 mode 0
Event: 6.101 Thread 0x00007f8c59808a00 Uncommon trap: trap_request=0xffffff45 fr.pc=0x000000011cf51688 relative=0x0000000000000548
Event: 6.101 Thread 0x00007f8c59808a00 Uncommon trap: reason=unstable_if action=reinterpret pc=0x000000011cf51688 method=java.lang.StringLatin1.newString([BII)Ljava/lang/String; @ 1 c2
Event: 6.101 Thread 0x00007f8c59808a00 DEOPT PACKING pc=0x000000011cf51688 sp=0x00007ff7b49fe520
Event: 6.101 Thread 0x00007f8c59808a00 DEOPT UNPACKING pc=0x00000001154b0099 sp=0x00007ff7b49fe4b0 mode 2
Event: 6.101 Thread 0x00007f8c59808a00 Uncommon trap: trap_request=0xffffff45 fr.pc=0x000000011cf4f7ac relative=0x000000000000038c
Event: 6.101 Thread 0x00007f8c59808a00 Uncommon trap: reason=unstable_if action=reinterpret pc=0x000000011cf4f7ac method=java.lang.StringLatin1.newString([BII)Ljava/lang/String; @ 1 c2
Event: 6.101 Thread 0x00007f8c59808a00 DEOPT PACKING pc=0x000000011cf4f7ac sp=0x00007ff7b49fe4b0
Event: 6.101 Thread 0x00007f8c59808a00 DEOPT UNPACKING pc=0x00000001154b0099 sp=0x00007ff7b49fe4b0 mode 2
Event: 6.115 Thread 0x00007f8c59808a00 DEOPT PACKING pc=0x0000000115b3ef5b sp=0x00007ff7b49fab90
Event: 6.115 Thread 0x00007f8c59808a00 DEOPT UNPACKING pc=0x00000001154b082f sp=0x00007ff7b49fa0d8 mode 0
Event: 6.133 Thread 0x00007f8c59808a00 Uncommon trap: trap_request=0xffffff45 fr.pc=0x000000011cf6ad5c relative=0x000000000000031c
Event: 6.133 Thread 0x00007f8c59808a00 Uncommon trap: reason=unstable_if action=reinterpret pc=0x000000011cf6ad5c method=java.util.HashMap.getNode(Ljava/lang/Object;)Ljava/util/HashMap$Node; @ 66 c2
Event: 6.133 Thread 0x00007f8c59808a00 DEOPT PACKING pc=0x000000011cf6ad5c sp=0x00007ff7b49f5dd0
Event: 6.133 Thread 0x00007f8c59808a00 DEOPT UNPACKING pc=0x00000001154b0099 sp=0x00007ff7b49f5d80 mode 2

Classes unloaded (0 events):
No events

Classes redefined (0 events):
No events

Internal exceptions (20 events):
Event: 0.251 Thread 0x00007f8c59808a00 Exception <a 'java/lang/IncompatibleClassChangeError'{0x000000070f776608}: Found class java.lang.Object, but interface was expected> (0x000000070f776608) 
thrown [src/hotspot/share/interpreter/linkResolver.cpp, line 826]
Event: 0.273 Thread 0x00007f8c59808a00 Exception <a 'java/lang/NoSuchMethodError'{0x000000070f4648c8}: 'java.lang.Object java.lang.invoke.DirectMethodHandle$Holder.invokeStatic(java.lang.Object, int, java.lang.Object)'> (0x000000070f4648c8) 
thrown [src/hotspot/share/interpreter/linkResolver.cpp, line 759]
Event: 0.278 Thread 0x00007f8c59808a00 Exception <a 'java/lang/NoSuchMethodError'{0x000000070f49c8a0}: 'void java.lang.invoke.DirectMethodHandle$Holder.invokeStatic(java.lang.Object, java.lang.Object)'> (0x000000070f49c8a0) 
thrown [src/hotspot/share/interpreter/linkResolver.cpp, line 759]
Event: 0.287 Thread 0x00007f8c59808a00 Exception <a 'java/lang/NoSuchMethodError'{0x000000070f5305b8}: 'void java.lang.invoke.DirectMethodHandle$Holder.invokeStaticInit(java.lang.Object, java.lang.Object)'> (0x000000070f5305b8) 
thrown [src/hotspot/share/interpreter/linkResolver.cpp, line 759]
Event: 0.309 Thread 0x00007f8c59808a00 Exception <a 'java/lang/NoSuchMethodError'{0x000000070f2b6568}: 'java.lang.Object java.lang.invoke.DirectMethodHandle$Holder.invokeStaticInit(java.lang.Object)'> (0x000000070f2b6568) 
thrown [src/hotspot/share/interpreter/linkResolver.cpp, line 759]
Event: 0.318 Thread 0x00007f8c59808a00 Exception <a 'java/lang/NoSuchMethodError'{0x000000070f31ea38}: 'void java.lang.invoke.DirectMethodHandle$Holder.invokeSpecial(java.lang.Object, java.lang.Object, java.lang.Object)'> (0x000000070f31ea38) 
thrown [src/hotspot/share/interpreter/linkResolver.cpp, line 759]
Event: 0.322 Thread 0x00007f8c59808a00 Exception <a 'java/lang/NoSuchMethodError'{0x000000070f337d98}: 'java.lang.Object java.lang.invoke.DirectMethodHandle$Holder.invokeStatic(java.lang.Object, java.lang.Object, int)'> (0x000000070f337d98) 
thrown [src/hotspot/share/interpreter/linkResolver.cpp, line 759]
Event: 0.323 Thread 0x00007f8c59808a00 Exception <a 'java/lang/NoSuchMethodError'{0x000000070f343ad0}: 'void java.lang.invoke.DelegatingMethodHandle$Holder.delegate(java.lang.Object, java.lang.Object, int, java.lang.Object)'> (0x000000070f343ad0) 
thrown [src/hotspot/share/interpreter/linkResolver.cpp, line 759]
Event: 0.324 Thread 0x00007f8c59808a00 Exception <a 'java/lang/NoSuchMethodError'{0x000000070f347a88}: 'int java.lang.invoke.DirectMethodHandle$Holder.invokeSpecial(java.lang.Object, java.lang.Object, java.lang.Object)'> (0x000000070f347a88) 
thrown [src/hotspot/share/interpreter/linkResolver.cpp, line 759]
Event: 0.351 Thread 0x00007f8c59808a00 Exception <a 'sun/nio/fs/UnixException'{0x000000070f3f8730}> (0x000000070f3f8730) 
thrown [src/hotspot/share/prims/jni.cpp, line 516]
Event: 0.358 Thread 0x00007f8c59808a00 Exception <a 'java/lang/NoSuchMethodError'{0x000000070f043138}: 'int java.lang.invoke.DirectMethodHandle$Holder.invokeStaticInit(java.lang.Object, java.lang.Object, int, long)'> (0x000000070f043138) 
thrown [src/hotspot/share/interpreter/linkResolver.cpp, line 759]
Event: 0.359 Thread 0x00007f8c59808a00 Exception <a 'java/lang/NoSuchMethodError'{0x000000070f048a00}: 'java.lang.Object java.lang.invoke.DirectMethodHandle$Holder.newInvokeSpecial(java.lang.Object, java.lang.Object, int)'> (0x000000070f048a00) 
thrown [src/hotspot/share/interpreter/linkResolver.cpp, line 759]
Event: 0.360 Thread 0x00007f8c59808a00 Exception <a 'java/lang/NoSuchMethodError'{0x000000070f05a048}: 'int java.lang.invoke.DirectMethodHandle$Holder.invokeStaticInit(java.lang.Object, java.lang.Object, long, long)'> (0x000000070f05a048) 
thrown [src/hotspot/share/interpreter/linkResolver.cpp, line 759]
Event: 0.361 Thread 0x00007f8c59808a00 Exception <a 'java/lang/NoSuchMethodError'{0x000000070f060158}: 'java.lang.Object java.lang.invoke.DirectMethodHandle$Holder.newInvokeSpecial(java.lang.Object, java.lang.Object, long)'> (0x000000070f060158) 
thrown [src/hotspot/share/interpreter/linkResolver.cpp, line 759]
Event: 0.361 Thread 0x00007f8c59808a00 Exception <a 'java/lang/NoSuchMethodError'{0x000000070f0641a0}: 'java.lang.Object java.lang.invoke.Invokers$Holder.linkToTargetMethod(java.lang.Object, long, java.lang.Object)'> (0x000000070f0641a0) 
thrown [src/hotspot/share/interpreter/linkResolver.cpp, line 759]
Event: 0.362 Thread 0x00007f8c59808a00 Exception <a 'java/lang/NoSuchMethodError'{0x000000070f06b8b8}: 'int java.lang.invoke.DirectMethodHandle$Holder.invokeStaticInit(java.lang.Object, java.lang.Object, java.lang.Object, long)'> (0x000000070f06b8b8) 
thrown [src/hotspot/share/interpreter/linkResolver.cpp, line 759]
Event: 0.377 Thread 0x00007f8c59808a00 Exception <a 'sun/nio/fs/UnixException'{0x000000070f14f6c8}> (0x000000070f14f6c8) 
thrown [src/hotspot/share/prims/jni.cpp, line 516]
Event: 0.392 Thread 0x00007f8c59808a00 Exception <a 'sun/nio/fs/UnixException'{0x000000070f1f1258}> (0x000000070f1f1258) 
thrown [src/hotspot/share/prims/jni.cpp, line 516]
Event: 0.524 Thread 0x00007f8c59808a00 Exception <a 'sun/nio/fs/UnixException'{0x000000070ee44558}> (0x000000070ee44558) 
thrown [src/hotspot/share/prims/jni.cpp, line 516]
Event: 0.696 Thread 0x00007f8c59808a00 Exception <a 'sun/nio/fs/UnixException'{0x000000070ed01d98}> (0x000000070ed01d98) 
thrown [src/hotspot/share/prims/jni.cpp, line 516]

VM Operations (20 events):
Event: 0.088 Executing VM operation: ChangeBreakpoints
Event: 0.088 Executing VM operation: ChangeBreakpoints done
Event: 0.310 Executing VM operation: HandshakeAllThreads
Event: 0.310 Executing VM operation: HandshakeAllThreads done
Event: 0.322 Executing VM operation: HandshakeAllThreads
Event: 0.322 Executing VM operation: HandshakeAllThreads done
Event: 0.344 Executing VM operation: HandshakeAllThreads
Event: 0.344 Executing VM operation: HandshakeAllThreads done
Event: 0.955 Executing VM operation: G1CollectForAllocation
Event: 0.957 Executing VM operation: G1CollectForAllocation done
Event: 1.957 Executing VM operation: Cleanup
Event: 1.957 Executing VM operation: Cleanup done
Event: 4.959 Executing VM operation: Cleanup
Event: 4.959 Executing VM operation: Cleanup done
Event: 6.073 Executing VM operation: HandshakeAllThreads
Event: 6.073 Executing VM operation: HandshakeAllThreads done
Event: 6.073 Executing VM operation: Cleanup
Event: 6.073 Executing VM operation: Cleanup done
Event: 6.135 Executing VM operation: HandshakeAllThreads
Event: 6.135 Executing VM operation: HandshakeAllThreads done

Events (20 events):
Event: 6.142 loading class kotlin/collections/MapsKt___MapsJvmKt
Event: 6.142 loading class kotlin/collections/MapsKt___MapsJvmKt done
Event: 6.143 loading class kotlin/collections/MapsKt__MapsKt
Event: 6.143 loading class kotlin/collections/MapsKt__MapsKt done
Event: 6.143 loading class kotlin/collections/MapsKt__MapsJVMKt
Event: 6.143 loading class kotlin/collections/MapsKt__MapsJVMKt done
Event: 6.143 loading class kotlin/collections/MapsKt__MapWithDefaultKt
Event: 6.143 loading class kotlin/collections/MapsKt__MapWithDefaultKt done
Event: 6.144 loading class party/iroiro/luajava/AbstractLua$1
Event: 6.144 loading class party/iroiro/luajava/AbstractLua$1 done
Event: 6.144 loading class party/iroiro/luajava/LuaProxy
Event: 6.144 loading class party/iroiro/luajava/LuaProxy done
Event: 6.144 loading class party/iroiro/luajava/cleaner/LuaReference
Event: 6.144 loading class party/iroiro/luajava/cleaner/LuaReference done
Event: 6.145 loading class me/jraynor/os/Lua
Event: 6.145 loading class me/jraynor/os/Lua done
Event: 6.146 Thread 0x00007f8c57032200 Thread added: 0x00007f8c57032200
Event: 6.146 Protecting memory [0x00007000036c2000,0x00007000036c6000] with protection modes 0
Event: 6.146 loading class java/util/LinkedHashMap$LinkedKeySet
Event: 6.146 loading class java/util/LinkedHashMap$LinkedKeySet done


Dynamic libraries:
0x000000010b626000 	/Users/jraynor/Library/Java/JavaVirtualMachines/corretto-17.0.5/Contents/Home/lib/libjli.dylib
0x00007ff813dea000 	/usr/lib/libz.1.dylib
0x00007ff813eca000 	/usr/lib/libSystem.B.dylib
0x00007ff813ec5000 	/usr/lib/system/libcache.dylib
0x00007ff813e81000 	/usr/lib/system/libcommonCrypto.dylib
0x00007ff813eaa000 	/usr/lib/system/libcompiler_rt.dylib
0x00007ff813ea0000 	/usr/lib/system/libcopyfile.dylib
0x00007ff808e58000 	/usr/lib/system/libcorecrypto.dylib
0x00007ff808f16000 	/usr/lib/system/libdispatch.dylib
0x00007ff8090d6000 	/usr/lib/system/libdyld.dylib
0x00007ff813ebc000 	/usr/lib/system/libkeymgr.dylib
0x00007ff813e5f000 	/usr/lib/system/libmacho.dylib
0x00007ff8134e0000 	/usr/lib/system/libquarantine.dylib
0x00007ff813eba000 	/usr/lib/system/libremovefile.dylib
0x00007ff80e06b000 	/usr/lib/system/libsystem_asl.dylib
0x00007ff808e01000 	/usr/lib/system/libsystem_blocks.dylib
0x00007ff808f9a000 	/usr/lib/system/libsystem_c.dylib
0x00007ff813eb2000 	/usr/lib/system/libsystem_collections.dylib
0x00007ff812794000 	/usr/lib/system/libsystem_configuration.dylib
0x00007ff811a3d000 	/usr/lib/system/libsystem_containermanager.dylib
0x00007ff813b97000 	/usr/lib/system/libsystem_coreservices.dylib
0x00007ff80b70c000 	/usr/lib/system/libsystem_darwin.dylib
0x00007ff813ebd000 	/usr/lib/system/libsystem_dnssd.dylib
0x00007ff808f97000 	/usr/lib/system/libsystem_featureflags.dylib
0x00007ff8090ec000 	/usr/lib/system/libsystem_info.dylib
0x00007ff813dfd000 	/usr/lib/system/libsystem_m.dylib
0x00007ff808eea000 	/usr/lib/system/libsystem_malloc.dylib
0x00007ff80e006000 	/usr/lib/system/libsystem_networkextension.dylib
0x00007ff80bb32000 	/usr/lib/system/libsystem_notify.dylib
0x00007ff81a13a000 	/usr/lib/system/libsystem_product_info_filter.dylib
0x00007ff812798000 	/usr/lib/system/libsystem_sandbox.dylib
0x00007ff813eb7000 	/usr/lib/system/libsystem_secinit.dylib
0x00007ff809092000 	/usr/lib/system/libsystem_kernel.dylib
0x00007ff8090e2000 	/usr/lib/system/libsystem_platform.dylib
0x00007ff8090ca000 	/usr/lib/system/libsystem_pthread.dylib
0x00007ff80f8b9000 	/usr/lib/system/libsystem_symptoms.dylib
0x00007ff808e3f000 	/usr/lib/system/libsystem_trace.dylib
0x00007ff813e8d000 	/usr/lib/system/libunwind.dylib
0x00007ff808e03000 	/usr/lib/system/libxpc.dylib
0x00007ff80907c000 	/usr/lib/libc++abi.dylib
0x00007ff808f5d000 	/usr/lib/libobjc.A.dylib
0x00007ff813e98000 	/usr/lib/liboah.dylib
0x00007ff809023000 	/usr/lib/libc++.1.dylib
0x00007ff81ff3c000 	/System/Library/Frameworks/Cocoa.framework/Versions/A/Cocoa
0x00007ff80bb90000 	/System/Library/Frameworks/AppKit.framework/Versions/C/AppKit
0x00007ff80f0a7000 	/System/Library/Frameworks/CoreData.framework/Versions/A/CoreData
0x00007ff809f93000 	/System/Library/Frameworks/Foundation.framework/Versions/C/Foundation
0x00007ff80ca20000 	/System/Library/PrivateFrameworks/UIFoundation.framework/Versions/A/UIFoundation
0x00007ff819e3d000 	/System/Library/PrivateFrameworks/RemoteViewServices.framework/Versions/A/RemoteViewServices
0x00007ff81211e000 	/System/Library/PrivateFrameworks/XCTTargetBootstrap.framework/Versions/A/XCTTargetBootstrap
0x00007ff815cd3000 	/System/Library/PrivateFrameworks/InternationalSupport.framework/Versions/A/InternationalSupport
0x00007ff815d5d000 	/System/Library/PrivateFrameworks/UserActivity.framework/Versions/A/UserActivity
0x00007ff8150b1000 	/usr/lib/libspindump.dylib
0x00007ff80ccaf000 	/System/Library/Frameworks/UniformTypeIdentifiers.framework/Versions/A/UniformTypeIdentifiers
0x00007ff810842000 	/usr/lib/libapp_launch_measurement.dylib
0x00007ff80fa79000 	/System/Library/PrivateFrameworks/CoreAnalytics.framework/Versions/A/CoreAnalytics
0x00007ff810845000 	/System/Library/PrivateFrameworks/CoreAutoLayout.framework/Versions/A/CoreAutoLayout
0x00007ff811a75000 	/System/Library/Frameworks/Metal.framework/Versions/A/Metal
0x00007ff8127a4000 	/usr/lib/liblangid.dylib
0x00007ff812123000 	/System/Library/PrivateFrameworks/CoreSVG.framework/Versions/A/CoreSVG
0x00007ff80e09b000 	/System/Library/PrivateFrameworks/SkyLight.framework/Versions/A/SkyLight
0x00007ff80e43a000 	/System/Library/Frameworks/CoreGraphics.framework/Versions/A/CoreGraphics
0x00007ff81a4fd000 	/System/Library/Frameworks/Accelerate.framework/Versions/A/Accelerate
0x00007ff814b30000 	/System/Library/PrivateFrameworks/IconServices.framework/Versions/A/IconServices
0x00007ff811a5a000 	/System/Library/Frameworks/IOSurface.framework/Versions/A/IOSurface
0x00007ff80faa7000 	/usr/lib/libDiagnosticMessagesClient.dylib
0x00007ff81dbe0000 	/System/Library/Frameworks/ApplicationServices.framework/Versions/A/ApplicationServices
0x00007ff81210a000 	/System/Library/PrivateFrameworks/DFRFoundation.framework/Versions/A/DFRFoundation
0x00007ff80b478000 	/usr/lib/libicucore.A.dylib
0x00007ff816ac9000 	/System/Library/Frameworks/AudioToolbox.framework/Versions/A/AudioToolbox
0x00007ff815cdf000 	/System/Library/PrivateFrameworks/DataDetectorsCore.framework/Versions/A/DataDetectorsCore
0x00007ff9121da000 	/System/Library/PrivateFrameworks/TextInput.framework/Versions/A/TextInput
0x00007ff80e01e000 	/usr/lib/libMobileGestalt.dylib
0x00007ff811e16000 	/System/Library/Frameworks/Carbon.framework/Versions/A/Frameworks/HIToolbox.framework/Versions/A/HIToolbox
0x00007ff810244000 	/System/Library/Frameworks/QuartzCore.framework/Versions/A/QuartzCore
0x00007ff80b11d000 	/System/Library/Frameworks/Security.framework/Versions/A/Security
0x00007ff819e75000 	/System/Library/Frameworks/Carbon.framework/Versions/A/Frameworks/SpeechRecognition.framework/Versions/A/SpeechRecognition
0x00007ff8105a2000 	/System/Library/PrivateFrameworks/CoreUI.framework/Versions/A/CoreUI
0x00007ff80a9e7000 	/System/Library/Frameworks/CoreAudio.framework/Versions/A/CoreAudio
0x00007ff80fb96000 	/System/Library/Frameworks/DiskArbitration.framework/Versions/A/DiskArbitration
0x00007ff81549f000 	/System/Library/PrivateFrameworks/MultitouchSupport.framework/Versions/A/MultitouchSupport
0x00007ff80e01d000 	/usr/lib/libenergytrace.dylib
0x00007ff80ba7c000 	/System/Library/Frameworks/IOKit.framework/Versions/A/IOKit
0x00007ff81a265000 	/System/Library/Frameworks/CoreServices.framework/Versions/A/CoreServices
0x00007ff8107dc000 	/System/Library/PrivateFrameworks/PerformanceAnalysis.framework/Versions/A/PerformanceAnalysis
0x00007ffa21ebc000 	/System/Library/Frameworks/OpenGL.framework/Versions/A/OpenGL
0x00007ff813406000 	/System/Library/PrivateFrameworks/MobileKeyBag.framework/Versions/A/MobileKeyBag
0x00007ff80eb06000 	/System/Library/Frameworks/ColorSync.framework/Versions/A/ColorSync
0x00007ff809117000 	/System/Library/Frameworks/CoreFoundation.framework/Versions/A/CoreFoundation
0x00007ff81239a000 	/System/Library/Frameworks/CoreImage.framework/Versions/A/CoreImage
0x00007ff80a7fb000 	/System/Library/Frameworks/CoreText.framework/Versions/A/CoreText
0x00007ff812153000 	/System/Library/Frameworks/ImageIO.framework/Versions/A/ImageIO
0x00007ff813ed0000 	/System/Library/PrivateFrameworks/SoftLinking.framework/Versions/A/SoftLinking
0x00007ff81088d000 	/usr/lib/libxml2.2.dylib
0x00007ff814154000 	/usr/lib/libcompression.dylib
0x00007ff815c06000 	/System/Library/PrivateFrameworks/TextureIO.framework/Versions/A/TextureIO
0x00007ff814842000 	/usr/lib/libate.dylib
0x00007ff81461e000 	/usr/lib/liblzma.5.dylib
0x00007ff809ca5000 	/System/Library/Frameworks/SystemConfiguration.framework/Versions/A/SystemConfiguration
0x00007ff813ecc000 	/usr/lib/libfakelink.dylib
0x00007ff80db76000 	/System/Library/Frameworks/CFNetwork.framework/Versions/A/CFNetwork
0x00007ff81400d000 	/usr/lib/libarchive.2.dylib
0x00007ff8127a0000 	/System/Library/PrivateFrameworks/AppleSystemInfo.framework/Versions/A/AppleSystemInfo
0x00007ff813507000 	/usr/lib/libbsm.0.dylib
0x00007ff80d185000 	/usr/lib/libnetwork.dylib
0x00007ff813e65000 	/usr/lib/system/libkxld.dylib
0x00007ff81313a000 	/System/Library/PrivateFrameworks/IOMobileFramebuffer.framework/Versions/A/IOMobileFramebuffer
0x00007ffb2188b000 	/usr/lib/libCoreEntitlements.dylib
0x00007ff813b79000 	/System/Library/PrivateFrameworks/AppleFSCompression.framework/Versions/A/AppleFSCompression
0x00007ff8134ef000 	/usr/lib/libcoretls.dylib
0x00007ff814638000 	/usr/lib/libcoretls_cfhelpers.dylib
0x00007ff81414f000 	/usr/lib/libpam.2.dylib
0x00007ff80f4d8000 	/usr/lib/libsqlite3.dylib
0x00007ff8146a7000 	/usr/lib/libxar.1.dylib
0x00007ff813b89000 	/usr/lib/libbz2.1.0.dylib
0x00007ff813ed1000 	/usr/lib/libpcap.A.dylib
0x00007ff80f8b1000 	/usr/lib/libdns_services.dylib
0x00007ff81411f000 	/usr/lib/libapple_nghttp2.dylib
0x00007ff813f0b000 	/usr/lib/libiconv.2.dylib
0x00007ff813e5e000 	/usr/lib/libcharset.1.dylib
0x00007ff810810000 	/System/Library/Frameworks/CoreServices.framework/Versions/A/Frameworks/FSEvents.framework/Versions/A/FSEvents
0x00007ff80b716000 	/System/Library/Frameworks/CoreServices.framework/Versions/A/Frameworks/CarbonCore.framework/Versions/A/CarbonCore
0x00007ff80fafa000 	/System/Library/Frameworks/CoreServices.framework/Versions/A/Frameworks/Metadata.framework/Versions/A/Metadata
0x00007ff813b9c000 	/System/Library/Frameworks/CoreServices.framework/Versions/A/Frameworks/OSServices.framework/Versions/A/OSServices
0x00007ff814094000 	/System/Library/Frameworks/CoreServices.framework/Versions/A/Frameworks/SearchKit.framework/Versions/A/SearchKit
0x00007ff80f843000 	/System/Library/Frameworks/CoreServices.framework/Versions/A/Frameworks/AE.framework/Versions/A/AE
0x00007ff80961a000 	/System/Library/Frameworks/CoreServices.framework/Versions/A/Frameworks/LaunchServices.framework/Versions/A/LaunchServices
0x00007ff8145cf000 	/System/Library/Frameworks/CoreServices.framework/Versions/A/Frameworks/DictionaryServices.framework/Versions/A/DictionaryServices
0x00007ff81081d000 	/System/Library/Frameworks/CoreServices.framework/Versions/A/Frameworks/SharedFileList.framework/Versions/A/SharedFileList
0x00007ff8134e3000 	/usr/lib/libCheckFix.dylib
0x00007ff80e082000 	/System/Library/PrivateFrameworks/TCC.framework/Versions/A/TCC
0x00007ff8127a6000 	/System/Library/PrivateFrameworks/CoreNLP.framework/Versions/A/CoreNLP
0x00007ff80faaa000 	/System/Library/PrivateFrameworks/MetadataUtilities.framework/Versions/A/MetadataUtilities
0x00007ff809d56000 	/usr/lib/libmecabra.dylib
0x00007ff813517000 	/usr/lib/libmecab.dylib
0x00007ff809d21000 	/usr/lib/libCRFSuite.dylib
0x00007ff813571000 	/usr/lib/libgermantok.dylib
0x00007ff8140fa000 	/usr/lib/libThaiTokenizer.dylib
0x00007ff80fb9d000 	/System/Library/Frameworks/Accelerate.framework/Versions/A/Frameworks/vImage.framework/Versions/A/vImage
0x00007ff81a23c000 	/System/Library/Frameworks/Accelerate.framework/Versions/A/Frameworks/vecLib.framework/Versions/A/vecLib
0x00007ff8146e8000 	/System/Library/Frameworks/Accelerate.framework/Versions/A/Frameworks/vecLib.framework/Versions/A/libvMisc.dylib
0x00007ff812f65000 	/System/Library/Frameworks/Accelerate.framework/Versions/A/Frameworks/vecLib.framework/Versions/A/libvDSP.dylib
0x00007ff809995000 	/System/Library/Frameworks/Accelerate.framework/Versions/A/Frameworks/vecLib.framework/Versions/A/libBLAS.dylib
0x00007ff814231000 	/System/Library/Frameworks/Accelerate.framework/Versions/A/Frameworks/vecLib.framework/Versions/A/libLAPACK.dylib
0x00007ff813574000 	/System/Library/Frameworks/Accelerate.framework/Versions/A/Frameworks/vecLib.framework/Versions/A/libLinearAlgebra.dylib
0x00007ff814137000 	/System/Library/Frameworks/Accelerate.framework/Versions/A/Frameworks/vecLib.framework/Versions/A/libSparseBLAS.dylib
0x00007ff81422b000 	/System/Library/Frameworks/Accelerate.framework/Versions/A/Frameworks/vecLib.framework/Versions/A/libQuadrature.dylib
0x00007ff812891000 	/System/Library/Frameworks/Accelerate.framework/Versions/A/Frameworks/vecLib.framework/Versions/A/libBNNS.dylib
0x00007ff809c2f000 	/System/Library/Frameworks/Accelerate.framework/Versions/A/Frameworks/vecLib.framework/Versions/A/libSparse.dylib
0x00007ff81288a000 	/System/Library/PrivateFrameworks/LinguisticData.framework/Versions/A/LinguisticData
0x00007ff809be5000 	/System/Library/PrivateFrameworks/Lexicon.framework/Versions/A/Lexicon
0x00007ff8146e1000 	/usr/lib/libChineseTokenizer.dylib
0x00007ff80a350000 	/System/Library/PrivateFrameworks/LanguageModeling.framework/Versions/A/LanguageModeling
0x00007ff8140fc000 	/System/Library/PrivateFrameworks/AppleSauce.framework/Versions/A/AppleSauce
0x00007ff813128000 	/System/Library/PrivateFrameworks/CoreEmoji.framework/Versions/A/CoreEmoji
0x00007ff813ffc000 	/usr/lib/libcmph.dylib
0x00007ff8107f4000 	/System/Library/Frameworks/OpenDirectory.framework/Versions/A/Frameworks/CFOpenDirectory.framework/Versions/A/CFOpenDirectory
0x00007ff8107e8000 	/System/Library/Frameworks/OpenDirectory.framework/Versions/A/OpenDirectory
0x00007ff81463a000 	/System/Library/PrivateFrameworks/APFS.framework/Versions/A/APFS
0x00007ff81343e000 	/System/Library/Frameworks/SecurityFoundation.framework/Versions/A/SecurityFoundation
0x00007ff8146b5000 	/usr/lib/libutil.dylib
0x00007ff80ba40000 	/System/Library/PrivateFrameworks/CoreServicesStore.framework/Versions/A/CoreServicesStore
0x00007ff8146b9000 	/usr/lib/libxslt.1.dylib
0x00007ff8134cb000 	/System/Library/PrivateFrameworks/BackgroundTaskManagement.framework/Versions/A/BackgroundTaskManagement
0x00007ff815b26000 	/System/Library/Frameworks/ImageIO.framework/Versions/A/Resources/libRadiance.dylib
0x00007ff815b2f000 	/System/Library/Frameworks/ImageIO.framework/Versions/A/Resources/libJPEG.dylib
0x00007ff815a7e000 	/System/Library/Frameworks/ImageIO.framework/Versions/A/Resources/libPng.dylib
0x00007ff815a9f000 	/System/Library/Frameworks/ImageIO.framework/Versions/A/Resources/libTIFF.dylib
0x00007ff815b8f000 	/System/Library/Frameworks/ImageIO.framework/Versions/A/Resources/libGIF.dylib
0x00007ff8153b9000 	/System/Library/Frameworks/ImageIO.framework/Versions/A/Resources/libJP2.dylib
0x00007ff814af7000 	/usr/lib/libexpat.1.dylib
0x00007ff81536e000 	/System/Library/PrivateFrameworks/AppleJPEG.framework/Versions/A/AppleJPEG
0x00007ff811cda000 	/System/Library/PrivateFrameworks/FontServices.framework/libFontParser.dylib
0x00007ff80f7ed000 	/System/Library/PrivateFrameworks/RunningBoardServices.framework/Versions/A/RunningBoardServices
0x00007ff8204f7000 	/System/Library/PrivateFrameworks/IOSurfaceAccelerator.framework/Versions/A/IOSurfaceAccelerator
0x00007ff81549b000 	/System/Library/PrivateFrameworks/WatchdogClient.framework/Versions/A/WatchdogClient
0x00007ff80a43e000 	/System/Library/Frameworks/CoreDisplay.framework/Versions/A/CoreDisplay
0x00007ff811bd8000 	/System/Library/Frameworks/CoreMedia.framework/Versions/A/CoreMedia
0x00007ff811a6c000 	/System/Library/PrivateFrameworks/IOAccelerator.framework/Versions/A/IOAccelerator
0x00007ff810971000 	/System/Library/Frameworks/CoreVideo.framework/Versions/A/CoreVideo
0x00007ff81414d000 	/System/Library/Frameworks/MetalPerformanceShaders.framework/Versions/A/MetalPerformanceShaders
0x00007ff8154d8000 	/System/Library/Frameworks/VideoToolbox.framework/Versions/A/VideoToolbox
0x00007ff80f737000 	/System/Library/PrivateFrameworks/BaseBoard.framework/Versions/A/BaseBoard
0x00007ff80f4be000 	/System/Library/PrivateFrameworks/ProtocolBuffer.framework/Versions/A/ProtocolBuffer
0x00007ff815b1f000 	/System/Library/PrivateFrameworks/GPUWrangler.framework/Versions/A/GPUWrangler
0x00007ff815b03000 	/System/Library/PrivateFrameworks/IOPresentment.framework/Versions/A/IOPresentment
0x00007ff815b29000 	/System/Library/PrivateFrameworks/DSExternalDisplay.framework/Versions/A/DSExternalDisplay
0x00007ffa21eb0000 	/System/Library/Frameworks/OpenGL.framework/Versions/A/Libraries/libCoreFSCache.dylib
0x00007ffb0ef87000 	/System/Library/PrivateFrameworks/GPUCompiler.framework/Versions/31001/Libraries/libGPUCompilerUtils.dylib
0x00007ff815b94000 	/System/Library/PrivateFrameworks/CMCaptureCore.framework/Versions/A/CMCaptureCore
0x00007ff81509f000 	/System/Library/PrivateFrameworks/AppServerSupport.framework/Versions/A/AppServerSupport
0x00007ff817362000 	/System/Library/PrivateFrameworks/perfdata.framework/Versions/A/perfdata
0x00007ff80a56a000 	/System/Library/PrivateFrameworks/AudioToolboxCore.framework/Versions/A/AudioToolboxCore
0x00007ff811bb6000 	/System/Library/PrivateFrameworks/caulk.framework/Versions/A/caulk
0x00007ff816c74000 	/usr/lib/libAudioStatistics.dylib
0x00007ff90e968000 	/System/Library/PrivateFrameworks/SystemPolicy.framework/Versions/A/SystemPolicy
0x00007ff816ecf000 	/usr/lib/libSMC.dylib
0x00007ff81fdef000 	/System/Library/Frameworks/CoreMIDI.framework/Versions/A/CoreMIDI
0x00007ff815a4d000 	/usr/lib/libAudioToolboxUtility.dylib
0x00007ff90ab94000 	/System/Library/PrivateFrameworks/OSAServicesClient.framework/Versions/A/OSAServicesClient
0x00007ff81736f000 	/usr/lib/libperfcheck.dylib
0x00007ff90f415000 	/usr/lib/libmis.dylib
0x00007ffa21f0b000 	/System/Library/Frameworks/OpenGL.framework/Versions/A/Libraries/libGLU.dylib
0x00007ffa21ecf000 	/System/Library/Frameworks/OpenGL.framework/Versions/A/Libraries/libGFXShared.dylib
0x00007ffa220d8000 	/System/Library/Frameworks/OpenGL.framework/Versions/A/Libraries/libGL.dylib
0x00007ffa21ed8000 	/System/Library/Frameworks/OpenGL.framework/Versions/A/Libraries/libGLImage.dylib
0x00007ffa21ecc000 	/System/Library/Frameworks/OpenGL.framework/Versions/A/Libraries/libCVMSPluginSupport.dylib
0x00007ffa21eb7000 	/System/Library/Frameworks/OpenGL.framework/Versions/A/Libraries/libCoreVMClient.dylib
0x00007ff812722000 	/System/Library/Frameworks/MetalPerformanceShaders.framework/Versions/A/Frameworks/MPSCore.framework/Versions/A/MPSCore
0x00007ff813ae4000 	/System/Library/Frameworks/MetalPerformanceShaders.framework/Versions/A/Frameworks/MPSImage.framework/Versions/A/MPSImage
0x00007ff81358a000 	/System/Library/Frameworks/MetalPerformanceShaders.framework/Versions/A/Frameworks/MPSNeuralNetwork.framework/Versions/A/MPSNeuralNetwork
0x00007ff8139fe000 	/System/Library/Frameworks/MetalPerformanceShaders.framework/Versions/A/Frameworks/MPSMatrix.framework/Versions/A/MPSMatrix
0x00007ff8137b9000 	/System/Library/Frameworks/MetalPerformanceShaders.framework/Versions/A/Frameworks/MPSRayIntersector.framework/Versions/A/MPSRayIntersector
0x00007ff813a36000 	/System/Library/Frameworks/MetalPerformanceShaders.framework/Versions/A/Frameworks/MPSNDArray.framework/Versions/A/MPSNDArray
0x00007ffa27990000 	/System/Library/Frameworks/MetalPerformanceShaders.framework/Versions/A/Frameworks/MPSFunctions.framework/Versions/A/MPSFunctions
0x00007ff809871000 	/System/Library/PrivateFrameworks/MetalTools.framework/Versions/A/MetalTools
0x00007ff81279e000 	/System/Library/PrivateFrameworks/AggregateDictionary.framework/Versions/A/AggregateDictionary
0x00007ff8148d9000 	/usr/lib/libIOReport.dylib
0x00007ffa234e7000 	/System/Library/Frameworks/OpenCL.framework/Versions/A/OpenCL
0x00007ff814c3d000 	/System/Library/PrivateFrameworks/FaceCore.framework/Versions/A/FaceCore
0x00007ff814c2e000 	/System/Library/PrivateFrameworks/GraphVisualizer.framework/Versions/A/GraphVisualizer
0x00007ffb0ee92000 	/System/Library/PrivateFrameworks/FontServices.framework/Versions/A/FontServices
0x00007ff815057000 	/System/Library/PrivateFrameworks/OTSVG.framework/Versions/A/OTSVG
0x00007ff810557000 	/System/Library/Frameworks/ApplicationServices.framework/Versions/A/Frameworks/ATS.framework/Versions/A/Resources/libFontRegistry.dylib
0x00007ff8150a7000 	/System/Library/PrivateFrameworks/FontServices.framework/libhvf.dylib
0x00007ffb0ee93000 	/System/Library/PrivateFrameworks/FontServices.framework/libXTFontStaticRegistryData.dylib
0x00007ff814aa7000 	/System/Library/PrivateFrameworks/AppleVA.framework/Versions/A/AppleVA
0x00007ff816c94000 	/System/Library/Frameworks/ApplicationServices.framework/Versions/A/Frameworks/ATS.framework/Versions/A/ATS
0x00007ff80ec04000 	/System/Library/Frameworks/ApplicationServices.framework/Versions/A/Frameworks/HIServices.framework/Versions/A/HIServices
0x00007ff815b9e000 	/System/Library/Frameworks/ApplicationServices.framework/Versions/A/Frameworks/PrintCore.framework/Versions/A/PrintCore
0x00007ff817022000 	/System/Library/Frameworks/ApplicationServices.framework/Versions/A/Frameworks/QD.framework/Versions/A/QD
0x00007ff81701a000 	/System/Library/Frameworks/ApplicationServices.framework/Versions/A/Frameworks/ColorSyncLegacy.framework/Versions/A/ColorSyncLegacy
0x00007ff816c84000 	/System/Library/Frameworks/ApplicationServices.framework/Versions/A/Frameworks/SpeechSynthesis.framework/Versions/A/SpeechSynthesis
0x00007ff815b5f000 	/System/Library/Frameworks/ApplicationServices.framework/Versions/A/Frameworks/ATSUI.framework/Versions/A/ATSUI
0x00007ff816faf000 	/usr/lib/libcups.2.dylib
0x00007ff81737e000 	/System/Library/Frameworks/Kerberos.framework/Versions/A/Kerberos
0x00007ff81738d000 	/System/Library/Frameworks/GSS.framework/Versions/A/GSS
0x00007ff816d00000 	/usr/lib/libresolv.9.dylib
0x00007ff8150b6000 	/System/Library/PrivateFrameworks/Heimdal.framework/Versions/A/Heimdal
0x00007ff81df72000 	/System/Library/Frameworks/Kerberos.framework/Versions/A/Libraries/libHeimdalProxy.dylib
0x00007ff80f8c1000 	/System/Library/Frameworks/Network.framework/Versions/A/Network
0x00007ff814b11000 	/usr/lib/libheimdal-asn1.dylib
0x00007ff8173d8000 	/System/Library/PrivateFrameworks/CommonAuth.framework/Versions/A/CommonAuth
0x00007ff816c06000 	/System/Library/PrivateFrameworks/AudioSession.framework/Versions/A/AudioSession
0x00007ff814ba1000 	/System/Library/PrivateFrameworks/MediaExperience.framework/Versions/A/MediaExperience
0x00007ff816a98000 	/System/Library/PrivateFrameworks/AudioSession.framework/libSessionUtility.dylib
0x00007ff81702e000 	/System/Library/PrivateFrameworks/AudioResourceArbitration.framework/Versions/A/AudioResourceArbitration
0x00007ff81b0af000 	/System/Library/PrivateFrameworks/PowerLog.framework/Versions/A/PowerLog
0x00007ff814b1a000 	/System/Library/PrivateFrameworks/IconFoundation.framework/Versions/A/IconFoundation
0x00007ff819e65000 	/System/Library/PrivateFrameworks/SpeechRecognitionCore.framework/Versions/A/SpeechRecognitionCore
0x000000010c8ce000 	/Users/jraynor/Library/Java/JavaVirtualMachines/corretto-17.0.5/Contents/Home/lib/server/libjvm.dylib
0x000000010b660000 	/Users/jraynor/Library/Java/JavaVirtualMachines/corretto-17.0.5/Contents/Home/lib/libjimage.dylib
0x000000010b7a7000 	/Users/jraynor/Library/Java/JavaVirtualMachines/corretto-17.0.5/Contents/Home/lib/libjdwp.dylib
0x000000010b69e000 	/Users/jraynor/Library/Java/JavaVirtualMachines/corretto-17.0.5/Contents/Home/lib/libjava.dylib
0x000000010b683000 	/Users/jraynor/Library/Java/JavaVirtualMachines/corretto-17.0.5/Contents/Home/lib/libinstrument.dylib
0x000000010b6ce000 	/Users/jraynor/Library/Java/JavaVirtualMachines/corretto-17.0.5/Contents/Home/lib/libzip.dylib
0x000000010c294000 	/Users/jraynor/Library/Java/JavaVirtualMachines/corretto-17.0.5/Contents/Home/lib/libdt_socket.dylib
0x000000010c2bf000 	/Users/jraynor/Library/Java/JavaVirtualMachines/corretto-17.0.5/Contents/Home/lib/libnio.dylib
0x000000010c2f9000 	/Users/jraynor/Library/Java/JavaVirtualMachines/corretto-17.0.5/Contents/Home/lib/libnet.dylib
0x000000010c2db000 	/Users/jraynor/Library/Java/JavaVirtualMachines/corretto-17.0.5/Contents/Home/lib/libverify.dylib
0x000000010c352000 	/private/var/folders/zc/rm57cwyj3f3230jhc6243rc40000gn/T/lwjgljraynor/3.3.1-build-7/liblwjgl.dylib
0x000000010c38b000 	/private/var/folders/zc/rm57cwyj3f3230jhc6243rc40000gn/T/lwjgljraynor/3.3.1-build-7/libglfw.dylib
0x00007ff80ba02000 	/System/Library/PrivateFrameworks/CoreServicesInternal.framework/Versions/A/CoreServicesInternal
0x00007ff81b6a0000 	/System/Library/Frameworks/FileProvider.framework/Versions/A/FileProvider
0x00007ff80f6a4000 	/System/Library/Frameworks/Accounts.framework/Versions/A/Accounts
0x00007ff81b819000 	/System/Library/PrivateFrameworks/GenerationalStorage.framework/Versions/A/GenerationalStorage
0x00007ff81c329000 	/System/Library/PrivateFrameworks/CoreSymbolication.framework/Versions/A/CoreSymbolication
0x00007ff81b0a4000 	/System/Library/PrivateFrameworks/SymptomDiagnosticReporter.framework/Versions/A/SymptomDiagnosticReporter
0x00007ff80ccc3000 	/System/Library/PrivateFrameworks/DesktopServicesPriv.framework/Versions/A/DesktopServicesPriv
0x00007ff80bb41000 	/usr/lib/libsandbox.1.dylib
0x00007ff8109f0000 	/System/Library/PrivateFrameworks/UserManagement.framework/Versions/A/UserManagement
0x00007ff81c2ee000 	/System/Library/PrivateFrameworks/DebugSymbols.framework/Versions/A/DebugSymbols
0x00007ff81700f000 	/System/Library/PrivateFrameworks/NetAuth.framework/Versions/A/NetAuth
0x00007ff817f1e000 	/System/Library/PrivateFrameworks/Sharing.framework/Versions/A/Sharing
0x00007ff8109c3000 	/System/Library/PrivateFrameworks/login.framework/Versions/A/Frameworks/loginsupport.framework/Versions/A/loginsupport
0x00007ff81d48c000 	/System/Library/PrivateFrameworks/Apple80211.framework/Versions/A/Apple80211
0x00007ff813bc9000 	/System/Library/PrivateFrameworks/AuthKit.framework/Versions/A/AuthKit
0x00007ff81321e000 	/System/Library/PrivateFrameworks/CoreUtils.framework/Versions/A/CoreUtils
0x00007ff813145000 	/System/Library/Frameworks/CoreWLAN.framework/Versions/A/CoreWLAN
0x00007ff81807d000 	/System/Library/Frameworks/IOBluetooth.framework/Versions/A/IOBluetooth
0x00007ff81d4f4000 	/System/Library/PrivateFrameworks/CoreWiFi.framework/Versions/A/CoreWiFi
0x00007ff81bec3000 	/System/Library/PrivateFrameworks/FrontBoardServices.framework/Versions/A/FrontBoardServices
0x00007ff81bf54000 	/System/Library/PrivateFrameworks/BoardServices.framework/Versions/A/BoardServices
0x00007ff81342d000 	/System/Library/PrivateFrameworks/AssertionServices.framework/Versions/A/AssertionServices
0x00007ff81d677000 	/System/Library/PrivateFrameworks/BackBoardServices.framework/Versions/A/BackBoardServices
0x00007ff817469000 	/System/Library/PrivateFrameworks/CorePhoneNumbers.framework/Versions/A/CorePhoneNumbers
0x00007ff816d2d000 	/System/Library/PrivateFrameworks/MultiverseSupport.framework/Versions/A/MultiverseSupport
0x00007ff81d8eb000 	/System/Library/PrivateFrameworks/RemoteServiceDiscovery.framework/Versions/A/RemoteServiceDiscovery
0x00007ff81b1c1000 	/System/Library/PrivateFrameworks/DiskManagement.framework/Versions/A/DiskManagement
0x00007ff81b0d5000 	/System/Library/PrivateFrameworks/AppleIDAuthSupport.framework/Versions/A/AppleIDAuthSupport
0x00007ffb0980d000 	/System/Library/PrivateFrameworks/AAAFoundation.framework/Versions/A/AAAFoundation
0x00007ff81744a000 	/System/Library/PrivateFrameworks/KeychainCircle.framework/Versions/A/KeychainCircle
0x00007ff81d8fb000 	/System/Library/PrivateFrameworks/RemoteXPC.framework/Versions/A/RemoteXPC
0x00007ff81b18d000 	/System/Library/PrivateFrameworks/MediaKit.framework/Versions/A/MediaKit
0x00007ff81b0e1000 	/System/Library/Frameworks/DiscRecording.framework/Versions/A/DiscRecording
0x00007ff814a1f000 	/usr/lib/libCoreStorage.dylib
0x00007ff81d966000 	/usr/lib/libcsfde.dylib
0x00007ff81814a000 	/System/Library/PrivateFrameworks/ProtectedCloudStorage.framework/Versions/A/ProtectedCloudStorage
0x00007ff81d962000 	/System/Library/PrivateFrameworks/EFILogin.framework/Versions/A/EFILogin
0x00007ff81b83f000 	/System/Library/PrivateFrameworks/OctagonTrust.framework/Versions/A/OctagonTrust
0x00007ffb0e0f5000 	/System/Library/PrivateFrameworks/CoreUtilsExtras.framework/Versions/A/CoreUtilsExtras
0x00007ff81b008000 	/System/Library/Frameworks/CoreBluetooth.framework/Versions/A/CoreBluetooth
0x00007ff81dff7000 	/System/Library/Frameworks/AudioUnit.framework/Versions/A/AudioUnit
0x00007ff814a17000 	/usr/lib/libMatch.1.dylib
0x00007ff8106e8000 	/System/Library/PrivateFrameworks/ViewBridge.framework/Versions/A/ViewBridge
0x000000010c692000 	/usr/lib/libobjc-trampolines.dylib
0x00007ff913a39000 	/System/Library/Frameworks/Accelerate.framework/Versions/A/Frameworks/vImage.framework/Versions/A/Libraries/libCGInterfaces.dylib
0x00007ff81516d000 	/System/Library/PrivateFrameworks/login.framework/Versions/A/login
0x00007ffa220e3000 	/System/Library/Frameworks/OpenGL.framework/Versions/A/Resources/GLEngine.bundle/GLEngine
0x00007ffa21f49000 	/System/Library/Frameworks/OpenGL.framework/Versions/A/Libraries/libGLProgrammability.dylib
0x00007ffa16f5f000 	/System/Library/Extensions/AppleIntelKBLGraphicsGLDriver.bundle/Contents/MacOS/AppleIntelKBLGraphicsGLDriver
0x00007ff9195b0000 	/System/Library/PrivateFrameworks/GPUSupport.framework/Versions/A/Libraries/libGPUSupportMercury.dylib
0x000000012f45e000 	/System/Library/Extensions/AMDRadeonX4000GLDriver.bundle/Contents/MacOS/AMDRadeonX4000GLDriver
0x00007ffa25a63000 	/System/Library/Extensions/AMDRadeonX4000GLDriver.bundle/Contents/MacOS/ATIRadeonX4000SCLib.dylib
0x00007ffa15623000 	/System/Library/Extensions/AMDShared.bundle/Contents/PlugIns/libSC.dylib
0x00007ffa2226d000 	/System/Library/Frameworks/OpenGL.framework/Versions/A/Resources/GLRendererFloat.bundle/GLRendererFloat
0x000000010c808000 	/private/var/folders/zc/rm57cwyj3f3230jhc6243rc40000gn/T/lwjgljraynor/3.3.1-build-7/liblwjgl_opengl.dylib
0x00007ffb2197a000 	/usr/lib/libRosetta.dylib
0x000000013bcdb000 	/private/var/folders/zc/rm57cwyj3f3230jhc6243rc40000gn/T/imgui-java-natives_1683862056110/libimgui-java64.dylib
0x00007ff81a581000 	/System/Library/PrivateFrameworks/SystemAdministration.framework/Versions/A/SystemAdministration
0x00007ff815dc8000 	/System/Library/Frameworks/MediaToolbox.framework/Versions/A/MediaToolbox
0x00007ff819e31000 	/System/Library/Frameworks/DirectoryService.framework/Versions/A/DirectoryService
0x00007ff81d803000 	/System/Library/PrivateFrameworks/DiskImages.framework/Versions/A/DiskImages
0x00007ff8134d5000 	/System/Library/Frameworks/ServiceManagement.framework/Versions/A/ServiceManagement
0x00007ff81d9e0000 	/System/Library/PrivateFrameworks/LoginUIKit.framework/Versions/A/Frameworks/LoginUICore.framework/Versions/A/LoginUICore
0x00007ff815316000 	/usr/lib/libodfde.dylib
0x00007ff81b670000 	/System/Library/PrivateFrameworks/CoreAVCHD.framework/Versions/A/CoreAVCHD
0x00007ff81a545000 	/System/Library/Frameworks/MediaAccessibility.framework/Versions/A/MediaAccessibility
0x00007ff81b66c000 	/System/Library/PrivateFrameworks/Mangrove.framework/Versions/A/Mangrove
0x00007ff81a550000 	/System/Library/PrivateFrameworks/AlgosScoreFramework.framework/Versions/A/AlgosScoreFramework
0x00007ffb0b3e9000 	/System/Library/PrivateFrameworks/CMPhoto.framework/Versions/A/CMPhoto
0x00007ff81c1c4000 	/System/Library/PrivateFrameworks/AppleVPA.framework/Versions/A/AppleVPA
0x00007ff81b2b1000 	/System/Library/PrivateFrameworks/CoreAUC.framework/Versions/A/CoreAUC
0x00007ff81d972000 	/usr/lib/libcurl.4.dylib
0x00007ffb21de6000 	/usr/lib/libcrypto.46.dylib
0x00007ffb222db000 	/usr/lib/libssl.48.dylib
0x00007ff81d695000 	/System/Library/Frameworks/LDAP.framework/Versions/A/LDAP
0x00007ff81d6cd000 	/System/Library/PrivateFrameworks/TrustEvaluationAgent.framework/Versions/A/TrustEvaluationAgent
0x00007ff816d19000 	/usr/lib/libsasl2.2.dylib
0x00007ff81a575000 	/System/Library/PrivateFrameworks/CoreDaemon.framework/Versions/B/CoreDaemon
0x00007ff81a570000 	/System/Library/PrivateFrameworks/AppleSRP.framework/Versions/A/AppleSRP
0x000000013da2c000 	/private/var/folders/zc/rm57cwyj3f3230jhc6243rc40000gn/T/libgdxjraynor/38b0cb8c/libluajit64.dylib


VM Arguments:
jvm_args: -agentlib:jdwp=transport=dt_socket,address=127.0.0.1:53489,suspend=y,server=n -javaagent:/Users/jraynor/Library/Caches/JetBrains/IdeaIC2023.1/captureAgent/debugger-agent.jar=file:/private/var/folders/zc/rm57cwyj3f3230jhc6243rc40000gn/T/capture.props -Dfile.encoding=UTF-8 
java_command: MainKt
java_class_path (initial): /Users/jraynor/Documents/editor/build/classes/java/main:/Users/jraynor/Documents/editor/build/classes/kotlin/main:/Users/jraynor/Documents/editor/build/resources/main:/Users/jraynor/.gradle/caches/modules-2/files-2.1/org.jetbrains.kotlin/kotlin-stdlib-jdk8/1.8.0/ed04f49e186a116753ad70d34f0ac2925d1d8020/kotlin-stdlib-jdk8-1.8.0.jar:/Users/jraynor/.gradle/caches/modules-2/files-2.1/io.github.spair/imgui-java-app/1.86.10/b5b9653a24756be6751f6f3ccfa71a5c4277a021/imgui-java-app-1.86.10.jar:/Users/jraynor/.gradle/caches/modules-2/files-2.1/party.iroiro.luajava/luajit/3.4.0/cdef1b993fa93fc506de606f1e4ce4fae376ad56/luajit-3.4.0.jar:/Users/jraynor/.gradle/caches/modules-2/files-2.1/org.luaj/luaj-jse/3.0.1/99245b2df284805e1cb835e9be47c243f9717511/luaj-jse-3.0.1.jar:/Users/jraynor/.gradle/caches/modules-2/files-2.1/com.esotericsoftware/kryo/4.0.0/9f5c64c1315ec79bee0f56bb88e4ae94b65048ce/kryo-4.0.0.jar:/Users/jraynor/.gradle/caches/modules-2/files-2.1/org.antlr/antlr4-runtime/4.11.1/69214c1de1960040729702eb58deac8827135e7/antlr4-runtime-4.11.1.jar:/Users/jraynor/.gradle/caches/modules-2/files-2.1/org.jetbrains.kotlin/kotlin-stdlib-jdk7/1.8.0/3c91271347f678c239607abb676d4032a7898427/kotlin-stdlib-jdk7-1.8.0.jar:/Users/jraynor/.gradle/caches/modules-2/files-2.1/org.jetbrains.kotlin/kotlin-stdlib/1.8.0/1796921c7a3e2e2665a83e6c8d33399336cd39bc/kotlin-stdlib-1.8.0.jar:/Users/jraynor/.gradle/caches/modules-2/files-2.1/org.lwjgl/lwjgl-glfw/3.3.1/cbac1b8d30cb4795149c1ef540f912671a8616d0/lwjgl-glfw-3.3.1.jar:/Users/jraynor/.gradle/caches/modules-2/files-2.1/org.lwjgl/lwjgl-glfw/3.3.1/81716978214ecbda15050ca394b06ef61501a49e/lwjgl-glfw-3.3.1-natives-linux.jar:/Users/jraynor/.gradle/caches/modules-2/files-2.1/org.lwjgl/lwjgl-glfw/3.3.1/9ec4ce1fc8c85fdef03ef4ff2aace6f5775fb280/lwjgl-glfw-3.3.1-natives-macos.jar:/Users/jraynor/.gradle/caches/modules-2/files-2.1/org.lwjgl/lwjgl-glfw/3.3.1/ed892f945cf7e79c8756796f32d00fa4ceaf573b/lwjgl-glfw-3.3.1-natives-windows.j
Launcher Type: SUN_STANDARD

[Global flags]
     intx CICompilerCount                          = 4                                         {product} {ergonomic}
     uint ConcGCThreads                            = 3                                         {product} {ergonomic}
     uint G1ConcRefinementThreads                  = 10                                        {product} {ergonomic}
   size_t G1HeapRegionSize                         = 2097152                                   {product} {ergonomic}
    uintx GCDrainStackTargetSize                   = 64                                        {product} {ergonomic}
   size_t InitialHeapSize                          = 268435456                                 {product} {ergonomic}
   size_t MarkStackSize                            = 4194304                                   {product} {ergonomic}
   size_t MaxHeapSize                              = 4294967296                                {product} {ergonomic}
   size_t MaxNewSize                               = 2575302656                                {product} {ergonomic}
   size_t MinHeapDeltaBytes                        = 2097152                                   {product} {ergonomic}
   size_t MinHeapSize                              = 8388608                                   {product} {ergonomic}
    uintx NonNMethodCodeHeapSize                   = 5839372                                {pd product} {ergonomic}
    uintx NonProfiledCodeHeapSize                  = 122909434                              {pd product} {ergonomic}
    uintx ProfiledCodeHeapSize                     = 122909434                              {pd product} {ergonomic}
    uintx ReservedCodeCacheSize                    = 251658240                              {pd product} {ergonomic}
     bool SegmentedCodeCache                       = true                                      {product} {ergonomic}
   size_t SoftMaxHeapSize                          = 4294967296                             {manageable} {ergonomic}
     bool UseCompressedClassPointers               = true                           {product lp64_product} {ergonomic}
     bool UseCompressedOops                        = true                           {product lp64_product} {ergonomic}
     bool UseG1GC                                  = true                                      {product} {ergonomic}
     bool UseNUMA                                  = false                                     {product} {ergonomic}
     bool UseNUMAInterleaving                      = false                                     {product} {ergonomic}

Logging:
Log output configuration:
 #0: stdout all=warning uptime,level,tags
 #1: stderr all=off uptime,level,tags

Environment Variables:
PATH=/usr/local/bin:/usr/bin:/bin:/usr/sbin:/sbin:/usr/local/share/dotnet:~/.dotnet/tools:/Library/Frameworks/Mono.framework/Versions/Current/Commands
SHELL=/bin/zsh
LC_CTYPE=en_US.UTF-8
TMPDIR=/var/folders/zc/rm57cwyj3f3230jhc6243rc40000gn/T/

Signal Handlers:
   SIGSEGV: crash_handler in libjvm.dylib, mask=11100110000111110111111111111111, flags=SA_RESTART|SA_SIGINFO
    SIGBUS: crash_handler in libjvm.dylib, mask=11100110000111110111111111111111, flags=SA_RESTART|SA_SIGINFO
    SIGFPE: crash_handler in libjvm.dylib, mask=11100110000111110111111111111111, flags=SA_RESTART|SA_SIGINFO
   SIGPIPE: javaSignalHandler in libjvm.dylib, mask=11100110000111110111111111111111, flags=SA_RESTART|SA_SIGINFO
   SIGXFSZ: javaSignalHandler in libjvm.dylib, mask=11100110000111110111111111111111, flags=SA_RESTART|SA_SIGINFO
    SIGILL: crash_handler in libjvm.dylib, mask=11100110000111110111111111111111, flags=SA_RESTART|SA_SIGINFO
   SIGUSR2: SR_handler in libjvm.dylib, mask=00100000000000000000000000000000, flags=SA_RESTART|SA_SIGINFO
    SIGHUP: UserHandler in libjvm.dylib, mask=11100110000111110111111111111111, flags=SA_RESTART|SA_SIGINFO
    SIGINT: UserHandler in libjvm.dylib, mask=11100110000111110111111111111111, flags=SA_RESTART|SA_SIGINFO
   SIGTERM: UserHandler in libjvm.dylib, mask=11100110000111110111111111111111, flags=SA_RESTART|SA_SIGINFO
   SIGQUIT: UserHandler in libjvm.dylib, mask=11100110000111110111111111111111, flags=SA_RESTART|SA_SIGINFO
  *** Handler was modified!
  *** Expected: javaSignalHandler in libjvm.dylib, mask=11100110100111111111111111111111, flags=SA_RESTART|SA_SIGINFO
   SIGTRAP: crash_handler in libjvm.dylib, mask=11100110000111110111111111111111, flags=SA_RESTART|SA_SIGINFO


---------------  S Y S T E M  ---------------

OS:
uname: Darwin 21.6.0 Darwin Kernel Version 21.6.0: Mon Aug 22 20:17:10 PDT 2022; root:xnu-8020.140.49~2/RELEASE_X86_64 x86_64
OS uptime: 3 days 8:50 hours
rlimit (soft/hard): STACK 8192k/65532k , CORE 0k/infinity , NPROC 2784/4176 , NOFILE 10240/infinity , AS infinity/infinity , CPU infinity/infinity , DATA infinity/infinity , FSIZE infinity/infinity , MEMLOCK infinity/infinity , RSS infinity/infinity
load average: 2.65 2.12 1.87

CPU: total 12 (initial active 12) (6 cores per cpu, 2 threads per core) family 6 model 158 stepping 10 microcode 0xf0, cx8, cmov, fxsr, ht, mmx, 3dnowpref, sse, sse2, sse3, ssse3, sse4.1, sse4.2, popcnt, lzcnt, tsc, tscinvbit, avx, avx2, aes, erms, clmul, bmi1, bmi2, rtm, adx, fma, vzeroupper, clflush, clflushopt

Memory: 4k page, physical 16777216k(28244k free), swap 1048576k(737280k free)

vm_info: OpenJDK 64-Bit Server VM (17.0.5+8-LTS) for bsd-amd64 JRE (17.0.5+8-LTS), built on Oct 13 2022 05:04:24 by "ec2user" with clang Apple LLVM 13.0.0 (clang-1300.0.29.30)

END.
